[0.011s] Invoking command in '/home/mingyu/lofi/build/Project': /bin/cmake /home/mingyu/lofi/catkin_ws/src -DCMAKE_INSTALL_PREFIX=/home/mingyu/lofi/install/Project
[0.065s] -- The C compiler identification is GNU 9.4.0
[0.120s] -- The CXX compiler identification is GNU 9.4.0
[0.126s] -- Check for working C compiler: /bin/cc
[0.183s] -- Check for working C compiler: /bin/cc -- works
[0.184s] -- Detecting C compiler ABI info
[0.241s] -- Detecting C compiler ABI info - done
[0.254s] -- Detecting C compile features
[0.255s] -- Detecting C compile features - done
[0.258s] -- Check for working CXX compiler: /bin/c++
[0.327s] -- Check for working CXX compiler: /bin/c++ -- works
[0.328s] -- Detecting CXX compiler ABI info
[0.398s] -- Detecting CXX compiler ABI info - done
[0.412s] -- Detecting CXX compile features
[0.412s] -- Detecting CXX compile features - done
[0.632s] -- Using CATKIN_DEVEL_PREFIX: /home/mingyu/lofi/build/Project/devel
[0.632s] -- Using CMAKE_PREFIX_PATH: /home/mingyu/lofi/devel;/opt/ros/noetic
[0.632s] -- This workspace overlays: /home/mingyu/lofi/devel;/opt/ros/noetic
[0.654s] -- Found PythonInterp: /bin/python3 (found suitable version "3.8.10", minimum required is "3") 
[0.654s] -- Using PYTHON_EXECUTABLE: /bin/python3
[0.654s] -- Using Debian Python package layout
[0.683s] -- Found PY_em: /usr/lib/python3/dist-packages/em.py  
[0.683s] -- Using empy: /usr/lib/python3/dist-packages/em.py
[0.795s] -- Using CATKIN_ENABLE_TESTING: ON
[0.795s] -- Call enable_testing()
[0.797s] -- Using CATKIN_TEST_RESULTS_DIR: /home/mingyu/lofi/build/Project/test_results
[1.057s] -- Forcing gtest/gmock from source, though one was otherwise available.
[1.057s] -- Found gtest sources under '/usr/src/googletest': gtests will be built
[1.057s] -- Found gmock sources under '/usr/src/googletest': gmock will be built
[1.080s] -- Found PythonInterp: /bin/python3 (found version "3.8.10") 
[1.083s] -- Found Threads: TRUE  
[1.089s] -- Using Python nosetests: /bin/nosetests3
[1.140s] -- catkin 0.8.10
[1.140s] -- BUILD_SHARED_LIBS is on
[1.273s] -- BUILD_SHARED_LIBS is on
[1.617s] -- ~~~~~~~~~~~~~~~~~~~~~~~~~~~~~~~~~~~~~~~~~~~~~~~~~
[1.617s] -- ~~  traversing 1 packages in topological order:
[1.618s] -- ~~  - opencv
[1.618s] -- ~~~~~~~~~~~~~~~~~~~~~~~~~~~~~~~~~~~~~~~~~~~~~~~~~
[1.618s] -- +++ processing catkin package: 'opencv'
[1.618s] -- ==> add_subdirectory(opencv)
[1.844s] -- Found OpenCV: /usr (found version "4.2.0") 
[1.994s] -- Configuring done
[2.021s] -- Generating done
[2.023s] -- Build files have been written to: /home/mingyu/lofi/build/Project
[2.029s] Invoked command in '/home/mingyu/lofi/build/Project' returned '0': /bin/cmake /home/mingyu/lofi/catkin_ws/src -DCMAKE_INSTALL_PREFIX=/home/mingyu/lofi/install/Project
[2.031s] Invoking command in '/home/mingyu/lofi/build/Project': /bin/cmake --build /home/mingyu/lofi/build/Project -- -j12 -l12
[2.065s] [35m[1mScanning dependencies of target opencv_sub[0m
[2.091s] [ 50%] [32mBuilding CXX object opencv/CMakeFiles/opencv_sub.dir/src/sub.cpp.o[0m
[5.449s] [100%] [32m[1mLinking CXX executable ../devel/lib/opencv/opencv_sub[0m
[5.948s] [100%] Built target opencv_sub
[5.959s] Invoked command in '/home/mingyu/lofi/build/Project' returned '0': /bin/cmake --build /home/mingyu/lofi/build/Project -- -j12 -l12
[6.010s] Invoking command in '/home/mingyu/lofi/build/Project': /bin/cmake --install /home/mingyu/lofi/build/Project
[6.019s] -- Install configuration: ""
[6.019s] -- Installing: /home/mingyu/lofi/install/Project/_setup_util.py
[6.020s] -- Installing: /home/mingyu/lofi/install/Project/env.sh
[6.020s] -- Installing: /home/mingyu/lofi/install/Project/setup.bash
[6.020s] -- Installing: /home/mingyu/lofi/install/Project/local_setup.bash
[6.020s] -- Installing: /home/mingyu/lofi/install/Project/setup.sh
[6.020s] -- Installing: /home/mingyu/lofi/install/Project/local_setup.sh
[6.020s] -- Installing: /home/mingyu/lofi/install/Project/setup.zsh
[6.020s] -- Installing: /home/mingyu/lofi/install/Project/local_setup.zsh
[6.020s] -- Installing: /home/mingyu/lofi/install/Project/.rosinstall
[6.021s] -- Installing: /home/mingyu/lofi/install/Project/lib/pkgconfig/opencv.pc
[6.021s] -- Installing: /home/mingyu/lofi/install/Project/share/opencv/cmake/opencvConfig.cmake
[6.021s] -- Installing: /home/mingyu/lofi/install/Project/share/opencv/cmake/opencvConfig-version.cmake
[6.021s] -- Up-to-date: /home/mingyu/lofi/install/Project/share/opencv/package.xml
[6.024s] Invoked command in '/home/mingyu/lofi/build/Project' returned '0': /bin/cmake --install /home/mingyu/lofi/build/Project
