[0.016s] Invoking command in '/home/mingyu/lofi/build/custom_msg': CMAKE_PREFIX_PATH=/opt/ros/foxy:${CMAKE_PREFIX_PATH} /bin/cmake /home/mingyu/lofi/custom_msg -DCMAKE_INSTALL_PREFIX=/home/mingyu/lofi/install/custom_msg
[0.062s] -- The C compiler identification is GNU 9.4.0
[0.113s] -- The CXX compiler identification is GNU 9.4.0
[0.117s] -- Check for working C compiler: /bin/cc
[0.174s] -- Check for working C compiler: /bin/cc -- works
[0.175s] -- Detecting C compiler ABI info
[0.232s] -- Detecting C compiler ABI info - done
[0.242s] -- Detecting C compile features
[0.243s] -- Detecting C compile features - done
[0.245s] -- Check for working CXX compiler: /bin/c++
[0.310s] -- Check for working CXX compiler: /bin/c++ -- works
[0.311s] -- Detecting CXX compiler ABI info
[0.379s] -- Detecting CXX compiler ABI info - done
[0.390s] -- Detecting CXX compile features
[0.390s] -- Detecting CXX compile features - done
[0.392s] -- Found ament_cmake: 0.9.8 (/opt/ros/foxy/share/ament_cmake/cmake)
[0.414s] -- Found PythonInterp: /bin/python3 (found suitable version "3.8.10", minimum required is "3") 
[0.414s] -- Using PYTHON_EXECUTABLE: /bin/python3
[0.629s] -- Found std_msgs: 2.0.4 (/opt/ros/foxy/share/std_msgs/cmake)
[0.655s] -- Using all available rosidl_typesupport_c: rosidl_typesupport_fastrtps_c;rosidl_typesupport_introspection_c
[0.661s] -- Found rosidl_adapter: 1.2.1 (/opt/ros/foxy/share/rosidl_adapter/cmake)
[0.715s] -- Found OpenSSL: /usr/lib/x86_64-linux-gnu/libcrypto.so (found version "1.1.1f")  
[0.743s] -- Found FastRTPS: /opt/ros/foxy/include  
[0.814s] -- Using all available rosidl_typesupport_cpp: rosidl_typesupport_fastrtps_cpp;rosidl_typesupport_introspection_cpp
[0.856s] -- Found geometry_msgs: 2.0.4 (/opt/ros/foxy/share/geometry_msgs/cmake)
[0.887s] -- Found sensor_msgs: 2.0.4 (/opt/ros/foxy/share/sensor_msgs/cmake)
[0.953s] -- Found ament_lint_auto: 0.9.6 (/opt/ros/foxy/share/ament_lint_auto/cmake)
[1.002s] -- Found rosidl_default_generators: 1.0.1 (/opt/ros/foxy/share/rosidl_default_generators/cmake)
[1.033s] -- Found PythonInterp: /bin/python3 (found version "3.8.10") 
[1.176s] -- Found ament_cmake_ros: 0.9.1 (/opt/ros/foxy/share/ament_cmake_ros/cmake)
[1.470s] -- Using all available rosidl_typesupport_c: rosidl_typesupport_fastrtps_c;rosidl_typesupport_introspection_c
[1.612s] -- Using all available rosidl_typesupport_cpp: rosidl_typesupport_fastrtps_cpp;rosidl_typesupport_introspection_cpp
[1.636s] -- Found PythonInterp: /bin/python3 (found suitable version "3.8.10", minimum required is "3.5") 
[1.637s] -- Found python_cmake_module: 0.8.1 (/opt/ros/foxy/share/python_cmake_module/cmake)
[1.661s] -- Found PythonLibs: /usr/lib/x86_64-linux-gnu/libpython3.8.so (found suitable version "3.8.10", minimum required is "3.5") 
[1.661s] -- Using PYTHON_EXECUTABLE: /bin/python3
[1.661s] -- Using PYTHON_INCLUDE_DIRS: /usr/include/python3.8
[1.661s] -- Using PYTHON_LIBRARIES: /usr/lib/x86_64-linux-gnu/libpython3.8.so
[1.681s] -- Found PythonExtra: .so  
[1.775s] -- Configuring done
[1.827s] -- Generating done
[1.829s] -- Build files have been written to: /home/mingyu/lofi/build/custom_msg
[1.837s] Invoked command in '/home/mingyu/lofi/build/custom_msg' returned '0': CMAKE_PREFIX_PATH=/opt/ros/foxy:${CMAKE_PREFIX_PATH} /bin/cmake /home/mingyu/lofi/custom_msg -DCMAKE_INSTALL_PREFIX=/home/mingyu/lofi/install/custom_msg
[1.840s] Invoking command in '/home/mingyu/lofi/build/custom_msg': CMAKE_PREFIX_PATH=/opt/ros/foxy:${CMAKE_PREFIX_PATH} /bin/cmake --build /home/mingyu/lofi/build/custom_msg -- -j12 -l12
[1.875s] [35m[1mScanning dependencies of target custom_msg__cpp[0m
[1.875s] [  3%] [34m[1mGenerating C code for ROS interfaces[0m
[1.885s] [  6%] [34m[1mGenerating C++ code for ROS interfaces[0m
[2.078s] [35m[1mScanning dependencies of target custom_msg__rosidl_generator_c[0m
[2.086s] [  6%] Built target custom_msg__cpp
[2.088s] [  9%] [32mBuilding C object CMakeFiles/custom_msg__rosidl_generator_c.dir/rosidl_generator_c/custom_msg/msg/detail/ros2_yolo__functions.c.o[0m
[2.096s] [ 19%] [34m[1mGenerating C++ type support for eProsima Fast-RTPS[0m
[2.096s] [ 19%] [34m[1mGenerating C++ type support dispatch for ROS interfaces[0m
[2.096s] [ 19%] [34m[1mGenerating C++ introspection for ROS interfaces[0m
[2.122s] [ 22%] [32m[1mLinking C shared library libcustom_msg__rosidl_generator_c.so[0m
[2.157s] [ 22%] Built target custom_msg__rosidl_generator_c
[2.167s] [ 29%] [34m[1mGenerating C type support dispatch for ROS interfaces[0m
[2.167s] [ 29%] [34m[1mGenerating C introspection for ROS interfaces[0m
[2.276s] [35m[1mScanning dependencies of target custom_msg__rosidl_typesupport_cpp[0m
[2.288s] [ 32%] [32mBuilding CXX object CMakeFiles/custom_msg__rosidl_typesupport_cpp.dir/rosidl_typesupport_cpp/custom_msg/msg/ros2_yolo__type_support.cpp.o[0m
[2.289s] [35m[1mScanning dependencies of target custom_msg__rosidl_typesupport_introspection_cpp[0m
[2.297s] [35m[1mScanning dependencies of target custom_msg__rosidl_typesupport_fastrtps_cpp[0m
[2.303s] [ 35%] [32mBuilding CXX object CMakeFiles/custom_msg__rosidl_typesupport_introspection_cpp.dir/rosidl_typesupport_introspection_cpp/custom_msg/msg/detail/ros2_yolo__type_support.cpp.o[0m
[2.310s] [ 38%] [32mBuilding CXX object CMakeFiles/custom_msg__rosidl_typesupport_fastrtps_cpp.dir/rosidl_typesupport_fastrtps_cpp/custom_msg/msg/detail/dds_fastrtps/ros2_yolo__type_support.cpp.o[0m
[2.350s] [35m[1mScanning dependencies of target custom_msg__rosidl_typesupport_c[0m
[2.365s] [ 41%] [32mBuilding CXX object CMakeFiles/custom_msg__rosidl_typesupport_c.dir/rosidl_typesupport_c/custom_msg/msg/ros2_yolo__type_support.cpp.o[0m
[2.390s] [35m[1mScanning dependencies of target custom_msg__rosidl_typesupport_introspection_c[0m
[2.392s] [ 45%] [32m[1mLinking CXX shared library libcustom_msg__rosidl_typesupport_c.so[0m
[2.404s] [ 48%] [32mBuilding C object CMakeFiles/custom_msg__rosidl_typesupport_introspection_c.dir/rosidl_typesupport_introspection_c/custom_msg/msg/detail/ros2_yolo__type_support.c.o[0m
[2.432s] [ 51%] [32m[1mLinking C shared library libcustom_msg__rosidl_typesupport_introspection_c.so[0m
[2.433s] [ 51%] Built target custom_msg__rosidl_typesupport_c
[2.461s] [ 51%] Built target custom_msg__rosidl_typesupport_introspection_c
[2.543s] [ 54%] [32m[1mLinking CXX shared library libcustom_msg__rosidl_typesupport_cpp.so[0m
[2.581s] [ 54%] Built target custom_msg__rosidl_typesupport_cpp
[2.586s] [ 58%] [32m[1mLinking CXX shared library libcustom_msg__rosidl_typesupport_introspection_cpp.so[0m
[2.643s] [ 58%] Built target custom_msg__rosidl_typesupport_introspection_cpp
[2.684s] [ 61%] [32m[1mLinking CXX shared library libcustom_msg__rosidl_typesupport_fastrtps_cpp.so[0m
[2.757s] [ 61%] Built target custom_msg__rosidl_typesupport_fastrtps_cpp
[2.766s] [ 64%] [34m[1mGenerating C type support for eProsima Fast-RTPS[0m
[2.958s] [35m[1mScanning dependencies of target custom_msg__rosidl_typesupport_fastrtps_c[0m
[2.971s] [ 67%] [32mBuilding CXX object CMakeFiles/custom_msg__rosidl_typesupport_fastrtps_c.dir/rosidl_typesupport_fastrtps_c/custom_msg/msg/detail/ros2_yolo__type_support_c.cpp.o[0m
[3.279s] [ 70%] [32m[1mLinking CXX shared library libcustom_msg__rosidl_typesupport_fastrtps_c.so[0m
[3.357s] [ 70%] Built target custom_msg__rosidl_typesupport_fastrtps_c
[3.366s] [35m[1mScanning dependencies of target custom_msg[0m
[3.375s] [ 70%] Built target custom_msg
[3.384s] [35m[1mScanning dependencies of target custom_msg__py[0m
[3.394s] [ 74%] [34m[1mGenerating Python code for ROS interfaces[0m
[3.769s] [ 74%] Built target custom_msg__py
[3.778s] [35m[1mScanning dependencies of target custom_msg__python[0m
[3.793s] [ 77%] [32mBuilding C object CMakeFiles/custom_msg__python.dir/rosidl_generator_py/custom_msg/msg/_ros2_yolo_s.c.o[0m
[3.874s] [ 80%] [32m[1mLinking C shared library rosidl_generator_py/custom_msg/libcustom_msg__python.so[0m
[3.913s] [ 80%] Built target custom_msg__python
[3.923s] [35m[1mScanning dependencies of target custom_msg__rosidl_typesupport_introspection_c__pyext[0m
[3.923s] [35m[1mScanning dependencies of target custom_msg__rosidl_typesupport_c__pyext[0m
[3.923s] [35m[1mScanning dependencies of target custom_msg__rosidl_typesupport_fastrtps_c__pyext[0m
[3.937s] [ 83%] [32mBuilding C object CMakeFiles/custom_msg__rosidl_typesupport_c__pyext.dir/rosidl_generator_py/custom_msg/_custom_msg_s.ep.rosidl_typesupport_c.c.o[0m
[3.938s] [ 87%] [32mBuilding C object CMakeFiles/custom_msg__rosidl_typesupport_fastrtps_c__pyext.dir/rosidl_generator_py/custom_msg/_custom_msg_s.ep.rosidl_typesupport_fastrtps_c.c.o[0m
[3.938s] [ 90%] [32mBuilding C object CMakeFiles/custom_msg__rosidl_typesupport_introspection_c__pyext.dir/rosidl_generator_py/custom_msg/_custom_msg_s.ep.rosidl_typesupport_introspection_c.c.o[0m
[4.005s] [ 96%] [32m[1mLinking C shared library rosidl_generator_py/custom_msg/custom_msg_s__rosidl_typesupport_introspection_c.cpython-38-x86_64-linux-gnu.so[0m
[4.005s] [ 96%] [32m[1mLinking C shared library rosidl_generator_py/custom_msg/custom_msg_s__rosidl_typesupport_c.cpython-38-x86_64-linux-gnu.so[0m
[4.008s] [100%] [32m[1mLinking CXX shared library rosidl_generator_py/custom_msg/custom_msg_s__rosidl_typesupport_fastrtps_c.cpython-38-x86_64-linux-gnu.so[0m
[4.041s] [100%] Built target custom_msg__rosidl_typesupport_c__pyext
[4.041s] [100%] Built target custom_msg__rosidl_typesupport_introspection_c__pyext
[4.071s] [100%] Built target custom_msg__rosidl_typesupport_fastrtps_c__pyext
[4.081s] Invoked command in '/home/mingyu/lofi/build/custom_msg' returned '0': CMAKE_PREFIX_PATH=/opt/ros/foxy:${CMAKE_PREFIX_PATH} /bin/cmake --build /home/mingyu/lofi/build/custom_msg -- -j12 -l12
[4.137s] Invoking command in '/home/mingyu/lofi/build/custom_msg': CMAKE_PREFIX_PATH=/opt/ros/foxy:${CMAKE_PREFIX_PATH} /bin/cmake --install /home/mingyu/lofi/build/custom_msg
[4.145s] -- Install configuration: ""
[4.145s] -- Installing: /home/mingyu/lofi/install/custom_msg/share/ament_index/resource_index/rosidl_interfaces/custom_msg
[4.145s] -- Installing: /home/mingyu/lofi/install/custom_msg/include/custom_msg
[4.145s] -- Installing: /home/mingyu/lofi/install/custom_msg/include/custom_msg/msg
[4.145s] -- Installing: /home/mingyu/lofi/install/custom_msg/include/custom_msg/msg/rosidl_generator_c__visibility_control.h
[4.145s] -- Installing: /home/mingyu/lofi/install/custom_msg/include/custom_msg/msg/ros2_yolo.h
[4.145s] -- Installing: /home/mingyu/lofi/install/custom_msg/include/custom_msg/msg/detail
[4.145s] -- Installing: /home/mingyu/lofi/install/custom_msg/include/custom_msg/msg/detail/ros2_yolo__type_support.h
[4.145s] -- Installing: /home/mingyu/lofi/install/custom_msg/include/custom_msg/msg/detail/ros2_yolo__functions.h
[4.145s] -- Installing: /home/mingyu/lofi/install/custom_msg/include/custom_msg/msg/detail/ros2_yolo__functions.c
[4.146s] -- Installing: /home/mingyu/lofi/install/custom_msg/include/custom_msg/msg/detail/ros2_yolo__struct.h
[4.146s] -- Installing: /home/mingyu/lofi/install/custom_msg/share/custom_msg/environment/library_path.sh
[4.146s] -- Installing: /home/mingyu/lofi/install/custom_msg/share/custom_msg/environment/library_path.dsv
[4.146s] -- Installing: /home/mingyu/lofi/install/custom_msg/lib/libcustom_msg__rosidl_generator_c.so
[4.146s] -- Set runtime path of "/home/mingyu/lofi/install/custom_msg/lib/libcustom_msg__rosidl_generator_c.so" to ""
[4.146s] -- Up-to-date: /home/mingyu/lofi/install/custom_msg/include/custom_msg
[4.146s] -- Up-to-date: /home/mingyu/lofi/install/custom_msg/include/custom_msg/msg
[4.146s] -- Installing: /home/mingyu/lofi/install/custom_msg/include/custom_msg/msg/rosidl_typesupport_fastrtps_c__visibility_control.h
[4.146s] -- Up-to-date: /home/mingyu/lofi/install/custom_msg/include/custom_msg/msg/detail
[4.146s] -- Installing: /home/mingyu/lofi/install/custom_msg/include/custom_msg/msg/detail/ros2_yolo__rosidl_typesupport_fastrtps_c.h
[4.146s] -- Installing: /home/mingyu/lofi/install/custom_msg/lib/libcustom_msg__rosidl_typesupport_fastrtps_c.so
[4.146s] -- Set runtime path of "/home/mingyu/lofi/install/custom_msg/lib/libcustom_msg__rosidl_typesupport_fastrtps_c.so" to ""
[4.147s] -- Up-to-date: /home/mingyu/lofi/install/custom_msg/include/custom_msg
[4.147s] -- Up-to-date: /home/mingyu/lofi/install/custom_msg/include/custom_msg/msg
[4.147s] -- Installing: /home/mingyu/lofi/install/custom_msg/include/custom_msg/msg/rosidl_typesupport_fastrtps_cpp__visibility_control.h
[4.147s] -- Up-to-date: /home/mingyu/lofi/install/custom_msg/include/custom_msg/msg/detail
[4.147s] -- Installing: /home/mingyu/lofi/install/custom_msg/include/custom_msg/msg/detail/ros2_yolo__rosidl_typesupport_fastrtps_cpp.hpp
[4.147s] -- Installing: /home/mingyu/lofi/install/custom_msg/include/custom_msg/msg/detail/dds_fastrtps
[4.147s] -- Installing: /home/mingyu/lofi/install/custom_msg/lib/libcustom_msg__rosidl_typesupport_fastrtps_cpp.so
[4.147s] -- Set runtime path of "/home/mingyu/lofi/install/custom_msg/lib/libcustom_msg__rosidl_typesupport_fastrtps_cpp.so" to ""
[4.147s] -- Up-to-date: /home/mingyu/lofi/install/custom_msg/include/custom_msg
[4.147s] -- Up-to-date: /home/mingyu/lofi/install/custom_msg/include/custom_msg/msg
[4.148s] -- Up-to-date: /home/mingyu/lofi/install/custom_msg/include/custom_msg/msg/detail
[4.148s] -- Installing: /home/mingyu/lofi/install/custom_msg/include/custom_msg/msg/detail/ros2_yolo__rosidl_typesupport_introspection_c.h
[4.148s] -- Installing: /home/mingyu/lofi/install/custom_msg/include/custom_msg/msg/detail/ros2_yolo__type_support.c
[4.148s] -- Installing: /home/mingyu/lofi/install/custom_msg/include/custom_msg/msg/rosidl_typesupport_introspection_c__visibility_control.h
[4.148s] -- Installing: /home/mingyu/lofi/install/custom_msg/lib/libcustom_msg__rosidl_typesupport_introspection_c.so
[4.148s] -- Set runtime path of "/home/mingyu/lofi/install/custom_msg/lib/libcustom_msg__rosidl_typesupport_introspection_c.so" to ""
[4.148s] -- Installing: /home/mingyu/lofi/install/custom_msg/lib/libcustom_msg__rosidl_typesupport_c.so
[4.148s] -- Set runtime path of "/home/mingyu/lofi/install/custom_msg/lib/libcustom_msg__rosidl_typesupport_c.so" to ""
[4.148s] -- Up-to-date: /home/mingyu/lofi/install/custom_msg/include/custom_msg
[4.148s] -- Up-to-date: /home/mingyu/lofi/install/custom_msg/include/custom_msg/msg
[4.148s] -- Up-to-date: /home/mingyu/lofi/install/custom_msg/include/custom_msg/msg/detail
[4.148s] -- Installing: /home/mingyu/lofi/install/custom_msg/include/custom_msg/msg/detail/ros2_yolo__struct.hpp
[4.149s] -- Installing: /home/mingyu/lofi/install/custom_msg/include/custom_msg/msg/detail/ros2_yolo__builder.hpp
[4.149s] -- Installing: /home/mingyu/lofi/install/custom_msg/include/custom_msg/msg/detail/ros2_yolo__traits.hpp
[4.149s] -- Installing: /home/mingyu/lofi/install/custom_msg/include/custom_msg/msg/ros2_yolo.hpp
[4.149s] -- Up-to-date: /home/mingyu/lofi/install/custom_msg/include/custom_msg
[4.149s] -- Up-to-date: /home/mingyu/lofi/install/custom_msg/include/custom_msg/msg
[4.149s] -- Up-to-date: /home/mingyu/lofi/install/custom_msg/include/custom_msg/msg/detail
[4.149s] -- Installing: /home/mingyu/lofi/install/custom_msg/include/custom_msg/msg/detail/ros2_yolo__rosidl_typesupport_introspection_cpp.hpp
[4.149s] -- Installing: /home/mingyu/lofi/install/custom_msg/include/custom_msg/msg/detail/ros2_yolo__type_support.cpp
[4.149s] -- Installing: /home/mingyu/lofi/install/custom_msg/lib/libcustom_msg__rosidl_typesupport_introspection_cpp.so
[4.149s] -- Set runtime path of "/home/mingyu/lofi/install/custom_msg/lib/libcustom_msg__rosidl_typesupport_introspection_cpp.so" to ""
[4.149s] -- Installing: /home/mingyu/lofi/install/custom_msg/lib/libcustom_msg__rosidl_typesupport_cpp.so
[4.149s] -- Set runtime path of "/home/mingyu/lofi/install/custom_msg/lib/libcustom_msg__rosidl_typesupport_cpp.so" to ""
[4.149s] -- Installing: /home/mingyu/lofi/install/custom_msg/share/custom_msg/environment/pythonpath.sh
[4.150s] -- Installing: /home/mingyu/lofi/install/custom_msg/share/custom_msg/environment/pythonpath.dsv
[4.150s] -- Installing: /home/mingyu/lofi/install/custom_msg/lib/python3.8/site-packages/custom_msg/__init__.py
[4.177s] Compiling '/home/mingyu/lofi/install/custom_msg/lib/python3.8/site-packages/custom_msg/__init__.py'...
[4.181s] -- Installing: /home/mingyu/lofi/install/custom_msg/lib/python3.8/site-packages/custom_msg/msg
[4.181s] -- Installing: /home/mingyu/lofi/install/custom_msg/lib/python3.8/site-packages/custom_msg/msg/_ros2_yolo.py
[4.181s] -- Installing: /home/mingyu/lofi/install/custom_msg/lib/python3.8/site-packages/custom_msg/msg/__init__.py
[4.181s] -- Installing: /home/mingyu/lofi/install/custom_msg/lib/python3.8/site-packages/custom_msg/msg/_ros2_yolo_s.c
[4.181s] -- Installing: /home/mingyu/lofi/install/custom_msg/lib/python3.8/site-packages/custom_msg/custom_msg_s__rosidl_typesupport_fastrtps_c.cpython-38-x86_64-linux-gnu.so
[4.181s] -- Set runtime path of "/home/mingyu/lofi/install/custom_msg/lib/python3.8/site-packages/custom_msg/custom_msg_s__rosidl_typesupport_fastrtps_c.cpython-38-x86_64-linux-gnu.so" to ""
[4.182s] -- Installing: /home/mingyu/lofi/install/custom_msg/lib/python3.8/site-packages/custom_msg/custom_msg_s__rosidl_typesupport_introspection_c.cpython-38-x86_64-linux-gnu.so
[4.182s] -- Set runtime path of "/home/mingyu/lofi/install/custom_msg/lib/python3.8/site-packages/custom_msg/custom_msg_s__rosidl_typesupport_introspection_c.cpython-38-x86_64-linux-gnu.so" to ""
[4.182s] -- Installing: /home/mingyu/lofi/install/custom_msg/lib/python3.8/site-packages/custom_msg/custom_msg_s__rosidl_typesupport_c.cpython-38-x86_64-linux-gnu.so
[4.182s] -- Set runtime path of "/home/mingyu/lofi/install/custom_msg/lib/python3.8/site-packages/custom_msg/custom_msg_s__rosidl_typesupport_c.cpython-38-x86_64-linux-gnu.so" to ""
[4.183s] -- Installing: /home/mingyu/lofi/install/custom_msg/lib/libcustom_msg__python.so
[4.183s] -- Set runtime path of "/home/mingyu/lofi/install/custom_msg/lib/libcustom_msg__python.so" to ""
[4.183s] -- Installing: /home/mingyu/lofi/install/custom_msg/share/custom_msg/msg/Ros2Yolo.idl
[4.183s] -- Installing: /home/mingyu/lofi/install/custom_msg/share/custom_msg/msg/Ros2Yolo.msg
[4.184s] -- Installing: /home/mingyu/lofi/install/custom_msg/share/ament_index/resource_index/package_run_dependencies/custom_msg
[4.184s] -- Installing: /home/mingyu/lofi/install/custom_msg/share/ament_index/resource_index/parent_prefix_path/custom_msg
[4.184s] -- Installing: /home/mingyu/lofi/install/custom_msg/share/custom_msg/environment/ament_prefix_path.sh
[4.184s] -- Installing: /home/mingyu/lofi/install/custom_msg/share/custom_msg/environment/ament_prefix_path.dsv
[4.184s] -- Installing: /home/mingyu/lofi/install/custom_msg/share/custom_msg/environment/path.sh
[4.184s] -- Installing: /home/mingyu/lofi/install/custom_msg/share/custom_msg/environment/path.dsv
[4.184s] -- Installing: /home/mingyu/lofi/install/custom_msg/share/custom_msg/local_setup.bash
[4.184s] -- Installing: /home/mingyu/lofi/install/custom_msg/share/custom_msg/local_setup.sh
[4.184s] -- Installing: /home/mingyu/lofi/install/custom_msg/share/custom_msg/local_setup.zsh
[4.184s] -- Installing: /home/mingyu/lofi/install/custom_msg/share/custom_msg/local_setup.dsv
[4.184s] -- Installing: /home/mingyu/lofi/install/custom_msg/share/custom_msg/package.dsv
[4.184s] -- Installing: /home/mingyu/lofi/install/custom_msg/share/ament_index/resource_index/packages/custom_msg
[4.185s] -- Installing: /home/mingyu/lofi/install/custom_msg/share/custom_msg/cmake/custom_msg__rosidl_generator_cExport.cmake
[4.185s] -- Installing: /home/mingyu/lofi/install/custom_msg/share/custom_msg/cmake/custom_msg__rosidl_generator_cExport-noconfig.cmake
[4.185s] -- Installing: /home/mingyu/lofi/install/custom_msg/share/custom_msg/cmake/custom_msg__rosidl_typesupport_introspection_cExport.cmake
[4.185s] -- Installing: /home/mingyu/lofi/install/custom_msg/share/custom_msg/cmake/custom_msg__rosidl_typesupport_introspection_cExport-noconfig.cmake
[4.185s] -- Installing: /home/mingyu/lofi/install/custom_msg/share/custom_msg/cmake/custom_msg__rosidl_typesupport_cExport.cmake
[4.185s] -- Installing: /home/mingyu/lofi/install/custom_msg/share/custom_msg/cmake/custom_msg__rosidl_typesupport_cExport-noconfig.cmake
[4.185s] -- Installing: /home/mingyu/lofi/install/custom_msg/share/custom_msg/cmake/custom_msg__rosidl_generator_cppExport.cmake
[4.185s] -- Installing: /home/mingyu/lofi/install/custom_msg/share/custom_msg/cmake/custom_msg__rosidl_typesupport_introspection_cppExport.cmake
[4.186s] -- Installing: /home/mingyu/lofi/install/custom_msg/share/custom_msg/cmake/custom_msg__rosidl_typesupport_introspection_cppExport-noconfig.cmake
[4.186s] -- Installing: /home/mingyu/lofi/install/custom_msg/share/custom_msg/cmake/custom_msg__rosidl_typesupport_cppExport.cmake
[4.186s] -- Installing: /home/mingyu/lofi/install/custom_msg/share/custom_msg/cmake/custom_msg__rosidl_typesupport_cppExport-noconfig.cmake
[4.186s] -- Installing: /home/mingyu/lofi/install/custom_msg/share/custom_msg/cmake/rosidl_cmake-extras.cmake
[4.186s] -- Installing: /home/mingyu/lofi/install/custom_msg/share/custom_msg/cmake/ament_cmake_export_dependencies-extras.cmake
[4.186s] -- Installing: /home/mingyu/lofi/install/custom_msg/share/custom_msg/cmake/ament_cmake_export_libraries-extras.cmake
[4.186s] -- Installing: /home/mingyu/lofi/install/custom_msg/share/custom_msg/cmake/ament_cmake_export_targets-extras.cmake
[4.186s] -- Installing: /home/mingyu/lofi/install/custom_msg/share/custom_msg/cmake/ament_cmake_export_include_directories-extras.cmake
[4.186s] -- Installing: /home/mingyu/lofi/install/custom_msg/share/custom_msg/cmake/rosidl_cmake_export_typesupport_libraries-extras.cmake
[4.186s] -- Installing: /home/mingyu/lofi/install/custom_msg/share/custom_msg/cmake/rosidl_cmake_export_typesupport_targets-extras.cmake
[4.187s] -- Installing: /home/mingyu/lofi/install/custom_msg/share/custom_msg/cmake/custom_msgConfig.cmake
[4.187s] -- Installing: /home/mingyu/lofi/install/custom_msg/share/custom_msg/cmake/custom_msgConfig-version.cmake
[4.187s] -- Installing: /home/mingyu/lofi/install/custom_msg/share/custom_msg/package.xml
[4.189s] Invoked command in '/home/mingyu/lofi/build/custom_msg' returned '0': CMAKE_PREFIX_PATH=/opt/ros/foxy:${CMAKE_PREFIX_PATH} /bin/cmake --install /home/mingyu/lofi/build/custom_msg
