[0.175s] DEBUG:colcon:Command line arguments: ['/usr/bin/colcon', 'build']
[0.175s] DEBUG:colcon:Parsed command line arguments: Namespace(allow_overriding=[], ament_cmake_args=None, base_paths=['.'], build_base='build', catkin_cmake_args=None, catkin_skip_building_tests=False, cmake_args=None, cmake_clean_cache=False, cmake_clean_first=False, cmake_force_configure=False, cmake_target=None, cmake_target_skip_unavailable=False, continue_on_error=False, event_handlers=None, executor='parallel', ignore_user_meta=False, install_base='install', log_base=None, log_level=None, main=<bound method BuildVerb.main of <colcon_core.verb.build.BuildVerb object at 0x7f69b0018d00>>, merge_install=False, metas=['./colcon.meta'], packages_above=None, packages_above_and_dependencies=None, packages_above_depth=None, packages_end=None, packages_ignore=None, packages_ignore_regex=None, packages_select=None, packages_select_build_failed=False, packages_select_by_dep=None, packages_select_regex=None, packages_select_test_failures=False, packages_skip=None, packages_skip_build_finished=False, packages_skip_by_dep=None, packages_skip_regex=None, packages_skip_test_passed=False, packages_skip_up_to=None, packages_start=None, packages_up_to=None, packages_up_to_regex=None, parallel_workers=12, paths=None, symlink_install=False, test_result_base=None, verb_extension=<colcon_core.verb.build.BuildVerb object at 0x7f69b0018d00>, verb_name='build', verb_parser=<colcon_defaults.argument_parser.defaults.DefaultArgumentsDecorator object at 0x7f69aff97220>)
[0.215s] Level 1:colcon.colcon_core.package_discovery:discover_packages(colcon_meta) check parameters
[0.215s] Level 1:colcon.colcon_core.package_discovery:discover_packages(recursive) check parameters
[0.215s] Level 1:colcon.colcon_core.package_discovery:discover_packages(ignore) check parameters
[0.215s] Level 1:colcon.colcon_core.package_discovery:discover_packages(path) check parameters
[0.215s] Level 1:colcon.colcon_core.package_discovery:discover_packages(colcon_meta) discover
[0.215s] Level 1:colcon.colcon_core.package_discovery:discover_packages(recursive) discover
[0.215s] INFO:colcon.colcon_core.package_discovery:Crawling recursively for packages in '/home/mingyu/lofi'
[0.215s] Level 1:colcon.colcon_core.package_identification:_identify(.) by extensions ['ignore', 'ignore_ament_install']
[0.215s] Level 1:colcon.colcon_core.package_identification:_identify(.) by extension 'ignore'
[0.215s] Level 1:colcon.colcon_core.package_identification:_identify(.) by extension 'ignore_ament_install'
[0.215s] Level 1:colcon.colcon_core.package_identification:_identify(.) by extensions ['colcon_pkg']
[0.215s] Level 1:colcon.colcon_core.package_identification:_identify(.) by extension 'colcon_pkg'
[0.215s] Level 1:colcon.colcon_core.package_identification:_identify(.) by extensions ['colcon_meta']
[0.215s] Level 1:colcon.colcon_core.package_identification:_identify(.) by extension 'colcon_meta'
[0.215s] Level 1:colcon.colcon_core.package_identification:_identify(.) by extensions ['ros']
[0.215s] Level 1:colcon.colcon_core.package_identification:_identify(.) by extension 'ros'
[0.232s] Level 1:colcon.colcon_core.package_identification:_identify(.) by extensions ['cmake', 'python']
[0.233s] Level 1:colcon.colcon_core.package_identification:_identify(.) by extension 'cmake'
[0.233s] Level 1:colcon.colcon_core.package_identification:_identify(.) by extension 'python'
[0.233s] Level 1:colcon.colcon_core.package_identification:_identify(.) by extensions ['python_setup_py']
[0.233s] Level 1:colcon.colcon_core.package_identification:_identify(.) by extension 'python_setup_py'
[0.233s] Level 1:colcon.colcon_core.package_identification:_identify(ROS_2_ANDROID) by extensions ['ignore', 'ignore_ament_install']
[0.233s] Level 1:colcon.colcon_core.package_identification:_identify(ROS_2_ANDROID) by extension 'ignore'
[0.233s] Level 1:colcon.colcon_core.package_identification:_identify(ROS_2_ANDROID) by extension 'ignore_ament_install'
[0.233s] Level 1:colcon.colcon_core.package_identification:_identify(ROS_2_ANDROID) by extensions ['colcon_pkg']
[0.233s] Level 1:colcon.colcon_core.package_identification:_identify(ROS_2_ANDROID) by extension 'colcon_pkg'
[0.233s] Level 1:colcon.colcon_core.package_identification:_identify(ROS_2_ANDROID) by extensions ['colcon_meta']
[0.233s] Level 1:colcon.colcon_core.package_identification:_identify(ROS_2_ANDROID) by extension 'colcon_meta'
[0.233s] Level 1:colcon.colcon_core.package_identification:_identify(ROS_2_ANDROID) by extensions ['ros']
[0.233s] Level 1:colcon.colcon_core.package_identification:_identify(ROS_2_ANDROID) by extension 'ros'
[0.235s] DEBUG:colcon.colcon_core.package_identification:Package 'ROS_2_ANDROID' with type 'ros.ament_cmake' and name 'cpp_pubsub'
[0.235s] Level 1:colcon.colcon_core.package_identification:_identify(build) by extensions ['ignore', 'ignore_ament_install']
[0.235s] Level 1:colcon.colcon_core.package_identification:_identify(build) by extension 'ignore'
[0.235s] Level 1:colcon.colcon_core.package_identification:_identify(build) ignored
[0.235s] Level 1:colcon.colcon_core.package_identification:_identify(catkin_ws) by extensions ['ignore', 'ignore_ament_install']
[0.236s] Level 1:colcon.colcon_core.package_identification:_identify(catkin_ws) by extension 'ignore'
[0.236s] Level 1:colcon.colcon_core.package_identification:_identify(catkin_ws) by extension 'ignore_ament_install'
[0.236s] Level 1:colcon.colcon_core.package_identification:_identify(catkin_ws) by extensions ['colcon_pkg']
[0.236s] Level 1:colcon.colcon_core.package_identification:_identify(catkin_ws) by extension 'colcon_pkg'
[0.236s] Level 1:colcon.colcon_core.package_identification:_identify(catkin_ws) by extensions ['colcon_meta']
[0.236s] Level 1:colcon.colcon_core.package_identification:_identify(catkin_ws) by extension 'colcon_meta'
[0.236s] Level 1:colcon.colcon_core.package_identification:_identify(catkin_ws) by extensions ['ros']
[0.236s] Level 1:colcon.colcon_core.package_identification:_identify(catkin_ws) by extension 'ros'
[0.236s] Level 1:colcon.colcon_core.package_identification:_identify(catkin_ws) by extensions ['cmake', 'python']
[0.236s] Level 1:colcon.colcon_core.package_identification:_identify(catkin_ws) by extension 'cmake'
[0.236s] Level 1:colcon.colcon_core.package_identification:_identify(catkin_ws) by extension 'python'
[0.236s] Level 1:colcon.colcon_core.package_identification:_identify(catkin_ws) by extensions ['python_setup_py']
[0.236s] Level 1:colcon.colcon_core.package_identification:_identify(catkin_ws) by extension 'python_setup_py'
[0.236s] Level 1:colcon.colcon_core.package_identification:_identify(catkin_ws/build) by extensions ['ignore', 'ignore_ament_install']
[0.236s] Level 1:colcon.colcon_core.package_identification:_identify(catkin_ws/build) by extension 'ignore'
[0.236s] Level 1:colcon.colcon_core.package_identification:_identify(catkin_ws/build) by extension 'ignore_ament_install'
[0.236s] Level 1:colcon.colcon_core.package_identification:_identify(catkin_ws/build) by extensions ['colcon_pkg']
[0.237s] Level 1:colcon.colcon_core.package_identification:_identify(catkin_ws/build) by extension 'colcon_pkg'
[0.237s] Level 1:colcon.colcon_core.package_identification:_identify(catkin_ws/build) by extensions ['colcon_meta']
[0.237s] Level 1:colcon.colcon_core.package_identification:_identify(catkin_ws/build) by extension 'colcon_meta'
[0.237s] Level 1:colcon.colcon_core.package_identification:_identify(catkin_ws/build) by extensions ['ros']
[0.237s] Level 1:colcon.colcon_core.package_identification:_identify(catkin_ws/build) by extension 'ros'
[0.237s] Level 1:colcon.colcon_core.package_identification:_identify(catkin_ws/build) ignored
[0.237s] Level 1:colcon.colcon_core.package_identification:_identify(catkin_ws/devel) by extensions ['ignore', 'ignore_ament_install']
[0.237s] Level 1:colcon.colcon_core.package_identification:_identify(catkin_ws/devel) by extension 'ignore'
[0.237s] Level 1:colcon.colcon_core.package_identification:_identify(catkin_ws/devel) by extension 'ignore_ament_install'
[0.237s] Level 1:colcon.colcon_core.package_identification:_identify(catkin_ws/devel) ignored
[0.237s] Level 1:colcon.colcon_core.package_identification:_identify(catkin_ws/src) by extensions ['ignore', 'ignore_ament_install']
[0.238s] Level 1:colcon.colcon_core.package_identification:_identify(catkin_ws/src) by extension 'ignore'
[0.238s] Level 1:colcon.colcon_core.package_identification:_identify(catkin_ws/src) by extension 'ignore_ament_install'
[0.238s] Level 1:colcon.colcon_core.package_identification:_identify(catkin_ws/src) by extensions ['colcon_pkg']
[0.238s] Level 1:colcon.colcon_core.package_identification:_identify(catkin_ws/src) by extension 'colcon_pkg'
[0.238s] Level 1:colcon.colcon_core.package_identification:_identify(catkin_ws/src) by extensions ['colcon_meta']
[0.238s] Level 1:colcon.colcon_core.package_identification:_identify(catkin_ws/src) by extension 'colcon_meta'
[0.238s] Level 1:colcon.colcon_core.package_identification:_identify(catkin_ws/src) by extensions ['ros']
[0.238s] Level 1:colcon.colcon_core.package_identification:_identify(catkin_ws/src) by extension 'ros'
[0.238s] Level 1:colcon.colcon_core.package_identification:_identify(catkin_ws/src) by extensions ['cmake', 'python']
[0.238s] Level 1:colcon.colcon_core.package_identification:_identify(catkin_ws/src) by extension 'cmake'
[0.240s] WARNING:colcon.colcon_cmake.package_identification.cmake:Ignoring 'catkin_ws/src/CMakeLists.txt' since it seems to be a toplevel CMake file generated by 'catkin_make'
[0.240s] Level 1:colcon.colcon_core.package_identification:_identify(catkin_ws/src) by extension 'python'
[0.240s] Level 1:colcon.colcon_core.package_identification:_identify(catkin_ws/src) by extensions ['python_setup_py']
[0.240s] Level 1:colcon.colcon_core.package_identification:_identify(catkin_ws/src) by extension 'python_setup_py'
[0.240s] Level 1:colcon.colcon_core.package_identification:_identify(catkin_ws/src/opencv) by extensions ['ignore', 'ignore_ament_install']
[0.240s] Level 1:colcon.colcon_core.package_identification:_identify(catkin_ws/src/opencv) by extension 'ignore'
[0.241s] Level 1:colcon.colcon_core.package_identification:_identify(catkin_ws/src/opencv) by extension 'ignore_ament_install'
[0.241s] Level 1:colcon.colcon_core.package_identification:_identify(catkin_ws/src/opencv) by extensions ['colcon_pkg']
[0.241s] Level 1:colcon.colcon_core.package_identification:_identify(catkin_ws/src/opencv) by extension 'colcon_pkg'
[0.241s] Level 1:colcon.colcon_core.package_identification:_identify(catkin_ws/src/opencv) by extensions ['colcon_meta']
[0.241s] Level 1:colcon.colcon_core.package_identification:_identify(catkin_ws/src/opencv) by extension 'colcon_meta'
[0.241s] Level 1:colcon.colcon_core.package_identification:_identify(catkin_ws/src/opencv) by extensions ['ros']
[0.241s] Level 1:colcon.colcon_core.package_identification:_identify(catkin_ws/src/opencv) by extension 'ros'
[0.242s] DEBUG:colcon.colcon_core.package_identification:Package 'catkin_ws/src/opencv' with type 'ros.catkin' and name 'opencv'
[0.242s] Level 1:colcon.colcon_core.package_identification:_identify(cfg) by extensions ['ignore', 'ignore_ament_install']
[0.242s] Level 1:colcon.colcon_core.package_identification:_identify(cfg) by extension 'ignore'
[0.242s] Level 1:colcon.colcon_core.package_identification:_identify(cfg) by extension 'ignore_ament_install'
[0.242s] Level 1:colcon.colcon_core.package_identification:_identify(cfg) by extensions ['colcon_pkg']
[0.242s] Level 1:colcon.colcon_core.package_identification:_identify(cfg) by extension 'colcon_pkg'
[0.242s] Level 1:colcon.colcon_core.package_identification:_identify(cfg) by extensions ['colcon_meta']
[0.242s] Level 1:colcon.colcon_core.package_identification:_identify(cfg) by extension 'colcon_meta'
[0.242s] Level 1:colcon.colcon_core.package_identification:_identify(cfg) by extensions ['ros']
[0.242s] Level 1:colcon.colcon_core.package_identification:_identify(cfg) by extension 'ros'
[0.242s] Level 1:colcon.colcon_core.package_identification:_identify(cfg) by extensions ['cmake', 'python']
[0.242s] Level 1:colcon.colcon_core.package_identification:_identify(cfg) by extension 'cmake'
[0.242s] Level 1:colcon.colcon_core.package_identification:_identify(cfg) by extension 'python'
[0.242s] Level 1:colcon.colcon_core.package_identification:_identify(cfg) by extensions ['python_setup_py']
[0.242s] Level 1:colcon.colcon_core.package_identification:_identify(cfg) by extension 'python_setup_py'
[0.242s] Level 1:colcon.colcon_core.package_identification:_identify(control) by extensions ['ignore', 'ignore_ament_install']
[0.243s] Level 1:colcon.colcon_core.package_identification:_identify(control) by extension 'ignore'
[0.243s] Level 1:colcon.colcon_core.package_identification:_identify(control) by extension 'ignore_ament_install'
[0.243s] Level 1:colcon.colcon_core.package_identification:_identify(control) by extensions ['colcon_pkg']
[0.243s] Level 1:colcon.colcon_core.package_identification:_identify(control) by extension 'colcon_pkg'
[0.243s] Level 1:colcon.colcon_core.package_identification:_identify(control) by extensions ['colcon_meta']
[0.243s] Level 1:colcon.colcon_core.package_identification:_identify(control) by extension 'colcon_meta'
[0.243s] Level 1:colcon.colcon_core.package_identification:_identify(control) by extensions ['ros']
[0.243s] Level 1:colcon.colcon_core.package_identification:_identify(control) by extension 'ros'
[0.243s] Level 1:colcon.colcon_core.package_identification:_identify(control) by extensions ['cmake', 'python']
[0.243s] Level 1:colcon.colcon_core.package_identification:_identify(control) by extension 'cmake'
[0.243s] Level 1:colcon.colcon_core.package_identification:_identify(control) by extension 'python'
[0.243s] Level 1:colcon.colcon_core.package_identification:_identify(control) by extensions ['python_setup_py']
[0.243s] Level 1:colcon.colcon_core.package_identification:_identify(control) by extension 'python_setup_py'
[0.243s] Level 1:colcon.colcon_core.package_identification:_identify(custom_msg) by extensions ['ignore', 'ignore_ament_install']
[0.243s] Level 1:colcon.colcon_core.package_identification:_identify(custom_msg) by extension 'ignore'
[0.243s] Level 1:colcon.colcon_core.package_identification:_identify(custom_msg) by extension 'ignore_ament_install'
[0.243s] Level 1:colcon.colcon_core.package_identification:_identify(custom_msg) by extensions ['colcon_pkg']
[0.243s] Level 1:colcon.colcon_core.package_identification:_identify(custom_msg) by extension 'colcon_pkg'
[0.243s] Level 1:colcon.colcon_core.package_identification:_identify(custom_msg) by extensions ['colcon_meta']
[0.243s] Level 1:colcon.colcon_core.package_identification:_identify(custom_msg) by extension 'colcon_meta'
[0.243s] Level 1:colcon.colcon_core.package_identification:_identify(custom_msg) by extensions ['ros']
[0.243s] Level 1:colcon.colcon_core.package_identification:_identify(custom_msg) by extension 'ros'
[0.244s] DEBUG:colcon.colcon_core.package_identification:Package 'custom_msg' with type 'ros.ament_cmake' and name 'custom_msg'
[0.244s] Level 1:colcon.colcon_core.package_identification:_identify(dense) by extensions ['ignore', 'ignore_ament_install']
[0.244s] Level 1:colcon.colcon_core.package_identification:_identify(dense) by extension 'ignore'
[0.244s] Level 1:colcon.colcon_core.package_identification:_identify(dense) by extension 'ignore_ament_install'
[0.244s] Level 1:colcon.colcon_core.package_identification:_identify(dense) by extensions ['colcon_pkg']
[0.244s] Level 1:colcon.colcon_core.package_identification:_identify(dense) by extension 'colcon_pkg'
[0.244s] Level 1:colcon.colcon_core.package_identification:_identify(dense) by extensions ['colcon_meta']
[0.244s] Level 1:colcon.colcon_core.package_identification:_identify(dense) by extension 'colcon_meta'
[0.245s] Level 1:colcon.colcon_core.package_identification:_identify(dense) by extensions ['ros']
[0.245s] Level 1:colcon.colcon_core.package_identification:_identify(dense) by extension 'ros'
[0.245s] Level 1:colcon.colcon_core.package_identification:_identify(dense) by extensions ['cmake', 'python']
[0.245s] Level 1:colcon.colcon_core.package_identification:_identify(dense) by extension 'cmake'
[0.245s] Level 1:colcon.colcon_core.package_identification:_identify(dense) by extension 'python'
[0.245s] Level 1:colcon.colcon_core.package_identification:_identify(dense) by extensions ['python_setup_py']
[0.245s] Level 1:colcon.colcon_core.package_identification:_identify(dense) by extension 'python_setup_py'
[0.245s] Level 1:colcon.colcon_core.package_identification:_identify(dense/images) by extensions ['ignore', 'ignore_ament_install']
[0.245s] Level 1:colcon.colcon_core.package_identification:_identify(dense/images) by extension 'ignore'
[0.245s] Level 1:colcon.colcon_core.package_identification:_identify(dense/images) by extension 'ignore_ament_install'
[0.245s] Level 1:colcon.colcon_core.package_identification:_identify(dense/images) by extensions ['colcon_pkg']
[0.245s] Level 1:colcon.colcon_core.package_identification:_identify(dense/images) by extension 'colcon_pkg'
[0.245s] Level 1:colcon.colcon_core.package_identification:_identify(dense/images) by extensions ['colcon_meta']
[0.245s] Level 1:colcon.colcon_core.package_identification:_identify(dense/images) by extension 'colcon_meta'
[0.245s] Level 1:colcon.colcon_core.package_identification:_identify(dense/images) by extensions ['ros']
[0.245s] Level 1:colcon.colcon_core.package_identification:_identify(dense/images) by extension 'ros'
[0.245s] Level 1:colcon.colcon_core.package_identification:_identify(dense/images) by extensions ['cmake', 'python']
[0.245s] Level 1:colcon.colcon_core.package_identification:_identify(dense/images) by extension 'cmake'
[0.246s] Level 1:colcon.colcon_core.package_identification:_identify(dense/images) by extension 'python'
[0.246s] Level 1:colcon.colcon_core.package_identification:_identify(dense/images) by extensions ['python_setup_py']
[0.246s] Level 1:colcon.colcon_core.package_identification:_identify(dense/images) by extension 'python_setup_py'
[0.246s] Level 1:colcon.colcon_core.package_identification:_identify(dense/sparse) by extensions ['ignore', 'ignore_ament_install']
[0.246s] Level 1:colcon.colcon_core.package_identification:_identify(dense/sparse) by extension 'ignore'
[0.246s] Level 1:colcon.colcon_core.package_identification:_identify(dense/sparse) by extension 'ignore_ament_install'
[0.246s] Level 1:colcon.colcon_core.package_identification:_identify(dense/sparse) by extensions ['colcon_pkg']
[0.246s] Level 1:colcon.colcon_core.package_identification:_identify(dense/sparse) by extension 'colcon_pkg'
[0.246s] Level 1:colcon.colcon_core.package_identification:_identify(dense/sparse) by extensions ['colcon_meta']
[0.246s] Level 1:colcon.colcon_core.package_identification:_identify(dense/sparse) by extension 'colcon_meta'
[0.246s] Level 1:colcon.colcon_core.package_identification:_identify(dense/sparse) by extensions ['ros']
[0.246s] Level 1:colcon.colcon_core.package_identification:_identify(dense/sparse) by extension 'ros'
[0.246s] Level 1:colcon.colcon_core.package_identification:_identify(dense/sparse) by extensions ['cmake', 'python']
[0.246s] Level 1:colcon.colcon_core.package_identification:_identify(dense/sparse) by extension 'cmake'
[0.246s] Level 1:colcon.colcon_core.package_identification:_identify(dense/sparse) by extension 'python'
[0.246s] Level 1:colcon.colcon_core.package_identification:_identify(dense/sparse) by extensions ['python_setup_py']
[0.246s] Level 1:colcon.colcon_core.package_identification:_identify(dense/sparse) by extension 'python_setup_py'
[0.247s] Level 1:colcon.colcon_core.package_identification:_identify(dense/stereo) by extensions ['ignore', 'ignore_ament_install']
[0.247s] Level 1:colcon.colcon_core.package_identification:_identify(dense/stereo) by extension 'ignore'
[0.247s] Level 1:colcon.colcon_core.package_identification:_identify(dense/stereo) by extension 'ignore_ament_install'
[0.247s] Level 1:colcon.colcon_core.package_identification:_identify(dense/stereo) by extensions ['colcon_pkg']
[0.247s] Level 1:colcon.colcon_core.package_identification:_identify(dense/stereo) by extension 'colcon_pkg'
[0.247s] Level 1:colcon.colcon_core.package_identification:_identify(dense/stereo) by extensions ['colcon_meta']
[0.247s] Level 1:colcon.colcon_core.package_identification:_identify(dense/stereo) by extension 'colcon_meta'
[0.247s] Level 1:colcon.colcon_core.package_identification:_identify(dense/stereo) by extensions ['ros']
[0.247s] Level 1:colcon.colcon_core.package_identification:_identify(dense/stereo) by extension 'ros'
[0.247s] Level 1:colcon.colcon_core.package_identification:_identify(dense/stereo) by extensions ['cmake', 'python']
[0.247s] Level 1:colcon.colcon_core.package_identification:_identify(dense/stereo) by extension 'cmake'
[0.247s] Level 1:colcon.colcon_core.package_identification:_identify(dense/stereo) by extension 'python'
[0.247s] Level 1:colcon.colcon_core.package_identification:_identify(dense/stereo) by extensions ['python_setup_py']
[0.247s] Level 1:colcon.colcon_core.package_identification:_identify(dense/stereo) by extension 'python_setup_py'
[0.247s] Level 1:colcon.colcon_core.package_identification:_identify(dense/stereo/consistency_graphs) by extensions ['ignore', 'ignore_ament_install']
[0.247s] Level 1:colcon.colcon_core.package_identification:_identify(dense/stereo/consistency_graphs) by extension 'ignore'
[0.247s] Level 1:colcon.colcon_core.package_identification:_identify(dense/stereo/consistency_graphs) by extension 'ignore_ament_install'
[0.248s] Level 1:colcon.colcon_core.package_identification:_identify(dense/stereo/consistency_graphs) by extensions ['colcon_pkg']
[0.248s] Level 1:colcon.colcon_core.package_identification:_identify(dense/stereo/consistency_graphs) by extension 'colcon_pkg'
[0.248s] Level 1:colcon.colcon_core.package_identification:_identify(dense/stereo/consistency_graphs) by extensions ['colcon_meta']
[0.248s] Level 1:colcon.colcon_core.package_identification:_identify(dense/stereo/consistency_graphs) by extension 'colcon_meta'
[0.248s] Level 1:colcon.colcon_core.package_identification:_identify(dense/stereo/consistency_graphs) by extensions ['ros']
[0.248s] Level 1:colcon.colcon_core.package_identification:_identify(dense/stereo/consistency_graphs) by extension 'ros'
[0.248s] Level 1:colcon.colcon_core.package_identification:_identify(dense/stereo/consistency_graphs) by extensions ['cmake', 'python']
[0.248s] Level 1:colcon.colcon_core.package_identification:_identify(dense/stereo/consistency_graphs) by extension 'cmake'
[0.248s] Level 1:colcon.colcon_core.package_identification:_identify(dense/stereo/consistency_graphs) by extension 'python'
[0.248s] Level 1:colcon.colcon_core.package_identification:_identify(dense/stereo/consistency_graphs) by extensions ['python_setup_py']
[0.248s] Level 1:colcon.colcon_core.package_identification:_identify(dense/stereo/consistency_graphs) by extension 'python_setup_py'
[0.248s] Level 1:colcon.colcon_core.package_identification:_identify(dense/stereo/depth_maps) by extensions ['ignore', 'ignore_ament_install']
[0.248s] Level 1:colcon.colcon_core.package_identification:_identify(dense/stereo/depth_maps) by extension 'ignore'
[0.249s] Level 1:colcon.colcon_core.package_identification:_identify(dense/stereo/depth_maps) by extension 'ignore_ament_install'
[0.249s] Level 1:colcon.colcon_core.package_identification:_identify(dense/stereo/depth_maps) by extensions ['colcon_pkg']
[0.249s] Level 1:colcon.colcon_core.package_identification:_identify(dense/stereo/depth_maps) by extension 'colcon_pkg'
[0.249s] Level 1:colcon.colcon_core.package_identification:_identify(dense/stereo/depth_maps) by extensions ['colcon_meta']
[0.249s] Level 1:colcon.colcon_core.package_identification:_identify(dense/stereo/depth_maps) by extension 'colcon_meta'
[0.249s] Level 1:colcon.colcon_core.package_identification:_identify(dense/stereo/depth_maps) by extensions ['ros']
[0.249s] Level 1:colcon.colcon_core.package_identification:_identify(dense/stereo/depth_maps) by extension 'ros'
[0.249s] Level 1:colcon.colcon_core.package_identification:_identify(dense/stereo/depth_maps) by extensions ['cmake', 'python']
[0.249s] Level 1:colcon.colcon_core.package_identification:_identify(dense/stereo/depth_maps) by extension 'cmake'
[0.249s] Level 1:colcon.colcon_core.package_identification:_identify(dense/stereo/depth_maps) by extension 'python'
[0.249s] Level 1:colcon.colcon_core.package_identification:_identify(dense/stereo/depth_maps) by extensions ['python_setup_py']
[0.249s] Level 1:colcon.colcon_core.package_identification:_identify(dense/stereo/depth_maps) by extension 'python_setup_py'
[0.249s] Level 1:colcon.colcon_core.package_identification:_identify(dense/stereo/normal_maps) by extensions ['ignore', 'ignore_ament_install']
[0.250s] Level 1:colcon.colcon_core.package_identification:_identify(dense/stereo/normal_maps) by extension 'ignore'
[0.250s] Level 1:colcon.colcon_core.package_identification:_identify(dense/stereo/normal_maps) by extension 'ignore_ament_install'
[0.250s] Level 1:colcon.colcon_core.package_identification:_identify(dense/stereo/normal_maps) by extensions ['colcon_pkg']
[0.250s] Level 1:colcon.colcon_core.package_identification:_identify(dense/stereo/normal_maps) by extension 'colcon_pkg'
[0.250s] Level 1:colcon.colcon_core.package_identification:_identify(dense/stereo/normal_maps) by extensions ['colcon_meta']
[0.250s] Level 1:colcon.colcon_core.package_identification:_identify(dense/stereo/normal_maps) by extension 'colcon_meta'
[0.250s] Level 1:colcon.colcon_core.package_identification:_identify(dense/stereo/normal_maps) by extensions ['ros']
[0.250s] Level 1:colcon.colcon_core.package_identification:_identify(dense/stereo/normal_maps) by extension 'ros'
[0.250s] Level 1:colcon.colcon_core.package_identification:_identify(dense/stereo/normal_maps) by extensions ['cmake', 'python']
[0.250s] Level 1:colcon.colcon_core.package_identification:_identify(dense/stereo/normal_maps) by extension 'cmake'
[0.250s] Level 1:colcon.colcon_core.package_identification:_identify(dense/stereo/normal_maps) by extension 'python'
[0.250s] Level 1:colcon.colcon_core.package_identification:_identify(dense/stereo/normal_maps) by extensions ['python_setup_py']
[0.250s] Level 1:colcon.colcon_core.package_identification:_identify(dense/stereo/normal_maps) by extension 'python_setup_py'
[0.250s] Level 1:colcon.colcon_core.package_identification:_identify(images) by extensions ['ignore', 'ignore_ament_install']
[0.250s] Level 1:colcon.colcon_core.package_identification:_identify(images) by extension 'ignore'
[0.250s] Level 1:colcon.colcon_core.package_identification:_identify(images) by extension 'ignore_ament_install'
[0.250s] Level 1:colcon.colcon_core.package_identification:_identify(images) by extensions ['colcon_pkg']
[0.250s] Level 1:colcon.colcon_core.package_identification:_identify(images) by extension 'colcon_pkg'
[0.250s] Level 1:colcon.colcon_core.package_identification:_identify(images) by extensions ['colcon_meta']
[0.250s] Level 1:colcon.colcon_core.package_identification:_identify(images) by extension 'colcon_meta'
[0.251s] Level 1:colcon.colcon_core.package_identification:_identify(images) by extensions ['ros']
[0.251s] Level 1:colcon.colcon_core.package_identification:_identify(images) by extension 'ros'
[0.251s] Level 1:colcon.colcon_core.package_identification:_identify(images) by extensions ['cmake', 'python']
[0.251s] Level 1:colcon.colcon_core.package_identification:_identify(images) by extension 'cmake'
[0.251s] Level 1:colcon.colcon_core.package_identification:_identify(images) by extension 'python'
[0.251s] Level 1:colcon.colcon_core.package_identification:_identify(images) by extensions ['python_setup_py']
[0.251s] Level 1:colcon.colcon_core.package_identification:_identify(images) by extension 'python_setup_py'
[0.251s] Level 1:colcon.colcon_core.package_identification:_identify(install) by extensions ['ignore', 'ignore_ament_install']
[0.251s] Level 1:colcon.colcon_core.package_identification:_identify(install) by extension 'ignore'
[0.251s] Level 1:colcon.colcon_core.package_identification:_identify(install) ignored
[0.251s] Level 1:colcon.colcon_core.package_identification:_identify(lofi) by extensions ['ignore', 'ignore_ament_install']
[0.251s] Level 1:colcon.colcon_core.package_identification:_identify(lofi) by extension 'ignore'
[0.251s] Level 1:colcon.colcon_core.package_identification:_identify(lofi) by extension 'ignore_ament_install'
[0.251s] Level 1:colcon.colcon_core.package_identification:_identify(lofi) by extensions ['colcon_pkg']
[0.251s] Level 1:colcon.colcon_core.package_identification:_identify(lofi) by extension 'colcon_pkg'
[0.251s] Level 1:colcon.colcon_core.package_identification:_identify(lofi) by extensions ['colcon_meta']
[0.251s] Level 1:colcon.colcon_core.package_identification:_identify(lofi) by extension 'colcon_meta'
[0.251s] Level 1:colcon.colcon_core.package_identification:_identify(lofi) by extensions ['ros']
[0.251s] Level 1:colcon.colcon_core.package_identification:_identify(lofi) by extension 'ros'
[0.252s] DEBUG:colcon.colcon_core.package_identification:Package 'lofi' with type 'ros.ament_python' and name 'lofi'
[0.252s] Level 1:colcon.colcon_core.package_identification:_identify(log) by extensions ['ignore', 'ignore_ament_install']
[0.252s] Level 1:colcon.colcon_core.package_identification:_identify(log) by extension 'ignore'
[0.252s] Level 1:colcon.colcon_core.package_identification:_identify(log) ignored
[0.253s] Level 1:colcon.colcon_core.package_identification:_identify(other file) by extensions ['ignore', 'ignore_ament_install']
[0.253s] Level 1:colcon.colcon_core.package_identification:_identify(other file) by extension 'ignore'
[0.253s] Level 1:colcon.colcon_core.package_identification:_identify(other file) by extension 'ignore_ament_install'
[0.253s] Level 1:colcon.colcon_core.package_identification:_identify(other file) by extensions ['colcon_pkg']
[0.253s] Level 1:colcon.colcon_core.package_identification:_identify(other file) by extension 'colcon_pkg'
[0.253s] Level 1:colcon.colcon_core.package_identification:_identify(other file) by extensions ['colcon_meta']
[0.253s] Level 1:colcon.colcon_core.package_identification:_identify(other file) by extension 'colcon_meta'
[0.253s] Level 1:colcon.colcon_core.package_identification:_identify(other file) by extensions ['ros']
[0.253s] Level 1:colcon.colcon_core.package_identification:_identify(other file) by extension 'ros'
[0.253s] Level 1:colcon.colcon_core.package_identification:_identify(other file) by extensions ['cmake', 'python']
[0.253s] Level 1:colcon.colcon_core.package_identification:_identify(other file) by extension 'cmake'
[0.253s] Level 1:colcon.colcon_core.package_identification:_identify(other file) by extension 'python'
[0.253s] Level 1:colcon.colcon_core.package_identification:_identify(other file) by extensions ['python_setup_py']
[0.253s] Level 1:colcon.colcon_core.package_identification:_identify(other file) by extension 'python_setup_py'
[0.253s] Level 1:colcon.colcon_core.package_identification:_identify(result) by extensions ['ignore', 'ignore_ament_install']
[0.253s] Level 1:colcon.colcon_core.package_identification:_identify(result) by extension 'ignore'
[0.253s] Level 1:colcon.colcon_core.package_identification:_identify(result) by extension 'ignore_ament_install'
[0.253s] Level 1:colcon.colcon_core.package_identification:_identify(result) by extensions ['colcon_pkg']
[0.253s] Level 1:colcon.colcon_core.package_identification:_identify(result) by extension 'colcon_pkg'
[0.253s] Level 1:colcon.colcon_core.package_identification:_identify(result) by extensions ['colcon_meta']
[0.253s] Level 1:colcon.colcon_core.package_identification:_identify(result) by extension 'colcon_meta'
[0.254s] Level 1:colcon.colcon_core.package_identification:_identify(result) by extensions ['ros']
[0.254s] Level 1:colcon.colcon_core.package_identification:_identify(result) by extension 'ros'
[0.254s] Level 1:colcon.colcon_core.package_identification:_identify(result) by extensions ['cmake', 'python']
[0.254s] Level 1:colcon.colcon_core.package_identification:_identify(result) by extension 'cmake'
[0.254s] Level 1:colcon.colcon_core.package_identification:_identify(result) by extension 'python'
[0.254s] Level 1:colcon.colcon_core.package_identification:_identify(result) by extensions ['python_setup_py']
[0.254s] Level 1:colcon.colcon_core.package_identification:_identify(result) by extension 'python_setup_py'
[0.254s] Level 1:colcon.colcon_core.package_identification:_identify(result2) by extensions ['ignore', 'ignore_ament_install']
[0.254s] Level 1:colcon.colcon_core.package_identification:_identify(result2) by extension 'ignore'
[0.254s] Level 1:colcon.colcon_core.package_identification:_identify(result2) by extension 'ignore_ament_install'
[0.254s] Level 1:colcon.colcon_core.package_identification:_identify(result2) by extensions ['colcon_pkg']
[0.254s] Level 1:colcon.colcon_core.package_identification:_identify(result2) by extension 'colcon_pkg'
[0.254s] Level 1:colcon.colcon_core.package_identification:_identify(result2) by extensions ['colcon_meta']
[0.254s] Level 1:colcon.colcon_core.package_identification:_identify(result2) by extension 'colcon_meta'
[0.254s] Level 1:colcon.colcon_core.package_identification:_identify(result2) by extensions ['ros']
[0.254s] Level 1:colcon.colcon_core.package_identification:_identify(result2) by extension 'ros'
[0.254s] Level 1:colcon.colcon_core.package_identification:_identify(result2) by extensions ['cmake', 'python']
[0.254s] Level 1:colcon.colcon_core.package_identification:_identify(result2) by extension 'cmake'
[0.254s] Level 1:colcon.colcon_core.package_identification:_identify(result2) by extension 'python'
[0.254s] Level 1:colcon.colcon_core.package_identification:_identify(result2) by extensions ['python_setup_py']
[0.254s] Level 1:colcon.colcon_core.package_identification:_identify(result2) by extension 'python_setup_py'
[0.255s] Level 1:colcon.colcon_core.package_identification:_identify(sparse) by extensions ['ignore', 'ignore_ament_install']
[0.255s] Level 1:colcon.colcon_core.package_identification:_identify(sparse) by extension 'ignore'
[0.255s] Level 1:colcon.colcon_core.package_identification:_identify(sparse) by extension 'ignore_ament_install'
[0.255s] Level 1:colcon.colcon_core.package_identification:_identify(sparse) by extensions ['colcon_pkg']
[0.255s] Level 1:colcon.colcon_core.package_identification:_identify(sparse) by extension 'colcon_pkg'
[0.255s] Level 1:colcon.colcon_core.package_identification:_identify(sparse) by extensions ['colcon_meta']
[0.255s] Level 1:colcon.colcon_core.package_identification:_identify(sparse) by extension 'colcon_meta'
[0.255s] Level 1:colcon.colcon_core.package_identification:_identify(sparse) by extensions ['ros']
[0.255s] Level 1:colcon.colcon_core.package_identification:_identify(sparse) by extension 'ros'
[0.255s] Level 1:colcon.colcon_core.package_identification:_identify(sparse) by extensions ['cmake', 'python']
[0.255s] Level 1:colcon.colcon_core.package_identification:_identify(sparse) by extension 'cmake'
[0.255s] Level 1:colcon.colcon_core.package_identification:_identify(sparse) by extension 'python'
[0.255s] Level 1:colcon.colcon_core.package_identification:_identify(sparse) by extensions ['python_setup_py']
[0.255s] Level 1:colcon.colcon_core.package_identification:_identify(sparse) by extension 'python_setup_py'
[0.255s] Level 1:colcon.colcon_core.package_identification:_identify(sparse/0) by extensions ['ignore', 'ignore_ament_install']
[0.255s] Level 1:colcon.colcon_core.package_identification:_identify(sparse/0) by extension 'ignore'
[0.255s] Level 1:colcon.colcon_core.package_identification:_identify(sparse/0) by extension 'ignore_ament_install'
[0.256s] Level 1:colcon.colcon_core.package_identification:_identify(sparse/0) by extensions ['colcon_pkg']
[0.256s] Level 1:colcon.colcon_core.package_identification:_identify(sparse/0) by extension 'colcon_pkg'
[0.256s] Level 1:colcon.colcon_core.package_identification:_identify(sparse/0) by extensions ['colcon_meta']
[0.256s] Level 1:colcon.colcon_core.package_identification:_identify(sparse/0) by extension 'colcon_meta'
[0.256s] Level 1:colcon.colcon_core.package_identification:_identify(sparse/0) by extensions ['ros']
[0.256s] Level 1:colcon.colcon_core.package_identification:_identify(sparse/0) by extension 'ros'
[0.256s] Level 1:colcon.colcon_core.package_identification:_identify(sparse/0) by extensions ['cmake', 'python']
[0.256s] Level 1:colcon.colcon_core.package_identification:_identify(sparse/0) by extension 'cmake'
[0.256s] Level 1:colcon.colcon_core.package_identification:_identify(sparse/0) by extension 'python'
[0.256s] Level 1:colcon.colcon_core.package_identification:_identify(sparse/0) by extensions ['python_setup_py']
[0.256s] Level 1:colcon.colcon_core.package_identification:_identify(sparse/0) by extension 'python_setup_py'
[0.256s] Level 1:colcon.colcon_core.package_discovery:discover_packages(recursive) using defaults
[0.256s] Level 1:colcon.colcon_core.package_discovery:discover_packages(ignore) discover
[0.256s] Level 1:colcon.colcon_core.package_discovery:discover_packages(ignore) using defaults
[0.256s] Level 1:colcon.colcon_core.package_discovery:discover_packages(path) discover
[0.256s] Level 1:colcon.colcon_core.package_discovery:discover_packages(path) using defaults
[0.280s] Level 1:colcon.colcon_core.package_discovery:discover_packages(prefix_path) check parameters
[0.280s] Level 1:colcon.colcon_core.package_discovery:discover_packages(prefix_path) discover
[0.284s] DEBUG:colcon.colcon_installed_package_information.package_discovery:Found 256 installed packages in /opt/ros/foxy
[0.286s] Level 1:colcon.colcon_core.package_discovery:discover_packages(prefix_path) using defaults
[0.349s] Level 5:colcon.colcon_core.verb:set package 'cpp_pubsub' build argument 'cmake_args' from command line to 'None'
[0.349s] Level 5:colcon.colcon_core.verb:set package 'cpp_pubsub' build argument 'cmake_target' from command line to 'None'
[0.349s] Level 5:colcon.colcon_core.verb:set package 'cpp_pubsub' build argument 'cmake_target_skip_unavailable' from command line to 'False'
[0.349s] Level 5:colcon.colcon_core.verb:set package 'cpp_pubsub' build argument 'cmake_clean_cache' from command line to 'False'
[0.349s] Level 5:colcon.colcon_core.verb:set package 'cpp_pubsub' build argument 'cmake_clean_first' from command line to 'False'
[0.349s] Level 5:colcon.colcon_core.verb:set package 'cpp_pubsub' build argument 'cmake_force_configure' from command line to 'False'
[0.349s] Level 5:colcon.colcon_core.verb:set package 'cpp_pubsub' build argument 'ament_cmake_args' from command line to 'None'
[0.349s] Level 5:colcon.colcon_core.verb:set package 'cpp_pubsub' build argument 'catkin_cmake_args' from command line to 'None'
[0.349s] Level 5:colcon.colcon_core.verb:set package 'cpp_pubsub' build argument 'catkin_skip_building_tests' from command line to 'False'
[0.349s] DEBUG:colcon.colcon_core.verb:Building package 'cpp_pubsub' with the following arguments: {'ament_cmake_args': None, 'build_base': '/home/mingyu/lofi/build/cpp_pubsub', 'catkin_cmake_args': None, 'catkin_skip_building_tests': False, 'cmake_args': None, 'cmake_clean_cache': False, 'cmake_clean_first': False, 'cmake_force_configure': False, 'cmake_target': None, 'cmake_target_skip_unavailable': False, 'install_base': '/home/mingyu/lofi/install/cpp_pubsub', 'merge_install': False, 'path': '/home/mingyu/lofi/ROS_2_ANDROID', 'symlink_install': False, 'test_result_base': None}
[0.351s] Level 5:colcon.colcon_core.verb:set package 'custom_msg' build argument 'cmake_args' from command line to 'None'
[0.351s] Level 5:colcon.colcon_core.verb:set package 'custom_msg' build argument 'cmake_target' from command line to 'None'
[0.351s] Level 5:colcon.colcon_core.verb:set package 'custom_msg' build argument 'cmake_target_skip_unavailable' from command line to 'False'
[0.351s] Level 5:colcon.colcon_core.verb:set package 'custom_msg' build argument 'cmake_clean_cache' from command line to 'False'
[0.351s] Level 5:colcon.colcon_core.verb:set package 'custom_msg' build argument 'cmake_clean_first' from command line to 'False'
[0.351s] Level 5:colcon.colcon_core.verb:set package 'custom_msg' build argument 'cmake_force_configure' from command line to 'False'
[0.351s] Level 5:colcon.colcon_core.verb:set package 'custom_msg' build argument 'ament_cmake_args' from command line to 'None'
[0.351s] Level 5:colcon.colcon_core.verb:set package 'custom_msg' build argument 'catkin_cmake_args' from command line to 'None'
[0.351s] Level 5:colcon.colcon_core.verb:set package 'custom_msg' build argument 'catkin_skip_building_tests' from command line to 'False'
[0.351s] DEBUG:colcon.colcon_core.verb:Building package 'custom_msg' with the following arguments: {'ament_cmake_args': None, 'build_base': '/home/mingyu/lofi/build/custom_msg', 'catkin_cmake_args': None, 'catkin_skip_building_tests': False, 'cmake_args': None, 'cmake_clean_cache': False, 'cmake_clean_first': False, 'cmake_force_configure': False, 'cmake_target': None, 'cmake_target_skip_unavailable': False, 'install_base': '/home/mingyu/lofi/install/custom_msg', 'merge_install': False, 'path': '/home/mingyu/lofi/custom_msg', 'symlink_install': False, 'test_result_base': None}
[0.353s] Level 5:colcon.colcon_core.verb:set package 'opencv' build argument 'cmake_args' from command line to 'None'
[0.353s] Level 5:colcon.colcon_core.verb:set package 'opencv' build argument 'cmake_target' from command line to 'None'
[0.353s] Level 5:colcon.colcon_core.verb:set package 'opencv' build argument 'cmake_target_skip_unavailable' from command line to 'False'
[0.353s] Level 5:colcon.colcon_core.verb:set package 'opencv' build argument 'cmake_clean_cache' from command line to 'False'
[0.353s] Level 5:colcon.colcon_core.verb:set package 'opencv' build argument 'cmake_clean_first' from command line to 'False'
[0.353s] Level 5:colcon.colcon_core.verb:set package 'opencv' build argument 'cmake_force_configure' from command line to 'False'
[0.353s] Level 5:colcon.colcon_core.verb:set package 'opencv' build argument 'ament_cmake_args' from command line to 'None'
[0.353s] Level 5:colcon.colcon_core.verb:set package 'opencv' build argument 'catkin_cmake_args' from command line to 'None'
[0.353s] Level 5:colcon.colcon_core.verb:set package 'opencv' build argument 'catkin_skip_building_tests' from command line to 'False'
[0.353s] DEBUG:colcon.colcon_core.verb:Building package 'opencv' with the following arguments: {'ament_cmake_args': None, 'build_base': '/home/mingyu/lofi/build/opencv', 'catkin_cmake_args': None, 'catkin_skip_building_tests': False, 'cmake_args': None, 'cmake_clean_cache': False, 'cmake_clean_first': False, 'cmake_force_configure': False, 'cmake_target': None, 'cmake_target_skip_unavailable': False, 'install_base': '/home/mingyu/lofi/install/opencv', 'merge_install': False, 'path': '/home/mingyu/lofi/catkin_ws/src/opencv', 'symlink_install': False, 'test_result_base': None}
[0.355s] Level 5:colcon.colcon_core.verb:set package 'lofi' build argument 'cmake_args' from command line to 'None'
[0.355s] Level 5:colcon.colcon_core.verb:set package 'lofi' build argument 'cmake_target' from command line to 'None'
[0.355s] Level 5:colcon.colcon_core.verb:set package 'lofi' build argument 'cmake_target_skip_unavailable' from command line to 'False'
[0.355s] Level 5:colcon.colcon_core.verb:set package 'lofi' build argument 'cmake_clean_cache' from command line to 'False'
[0.355s] Level 5:colcon.colcon_core.verb:set package 'lofi' build argument 'cmake_clean_first' from command line to 'False'
[0.355s] Level 5:colcon.colcon_core.verb:set package 'lofi' build argument 'cmake_force_configure' from command line to 'False'
[0.355s] Level 5:colcon.colcon_core.verb:set package 'lofi' build argument 'ament_cmake_args' from command line to 'None'
[0.355s] Level 5:colcon.colcon_core.verb:set package 'lofi' build argument 'catkin_cmake_args' from command line to 'None'
[0.355s] Level 5:colcon.colcon_core.verb:set package 'lofi' build argument 'catkin_skip_building_tests' from command line to 'False'
[0.355s] DEBUG:colcon.colcon_core.verb:Building package 'lofi' with the following arguments: {'ament_cmake_args': None, 'build_base': '/home/mingyu/lofi/build/lofi', 'catkin_cmake_args': None, 'catkin_skip_building_tests': False, 'cmake_args': None, 'cmake_clean_cache': False, 'cmake_clean_first': False, 'cmake_force_configure': False, 'cmake_target': None, 'cmake_target_skip_unavailable': False, 'install_base': '/home/mingyu/lofi/install/lofi', 'merge_install': False, 'path': '/home/mingyu/lofi/lofi', 'symlink_install': False, 'test_result_base': None}
[0.356s] INFO:colcon.colcon_core.executor:Executing jobs using 'parallel' executor
[0.365s] DEBUG:colcon.colcon_parallel_executor.executor.parallel:run_until_complete
[0.365s] INFO:colcon.colcon_ros.task.ament_cmake.build:Building ROS package in '/home/mingyu/lofi/custom_msg' with build type 'ament_cmake'
[0.365s] INFO:colcon.colcon_cmake.task.cmake.build:Building CMake package in '/home/mingyu/lofi/custom_msg'
[0.371s] INFO:colcon.colcon_core.plugin_system:Skipping extension 'colcon_core.shell.bat': Not used on non-Windows systems
[0.371s] INFO:colcon.colcon_core.shell:Skip shell extension 'powershell' for command environment: Not usable outside of PowerShell
[0.371s] DEBUG:colcon.colcon_core.shell:Skip shell extension 'dsv' for command environment
[0.376s] DEBUG:colcon.colcon_core.shell:Ignoring prefix path '/opt/ros/noetic'
[0.382s] INFO:colcon.colcon_ros.task.ament_cmake.build:Building ROS package in '/home/mingyu/lofi/ROS_2_ANDROID' with build type 'ament_cmake'
[0.382s] INFO:colcon.colcon_cmake.task.cmake.build:Building CMake package in '/home/mingyu/lofi/ROS_2_ANDROID'
[0.386s] INFO:colcon.colcon_core.shell:Skip shell extension 'powershell' for command environment: Not usable outside of PowerShell
[0.386s] DEBUG:colcon.colcon_core.shell:Skip shell extension 'dsv' for command environment
[0.390s] DEBUG:colcon.colcon_core.shell:Ignoring prefix path '/opt/ros/noetic'
[0.392s] INFO:colcon.colcon_ros.task.catkin.build:Building ROS package in '/home/mingyu/lofi/catkin_ws/src/opencv' with build type 'catkin'
[0.392s] INFO:colcon.colcon_cmake.task.cmake.build:Building CMake package in '/home/mingyu/lofi/catkin_ws/src/opencv'
[0.396s] INFO:colcon.colcon_core.shell:Skip shell extension 'powershell' for command environment: Not usable outside of PowerShell
[0.396s] DEBUG:colcon.colcon_core.shell:Skip shell extension 'dsv' for command environment
[0.401s] DEBUG:colcon.colcon_core.shell:Ignoring prefix path '/opt/ros/noetic'
[0.409s] DEBUG:colcon.colcon_core.event_handler.log_command:Invoking command in '/home/mingyu/lofi/build/custom_msg': CMAKE_PREFIX_PATH=/opt/ros/foxy:${CMAKE_PREFIX_PATH} /usr/bin/cmake --build /home/mingyu/lofi/build/custom_msg -- -j12 -l12
[0.412s] DEBUG:colcon.colcon_core.event_handler.log_command:Invoking command in '/home/mingyu/lofi/build/cpp_pubsub': CMAKE_PREFIX_PATH=/opt/ros/foxy:${CMAKE_PREFIX_PATH} /usr/bin/cmake --build /home/mingyu/lofi/build/cpp_pubsub -- -j12 -l12
[0.417s] DEBUG:colcon.colcon_core.event_handler.log_command:Invoking command in '/home/mingyu/lofi/build/opencv': /usr/bin/cmake --build /home/mingyu/lofi/build/opencv -- -j12 -l12
[0.494s] DEBUG:colcon.colcon_core.event_handler.log_command:Invoked command in '/home/mingyu/lofi/build/opencv' returned '0': /usr/bin/cmake --build /home/mingyu/lofi/build/opencv -- -j12 -l12
[0.526s] DEBUG:colcon.colcon_core.event_handler.log_command:Invoking command in '/home/mingyu/lofi/build/opencv': /usr/bin/cmake --build /home/mingyu/lofi/build/opencv --target tests -- -j12 -l12
[0.587s] DEBUG:colcon.colcon_core.event_handler.log_command:Invoked command in '/home/mingyu/lofi/build/opencv' returned '0': /usr/bin/cmake --build /home/mingyu/lofi/build/opencv --target tests -- -j12 -l12
[0.607s] DEBUG:colcon.colcon_core.event_handler.log_command:Invoked command in '/home/mingyu/lofi/build/custom_msg' returned '0': CMAKE_PREFIX_PATH=/opt/ros/foxy:${CMAKE_PREFIX_PATH} /usr/bin/cmake --build /home/mingyu/lofi/build/custom_msg -- -j12 -l12
[0.626s] DEBUG:colcon.colcon_core.event_handler.log_command:Invoking command in '/home/mingyu/lofi/build/opencv': /usr/bin/cmake --install /home/mingyu/lofi/build/opencv
[0.637s] DEBUG:colcon.colcon_core.event_handler.log_command:Invoked command in '/home/mingyu/lofi/build/opencv' returned '0': /usr/bin/cmake --install /home/mingyu/lofi/build/opencv
[0.644s] DEBUG:colcon.colcon_core.event_handler.log_command:Invoking command in '/home/mingyu/lofi/build/custom_msg': CMAKE_PREFIX_PATH=/opt/ros/foxy:${CMAKE_PREFIX_PATH} /usr/bin/cmake --install /home/mingyu/lofi/build/custom_msg
[0.668s] Level 1:colcon.colcon_core.shell:create_environment_hook('opencv', 'ros_package_path')
[0.671s] INFO:colcon.colcon_core.shell:Creating environment hook '/home/mingyu/lofi/install/opencv/share/opencv/hook/ros_package_path.ps1'
[0.672s] INFO:colcon.colcon_core.shell:Creating environment descriptor '/home/mingyu/lofi/install/opencv/share/opencv/hook/ros_package_path.dsv'
[0.672s] INFO:colcon.colcon_core.shell:Creating environment hook '/home/mingyu/lofi/install/opencv/share/opencv/hook/ros_package_path.sh'
[0.673s] Level 1:colcon.colcon_ros.task.catkin:checking '/home/mingyu/lofi/install/opencv/lib/python3/dist-packages'
[0.673s] Level 1:colcon.colcon_core.shell:create_environment_hook('opencv', 'pkg_config_path')
[0.676s] INFO:colcon.colcon_core.shell:Creating environment hook '/home/mingyu/lofi/install/opencv/share/opencv/hook/pkg_config_path.ps1'
[0.677s] INFO:colcon.colcon_core.shell:Creating environment descriptor '/home/mingyu/lofi/install/opencv/share/opencv/hook/pkg_config_path.dsv'
[0.677s] INFO:colcon.colcon_core.shell:Creating environment hook '/home/mingyu/lofi/install/opencv/share/opencv/hook/pkg_config_path.sh'
[0.683s] Level 1:colcon.colcon_core.shell:create_environment_hook('opencv', 'pkg_config_path_multiarch')
[0.686s] INFO:colcon.colcon_core.shell:Creating environment hook '/home/mingyu/lofi/install/opencv/share/opencv/hook/pkg_config_path_multiarch.ps1'
[0.687s] INFO:colcon.colcon_core.shell:Creating environment descriptor '/home/mingyu/lofi/install/opencv/share/opencv/hook/pkg_config_path_multiarch.dsv'
[0.688s] INFO:colcon.colcon_core.shell:Creating environment hook '/home/mingyu/lofi/install/opencv/share/opencv/hook/pkg_config_path_multiarch.sh'
[0.692s] Level 1:colcon.colcon_core.environment:create_environment_scripts_only(opencv)
[0.703s] Level 1:colcon.colcon_core.environment:checking '/home/mingyu/lofi/install/opencv' for CMake module files
[0.703s] Level 1:colcon.colcon_core.environment:checking '/home/mingyu/lofi/install/opencv' for CMake config files
[0.703s] Level 1:colcon.colcon_core.shell:create_environment_hook('opencv', 'cmake_prefix_path')
[0.707s] INFO:colcon.colcon_core.shell:Creating environment hook '/home/mingyu/lofi/install/opencv/share/opencv/hook/cmake_prefix_path.ps1'
[0.707s] INFO:colcon.colcon_core.shell:Creating environment descriptor '/home/mingyu/lofi/install/opencv/share/opencv/hook/cmake_prefix_path.dsv'
[0.707s] INFO:colcon.colcon_core.shell:Creating environment hook '/home/mingyu/lofi/install/opencv/share/opencv/hook/cmake_prefix_path.sh'
[0.708s] Level 1:colcon.colcon_core.environment:checking '/home/mingyu/lofi/install/opencv/lib'
[0.708s] Level 1:colcon.colcon_core.environment:checking '/home/mingyu/lofi/install/opencv/bin'
[0.708s] Level 1:colcon.colcon_core.environment:checking '/home/mingyu/lofi/install/opencv/lib/pkgconfig/opencv.pc'
[0.708s] Level 1:colcon.colcon_core.shell:create_environment_hook('opencv', 'pkg_config')
[0.711s] INFO:colcon.colcon_core.shell:Creating environment hook '/home/mingyu/lofi/install/opencv/share/opencv/hook/pkg_config.ps1'
[0.711s] INFO:colcon.colcon_core.shell:Creating environment descriptor '/home/mingyu/lofi/install/opencv/share/opencv/hook/pkg_config.dsv'
[0.712s] INFO:colcon.colcon_core.shell:Creating environment hook '/home/mingyu/lofi/install/opencv/share/opencv/hook/pkg_config.sh'
[0.712s] Level 1:colcon.colcon_core.environment:checking '/home/mingyu/lofi/install/opencv/lib/python3.8/site-packages'
[0.712s] Level 1:colcon.colcon_core.environment:checking '/home/mingyu/lofi/install/opencv/bin'
[0.715s] INFO:colcon.colcon_core.shell:Creating package script '/home/mingyu/lofi/install/opencv/share/opencv/package.ps1'
[0.716s] INFO:colcon.colcon_core.shell:Creating package descriptor '/home/mingyu/lofi/install/opencv/share/opencv/package.dsv'
[0.717s] INFO:colcon.colcon_core.shell:Creating package script '/home/mingyu/lofi/install/opencv/share/opencv/package.sh'
[0.718s] INFO:colcon.colcon_core.shell:Creating package script '/home/mingyu/lofi/install/opencv/share/opencv/package.bash'
[0.718s] INFO:colcon.colcon_core.shell:Creating package script '/home/mingyu/lofi/install/opencv/share/opencv/package.zsh'
[0.719s] Level 1:colcon.colcon_core.environment:create_file_with_runtime_dependencies(/home/mingyu/lofi/install/opencv/share/colcon-core/packages/opencv)
[0.720s] Level 1:colcon.colcon_core.environment:create_environment_scripts_only(custom_msg)
[0.725s] Level 1:colcon.colcon_core.environment:checking '/home/mingyu/lofi/install/custom_msg' for CMake module files
[0.725s] DEBUG:colcon.colcon_core.event_handler.log_command:Invoked command in '/home/mingyu/lofi/build/custom_msg' returned '0': CMAKE_PREFIX_PATH=/opt/ros/foxy:${CMAKE_PREFIX_PATH} /usr/bin/cmake --install /home/mingyu/lofi/build/custom_msg
[0.726s] Level 1:colcon.colcon_core.environment:checking '/home/mingyu/lofi/install/custom_msg' for CMake config files
[0.726s] Level 1:colcon.colcon_core.shell:create_environment_hook('custom_msg', 'cmake_prefix_path')
[0.729s] INFO:colcon.colcon_core.shell:Creating environment hook '/home/mingyu/lofi/install/custom_msg/share/custom_msg/hook/cmake_prefix_path.ps1'
[0.729s] INFO:colcon.colcon_core.shell:Creating environment descriptor '/home/mingyu/lofi/install/custom_msg/share/custom_msg/hook/cmake_prefix_path.dsv'
[0.730s] INFO:colcon.colcon_core.shell:Creating environment hook '/home/mingyu/lofi/install/custom_msg/share/custom_msg/hook/cmake_prefix_path.sh'
[0.730s] Level 1:colcon.colcon_core.environment:checking '/home/mingyu/lofi/install/custom_msg/lib'
[0.730s] Level 1:colcon.colcon_core.shell:create_environment_hook('custom_msg', 'ld_library_path_lib')
[0.733s] INFO:colcon.colcon_core.shell:Creating environment hook '/home/mingyu/lofi/install/custom_msg/share/custom_msg/hook/ld_library_path_lib.ps1'
[0.734s] INFO:colcon.colcon_core.shell:Creating environment descriptor '/home/mingyu/lofi/install/custom_msg/share/custom_msg/hook/ld_library_path_lib.dsv'
[0.734s] INFO:colcon.colcon_core.shell:Creating environment hook '/home/mingyu/lofi/install/custom_msg/share/custom_msg/hook/ld_library_path_lib.sh'
[0.734s] Level 1:colcon.colcon_core.environment:checking '/home/mingyu/lofi/install/custom_msg/bin'
[0.734s] Level 1:colcon.colcon_core.environment:checking '/home/mingyu/lofi/install/custom_msg/lib/pkgconfig/custom_msg.pc'
[0.734s] Level 1:colcon.colcon_core.environment:checking '/home/mingyu/lofi/install/custom_msg/lib/python3.8/site-packages'
[0.734s] Level 1:colcon.colcon_core.shell:create_environment_hook('custom_msg', 'pythonpath')
[0.738s] INFO:colcon.colcon_core.shell:Creating environment hook '/home/mingyu/lofi/install/custom_msg/share/custom_msg/hook/pythonpath.ps1'
[0.738s] INFO:colcon.colcon_core.shell:Creating environment descriptor '/home/mingyu/lofi/install/custom_msg/share/custom_msg/hook/pythonpath.dsv'
[0.738s] INFO:colcon.colcon_core.shell:Creating environment hook '/home/mingyu/lofi/install/custom_msg/share/custom_msg/hook/pythonpath.sh'
[0.738s] Level 1:colcon.colcon_core.environment:checking '/home/mingyu/lofi/install/custom_msg/bin'
[0.742s] INFO:colcon.colcon_core.shell:Creating package script '/home/mingyu/lofi/install/custom_msg/share/custom_msg/package.ps1'
[0.742s] INFO:colcon.colcon_core.shell:Creating package descriptor '/home/mingyu/lofi/install/custom_msg/share/custom_msg/package.dsv'
[0.743s] INFO:colcon.colcon_core.shell:Creating package script '/home/mingyu/lofi/install/custom_msg/share/custom_msg/package.sh'
[0.743s] INFO:colcon.colcon_core.shell:Creating package script '/home/mingyu/lofi/install/custom_msg/share/custom_msg/package.bash'
[0.743s] INFO:colcon.colcon_core.shell:Creating package script '/home/mingyu/lofi/install/custom_msg/share/custom_msg/package.zsh'
[0.743s] Level 1:colcon.colcon_core.environment:create_file_with_runtime_dependencies(/home/mingyu/lofi/install/custom_msg/share/colcon-core/packages/custom_msg)
[0.782s] Level 1:colcon.colcon_core.environment:create_environment_scripts_only(custom_msg)
[0.786s] Level 1:colcon.colcon_core.environment:checking '/home/mingyu/lofi/install/custom_msg' for CMake module files
[0.787s] Level 1:colcon.colcon_core.environment:checking '/home/mingyu/lofi/install/custom_msg' for CMake config files
[0.787s] Level 1:colcon.colcon_core.shell:create_environment_hook('custom_msg', 'cmake_prefix_path')
[0.790s] INFO:colcon.colcon_core.shell:Creating environment hook '/home/mingyu/lofi/install/custom_msg/share/custom_msg/hook/cmake_prefix_path.ps1'
[0.791s] INFO:colcon.colcon_core.shell:Creating environment descriptor '/home/mingyu/lofi/install/custom_msg/share/custom_msg/hook/cmake_prefix_path.dsv'
[0.791s] INFO:colcon.colcon_core.shell:Creating environment hook '/home/mingyu/lofi/install/custom_msg/share/custom_msg/hook/cmake_prefix_path.sh'
[0.791s] Level 1:colcon.colcon_core.environment:checking '/home/mingyu/lofi/install/custom_msg/lib'
[0.792s] Level 1:colcon.colcon_core.shell:create_environment_hook('custom_msg', 'ld_library_path_lib')
[0.795s] INFO:colcon.colcon_core.shell:Creating environment hook '/home/mingyu/lofi/install/custom_msg/share/custom_msg/hook/ld_library_path_lib.ps1'
[0.795s] INFO:colcon.colcon_core.shell:Creating environment descriptor '/home/mingyu/lofi/install/custom_msg/share/custom_msg/hook/ld_library_path_lib.dsv'
[0.795s] INFO:colcon.colcon_core.shell:Creating environment hook '/home/mingyu/lofi/install/custom_msg/share/custom_msg/hook/ld_library_path_lib.sh'
[0.796s] Level 1:colcon.colcon_core.environment:checking '/home/mingyu/lofi/install/custom_msg/bin'
[0.796s] Level 1:colcon.colcon_core.environment:checking '/home/mingyu/lofi/install/custom_msg/lib/pkgconfig/custom_msg.pc'
[0.796s] Level 1:colcon.colcon_core.environment:checking '/home/mingyu/lofi/install/custom_msg/lib/python3.8/site-packages'
[0.796s] Level 1:colcon.colcon_core.shell:create_environment_hook('custom_msg', 'pythonpath')
[0.799s] INFO:colcon.colcon_core.shell:Creating environment hook '/home/mingyu/lofi/install/custom_msg/share/custom_msg/hook/pythonpath.ps1'
[0.800s] INFO:colcon.colcon_core.shell:Creating environment descriptor '/home/mingyu/lofi/install/custom_msg/share/custom_msg/hook/pythonpath.dsv'
[0.800s] INFO:colcon.colcon_core.shell:Creating environment hook '/home/mingyu/lofi/install/custom_msg/share/custom_msg/hook/pythonpath.sh'
[0.800s] Level 1:colcon.colcon_core.environment:checking '/home/mingyu/lofi/install/custom_msg/bin'
[0.803s] INFO:colcon.colcon_core.shell:Creating package script '/home/mingyu/lofi/install/custom_msg/share/custom_msg/package.ps1'
[0.804s] INFO:colcon.colcon_core.shell:Creating package descriptor '/home/mingyu/lofi/install/custom_msg/share/custom_msg/package.dsv'
[0.804s] INFO:colcon.colcon_core.shell:Creating package script '/home/mingyu/lofi/install/custom_msg/share/custom_msg/package.sh'
[0.805s] INFO:colcon.colcon_core.shell:Creating package script '/home/mingyu/lofi/install/custom_msg/share/custom_msg/package.bash'
[0.805s] INFO:colcon.colcon_core.shell:Creating package script '/home/mingyu/lofi/install/custom_msg/share/custom_msg/package.zsh'
[0.805s] Level 1:colcon.colcon_core.environment:create_file_with_runtime_dependencies(/home/mingyu/lofi/install/custom_msg/share/colcon-core/packages/custom_msg)
[0.806s] INFO:colcon.colcon_ros.task.ament_python.build:Building ROS package in '/home/mingyu/lofi/lofi' with build type 'ament_python'
[0.806s] Level 1:colcon.colcon_core.shell:create_environment_hook('lofi', 'ament_prefix_path')
[0.809s] INFO:colcon.colcon_core.shell:Creating environment hook '/home/mingyu/lofi/install/lofi/share/lofi/hook/ament_prefix_path.ps1'
[0.810s] INFO:colcon.colcon_core.shell:Creating environment descriptor '/home/mingyu/lofi/install/lofi/share/lofi/hook/ament_prefix_path.dsv'
[0.810s] INFO:colcon.colcon_core.shell:Creating environment hook '/home/mingyu/lofi/install/lofi/share/lofi/hook/ament_prefix_path.sh'
[0.813s] INFO:colcon.colcon_core.shell:Skip shell extension 'powershell' for command environment: Not usable outside of PowerShell
[0.814s] DEBUG:colcon.colcon_core.shell:Skip shell extension 'dsv' for command environment
[0.818s] DEBUG:colcon.colcon_core.shell:Ignoring prefix path '/opt/ros/noetic'
[1.073s] INFO:colcon.colcon_core.task.python.build:Building Python package in '/home/mingyu/lofi/lofi'
[1.077s] INFO:colcon.colcon_core.shell:Skip shell extension 'powershell' for command environment: Not usable outside of PowerShell
[1.077s] DEBUG:colcon.colcon_core.shell:Skip shell extension 'dsv' for command environment
[1.081s] DEBUG:colcon.colcon_core.shell:Ignoring prefix path '/opt/ros/noetic'
[1.577s] DEBUG:colcon.colcon_core.event_handler.log_command:Invoking command in '/home/mingyu/lofi/lofi': AMENT_PREFIX_PATH=/home/mingyu/lofi/install/custom_msg:${AMENT_PREFIX_PATH} CMAKE_PREFIX_PATH=/home/mingyu/lofi/install/custom_msg:${CMAKE_PREFIX_PATH} LD_LIBRARY_PATH=/home/mingyu/lofi/install/custom_msg/lib:/opt/ros/noetic/lib:/opt/ros/foxy/opt/yaml_cpp_vendor/lib:/opt/ros/foxy/opt/rviz_ogre_vendor/lib:/opt/ros/foxy/lib/x86_64-linux-gnu:/opt/ros/foxy/lib:/usr/local/cuda-11.8/lib64 PYTHONPATH=/home/mingyu/lofi/install/lofi/lib/python3.8/site-packages:/home/mingyu/lofi/install/custom_msg/lib/python3.8/site-packages:${PYTHONPATH} /usr/bin/python3 setup.py egg_info --egg-base ../build/lofi build --build-base /home/mingyu/lofi/build/lofi/build install --prefix /home/mingyu/lofi/install/lofi --record /home/mingyu/lofi/build/lofi/install.log --single-version-externally-managed
[1.894s] Level 1:colcon.colcon_core.environment:checking '/home/mingyu/lofi/install/lofi' for CMake module files
[1.895s] DEBUG:colcon.colcon_core.event_handler.log_command:Invoked command in '/home/mingyu/lofi/lofi' returned '0': AMENT_PREFIX_PATH=/home/mingyu/lofi/install/custom_msg:${AMENT_PREFIX_PATH} CMAKE_PREFIX_PATH=/home/mingyu/lofi/install/custom_msg:${CMAKE_PREFIX_PATH} LD_LIBRARY_PATH=/home/mingyu/lofi/install/custom_msg/lib:/opt/ros/noetic/lib:/opt/ros/foxy/opt/yaml_cpp_vendor/lib:/opt/ros/foxy/opt/rviz_ogre_vendor/lib:/opt/ros/foxy/lib/x86_64-linux-gnu:/opt/ros/foxy/lib:/usr/local/cuda-11.8/lib64 PYTHONPATH=/home/mingyu/lofi/install/lofi/lib/python3.8/site-packages:/home/mingyu/lofi/install/custom_msg/lib/python3.8/site-packages:${PYTHONPATH} /usr/bin/python3 setup.py egg_info --egg-base ../build/lofi build --build-base /home/mingyu/lofi/build/lofi/build install --prefix /home/mingyu/lofi/install/lofi --record /home/mingyu/lofi/build/lofi/install.log --single-version-externally-managed
[1.895s] Level 1:colcon.colcon_core.environment:checking '/home/mingyu/lofi/install/lofi' for CMake config files
[1.896s] Level 1:colcon.colcon_core.environment:checking '/home/mingyu/lofi/install/lofi/lib'
[1.896s] Level 1:colcon.colcon_core.environment:checking '/home/mingyu/lofi/install/lofi/bin'
[1.896s] Level 1:colcon.colcon_core.environment:checking '/home/mingyu/lofi/install/lofi/lib/pkgconfig/lofi.pc'
[1.896s] Level 1:colcon.colcon_core.environment:checking '/home/mingyu/lofi/install/lofi/lib/python3.8/site-packages'
[1.896s] Level 1:colcon.colcon_core.shell:create_environment_hook('lofi', 'pythonpath')
[1.899s] INFO:colcon.colcon_core.shell:Creating environment hook '/home/mingyu/lofi/install/lofi/share/lofi/hook/pythonpath.ps1'
[1.900s] INFO:colcon.colcon_core.shell:Creating environment descriptor '/home/mingyu/lofi/install/lofi/share/lofi/hook/pythonpath.dsv'
[1.900s] INFO:colcon.colcon_core.shell:Creating environment hook '/home/mingyu/lofi/install/lofi/share/lofi/hook/pythonpath.sh'
[1.900s] Level 1:colcon.colcon_core.environment:checking '/home/mingyu/lofi/install/lofi/bin'
[1.900s] Level 1:colcon.colcon_core.environment:create_environment_scripts_only(lofi)
[1.904s] INFO:colcon.colcon_core.shell:Creating package script '/home/mingyu/lofi/install/lofi/share/lofi/package.ps1'
[1.904s] INFO:colcon.colcon_core.shell:Creating package descriptor '/home/mingyu/lofi/install/lofi/share/lofi/package.dsv'
[1.904s] INFO:colcon.colcon_core.shell:Creating package script '/home/mingyu/lofi/install/lofi/share/lofi/package.sh'
[1.905s] INFO:colcon.colcon_core.shell:Creating package script '/home/mingyu/lofi/install/lofi/share/lofi/package.bash'
[1.905s] INFO:colcon.colcon_core.shell:Creating package script '/home/mingyu/lofi/install/lofi/share/lofi/package.zsh'
[1.905s] Level 1:colcon.colcon_core.environment:create_file_with_runtime_dependencies(/home/mingyu/lofi/install/lofi/share/colcon-core/packages/lofi)
[3.043s] DEBUG:colcon.colcon_core.event_handler.log_command:Invoked command in '/home/mingyu/lofi/build/cpp_pubsub' returned '0': CMAKE_PREFIX_PATH=/opt/ros/foxy:${CMAKE_PREFIX_PATH} /usr/bin/cmake --build /home/mingyu/lofi/build/cpp_pubsub -- -j12 -l12
[3.064s] DEBUG:colcon.colcon_core.event_handler.log_command:Invoking command in '/home/mingyu/lofi/build/cpp_pubsub': CMAKE_PREFIX_PATH=/opt/ros/foxy:${CMAKE_PREFIX_PATH} /usr/bin/cmake --install /home/mingyu/lofi/build/cpp_pubsub
[3.077s] Level 1:colcon.colcon_core.environment:create_environment_scripts_only(cpp_pubsub)
[3.082s] Level 1:colcon.colcon_core.environment:checking '/home/mingyu/lofi/install/cpp_pubsub' for CMake module files
[3.083s] DEBUG:colcon.colcon_core.event_handler.log_command:Invoked command in '/home/mingyu/lofi/build/cpp_pubsub' returned '0': CMAKE_PREFIX_PATH=/opt/ros/foxy:${CMAKE_PREFIX_PATH} /usr/bin/cmake --install /home/mingyu/lofi/build/cpp_pubsub
[3.083s] Level 1:colcon.colcon_core.environment:checking '/home/mingyu/lofi/install/cpp_pubsub' for CMake config files
[3.084s] Level 1:colcon.colcon_core.shell:create_environment_hook('cpp_pubsub', 'cmake_prefix_path')
[3.087s] INFO:colcon.colcon_core.shell:Creating environment hook '/home/mingyu/lofi/install/cpp_pubsub/share/cpp_pubsub/hook/cmake_prefix_path.ps1'
[3.087s] INFO:colcon.colcon_core.shell:Creating environment descriptor '/home/mingyu/lofi/install/cpp_pubsub/share/cpp_pubsub/hook/cmake_prefix_path.dsv'
[3.088s] INFO:colcon.colcon_core.shell:Creating environment hook '/home/mingyu/lofi/install/cpp_pubsub/share/cpp_pubsub/hook/cmake_prefix_path.sh'
[3.088s] Level 1:colcon.colcon_core.environment:checking '/home/mingyu/lofi/install/cpp_pubsub/lib'
[3.088s] Level 1:colcon.colcon_core.environment:checking '/home/mingyu/lofi/install/cpp_pubsub/bin'
[3.088s] Level 1:colcon.colcon_core.environment:checking '/home/mingyu/lofi/install/cpp_pubsub/lib/pkgconfig/cpp_pubsub.pc'
[3.089s] Level 1:colcon.colcon_core.environment:checking '/home/mingyu/lofi/install/cpp_pubsub/lib/python3.8/site-packages'
[3.089s] Level 1:colcon.colcon_core.environment:checking '/home/mingyu/lofi/install/cpp_pubsub/bin'
[3.092s] INFO:colcon.colcon_core.shell:Creating package script '/home/mingyu/lofi/install/cpp_pubsub/share/cpp_pubsub/package.ps1'
[3.092s] INFO:colcon.colcon_core.shell:Creating package descriptor '/home/mingyu/lofi/install/cpp_pubsub/share/cpp_pubsub/package.dsv'
[3.093s] INFO:colcon.colcon_core.shell:Creating package script '/home/mingyu/lofi/install/cpp_pubsub/share/cpp_pubsub/package.sh'
[3.093s] INFO:colcon.colcon_core.shell:Creating package script '/home/mingyu/lofi/install/cpp_pubsub/share/cpp_pubsub/package.bash'
[3.093s] INFO:colcon.colcon_core.shell:Creating package script '/home/mingyu/lofi/install/cpp_pubsub/share/cpp_pubsub/package.zsh'
[3.093s] Level 1:colcon.colcon_core.environment:create_file_with_runtime_dependencies(/home/mingyu/lofi/install/cpp_pubsub/share/colcon-core/packages/cpp_pubsub)
[3.117s] Level 1:colcon.colcon_core.environment:create_environment_scripts_only(cpp_pubsub)
[3.121s] Level 1:colcon.colcon_core.environment:checking '/home/mingyu/lofi/install/cpp_pubsub' for CMake module files
[3.122s] Level 1:colcon.colcon_core.environment:checking '/home/mingyu/lofi/install/cpp_pubsub' for CMake config files
[3.122s] Level 1:colcon.colcon_core.shell:create_environment_hook('cpp_pubsub', 'cmake_prefix_path')
[3.125s] INFO:colcon.colcon_core.shell:Creating environment hook '/home/mingyu/lofi/install/cpp_pubsub/share/cpp_pubsub/hook/cmake_prefix_path.ps1'
[3.125s] INFO:colcon.colcon_core.shell:Creating environment descriptor '/home/mingyu/lofi/install/cpp_pubsub/share/cpp_pubsub/hook/cmake_prefix_path.dsv'
[3.126s] INFO:colcon.colcon_core.shell:Creating environment hook '/home/mingyu/lofi/install/cpp_pubsub/share/cpp_pubsub/hook/cmake_prefix_path.sh'
[3.126s] Level 1:colcon.colcon_core.environment:checking '/home/mingyu/lofi/install/cpp_pubsub/lib'
[3.126s] Level 1:colcon.colcon_core.environment:checking '/home/mingyu/lofi/install/cpp_pubsub/bin'
[3.126s] Level 1:colcon.colcon_core.environment:checking '/home/mingyu/lofi/install/cpp_pubsub/lib/pkgconfig/cpp_pubsub.pc'
[3.126s] Level 1:colcon.colcon_core.environment:checking '/home/mingyu/lofi/install/cpp_pubsub/lib/python3.8/site-packages'
[3.127s] Level 1:colcon.colcon_core.environment:checking '/home/mingyu/lofi/install/cpp_pubsub/bin'
[3.130s] INFO:colcon.colcon_core.shell:Creating package script '/home/mingyu/lofi/install/cpp_pubsub/share/cpp_pubsub/package.ps1'
[3.130s] INFO:colcon.colcon_core.shell:Creating package descriptor '/home/mingyu/lofi/install/cpp_pubsub/share/cpp_pubsub/package.dsv'
[3.130s] INFO:colcon.colcon_core.shell:Creating package script '/home/mingyu/lofi/install/cpp_pubsub/share/cpp_pubsub/package.sh'
[3.131s] INFO:colcon.colcon_core.shell:Creating package script '/home/mingyu/lofi/install/cpp_pubsub/share/cpp_pubsub/package.bash'
[3.131s] INFO:colcon.colcon_core.shell:Creating package script '/home/mingyu/lofi/install/cpp_pubsub/share/cpp_pubsub/package.zsh'
[3.131s] Level 1:colcon.colcon_core.environment:create_file_with_runtime_dependencies(/home/mingyu/lofi/install/cpp_pubsub/share/colcon-core/packages/cpp_pubsub)
[3.132s] DEBUG:colcon.colcon_parallel_executor.executor.parallel:closing loop
[3.132s] DEBUG:colcon.colcon_parallel_executor.executor.parallel:loop closed
[3.132s] DEBUG:colcon.colcon_parallel_executor.executor.parallel:run_until_complete finished with '0'
[3.132s] DEBUG:colcon.colcon_core.event_reactor:joining thread
[3.140s] INFO:colcon.colcon_core.plugin_system:Skipping extension 'colcon_notification.desktop_notification.terminal_notifier': Not used on non-Darwin systems
[3.140s] INFO:colcon.colcon_core.plugin_system:Skipping extension 'colcon_notification.desktop_notification.win32': Not used on non-Windows systems
[3.140s] INFO:colcon.colcon_notification.desktop_notification:Sending desktop notification using 'notify2'
[3.152s] DEBUG:colcon.colcon_core.event_reactor:joined thread
[3.156s] INFO:colcon.colcon_core.shell:Creating prefix script '/home/mingyu/lofi/install/local_setup.ps1'
[3.157s] INFO:colcon.colcon_core.shell:Creating prefix util module '/home/mingyu/lofi/install/_local_setup_util_ps1.py'
[3.158s] INFO:colcon.colcon_core.shell:Creating prefix chain script '/home/mingyu/lofi/install/setup.ps1'
[3.159s] INFO:colcon.colcon_core.shell:Creating prefix script '/home/mingyu/lofi/install/local_setup.sh'
[3.160s] INFO:colcon.colcon_core.shell:Creating prefix util module '/home/mingyu/lofi/install/_local_setup_util_sh.py'
[3.160s] INFO:colcon.colcon_core.shell:Creating prefix chain script '/home/mingyu/lofi/install/setup.sh'
[3.162s] INFO:colcon.colcon_core.shell:Creating prefix script '/home/mingyu/lofi/install/local_setup.bash'
[3.162s] INFO:colcon.colcon_core.shell:Creating prefix chain script '/home/mingyu/lofi/install/setup.bash'
[3.164s] INFO:colcon.colcon_core.shell:Creating prefix script '/home/mingyu/lofi/install/local_setup.zsh'
[3.164s] INFO:colcon.colcon_core.shell:Creating prefix chain script '/home/mingyu/lofi/install/setup.zsh'
