[0.056s] Invoking command in '/home/mingyu/lofi/build/custom_msg': CMAKE_PREFIX_PATH=/opt/ros/foxy:${CMAKE_PREFIX_PATH} /usr/bin/cmake /home/mingyu/lofi/custom_msg -DCMAKE_INSTALL_PREFIX=/home/mingyu/lofi/install/custom_msg
[0.129s] -- The C compiler identification is GNU 9.4.0
[0.197s] -- The CXX compiler identification is GNU 9.4.0
[0.204s] -- Check for working C compiler: /usr/bin/cc
[0.291s] -- Check for working C compiler: /usr/bin/cc -- works
[0.293s] -- Detecting C compiler ABI info
[0.380s] -- Detecting C compiler ABI info - done
[0.395s] -- Detecting C compile features
[0.396s] -- Detecting C compile features - done
[0.399s] -- Check for working CXX compiler: /usr/bin/c++
[0.500s] -- Check for working CXX compiler: /usr/bin/c++ -- works
[0.502s] -- Detecting CXX compiler ABI info
[0.605s] -- Detecting CXX compiler ABI info - done
[0.622s] -- Detecting CXX compile features
[0.623s] -- Detecting CXX compile features - done
[0.625s] -- Found ament_cmake: 0.9.11 (/opt/ros/foxy/share/ament_cmake/cmake)
[0.658s] -- Found PythonInterp: /usr/bin/python3 (found suitable version "3.8.10", minimum required is "3") 
[0.658s] -- Using PYTHON_EXECUTABLE: /usr/bin/python3
[0.979s] -- Found std_msgs: 2.0.5 (/opt/ros/foxy/share/std_msgs/cmake)
[1.014s] -- Using all available rosidl_typesupport_c: rosidl_typesupport_fastrtps_c;rosidl_typesupport_introspection_c
[1.022s] -- Found rosidl_adapter: 1.3.0 (/opt/ros/foxy/share/rosidl_adapter/cmake)
[1.128s] -- Found OpenSSL: /usr/lib/x86_64-linux-gnu/libcrypto.so (found version "1.1.1f")  
[1.168s] -- Found FastRTPS: /opt/ros/foxy/include  
[1.270s] -- Using all available rosidl_typesupport_cpp: rosidl_typesupport_fastrtps_cpp;rosidl_typesupport_introspection_cpp
[1.336s] -- Found geometry_msgs: 2.0.5 (/opt/ros/foxy/share/geometry_msgs/cmake)
[1.388s] -- Found sensor_msgs: 2.0.5 (/opt/ros/foxy/share/sensor_msgs/cmake)
[1.499s] -- Found ament_lint_auto: 0.9.7 (/opt/ros/foxy/share/ament_lint_auto/cmake)
[1.599s] -- Found rosidl_default_generators: 1.0.1 (/opt/ros/foxy/share/rosidl_default_generators/cmake)
[1.652s] -- Found PythonInterp: /usr/bin/python3 (found version "3.8.10") 
[1.882s] -- Found ament_cmake_ros: 0.9.2 (/opt/ros/foxy/share/ament_cmake_ros/cmake)
[2.319s] -- Using all available rosidl_typesupport_c: rosidl_typesupport_fastrtps_c;rosidl_typesupport_introspection_c
[2.554s] -- Using all available rosidl_typesupport_cpp: rosidl_typesupport_fastrtps_cpp;rosidl_typesupport_introspection_cpp
[2.592s] -- Found PythonInterp: /usr/bin/python3 (found suitable version "3.8.10", minimum required is "3.5") 
[2.594s] -- Found python_cmake_module: 0.8.1 (/opt/ros/foxy/share/python_cmake_module/cmake)
[2.634s] -- Found PythonLibs: /usr/lib/x86_64-linux-gnu/libpython3.8.so (found suitable version "3.8.10", minimum required is "3.5") 
[2.635s] -- Using PYTHON_EXECUTABLE: /usr/bin/python3
[2.635s] -- Using PYTHON_INCLUDE_DIRS: /usr/include/python3.8
[2.635s] -- Using PYTHON_LIBRARIES: /usr/lib/x86_64-linux-gnu/libpython3.8.so
[2.667s] -- Found PythonExtra: .so  
[2.821s] -- Configuring done
[2.911s] -- Generating done
[2.915s] -- Build files have been written to: /home/mingyu/lofi/build/custom_msg
[2.923s] Invoked command in '/home/mingyu/lofi/build/custom_msg' returned '0': CMAKE_PREFIX_PATH=/opt/ros/foxy:${CMAKE_PREFIX_PATH} /usr/bin/cmake /home/mingyu/lofi/custom_msg -DCMAKE_INSTALL_PREFIX=/home/mingyu/lofi/install/custom_msg
[2.927s] Invoking command in '/home/mingyu/lofi/build/custom_msg': CMAKE_PREFIX_PATH=/opt/ros/foxy:${CMAKE_PREFIX_PATH} /usr/bin/cmake --build /home/mingyu/lofi/build/custom_msg -- -j12 -l12
[2.985s] [35m[1mScanning dependencies of target custom_msg__cpp[0m
[2.986s] [  3%] [34m[1mGenerating C code for ROS interfaces[0m
[3.004s] [  6%] [34m[1mGenerating C++ code for ROS interfaces[0m
[3.344s] [  6%] Built target custom_msg__cpp
[3.352s] [35m[1mScanning dependencies of target custom_msg__rosidl_generator_c[0m
[3.360s] [  9%] [34m[1mGenerating C++ type support for eProsima Fast-RTPS[0m
[3.361s] [ 12%] [34m[1mGenerating C++ type support dispatch for ROS interfaces[0m
[3.365s] [ 16%] [34m[1mGenerating C++ introspection for ROS interfaces[0m
[3.373s] [ 19%] [32mBuilding C object CMakeFiles/custom_msg__rosidl_generator_c.dir/rosidl_generator_c/custom_msg/msg/detail/ros2_yolo__functions.c.o[0m
[3.446s] [ 22%] [32m[1mLinking C shared library libcustom_msg__rosidl_generator_c.so[0m
[3.505s] [ 22%] Built target custom_msg__rosidl_generator_c
[3.521s] [ 25%] [34m[1mGenerating C type support dispatch for ROS interfaces[0m
[3.530s] [ 29%] [34m[1mGenerating C introspection for ROS interfaces[0m
[3.683s] [35m[1mScanning dependencies of target custom_msg__rosidl_typesupport_cpp[0m
[3.699s] [35m[1mScanning dependencies of target custom_msg__rosidl_typesupport_fastrtps_cpp[0m
[3.700s] [35m[1mScanning dependencies of target custom_msg__rosidl_typesupport_introspection_cpp[0m
[3.706s] [ 32%] [32mBuilding CXX object CMakeFiles/custom_msg__rosidl_typesupport_cpp.dir/rosidl_typesupport_cpp/custom_msg/msg/ros2_yolo__type_support.cpp.o[0m
[3.721s] [ 35%] [32mBuilding CXX object CMakeFiles/custom_msg__rosidl_typesupport_fastrtps_cpp.dir/rosidl_typesupport_fastrtps_cpp/custom_msg/msg/detail/dds_fastrtps/ros2_yolo__type_support.cpp.o[0m
[3.726s] [ 38%] [32mBuilding CXX object CMakeFiles/custom_msg__rosidl_typesupport_introspection_cpp.dir/rosidl_typesupport_introspection_cpp/custom_msg/msg/detail/ros2_yolo__type_support.cpp.o[0m
[4.024s] [35m[1mScanning dependencies of target custom_msg__rosidl_typesupport_c[0m
[4.052s] [ 41%] [32mBuilding CXX object CMakeFiles/custom_msg__rosidl_typesupport_c.dir/rosidl_typesupport_c/custom_msg/msg/ros2_yolo__type_support.cpp.o[0m
[4.064s] [35m[1mScanning dependencies of target custom_msg__rosidl_typesupport_introspection_c[0m
[4.089s] [ 45%] [32mBuilding C object CMakeFiles/custom_msg__rosidl_typesupport_introspection_c.dir/rosidl_typesupport_introspection_c/custom_msg/msg/detail/ros2_yolo__type_support.c.o[0m
[4.111s] [ 48%] [32m[1mLinking CXX shared library libcustom_msg__rosidl_typesupport_c.so[0m
[4.160s] [ 51%] [32m[1mLinking C shared library libcustom_msg__rosidl_typesupport_introspection_c.so[0m
[4.176s] [ 51%] Built target custom_msg__rosidl_typesupport_c
[4.177s] [ 54%] [32m[1mLinking CXX shared library libcustom_msg__rosidl_typesupport_introspection_cpp.so[0m
[4.182s] [ 58%] [32m[1mLinking CXX shared library libcustom_msg__rosidl_typesupport_cpp.so[0m
[4.209s] [ 58%] Built target custom_msg__rosidl_typesupport_introspection_c
[4.258s] [ 58%] Built target custom_msg__rosidl_typesupport_cpp
[4.283s] [ 58%] Built target custom_msg__rosidl_typesupport_introspection_cpp
[4.384s] [ 61%] [32m[1mLinking CXX shared library libcustom_msg__rosidl_typesupport_fastrtps_cpp.so[0m
[4.502s] [ 61%] Built target custom_msg__rosidl_typesupport_fastrtps_cpp
[4.517s] [ 64%] [34m[1mGenerating C type support for eProsima Fast-RTPS[0m
[4.826s] [35m[1mScanning dependencies of target custom_msg__rosidl_typesupport_fastrtps_c[0m
[4.848s] [ 67%] [32mBuilding CXX object CMakeFiles/custom_msg__rosidl_typesupport_fastrtps_c.dir/rosidl_typesupport_fastrtps_c/custom_msg/msg/detail/ros2_yolo__type_support_c.cpp.o[0m
[5.348s] [ 70%] [32m[1mLinking CXX shared library libcustom_msg__rosidl_typesupport_fastrtps_c.so[0m
[5.468s] [ 70%] Built target custom_msg__rosidl_typesupport_fastrtps_c
[5.482s] [35m[1mScanning dependencies of target custom_msg[0m
[5.497s] [ 70%] Built target custom_msg
[5.511s] [35m[1mScanning dependencies of target custom_msg__py[0m
[5.527s] [ 74%] [34m[1mGenerating Python code for ROS interfaces[0m
[6.145s] [ 74%] Built target custom_msg__py
[6.159s] [35m[1mScanning dependencies of target custom_msg__python[0m
[6.197s] [ 77%] [32mBuilding C object CMakeFiles/custom_msg__python.dir/rosidl_generator_py/custom_msg/msg/_ros2_yolo_s.c.o[0m
[6.325s] [ 80%] [32m[1mLinking C shared library rosidl_generator_py/custom_msg/libcustom_msg__python.so[0m
[6.391s] [ 80%] Built target custom_msg__python
[6.406s] [35m[1mScanning dependencies of target custom_msg__rosidl_typesupport_introspection_c__pyext[0m
[6.407s] [35m[1mScanning dependencies of target custom_msg__rosidl_typesupport_c__pyext[0m
[6.407s] [35m[1mScanning dependencies of target custom_msg__rosidl_typesupport_fastrtps_c__pyext[0m
[6.434s] [ 83%] [32mBuilding C object CMakeFiles/custom_msg__rosidl_typesupport_c__pyext.dir/rosidl_generator_py/custom_msg/_custom_msg_s.ep.rosidl_typesupport_c.c.o[0m
[6.435s] [ 87%] [32mBuilding C object CMakeFiles/custom_msg__rosidl_typesupport_fastrtps_c__pyext.dir/rosidl_generator_py/custom_msg/_custom_msg_s.ep.rosidl_typesupport_fastrtps_c.c.o[0m
[6.435s] [ 90%] [32mBuilding C object CMakeFiles/custom_msg__rosidl_typesupport_introspection_c__pyext.dir/rosidl_generator_py/custom_msg/_custom_msg_s.ep.rosidl_typesupport_introspection_c.c.o[0m
[6.551s] [100%] [32m[1mLinking CXX shared library rosidl_generator_py/custom_msg/custom_msg_s__rosidl_typesupport_fastrtps_c.cpython-38-x86_64-linux-gnu.so[0m
[6.551s] [100%] [32m[1mLinking C shared library rosidl_generator_py/custom_msg/custom_msg_s__rosidl_typesupport_c.cpython-38-x86_64-linux-gnu.so[0m
[6.551s] [100%] [32m[1mLinking C shared library rosidl_generator_py/custom_msg/custom_msg_s__rosidl_typesupport_introspection_c.cpython-38-x86_64-linux-gnu.so[0m
[6.611s] [100%] Built target custom_msg__rosidl_typesupport_introspection_c__pyext
[6.613s] [100%] Built target custom_msg__rosidl_typesupport_c__pyext
[6.657s] [100%] Built target custom_msg__rosidl_typesupport_fastrtps_c__pyext
[6.673s] Invoked command in '/home/mingyu/lofi/build/custom_msg' returned '0': CMAKE_PREFIX_PATH=/opt/ros/foxy:${CMAKE_PREFIX_PATH} /usr/bin/cmake --build /home/mingyu/lofi/build/custom_msg -- -j12 -l12
[6.753s] Invoking command in '/home/mingyu/lofi/build/custom_msg': CMAKE_PREFIX_PATH=/opt/ros/foxy:${CMAKE_PREFIX_PATH} /usr/bin/cmake --install /home/mingyu/lofi/build/custom_msg
[6.765s] -- Install configuration: ""
[6.765s] -- Installing: /home/mingyu/lofi/install/custom_msg/share/ament_index/resource_index/rosidl_interfaces/custom_msg
[6.765s] -- Installing: /home/mingyu/lofi/install/custom_msg/include/custom_msg
[6.765s] -- Installing: /home/mingyu/lofi/install/custom_msg/include/custom_msg/msg
[6.765s] -- Installing: /home/mingyu/lofi/install/custom_msg/include/custom_msg/msg/detail
[6.766s] -- Installing: /home/mingyu/lofi/install/custom_msg/include/custom_msg/msg/detail/ros2_yolo__functions.h
[6.766s] -- Installing: /home/mingyu/lofi/install/custom_msg/include/custom_msg/msg/detail/ros2_yolo__type_support.h
[6.766s] -- Installing: /home/mingyu/lofi/install/custom_msg/include/custom_msg/msg/detail/ros2_yolo__struct.h
[6.766s] -- Installing: /home/mingyu/lofi/install/custom_msg/include/custom_msg/msg/detail/ros2_yolo__functions.c
[6.766s] -- Installing: /home/mingyu/lofi/install/custom_msg/include/custom_msg/msg/ros2_yolo.h
[6.767s] -- Installing: /home/mingyu/lofi/install/custom_msg/include/custom_msg/msg/rosidl_generator_c__visibility_control.h
[6.767s] -- Installing: /home/mingyu/lofi/install/custom_msg/share/custom_msg/environment/library_path.sh
[6.767s] -- Installing: /home/mingyu/lofi/install/custom_msg/share/custom_msg/environment/library_path.dsv
[6.767s] -- Installing: /home/mingyu/lofi/install/custom_msg/lib/libcustom_msg__rosidl_generator_c.so
[6.767s] -- Set runtime path of "/home/mingyu/lofi/install/custom_msg/lib/libcustom_msg__rosidl_generator_c.so" to ""
[6.767s] -- Up-to-date: /home/mingyu/lofi/install/custom_msg/include/custom_msg
[6.767s] -- Up-to-date: /home/mingyu/lofi/install/custom_msg/include/custom_msg/msg
[6.768s] -- Up-to-date: /home/mingyu/lofi/install/custom_msg/include/custom_msg/msg/detail
[6.768s] -- Installing: /home/mingyu/lofi/install/custom_msg/include/custom_msg/msg/detail/ros2_yolo__rosidl_typesupport_fastrtps_c.h
[6.768s] -- Installing: /home/mingyu/lofi/install/custom_msg/include/custom_msg/msg/rosidl_typesupport_fastrtps_c__visibility_control.h
[6.768s] -- Installing: /home/mingyu/lofi/install/custom_msg/lib/libcustom_msg__rosidl_typesupport_fastrtps_c.so
[6.768s] -- Set runtime path of "/home/mingyu/lofi/install/custom_msg/lib/libcustom_msg__rosidl_typesupport_fastrtps_c.so" to ""
[6.768s] -- Up-to-date: /home/mingyu/lofi/install/custom_msg/include/custom_msg
[6.768s] -- Up-to-date: /home/mingyu/lofi/install/custom_msg/include/custom_msg/msg
[6.769s] -- Up-to-date: /home/mingyu/lofi/install/custom_msg/include/custom_msg/msg/detail
[6.769s] -- Installing: /home/mingyu/lofi/install/custom_msg/include/custom_msg/msg/detail/dds_fastrtps
[6.769s] -- Installing: /home/mingyu/lofi/install/custom_msg/include/custom_msg/msg/detail/ros2_yolo__rosidl_typesupport_fastrtps_cpp.hpp
[6.769s] -- Installing: /home/mingyu/lofi/install/custom_msg/include/custom_msg/msg/rosidl_typesupport_fastrtps_cpp__visibility_control.h
[6.769s] -- Installing: /home/mingyu/lofi/install/custom_msg/lib/libcustom_msg__rosidl_typesupport_fastrtps_cpp.so
[6.769s] -- Set runtime path of "/home/mingyu/lofi/install/custom_msg/lib/libcustom_msg__rosidl_typesupport_fastrtps_cpp.so" to ""
[6.769s] -- Up-to-date: /home/mingyu/lofi/install/custom_msg/include/custom_msg
[6.769s] -- Up-to-date: /home/mingyu/lofi/install/custom_msg/include/custom_msg/msg
[6.770s] -- Up-to-date: /home/mingyu/lofi/install/custom_msg/include/custom_msg/msg/detail
[6.770s] -- Installing: /home/mingyu/lofi/install/custom_msg/include/custom_msg/msg/detail/ros2_yolo__rosidl_typesupport_introspection_c.h
[6.770s] -- Installing: /home/mingyu/lofi/install/custom_msg/include/custom_msg/msg/detail/ros2_yolo__type_support.c
[6.770s] -- Installing: /home/mingyu/lofi/install/custom_msg/include/custom_msg/msg/rosidl_typesupport_introspection_c__visibility_control.h
[6.770s] -- Installing: /home/mingyu/lofi/install/custom_msg/lib/libcustom_msg__rosidl_typesupport_introspection_c.so
[6.770s] -- Set runtime path of "/home/mingyu/lofi/install/custom_msg/lib/libcustom_msg__rosidl_typesupport_introspection_c.so" to ""
[6.771s] -- Installing: /home/mingyu/lofi/install/custom_msg/lib/libcustom_msg__rosidl_typesupport_c.so
[6.771s] -- Set runtime path of "/home/mingyu/lofi/install/custom_msg/lib/libcustom_msg__rosidl_typesupport_c.so" to ""
[6.771s] -- Up-to-date: /home/mingyu/lofi/install/custom_msg/include/custom_msg
[6.771s] -- Up-to-date: /home/mingyu/lofi/install/custom_msg/include/custom_msg/msg
[6.771s] -- Up-to-date: /home/mingyu/lofi/install/custom_msg/include/custom_msg/msg/detail
[6.771s] -- Installing: /home/mingyu/lofi/install/custom_msg/include/custom_msg/msg/detail/ros2_yolo__struct.hpp
[6.772s] -- Installing: /home/mingyu/lofi/install/custom_msg/include/custom_msg/msg/detail/ros2_yolo__builder.hpp
[6.772s] -- Installing: /home/mingyu/lofi/install/custom_msg/include/custom_msg/msg/detail/ros2_yolo__traits.hpp
[6.772s] -- Installing: /home/mingyu/lofi/install/custom_msg/include/custom_msg/msg/ros2_yolo.hpp
[6.772s] -- Up-to-date: /home/mingyu/lofi/install/custom_msg/include/custom_msg
[6.772s] -- Up-to-date: /home/mingyu/lofi/install/custom_msg/include/custom_msg/msg
[6.772s] -- Up-to-date: /home/mingyu/lofi/install/custom_msg/include/custom_msg/msg/detail
[6.772s] -- Installing: /home/mingyu/lofi/install/custom_msg/include/custom_msg/msg/detail/ros2_yolo__rosidl_typesupport_introspection_cpp.hpp
[6.772s] -- Installing: /home/mingyu/lofi/install/custom_msg/include/custom_msg/msg/detail/ros2_yolo__type_support.cpp
[6.772s] -- Installing: /home/mingyu/lofi/install/custom_msg/lib/libcustom_msg__rosidl_typesupport_introspection_cpp.so
[6.773s] -- Set runtime path of "/home/mingyu/lofi/install/custom_msg/lib/libcustom_msg__rosidl_typesupport_introspection_cpp.so" to ""
[6.773s] -- Installing: /home/mingyu/lofi/install/custom_msg/lib/libcustom_msg__rosidl_typesupport_cpp.so
[6.773s] -- Set runtime path of "/home/mingyu/lofi/install/custom_msg/lib/libcustom_msg__rosidl_typesupport_cpp.so" to ""
[6.773s] -- Installing: /home/mingyu/lofi/install/custom_msg/share/custom_msg/environment/pythonpath.sh
[6.773s] -- Installing: /home/mingyu/lofi/install/custom_msg/share/custom_msg/environment/pythonpath.dsv
[6.773s] -- Installing: /home/mingyu/lofi/install/custom_msg/lib/python3.8/site-packages/custom_msg/__init__.py
[6.818s] Compiling '/home/mingyu/lofi/install/custom_msg/lib/python3.8/site-packages/custom_msg/__init__.py'...
[6.824s] -- Installing: /home/mingyu/lofi/install/custom_msg/lib/python3.8/site-packages/custom_msg/msg
[6.824s] -- Installing: /home/mingyu/lofi/install/custom_msg/lib/python3.8/site-packages/custom_msg/msg/__init__.py
[6.824s] -- Installing: /home/mingyu/lofi/install/custom_msg/lib/python3.8/site-packages/custom_msg/msg/_ros2_yolo_s.c
[6.825s] -- Installing: /home/mingyu/lofi/install/custom_msg/lib/python3.8/site-packages/custom_msg/msg/_ros2_yolo.py
[6.825s] -- Installing: /home/mingyu/lofi/install/custom_msg/lib/python3.8/site-packages/custom_msg/custom_msg_s__rosidl_typesupport_fastrtps_c.cpython-38-x86_64-linux-gnu.so
[6.825s] -- Set runtime path of "/home/mingyu/lofi/install/custom_msg/lib/python3.8/site-packages/custom_msg/custom_msg_s__rosidl_typesupport_fastrtps_c.cpython-38-x86_64-linux-gnu.so" to ""
[6.826s] -- Installing: /home/mingyu/lofi/install/custom_msg/lib/python3.8/site-packages/custom_msg/custom_msg_s__rosidl_typesupport_introspection_c.cpython-38-x86_64-linux-gnu.so
[6.826s] -- Set runtime path of "/home/mingyu/lofi/install/custom_msg/lib/python3.8/site-packages/custom_msg/custom_msg_s__rosidl_typesupport_introspection_c.cpython-38-x86_64-linux-gnu.so" to ""
[6.827s] -- Installing: /home/mingyu/lofi/install/custom_msg/lib/python3.8/site-packages/custom_msg/custom_msg_s__rosidl_typesupport_c.cpython-38-x86_64-linux-gnu.so
[6.827s] -- Set runtime path of "/home/mingyu/lofi/install/custom_msg/lib/python3.8/site-packages/custom_msg/custom_msg_s__rosidl_typesupport_c.cpython-38-x86_64-linux-gnu.so" to ""
[6.827s] -- Installing: /home/mingyu/lofi/install/custom_msg/lib/libcustom_msg__python.so
[6.828s] -- Set runtime path of "/home/mingyu/lofi/install/custom_msg/lib/libcustom_msg__python.so" to ""
[6.828s] -- Installing: /home/mingyu/lofi/install/custom_msg/share/custom_msg/msg/Ros2Yolo.idl
[6.828s] -- Installing: /home/mingyu/lofi/install/custom_msg/share/custom_msg/msg/Ros2Yolo.msg
[6.828s] -- Installing: /home/mingyu/lofi/install/custom_msg/share/ament_index/resource_index/package_run_dependencies/custom_msg
[6.829s] -- Installing: /home/mingyu/lofi/install/custom_msg/share/ament_index/resource_index/parent_prefix_path/custom_msg
[6.829s] -- Installing: /home/mingyu/lofi/install/custom_msg/share/custom_msg/environment/ament_prefix_path.sh
[6.829s] -- Installing: /home/mingyu/lofi/install/custom_msg/share/custom_msg/environment/ament_prefix_path.dsv
[6.829s] -- Installing: /home/mingyu/lofi/install/custom_msg/share/custom_msg/environment/path.sh
[6.829s] -- Installing: /home/mingyu/lofi/install/custom_msg/share/custom_msg/environment/path.dsv
[6.829s] -- Installing: /home/mingyu/lofi/install/custom_msg/share/custom_msg/local_setup.bash
[6.830s] -- Installing: /home/mingyu/lofi/install/custom_msg/share/custom_msg/local_setup.sh
[6.830s] -- Installing: /home/mingyu/lofi/install/custom_msg/share/custom_msg/local_setup.zsh
[6.830s] -- Installing: /home/mingyu/lofi/install/custom_msg/share/custom_msg/local_setup.dsv
[6.830s] -- Installing: /home/mingyu/lofi/install/custom_msg/share/custom_msg/package.dsv
[6.830s] -- Installing: /home/mingyu/lofi/install/custom_msg/share/ament_index/resource_index/packages/custom_msg
[6.830s] -- Installing: /home/mingyu/lofi/install/custom_msg/share/custom_msg/cmake/custom_msg__rosidl_generator_cExport.cmake
[6.831s] -- Installing: /home/mingyu/lofi/install/custom_msg/share/custom_msg/cmake/custom_msg__rosidl_generator_cExport-noconfig.cmake
[6.831s] -- Installing: /home/mingyu/lofi/install/custom_msg/share/custom_msg/cmake/custom_msg__rosidl_typesupport_introspection_cExport.cmake
[6.831s] -- Installing: /home/mingyu/lofi/install/custom_msg/share/custom_msg/cmake/custom_msg__rosidl_typesupport_introspection_cExport-noconfig.cmake
[6.831s] -- Installing: /home/mingyu/lofi/install/custom_msg/share/custom_msg/cmake/custom_msg__rosidl_typesupport_cExport.cmake
[6.831s] -- Installing: /home/mingyu/lofi/install/custom_msg/share/custom_msg/cmake/custom_msg__rosidl_typesupport_cExport-noconfig.cmake
[6.832s] -- Installing: /home/mingyu/lofi/install/custom_msg/share/custom_msg/cmake/custom_msg__rosidl_generator_cppExport.cmake
[6.832s] -- Installing: /home/mingyu/lofi/install/custom_msg/share/custom_msg/cmake/custom_msg__rosidl_typesupport_introspection_cppExport.cmake
[6.832s] -- Installing: /home/mingyu/lofi/install/custom_msg/share/custom_msg/cmake/custom_msg__rosidl_typesupport_introspection_cppExport-noconfig.cmake
[6.832s] -- Installing: /home/mingyu/lofi/install/custom_msg/share/custom_msg/cmake/custom_msg__rosidl_typesupport_cppExport.cmake
[6.832s] -- Installing: /home/mingyu/lofi/install/custom_msg/share/custom_msg/cmake/custom_msg__rosidl_typesupport_cppExport-noconfig.cmake
[6.833s] -- Installing: /home/mingyu/lofi/install/custom_msg/share/custom_msg/cmake/rosidl_cmake-extras.cmake
[6.833s] -- Installing: /home/mingyu/lofi/install/custom_msg/share/custom_msg/cmake/ament_cmake_export_dependencies-extras.cmake
[6.833s] -- Installing: /home/mingyu/lofi/install/custom_msg/share/custom_msg/cmake/ament_cmake_export_libraries-extras.cmake
[6.833s] -- Installing: /home/mingyu/lofi/install/custom_msg/share/custom_msg/cmake/ament_cmake_export_targets-extras.cmake
[6.833s] -- Installing: /home/mingyu/lofi/install/custom_msg/share/custom_msg/cmake/ament_cmake_export_include_directories-extras.cmake
[6.833s] -- Installing: /home/mingyu/lofi/install/custom_msg/share/custom_msg/cmake/rosidl_cmake_export_typesupport_libraries-extras.cmake
[6.833s] -- Installing: /home/mingyu/lofi/install/custom_msg/share/custom_msg/cmake/rosidl_cmake_export_typesupport_targets-extras.cmake
[6.834s] -- Installing: /home/mingyu/lofi/install/custom_msg/share/custom_msg/cmake/custom_msgConfig.cmake
[6.834s] -- Installing: /home/mingyu/lofi/install/custom_msg/share/custom_msg/cmake/custom_msgConfig-version.cmake
[6.834s] -- Installing: /home/mingyu/lofi/install/custom_msg/share/custom_msg/package.xml
[6.838s] Invoked command in '/home/mingyu/lofi/build/custom_msg' returned '0': CMAKE_PREFIX_PATH=/opt/ros/foxy:${CMAKE_PREFIX_PATH} /usr/bin/cmake --install /home/mingyu/lofi/build/custom_msg
