[0.017s] Invoking command in '/home/mingyu/lofi/build/custom_msg': CMAKE_PREFIX_PATH=/opt/ros/foxy:${CMAKE_PREFIX_PATH} /bin/cmake /home/mingyu/lofi/custom_msg -DCMAKE_INSTALL_PREFIX=/home/mingyu/lofi/install/custom_msg
[0.063s] -- The C compiler identification is GNU 9.4.0
[0.109s] -- The CXX compiler identification is GNU 9.4.0
[0.113s] -- Check for working C compiler: /bin/cc
[0.171s] -- Check for working C compiler: /bin/cc -- works
[0.171s] -- Detecting C compiler ABI info
[0.229s] -- Detecting C compiler ABI info - done
[0.239s] -- Detecting C compile features
[0.240s] -- Detecting C compile features - done
[0.242s] -- Check for working CXX compiler: /bin/c++
[0.308s] -- Check for working CXX compiler: /bin/c++ -- works
[0.309s] -- Detecting CXX compiler ABI info
[0.378s] -- Detecting CXX compiler ABI info - done
[0.392s] -- Detecting CXX compile features
[0.392s] -- Detecting CXX compile features - done
[0.394s] -- Found ament_cmake: 0.9.8 (/opt/ros/foxy/share/ament_cmake/cmake)
[0.416s] -- Found PythonInterp: /bin/python3 (found suitable version "3.8.10", minimum required is "3") 
[0.416s] -- Using PYTHON_EXECUTABLE: /bin/python3
[0.636s] -- Found std_msgs: 2.0.4 (/opt/ros/foxy/share/std_msgs/cmake)
[0.661s] -- Using all available rosidl_typesupport_c: rosidl_typesupport_fastrtps_c;rosidl_typesupport_introspection_c
[0.667s] -- Found rosidl_adapter: 1.2.1 (/opt/ros/foxy/share/rosidl_adapter/cmake)
[0.721s] -- Found OpenSSL: /usr/lib/x86_64-linux-gnu/libcrypto.so (found version "1.1.1f")  
[0.748s] -- Found FastRTPS: /opt/ros/foxy/include  
[0.818s] -- Using all available rosidl_typesupport_cpp: rosidl_typesupport_fastrtps_cpp;rosidl_typesupport_introspection_cpp
[0.860s] -- Found geometry_msgs: 2.0.4 (/opt/ros/foxy/share/geometry_msgs/cmake)
[0.891s] -- Found sensor_msgs: 2.0.4 (/opt/ros/foxy/share/sensor_msgs/cmake)
[0.958s] -- Found ament_lint_auto: 0.9.6 (/opt/ros/foxy/share/ament_lint_auto/cmake)
[1.009s] -- Found rosidl_default_generators: 1.0.1 (/opt/ros/foxy/share/rosidl_default_generators/cmake)
[1.040s] -- Found PythonInterp: /bin/python3 (found version "3.8.10") 
[1.193s] -- Found ament_cmake_ros: 0.9.1 (/opt/ros/foxy/share/ament_cmake_ros/cmake)
[1.485s] -- Using all available rosidl_typesupport_c: rosidl_typesupport_fastrtps_c;rosidl_typesupport_introspection_c
[1.626s] -- Using all available rosidl_typesupport_cpp: rosidl_typesupport_fastrtps_cpp;rosidl_typesupport_introspection_cpp
[1.652s] -- Found PythonInterp: /bin/python3 (found suitable version "3.8.10", minimum required is "3.5") 
[1.654s] -- Found python_cmake_module: 0.8.1 (/opt/ros/foxy/share/python_cmake_module/cmake)
[1.684s] -- Found PythonLibs: /usr/lib/x86_64-linux-gnu/libpython3.8.so (found suitable version "3.8.10", minimum required is "3.5") 
[1.684s] -- Using PYTHON_EXECUTABLE: /bin/python3
[1.684s] -- Using PYTHON_INCLUDE_DIRS: /usr/include/python3.8
[1.684s] -- Using PYTHON_LIBRARIES: /usr/lib/x86_64-linux-gnu/libpython3.8.so
[1.704s] -- Found PythonExtra: .so  
[1.828s] -- Configuring done
[1.888s] -- Generating done
[1.890s] -- Build files have been written to: /home/mingyu/lofi/build/custom_msg
[1.897s] Invoked command in '/home/mingyu/lofi/build/custom_msg' returned '0': CMAKE_PREFIX_PATH=/opt/ros/foxy:${CMAKE_PREFIX_PATH} /bin/cmake /home/mingyu/lofi/custom_msg -DCMAKE_INSTALL_PREFIX=/home/mingyu/lofi/install/custom_msg
[1.899s] Invoking command in '/home/mingyu/lofi/build/custom_msg': CMAKE_PREFIX_PATH=/opt/ros/foxy:${CMAKE_PREFIX_PATH} /bin/cmake --build /home/mingyu/lofi/build/custom_msg -- -j12 -l12
[1.937s] [35m[1mScanning dependencies of target custom_msg__cpp[0m
[1.937s] [  3%] [34m[1mGenerating C code for ROS interfaces[0m
[1.947s] [  6%] [34m[1mGenerating C++ code for ROS interfaces[0m
[2.140s] [35m[1mScanning dependencies of target custom_msg__rosidl_generator_c[0m
[2.150s] [  9%] [32mBuilding C object CMakeFiles/custom_msg__rosidl_generator_c.dir/rosidl_generator_c/custom_msg/msg/detail/ros2_yolo__functions.c.o[0m
[2.152s] [  9%] Built target custom_msg__cpp
[2.161s] [ 19%] [34m[1mGenerating C++ type support for eProsima Fast-RTPS[0m
[2.162s] [ 19%] [34m[1mGenerating C++ type support dispatch for ROS interfaces[0m
[2.162s] [ 19%] [34m[1mGenerating C++ introspection for ROS interfaces[0m
[2.184s] [ 22%] [32m[1mLinking C shared library libcustom_msg__rosidl_generator_c.so[0m
[2.218s] [ 22%] Built target custom_msg__rosidl_generator_c
[2.228s] [ 29%] [34m[1mGenerating C type support dispatch for ROS interfaces[0m
[2.228s] [ 29%] [34m[1mGenerating C introspection for ROS interfaces[0m
[2.340s] [35m[1mScanning dependencies of target custom_msg__rosidl_typesupport_cpp[0m
[2.354s] [ 32%] [32mBuilding CXX object CMakeFiles/custom_msg__rosidl_typesupport_cpp.dir/rosidl_typesupport_cpp/custom_msg/msg/ros2_yolo__type_support.cpp.o[0m
[2.360s] [35m[1mScanning dependencies of target custom_msg__rosidl_typesupport_introspection_cpp[0m
[2.367s] [35m[1mScanning dependencies of target custom_msg__rosidl_typesupport_fastrtps_cpp[0m
[2.374s] [ 35%] [32mBuilding CXX object CMakeFiles/custom_msg__rosidl_typesupport_introspection_cpp.dir/rosidl_typesupport_introspection_cpp/custom_msg/msg/detail/ros2_yolo__type_support.cpp.o[0m
[2.380s] [ 38%] [32mBuilding CXX object CMakeFiles/custom_msg__rosidl_typesupport_fastrtps_cpp.dir/rosidl_typesupport_fastrtps_cpp/custom_msg/msg/detail/dds_fastrtps/ros2_yolo__type_support.cpp.o[0m
[2.404s] [35m[1mScanning dependencies of target custom_msg__rosidl_typesupport_c[0m
[2.415s] [ 41%] [32mBuilding CXX object CMakeFiles/custom_msg__rosidl_typesupport_c.dir/rosidl_typesupport_c/custom_msg/msg/ros2_yolo__type_support.cpp.o[0m
[2.431s] [35m[1mScanning dependencies of target custom_msg__rosidl_typesupport_introspection_c[0m
[2.442s] [ 48%] [32m[1mLinking CXX shared library libcustom_msg__rosidl_typesupport_c.so[0m
[2.442s] [ 48%] [32mBuilding C object CMakeFiles/custom_msg__rosidl_typesupport_introspection_c.dir/rosidl_typesupport_introspection_c/custom_msg/msg/detail/ros2_yolo__type_support.c.o[0m
[2.471s] [ 51%] [32m[1mLinking C shared library libcustom_msg__rosidl_typesupport_introspection_c.so[0m
[2.480s] [ 51%] Built target custom_msg__rosidl_typesupport_c
[2.499s] [ 51%] Built target custom_msg__rosidl_typesupport_introspection_c
[2.609s] [ 54%] [32m[1mLinking CXX shared library libcustom_msg__rosidl_typesupport_cpp.so[0m
[2.647s] [ 54%] Built target custom_msg__rosidl_typesupport_cpp
[2.685s] [ 58%] [32m[1mLinking CXX shared library libcustom_msg__rosidl_typesupport_introspection_cpp.so[0m
[2.741s] [ 58%] Built target custom_msg__rosidl_typesupport_introspection_cpp
[2.763s] [ 61%] [32m[1mLinking CXX shared library libcustom_msg__rosidl_typesupport_fastrtps_cpp.so[0m
[2.835s] [ 61%] Built target custom_msg__rosidl_typesupport_fastrtps_cpp
[2.845s] [ 64%] [34m[1mGenerating C type support for eProsima Fast-RTPS[0m
[3.038s] [35m[1mScanning dependencies of target custom_msg__rosidl_typesupport_fastrtps_c[0m
[3.051s] [ 67%] [32mBuilding CXX object CMakeFiles/custom_msg__rosidl_typesupport_fastrtps_c.dir/rosidl_typesupport_fastrtps_c/custom_msg/msg/detail/ros2_yolo__type_support_c.cpp.o[0m
[3.364s] [ 70%] [32m[1mLinking CXX shared library libcustom_msg__rosidl_typesupport_fastrtps_c.so[0m
[3.438s] [ 70%] Built target custom_msg__rosidl_typesupport_fastrtps_c
[3.447s] [35m[1mScanning dependencies of target custom_msg[0m
[3.457s] [ 70%] Built target custom_msg
[3.466s] [35m[1mScanning dependencies of target custom_msg__py[0m
[3.476s] [ 74%] [34m[1mGenerating Python code for ROS interfaces[0m
[3.848s] [ 74%] Built target custom_msg__py
[3.857s] [35m[1mScanning dependencies of target custom_msg__python[0m
[3.872s] [ 77%] [32mBuilding C object CMakeFiles/custom_msg__python.dir/rosidl_generator_py/custom_msg/msg/_ros2_yolo_s.c.o[0m
[3.953s] [ 80%] [32m[1mLinking C shared library rosidl_generator_py/custom_msg/libcustom_msg__python.so[0m
[3.992s] [ 80%] Built target custom_msg__python
[4.002s] [35m[1mScanning dependencies of target custom_msg__rosidl_typesupport_c__pyext[0m
[4.002s] [35m[1mScanning dependencies of target custom_msg__rosidl_typesupport_introspection_c__pyext[0m
[4.002s] [35m[1mScanning dependencies of target custom_msg__rosidl_typesupport_fastrtps_c__pyext[0m
[4.016s] [ 87%] [32mBuilding C object CMakeFiles/custom_msg__rosidl_typesupport_introspection_c__pyext.dir/rosidl_generator_py/custom_msg/_custom_msg_s.ep.rosidl_typesupport_introspection_c.c.o[0m
[4.016s] [ 87%] [32mBuilding C object CMakeFiles/custom_msg__rosidl_typesupport_c__pyext.dir/rosidl_generator_py/custom_msg/_custom_msg_s.ep.rosidl_typesupport_c.c.o[0m
[4.019s] [ 90%] [32mBuilding C object CMakeFiles/custom_msg__rosidl_typesupport_fastrtps_c__pyext.dir/rosidl_generator_py/custom_msg/_custom_msg_s.ep.rosidl_typesupport_fastrtps_c.c.o[0m
[4.085s] [ 96%] [32m[1mLinking C shared library rosidl_generator_py/custom_msg/custom_msg_s__rosidl_typesupport_introspection_c.cpython-38-x86_64-linux-gnu.so[0m
[4.085s] [ 96%] [32m[1mLinking C shared library rosidl_generator_py/custom_msg/custom_msg_s__rosidl_typesupport_c.cpython-38-x86_64-linux-gnu.so[0m
[4.090s] [100%] [32m[1mLinking CXX shared library rosidl_generator_py/custom_msg/custom_msg_s__rosidl_typesupport_fastrtps_c.cpython-38-x86_64-linux-gnu.so[0m
[4.121s] [100%] Built target custom_msg__rosidl_typesupport_introspection_c__pyext
[4.121s] [100%] Built target custom_msg__rosidl_typesupport_c__pyext
[4.153s] [100%] Built target custom_msg__rosidl_typesupport_fastrtps_c__pyext
[4.163s] Invoked command in '/home/mingyu/lofi/build/custom_msg' returned '0': CMAKE_PREFIX_PATH=/opt/ros/foxy:${CMAKE_PREFIX_PATH} /bin/cmake --build /home/mingyu/lofi/build/custom_msg -- -j12 -l12
[4.219s] Invoking command in '/home/mingyu/lofi/build/custom_msg': CMAKE_PREFIX_PATH=/opt/ros/foxy:${CMAKE_PREFIX_PATH} /bin/cmake --install /home/mingyu/lofi/build/custom_msg
[4.229s] -- Install configuration: ""
[4.229s] -- Installing: /home/mingyu/lofi/install/custom_msg/share/ament_index/resource_index/rosidl_interfaces/custom_msg
[4.229s] -- Up-to-date: /home/mingyu/lofi/install/custom_msg/include/custom_msg
[4.229s] -- Up-to-date: /home/mingyu/lofi/install/custom_msg/include/custom_msg/msg
[4.229s] -- Installing: /home/mingyu/lofi/install/custom_msg/include/custom_msg/msg/rosidl_generator_c__visibility_control.h
[4.229s] -- Installing: /home/mingyu/lofi/install/custom_msg/include/custom_msg/msg/ros2_yolo.h
[4.229s] -- Up-to-date: /home/mingyu/lofi/install/custom_msg/include/custom_msg/msg/detail
[4.229s] -- Installing: /home/mingyu/lofi/install/custom_msg/include/custom_msg/msg/detail/ros2_yolo__type_support.h
[4.229s] -- Installing: /home/mingyu/lofi/install/custom_msg/include/custom_msg/msg/detail/ros2_yolo__functions.h
[4.230s] -- Installing: /home/mingyu/lofi/install/custom_msg/include/custom_msg/msg/detail/ros2_yolo__functions.c
[4.230s] -- Installing: /home/mingyu/lofi/install/custom_msg/include/custom_msg/msg/detail/ros2_yolo__struct.h
[4.230s] -- Up-to-date: /home/mingyu/lofi/install/custom_msg/share/custom_msg/environment/library_path.sh
[4.230s] -- Installing: /home/mingyu/lofi/install/custom_msg/share/custom_msg/environment/library_path.dsv
[4.230s] -- Installing: /home/mingyu/lofi/install/custom_msg/lib/libcustom_msg__rosidl_generator_c.so
[4.230s] -- Set runtime path of "/home/mingyu/lofi/install/custom_msg/lib/libcustom_msg__rosidl_generator_c.so" to ""
[4.230s] -- Up-to-date: /home/mingyu/lofi/install/custom_msg/include/custom_msg
[4.230s] -- Up-to-date: /home/mingyu/lofi/install/custom_msg/include/custom_msg/msg
[4.230s] -- Installing: /home/mingyu/lofi/install/custom_msg/include/custom_msg/msg/rosidl_typesupport_fastrtps_c__visibility_control.h
[4.230s] -- Up-to-date: /home/mingyu/lofi/install/custom_msg/include/custom_msg/msg/detail
[4.230s] -- Installing: /home/mingyu/lofi/install/custom_msg/include/custom_msg/msg/detail/ros2_yolo__rosidl_typesupport_fastrtps_c.h
[4.230s] -- Installing: /home/mingyu/lofi/install/custom_msg/lib/libcustom_msg__rosidl_typesupport_fastrtps_c.so
[4.230s] -- Set runtime path of "/home/mingyu/lofi/install/custom_msg/lib/libcustom_msg__rosidl_typesupport_fastrtps_c.so" to ""
[4.231s] -- Up-to-date: /home/mingyu/lofi/install/custom_msg/include/custom_msg
[4.231s] -- Up-to-date: /home/mingyu/lofi/install/custom_msg/include/custom_msg/msg
[4.231s] -- Installing: /home/mingyu/lofi/install/custom_msg/include/custom_msg/msg/rosidl_typesupport_fastrtps_cpp__visibility_control.h
[4.231s] -- Up-to-date: /home/mingyu/lofi/install/custom_msg/include/custom_msg/msg/detail
[4.231s] -- Installing: /home/mingyu/lofi/install/custom_msg/include/custom_msg/msg/detail/ros2_yolo__rosidl_typesupport_fastrtps_cpp.hpp
[4.231s] -- Up-to-date: /home/mingyu/lofi/install/custom_msg/include/custom_msg/msg/detail/dds_fastrtps
[4.231s] -- Installing: /home/mingyu/lofi/install/custom_msg/lib/libcustom_msg__rosidl_typesupport_fastrtps_cpp.so
[4.231s] -- Set runtime path of "/home/mingyu/lofi/install/custom_msg/lib/libcustom_msg__rosidl_typesupport_fastrtps_cpp.so" to ""
[4.232s] -- Up-to-date: /home/mingyu/lofi/install/custom_msg/include/custom_msg
[4.232s] -- Up-to-date: /home/mingyu/lofi/install/custom_msg/include/custom_msg/msg
[4.232s] -- Up-to-date: /home/mingyu/lofi/install/custom_msg/include/custom_msg/msg/detail
[4.232s] -- Installing: /home/mingyu/lofi/install/custom_msg/include/custom_msg/msg/detail/ros2_yolo__rosidl_typesupport_introspection_c.h
[4.232s] -- Installing: /home/mingyu/lofi/install/custom_msg/include/custom_msg/msg/detail/ros2_yolo__type_support.c
[4.232s] -- Installing: /home/mingyu/lofi/install/custom_msg/include/custom_msg/msg/rosidl_typesupport_introspection_c__visibility_control.h
[4.232s] -- Installing: /home/mingyu/lofi/install/custom_msg/lib/libcustom_msg__rosidl_typesupport_introspection_c.so
[4.232s] -- Set runtime path of "/home/mingyu/lofi/install/custom_msg/lib/libcustom_msg__rosidl_typesupport_introspection_c.so" to ""
[4.232s] -- Installing: /home/mingyu/lofi/install/custom_msg/lib/libcustom_msg__rosidl_typesupport_c.so
[4.232s] -- Set runtime path of "/home/mingyu/lofi/install/custom_msg/lib/libcustom_msg__rosidl_typesupport_c.so" to ""
[4.232s] -- Up-to-date: /home/mingyu/lofi/install/custom_msg/include/custom_msg
[4.232s] -- Up-to-date: /home/mingyu/lofi/install/custom_msg/include/custom_msg/msg
[4.233s] -- Up-to-date: /home/mingyu/lofi/install/custom_msg/include/custom_msg/msg/detail
[4.233s] -- Installing: /home/mingyu/lofi/install/custom_msg/include/custom_msg/msg/detail/ros2_yolo__struct.hpp
[4.233s] -- Installing: /home/mingyu/lofi/install/custom_msg/include/custom_msg/msg/detail/ros2_yolo__builder.hpp
[4.233s] -- Installing: /home/mingyu/lofi/install/custom_msg/include/custom_msg/msg/detail/ros2_yolo__traits.hpp
[4.233s] -- Installing: /home/mingyu/lofi/install/custom_msg/include/custom_msg/msg/ros2_yolo.hpp
[4.233s] -- Up-to-date: /home/mingyu/lofi/install/custom_msg/include/custom_msg
[4.233s] -- Up-to-date: /home/mingyu/lofi/install/custom_msg/include/custom_msg/msg
[4.233s] -- Up-to-date: /home/mingyu/lofi/install/custom_msg/include/custom_msg/msg/detail
[4.233s] -- Installing: /home/mingyu/lofi/install/custom_msg/include/custom_msg/msg/detail/ros2_yolo__rosidl_typesupport_introspection_cpp.hpp
[4.233s] -- Installing: /home/mingyu/lofi/install/custom_msg/include/custom_msg/msg/detail/ros2_yolo__type_support.cpp
[4.233s] -- Installing: /home/mingyu/lofi/install/custom_msg/lib/libcustom_msg__rosidl_typesupport_introspection_cpp.so
[4.233s] -- Set runtime path of "/home/mingyu/lofi/install/custom_msg/lib/libcustom_msg__rosidl_typesupport_introspection_cpp.so" to ""
[4.234s] -- Installing: /home/mingyu/lofi/install/custom_msg/lib/libcustom_msg__rosidl_typesupport_cpp.so
[4.234s] -- Set runtime path of "/home/mingyu/lofi/install/custom_msg/lib/libcustom_msg__rosidl_typesupport_cpp.so" to ""
[4.234s] -- Installing: /home/mingyu/lofi/install/custom_msg/share/custom_msg/environment/pythonpath.sh
[4.234s] -- Installing: /home/mingyu/lofi/install/custom_msg/share/custom_msg/environment/pythonpath.dsv
[4.234s] -- Installing: /home/mingyu/lofi/install/custom_msg/lib/python3.8/site-packages/custom_msg/__init__.py
[4.263s] Compiling '/home/mingyu/lofi/install/custom_msg/lib/python3.8/site-packages/custom_msg/__init__.py'...
[4.266s] -- Up-to-date: /home/mingyu/lofi/install/custom_msg/lib/python3.8/site-packages/custom_msg/msg
[4.266s] -- Installing: /home/mingyu/lofi/install/custom_msg/lib/python3.8/site-packages/custom_msg/msg/_ros2_yolo.py
[4.266s] -- Installing: /home/mingyu/lofi/install/custom_msg/lib/python3.8/site-packages/custom_msg/msg/__init__.py
[4.266s] -- Installing: /home/mingyu/lofi/install/custom_msg/lib/python3.8/site-packages/custom_msg/msg/_ros2_yolo_s.c
[4.267s] -- Installing: /home/mingyu/lofi/install/custom_msg/lib/python3.8/site-packages/custom_msg/custom_msg_s__rosidl_typesupport_fastrtps_c.cpython-38-x86_64-linux-gnu.so
[4.267s] -- Set runtime path of "/home/mingyu/lofi/install/custom_msg/lib/python3.8/site-packages/custom_msg/custom_msg_s__rosidl_typesupport_fastrtps_c.cpython-38-x86_64-linux-gnu.so" to ""
[4.267s] -- Installing: /home/mingyu/lofi/install/custom_msg/lib/python3.8/site-packages/custom_msg/custom_msg_s__rosidl_typesupport_introspection_c.cpython-38-x86_64-linux-gnu.so
[4.268s] -- Set runtime path of "/home/mingyu/lofi/install/custom_msg/lib/python3.8/site-packages/custom_msg/custom_msg_s__rosidl_typesupport_introspection_c.cpython-38-x86_64-linux-gnu.so" to ""
[4.268s] -- Installing: /home/mingyu/lofi/install/custom_msg/lib/python3.8/site-packages/custom_msg/custom_msg_s__rosidl_typesupport_c.cpython-38-x86_64-linux-gnu.so
[4.268s] -- Set runtime path of "/home/mingyu/lofi/install/custom_msg/lib/python3.8/site-packages/custom_msg/custom_msg_s__rosidl_typesupport_c.cpython-38-x86_64-linux-gnu.so" to ""
[4.268s] -- Installing: /home/mingyu/lofi/install/custom_msg/lib/libcustom_msg__python.so
[4.269s] -- Set runtime path of "/home/mingyu/lofi/install/custom_msg/lib/libcustom_msg__python.so" to ""
[4.269s] -- Installing: /home/mingyu/lofi/install/custom_msg/share/custom_msg/msg/Ros2Yolo.idl
[4.269s] -- Up-to-date: /home/mingyu/lofi/install/custom_msg/share/custom_msg/msg/Ros2Yolo.msg
[4.269s] -- Installing: /home/mingyu/lofi/install/custom_msg/share/ament_index/resource_index/package_run_dependencies/custom_msg
[4.269s] -- Installing: /home/mingyu/lofi/install/custom_msg/share/ament_index/resource_index/parent_prefix_path/custom_msg
[4.269s] -- Up-to-date: /home/mingyu/lofi/install/custom_msg/share/custom_msg/environment/ament_prefix_path.sh
[4.269s] -- Installing: /home/mingyu/lofi/install/custom_msg/share/custom_msg/environment/ament_prefix_path.dsv
[4.269s] -- Up-to-date: /home/mingyu/lofi/install/custom_msg/share/custom_msg/environment/path.sh
[4.269s] -- Installing: /home/mingyu/lofi/install/custom_msg/share/custom_msg/environment/path.dsv
[4.269s] -- Installing: /home/mingyu/lofi/install/custom_msg/share/custom_msg/local_setup.bash
[4.269s] -- Installing: /home/mingyu/lofi/install/custom_msg/share/custom_msg/local_setup.sh
[4.270s] -- Installing: /home/mingyu/lofi/install/custom_msg/share/custom_msg/local_setup.zsh
[4.270s] -- Installing: /home/mingyu/lofi/install/custom_msg/share/custom_msg/local_setup.dsv
[4.270s] -- Installing: /home/mingyu/lofi/install/custom_msg/share/custom_msg/package.dsv
[4.270s] -- Installing: /home/mingyu/lofi/install/custom_msg/share/ament_index/resource_index/packages/custom_msg
[4.270s] -- Installing: /home/mingyu/lofi/install/custom_msg/share/custom_msg/cmake/custom_msg__rosidl_generator_cExport.cmake
[4.270s] -- Installing: /home/mingyu/lofi/install/custom_msg/share/custom_msg/cmake/custom_msg__rosidl_generator_cExport-noconfig.cmake
[4.270s] -- Installing: /home/mingyu/lofi/install/custom_msg/share/custom_msg/cmake/custom_msg__rosidl_typesupport_introspection_cExport.cmake
[4.270s] -- Installing: /home/mingyu/lofi/install/custom_msg/share/custom_msg/cmake/custom_msg__rosidl_typesupport_introspection_cExport-noconfig.cmake
[4.271s] -- Installing: /home/mingyu/lofi/install/custom_msg/share/custom_msg/cmake/custom_msg__rosidl_typesupport_cExport.cmake
[4.271s] -- Installing: /home/mingyu/lofi/install/custom_msg/share/custom_msg/cmake/custom_msg__rosidl_typesupport_cExport-noconfig.cmake
[4.271s] -- Installing: /home/mingyu/lofi/install/custom_msg/share/custom_msg/cmake/custom_msg__rosidl_generator_cppExport.cmake
[4.271s] -- Installing: /home/mingyu/lofi/install/custom_msg/share/custom_msg/cmake/custom_msg__rosidl_typesupport_introspection_cppExport.cmake
[4.271s] -- Installing: /home/mingyu/lofi/install/custom_msg/share/custom_msg/cmake/custom_msg__rosidl_typesupport_introspection_cppExport-noconfig.cmake
[4.272s] -- Installing: /home/mingyu/lofi/install/custom_msg/share/custom_msg/cmake/custom_msg__rosidl_typesupport_cppExport.cmake
[4.272s] -- Installing: /home/mingyu/lofi/install/custom_msg/share/custom_msg/cmake/custom_msg__rosidl_typesupport_cppExport-noconfig.cmake
[4.272s] -- Installing: /home/mingyu/lofi/install/custom_msg/share/custom_msg/cmake/rosidl_cmake-extras.cmake
[4.272s] -- Installing: /home/mingyu/lofi/install/custom_msg/share/custom_msg/cmake/ament_cmake_export_dependencies-extras.cmake
[4.272s] -- Installing: /home/mingyu/lofi/install/custom_msg/share/custom_msg/cmake/ament_cmake_export_libraries-extras.cmake
[4.272s] -- Installing: /home/mingyu/lofi/install/custom_msg/share/custom_msg/cmake/ament_cmake_export_targets-extras.cmake
[4.272s] -- Installing: /home/mingyu/lofi/install/custom_msg/share/custom_msg/cmake/ament_cmake_export_include_directories-extras.cmake
[4.272s] -- Installing: /home/mingyu/lofi/install/custom_msg/share/custom_msg/cmake/rosidl_cmake_export_typesupport_libraries-extras.cmake
[4.272s] -- Installing: /home/mingyu/lofi/install/custom_msg/share/custom_msg/cmake/rosidl_cmake_export_typesupport_targets-extras.cmake
[4.273s] -- Installing: /home/mingyu/lofi/install/custom_msg/share/custom_msg/cmake/custom_msgConfig.cmake
[4.273s] -- Installing: /home/mingyu/lofi/install/custom_msg/share/custom_msg/cmake/custom_msgConfig-version.cmake
[4.273s] -- Up-to-date: /home/mingyu/lofi/install/custom_msg/share/custom_msg/package.xml
[4.275s] Invoked command in '/home/mingyu/lofi/build/custom_msg' returned '0': CMAKE_PREFIX_PATH=/opt/ros/foxy:${CMAKE_PREFIX_PATH} /bin/cmake --install /home/mingyu/lofi/build/custom_msg
