[1.062s] Invoking command in '/home/mingyu/lofi/lofi': AMENT_PREFIX_PATH=/home/mingyu/lofi/install/custom_msg:${AMENT_PREFIX_PATH} CMAKE_PREFIX_PATH=/home/mingyu/lofi/install/custom_msg:${CMAKE_PREFIX_PATH} LD_LIBRARY_PATH=/home/mingyu/lofi/install/custom_msg/lib:/opt/ros/noetic/lib:/opt/ros/foxy/opt/yaml_cpp_vendor/lib:/opt/ros/foxy/opt/rviz_ogre_vendor/lib:/opt/ros/foxy/lib/x86_64-linux-gnu:/opt/ros/foxy/lib:/usr/local/cuda-11.8/lib64 PYTHONPATH=/home/mingyu/lofi/install/lofi/lib/python3.8/site-packages:/home/mingyu/lofi/install/custom_msg/lib/python3.8/site-packages:${PYTHONPATH} /usr/bin/python3 setup.py egg_info --egg-base ../build/lofi build --build-base /home/mingyu/lofi/build/lofi/build install --prefix /home/mingyu/lofi/install/lofi --record /home/mingyu/lofi/build/lofi/install.log --single-version-externally-managed
[1.420s] running egg_info
[1.420s] creating ../build/lofi/lofi.egg-info
[1.421s] writing ../build/lofi/lofi.egg-info/PKG-INFO
[1.421s] writing dependency_links to ../build/lofi/lofi.egg-info/dependency_links.txt
[1.422s] writing entry points to ../build/lofi/lofi.egg-info/entry_points.txt
[1.422s] writing requirements to ../build/lofi/lofi.egg-info/requires.txt
[1.422s] writing top-level names to ../build/lofi/lofi.egg-info/top_level.txt
[1.423s] writing manifest file '../build/lofi/lofi.egg-info/SOURCES.txt'
[1.469s] reading manifest file '../build/lofi/lofi.egg-info/SOURCES.txt'
[1.470s] writing manifest file '../build/lofi/lofi.egg-info/SOURCES.txt'
[1.470s] running build
[1.471s] running build_py
[1.471s] creating /home/mingyu/lofi/build/lofi/build
[1.471s] creating /home/mingyu/lofi/build/lofi/build/lib
[1.471s] creating /home/mingyu/lofi/build/lofi/build/lib/lofi
[1.471s] copying lofi/__init__.py -> /home/mingyu/lofi/build/lofi/build/lib/lofi
[1.471s] copying lofi/lofi0.py -> /home/mingyu/lofi/build/lofi/build/lib/lofi
[1.472s] copying lofi/colmap.py -> /home/mingyu/lofi/build/lofi/build/lib/lofi
[1.472s] running install
[1.472s] running install_lib
[1.474s] creating /home/mingyu/lofi/install/lofi/lib/python3.8/site-packages/lofi
[1.474s] copying /home/mingyu/lofi/build/lofi/build/lib/lofi/__init__.py -> /home/mingyu/lofi/install/lofi/lib/python3.8/site-packages/lofi
[1.474s] copying /home/mingyu/lofi/build/lofi/build/lib/lofi/lofi0.py -> /home/mingyu/lofi/install/lofi/lib/python3.8/site-packages/lofi
[1.474s] copying /home/mingyu/lofi/build/lofi/build/lib/lofi/colmap.py -> /home/mingyu/lofi/install/lofi/lib/python3.8/site-packages/lofi
[1.475s] byte-compiling /home/mingyu/lofi/install/lofi/lib/python3.8/site-packages/lofi/__init__.py to __init__.cpython-38.pyc
[1.477s] byte-compiling /home/mingyu/lofi/install/lofi/lib/python3.8/site-packages/lofi/lofi0.py to lofi0.cpython-38.pyc
[1.478s] byte-compiling /home/mingyu/lofi/install/lofi/lib/python3.8/site-packages/lofi/colmap.py to colmap.cpython-38.pyc
[1.479s] running install_data
[1.480s] creating /home/mingyu/lofi/install/lofi/share/ament_index
[1.480s] creating /home/mingyu/lofi/install/lofi/share/ament_index/resource_index
[1.481s] creating /home/mingyu/lofi/install/lofi/share/ament_index/resource_index/packages
[1.481s] copying resource/lofi -> /home/mingyu/lofi/install/lofi/share/ament_index/resource_index/packages
[1.481s] copying package.xml -> /home/mingyu/lofi/install/lofi/share/lofi
[1.481s] running install_egg_info
[1.483s] Copying ../build/lofi/lofi.egg-info to /home/mingyu/lofi/install/lofi/lib/python3.8/site-packages/lofi-0.0.0-py3.8.egg-info
[1.484s] running install_scripts
[1.506s] Installing colmap script to /home/mingyu/lofi/install/lofi/lib/lofi
[1.506s] Installing lofi00 script to /home/mingyu/lofi/install/lofi/lib/lofi
[1.506s] writing list of installed files to '/home/mingyu/lofi/build/lofi/install.log'
[1.542s] Invoked command in '/home/mingyu/lofi/lofi' returned '0': AMENT_PREFIX_PATH=/home/mingyu/lofi/install/custom_msg:${AMENT_PREFIX_PATH} CMAKE_PREFIX_PATH=/home/mingyu/lofi/install/custom_msg:${CMAKE_PREFIX_PATH} LD_LIBRARY_PATH=/home/mingyu/lofi/install/custom_msg/lib:/opt/ros/noetic/lib:/opt/ros/foxy/opt/yaml_cpp_vendor/lib:/opt/ros/foxy/opt/rviz_ogre_vendor/lib:/opt/ros/foxy/lib/x86_64-linux-gnu:/opt/ros/foxy/lib:/usr/local/cuda-11.8/lib64 PYTHONPATH=/home/mingyu/lofi/install/lofi/lib/python3.8/site-packages:/home/mingyu/lofi/install/custom_msg/lib/python3.8/site-packages:${PYTHONPATH} /usr/bin/python3 setup.py egg_info --egg-base ../build/lofi build --build-base /home/mingyu/lofi/build/lofi/build install --prefix /home/mingyu/lofi/install/lofi --record /home/mingyu/lofi/build/lofi/install.log --single-version-externally-managed
