[0.039s] Invoking command in '/home/mingyu/lofi/build/custom_msg': CMAKE_PREFIX_PATH=/opt/ros/foxy:${CMAKE_PREFIX_PATH} /usr/bin/cmake /home/mingyu/lofi/custom_msg -DCMAKE_INSTALL_PREFIX=/home/mingyu/lofi/install/custom_msg
[0.102s] -- The C compiler identification is GNU 9.4.0
[0.168s] -- The CXX compiler identification is GNU 9.4.0
[0.176s] -- Check for working C compiler: /usr/bin/cc
[0.251s] -- Check for working C compiler: /usr/bin/cc -- works
[0.252s] -- Detecting C compiler ABI info
[0.324s] -- Detecting C compiler ABI info - done
[0.339s] -- Detecting C compile features
[0.340s] -- Detecting C compile features - done
[0.342s] -- Check for working CXX compiler: /usr/bin/c++
[0.427s] -- Check for working CXX compiler: /usr/bin/c++ -- works
[0.428s] -- Detecting CXX compiler ABI info
[0.513s] -- Detecting CXX compiler ABI info - done
[0.527s] -- Detecting CXX compile features
[0.528s] -- Detecting CXX compile features - done
[0.533s] -- Found ament_cmake: 0.9.11 (/opt/ros/foxy/share/ament_cmake/cmake)
[0.564s] -- Found PythonInterp: /usr/bin/python3 (found suitable version "3.8.10", minimum required is "3") 
[0.565s] -- Using PYTHON_EXECUTABLE: /usr/bin/python3
[0.855s] -- Found std_msgs: 2.0.5 (/opt/ros/foxy/share/std_msgs/cmake)
[0.892s] -- Using all available rosidl_typesupport_c: rosidl_typesupport_fastrtps_c;rosidl_typesupport_introspection_c
[0.901s] -- Found rosidl_adapter: 1.3.0 (/opt/ros/foxy/share/rosidl_adapter/cmake)
[1.003s] -- Found OpenSSL: /usr/lib/x86_64-linux-gnu/libcrypto.so (found version "1.1.1f")  
[1.038s] -- Found FastRTPS: /opt/ros/foxy/include  
[1.131s] -- Using all available rosidl_typesupport_cpp: rosidl_typesupport_fastrtps_cpp;rosidl_typesupport_introspection_cpp
[1.189s] -- Found geometry_msgs: 2.0.5 (/opt/ros/foxy/share/geometry_msgs/cmake)
[1.233s] -- Found sensor_msgs: 2.0.5 (/opt/ros/foxy/share/sensor_msgs/cmake)
[1.321s] -- Found ament_lint_auto: 0.9.7 (/opt/ros/foxy/share/ament_lint_auto/cmake)
[1.400s] -- Found rosidl_default_generators: 1.0.1 (/opt/ros/foxy/share/rosidl_default_generators/cmake)
[1.440s] -- Found PythonInterp: /usr/bin/python3 (found version "3.8.10") 
[1.625s] -- Found ament_cmake_ros: 0.9.2 (/opt/ros/foxy/share/ament_cmake_ros/cmake)
[1.978s] -- Using all available rosidl_typesupport_c: rosidl_typesupport_fastrtps_c;rosidl_typesupport_introspection_c
[2.158s] -- Using all available rosidl_typesupport_cpp: rosidl_typesupport_fastrtps_cpp;rosidl_typesupport_introspection_cpp
[2.189s] -- Found PythonInterp: /usr/bin/python3 (found suitable version "3.8.10", minimum required is "3.5") 
[2.191s] -- Found python_cmake_module: 0.8.1 (/opt/ros/foxy/share/python_cmake_module/cmake)
[2.222s] -- Found PythonLibs: /usr/lib/x86_64-linux-gnu/libpython3.8.so (found suitable version "3.8.10", minimum required is "3.5") 
[2.222s] -- Using PYTHON_EXECUTABLE: /usr/bin/python3
[2.223s] -- Using PYTHON_INCLUDE_DIRS: /usr/include/python3.8
[2.223s] -- Using PYTHON_LIBRARIES: /usr/lib/x86_64-linux-gnu/libpython3.8.so
[2.249s] -- Found PythonExtra: .so  
[2.371s] -- Configuring done
[2.441s] -- Generating done
[2.444s] -- Build files have been written to: /home/mingyu/lofi/build/custom_msg
[2.451s] Invoked command in '/home/mingyu/lofi/build/custom_msg' returned '0': CMAKE_PREFIX_PATH=/opt/ros/foxy:${CMAKE_PREFIX_PATH} /usr/bin/cmake /home/mingyu/lofi/custom_msg -DCMAKE_INSTALL_PREFIX=/home/mingyu/lofi/install/custom_msg
[2.454s] Invoking command in '/home/mingyu/lofi/build/custom_msg': CMAKE_PREFIX_PATH=/opt/ros/foxy:${CMAKE_PREFIX_PATH} /usr/bin/cmake --build /home/mingyu/lofi/build/custom_msg -- -j12 -l12
[2.498s] [35m[1mScanning dependencies of target custom_msg__cpp[0m
[2.499s] [  3%] [34m[1mGenerating C code for ROS interfaces[0m
[2.513s] [  6%] [34m[1mGenerating C++ code for ROS interfaces[0m
[2.779s] [35m[1mScanning dependencies of target custom_msg__rosidl_generator_c[0m
[2.794s] [  6%] Built target custom_msg__cpp
[2.797s] [  9%] [32mBuilding C object CMakeFiles/custom_msg__rosidl_generator_c.dir/rosidl_generator_c/custom_msg/msg/detail/ros2_yolo__functions.c.o[0m
[2.810s] [ 16%] [34m[1mGenerating C++ type support dispatch for ROS interfaces[0m
[2.810s] [ 16%] [34m[1mGenerating C++ introspection for ROS interfaces[0m
[2.810s] [ 19%] [34m[1mGenerating C++ type support for eProsima Fast-RTPS[0m
[2.864s] [ 22%] [32m[1mLinking C shared library libcustom_msg__rosidl_generator_c.so[0m
[2.924s] [ 22%] Built target custom_msg__rosidl_generator_c
[2.939s] [ 25%] [34m[1mGenerating C type support dispatch for ROS interfaces[0m
[2.940s] [ 29%] [34m[1mGenerating C introspection for ROS interfaces[0m
[3.095s] [35m[1mScanning dependencies of target custom_msg__rosidl_typesupport_cpp[0m
[3.117s] [35m[1mScanning dependencies of target custom_msg__rosidl_typesupport_introspection_cpp[0m
[3.121s] [ 32%] [32mBuilding CXX object CMakeFiles/custom_msg__rosidl_typesupport_cpp.dir/rosidl_typesupport_cpp/custom_msg/msg/ros2_yolo__type_support.cpp.o[0m
[3.139s] [ 35%] [32mBuilding CXX object CMakeFiles/custom_msg__rosidl_typesupport_introspection_cpp.dir/rosidl_typesupport_introspection_cpp/custom_msg/msg/detail/ros2_yolo__type_support.cpp.o[0m
[3.146s] [35m[1mScanning dependencies of target custom_msg__rosidl_typesupport_fastrtps_cpp[0m
[3.173s] [ 38%] [32mBuilding CXX object CMakeFiles/custom_msg__rosidl_typesupport_fastrtps_cpp.dir/rosidl_typesupport_fastrtps_cpp/custom_msg/msg/detail/dds_fastrtps/ros2_yolo__type_support.cpp.o[0m
[3.224s] [35m[1mScanning dependencies of target custom_msg__rosidl_typesupport_c[0m
[3.248s] [ 41%] [32mBuilding CXX object CMakeFiles/custom_msg__rosidl_typesupport_c.dir/rosidl_typesupport_c/custom_msg/msg/ros2_yolo__type_support.cpp.o[0m
[3.263s] [35m[1mScanning dependencies of target custom_msg__rosidl_typesupport_introspection_c[0m
[3.287s] [ 45%] [32mBuilding C object CMakeFiles/custom_msg__rosidl_typesupport_introspection_c.dir/rosidl_typesupport_introspection_c/custom_msg/msg/detail/ros2_yolo__type_support.c.o[0m
[3.288s] [ 48%] [32m[1mLinking CXX shared library libcustom_msg__rosidl_typesupport_c.so[0m
[3.332s] [ 51%] [32m[1mLinking C shared library libcustom_msg__rosidl_typesupport_introspection_c.so[0m
[3.348s] [ 51%] Built target custom_msg__rosidl_typesupport_c
[3.378s] [ 51%] Built target custom_msg__rosidl_typesupport_introspection_c
[3.543s] [ 54%] [32m[1mLinking CXX shared library libcustom_msg__rosidl_typesupport_introspection_cpp.so[0m
[3.554s] [ 58%] [32m[1mLinking CXX shared library libcustom_msg__rosidl_typesupport_cpp.so[0m
[3.611s] [ 58%] Built target custom_msg__rosidl_typesupport_cpp
[3.626s] [ 58%] Built target custom_msg__rosidl_typesupport_introspection_cpp
[3.735s] [ 61%] [32m[1mLinking CXX shared library libcustom_msg__rosidl_typesupport_fastrtps_cpp.so[0m
[3.828s] [ 61%] Built target custom_msg__rosidl_typesupport_fastrtps_cpp
[3.841s] [ 64%] [34m[1mGenerating C type support for eProsima Fast-RTPS[0m
[4.083s] [35m[1mScanning dependencies of target custom_msg__rosidl_typesupport_fastrtps_c[0m
[4.100s] [ 67%] [32mBuilding CXX object CMakeFiles/custom_msg__rosidl_typesupport_fastrtps_c.dir/rosidl_typesupport_fastrtps_c/custom_msg/msg/detail/ros2_yolo__type_support_c.cpp.o[0m
[4.478s] [ 70%] [32m[1mLinking CXX shared library libcustom_msg__rosidl_typesupport_fastrtps_c.so[0m
[4.570s] [ 70%] Built target custom_msg__rosidl_typesupport_fastrtps_c
[4.581s] [35m[1mScanning dependencies of target custom_msg[0m
[4.593s] [ 70%] Built target custom_msg
[4.606s] [35m[1mScanning dependencies of target custom_msg__py[0m
[4.618s] [ 74%] [34m[1mGenerating Python code for ROS interfaces[0m
[5.076s] [ 74%] Built target custom_msg__py
[5.087s] [35m[1mScanning dependencies of target custom_msg__python[0m
[5.120s] [ 77%] [32mBuilding C object CMakeFiles/custom_msg__python.dir/rosidl_generator_py/custom_msg/msg/_ros2_yolo_s.c.o[0m
[5.221s] [ 80%] [32m[1mLinking C shared library rosidl_generator_py/custom_msg/libcustom_msg__python.so[0m
[5.270s] [ 80%] Built target custom_msg__python
[5.284s] [35m[1mScanning dependencies of target custom_msg__rosidl_typesupport_c__pyext[0m
[5.284s] [35m[1mScanning dependencies of target custom_msg__rosidl_typesupport_introspection_c__pyext[0m
[5.284s] [35m[1mScanning dependencies of target custom_msg__rosidl_typesupport_fastrtps_c__pyext[0m
[5.306s] [ 87%] [32mBuilding C object CMakeFiles/custom_msg__rosidl_typesupport_c__pyext.dir/rosidl_generator_py/custom_msg/_custom_msg_s.ep.rosidl_typesupport_c.c.o[0m
[5.306s] [ 87%] [32mBuilding C object CMakeFiles/custom_msg__rosidl_typesupport_introspection_c__pyext.dir/rosidl_generator_py/custom_msg/_custom_msg_s.ep.rosidl_typesupport_introspection_c.c.o[0m
[5.310s] [ 90%] [32mBuilding C object CMakeFiles/custom_msg__rosidl_typesupport_fastrtps_c__pyext.dir/rosidl_generator_py/custom_msg/_custom_msg_s.ep.rosidl_typesupport_fastrtps_c.c.o[0m
[5.409s] [ 96%] [32m[1mLinking C shared library rosidl_generator_py/custom_msg/custom_msg_s__rosidl_typesupport_introspection_c.cpython-38-x86_64-linux-gnu.so[0m
[5.409s] [ 96%] [32m[1mLinking C shared library rosidl_generator_py/custom_msg/custom_msg_s__rosidl_typesupport_c.cpython-38-x86_64-linux-gnu.so[0m
[5.412s] [100%] [32m[1mLinking CXX shared library rosidl_generator_py/custom_msg/custom_msg_s__rosidl_typesupport_fastrtps_c.cpython-38-x86_64-linux-gnu.so[0m
[5.463s] [100%] Built target custom_msg__rosidl_typesupport_c__pyext
[5.464s] [100%] Built target custom_msg__rosidl_typesupport_introspection_c__pyext
[5.498s] [100%] Built target custom_msg__rosidl_typesupport_fastrtps_c__pyext
[5.511s] Invoked command in '/home/mingyu/lofi/build/custom_msg' returned '0': CMAKE_PREFIX_PATH=/opt/ros/foxy:${CMAKE_PREFIX_PATH} /usr/bin/cmake --build /home/mingyu/lofi/build/custom_msg -- -j12 -l12
[5.579s] Invoking command in '/home/mingyu/lofi/build/custom_msg': CMAKE_PREFIX_PATH=/opt/ros/foxy:${CMAKE_PREFIX_PATH} /usr/bin/cmake --install /home/mingyu/lofi/build/custom_msg
[5.588s] -- Install configuration: ""
[5.589s] -- Installing: /home/mingyu/lofi/install/custom_msg/share/ament_index/resource_index/rosidl_interfaces/custom_msg
[5.589s] -- Installing: /home/mingyu/lofi/install/custom_msg/include/custom_msg
[5.589s] -- Installing: /home/mingyu/lofi/install/custom_msg/include/custom_msg/msg
[5.589s] -- Installing: /home/mingyu/lofi/install/custom_msg/include/custom_msg/msg/detail
[5.590s] -- Installing: /home/mingyu/lofi/install/custom_msg/include/custom_msg/msg/detail/ros2_yolo__functions.h
[5.590s] -- Installing: /home/mingyu/lofi/install/custom_msg/include/custom_msg/msg/detail/ros2_yolo__type_support.h
[5.590s] -- Installing: /home/mingyu/lofi/install/custom_msg/include/custom_msg/msg/detail/ros2_yolo__struct.h
[5.590s] -- Installing: /home/mingyu/lofi/install/custom_msg/include/custom_msg/msg/detail/ros2_yolo__functions.c
[5.590s] -- Installing: /home/mingyu/lofi/install/custom_msg/include/custom_msg/msg/ros2_yolo.h
[5.590s] -- Installing: /home/mingyu/lofi/install/custom_msg/include/custom_msg/msg/rosidl_generator_c__visibility_control.h
[5.590s] -- Installing: /home/mingyu/lofi/install/custom_msg/share/custom_msg/environment/library_path.sh
[5.590s] -- Installing: /home/mingyu/lofi/install/custom_msg/share/custom_msg/environment/library_path.dsv
[5.590s] -- Installing: /home/mingyu/lofi/install/custom_msg/lib/libcustom_msg__rosidl_generator_c.so
[5.591s] -- Set runtime path of "/home/mingyu/lofi/install/custom_msg/lib/libcustom_msg__rosidl_generator_c.so" to ""
[5.591s] -- Up-to-date: /home/mingyu/lofi/install/custom_msg/include/custom_msg
[5.591s] -- Up-to-date: /home/mingyu/lofi/install/custom_msg/include/custom_msg/msg
[5.591s] -- Up-to-date: /home/mingyu/lofi/install/custom_msg/include/custom_msg/msg/detail
[5.591s] -- Installing: /home/mingyu/lofi/install/custom_msg/include/custom_msg/msg/detail/ros2_yolo__rosidl_typesupport_fastrtps_c.h
[5.591s] -- Installing: /home/mingyu/lofi/install/custom_msg/include/custom_msg/msg/rosidl_typesupport_fastrtps_c__visibility_control.h
[5.592s] -- Installing: /home/mingyu/lofi/install/custom_msg/lib/libcustom_msg__rosidl_typesupport_fastrtps_c.so
[5.592s] -- Set runtime path of "/home/mingyu/lofi/install/custom_msg/lib/libcustom_msg__rosidl_typesupport_fastrtps_c.so" to ""
[5.592s] -- Up-to-date: /home/mingyu/lofi/install/custom_msg/include/custom_msg
[5.592s] -- Up-to-date: /home/mingyu/lofi/install/custom_msg/include/custom_msg/msg
[5.592s] -- Up-to-date: /home/mingyu/lofi/install/custom_msg/include/custom_msg/msg/detail
[5.592s] -- Installing: /home/mingyu/lofi/install/custom_msg/include/custom_msg/msg/detail/dds_fastrtps
[5.592s] -- Installing: /home/mingyu/lofi/install/custom_msg/include/custom_msg/msg/detail/ros2_yolo__rosidl_typesupport_fastrtps_cpp.hpp
[5.593s] -- Installing: /home/mingyu/lofi/install/custom_msg/include/custom_msg/msg/rosidl_typesupport_fastrtps_cpp__visibility_control.h
[5.593s] -- Installing: /home/mingyu/lofi/install/custom_msg/lib/libcustom_msg__rosidl_typesupport_fastrtps_cpp.so
[5.593s] -- Set runtime path of "/home/mingyu/lofi/install/custom_msg/lib/libcustom_msg__rosidl_typesupport_fastrtps_cpp.so" to ""
[5.593s] -- Up-to-date: /home/mingyu/lofi/install/custom_msg/include/custom_msg
[5.593s] -- Up-to-date: /home/mingyu/lofi/install/custom_msg/include/custom_msg/msg
[5.593s] -- Up-to-date: /home/mingyu/lofi/install/custom_msg/include/custom_msg/msg/detail
[5.593s] -- Installing: /home/mingyu/lofi/install/custom_msg/include/custom_msg/msg/detail/ros2_yolo__rosidl_typesupport_introspection_c.h
[5.593s] -- Installing: /home/mingyu/lofi/install/custom_msg/include/custom_msg/msg/detail/ros2_yolo__type_support.c
[5.594s] -- Installing: /home/mingyu/lofi/install/custom_msg/include/custom_msg/msg/rosidl_typesupport_introspection_c__visibility_control.h
[5.594s] -- Installing: /home/mingyu/lofi/install/custom_msg/lib/libcustom_msg__rosidl_typesupport_introspection_c.so
[5.594s] -- Set runtime path of "/home/mingyu/lofi/install/custom_msg/lib/libcustom_msg__rosidl_typesupport_introspection_c.so" to ""
[5.594s] -- Installing: /home/mingyu/lofi/install/custom_msg/lib/libcustom_msg__rosidl_typesupport_c.so
[5.594s] -- Set runtime path of "/home/mingyu/lofi/install/custom_msg/lib/libcustom_msg__rosidl_typesupport_c.so" to ""
[5.594s] -- Up-to-date: /home/mingyu/lofi/install/custom_msg/include/custom_msg
[5.594s] -- Up-to-date: /home/mingyu/lofi/install/custom_msg/include/custom_msg/msg
[5.595s] -- Up-to-date: /home/mingyu/lofi/install/custom_msg/include/custom_msg/msg/detail
[5.595s] -- Installing: /home/mingyu/lofi/install/custom_msg/include/custom_msg/msg/detail/ros2_yolo__struct.hpp
[5.595s] -- Installing: /home/mingyu/lofi/install/custom_msg/include/custom_msg/msg/detail/ros2_yolo__builder.hpp
[5.595s] -- Installing: /home/mingyu/lofi/install/custom_msg/include/custom_msg/msg/detail/ros2_yolo__traits.hpp
[5.595s] -- Installing: /home/mingyu/lofi/install/custom_msg/include/custom_msg/msg/ros2_yolo.hpp
[5.595s] -- Up-to-date: /home/mingyu/lofi/install/custom_msg/include/custom_msg
[5.595s] -- Up-to-date: /home/mingyu/lofi/install/custom_msg/include/custom_msg/msg
[5.596s] -- Up-to-date: /home/mingyu/lofi/install/custom_msg/include/custom_msg/msg/detail
[5.596s] -- Installing: /home/mingyu/lofi/install/custom_msg/include/custom_msg/msg/detail/ros2_yolo__rosidl_typesupport_introspection_cpp.hpp
[5.596s] -- Installing: /home/mingyu/lofi/install/custom_msg/include/custom_msg/msg/detail/ros2_yolo__type_support.cpp
[5.596s] -- Installing: /home/mingyu/lofi/install/custom_msg/lib/libcustom_msg__rosidl_typesupport_introspection_cpp.so
[5.596s] -- Set runtime path of "/home/mingyu/lofi/install/custom_msg/lib/libcustom_msg__rosidl_typesupport_introspection_cpp.so" to ""
[5.596s] -- Installing: /home/mingyu/lofi/install/custom_msg/lib/libcustom_msg__rosidl_typesupport_cpp.so
[5.596s] -- Set runtime path of "/home/mingyu/lofi/install/custom_msg/lib/libcustom_msg__rosidl_typesupport_cpp.so" to ""
[5.596s] -- Installing: /home/mingyu/lofi/install/custom_msg/share/custom_msg/environment/pythonpath.sh
[5.596s] -- Installing: /home/mingyu/lofi/install/custom_msg/share/custom_msg/environment/pythonpath.dsv
[5.597s] -- Installing: /home/mingyu/lofi/install/custom_msg/lib/python3.8/site-packages/custom_msg/__init__.py
[5.636s] Compiling '/home/mingyu/lofi/install/custom_msg/lib/python3.8/site-packages/custom_msg/__init__.py'...
[5.641s] -- Installing: /home/mingyu/lofi/install/custom_msg/lib/python3.8/site-packages/custom_msg/msg
[5.642s] -- Installing: /home/mingyu/lofi/install/custom_msg/lib/python3.8/site-packages/custom_msg/msg/__init__.py
[5.642s] -- Installing: /home/mingyu/lofi/install/custom_msg/lib/python3.8/site-packages/custom_msg/msg/_ros2_yolo_s.c
[5.642s] -- Installing: /home/mingyu/lofi/install/custom_msg/lib/python3.8/site-packages/custom_msg/msg/_ros2_yolo.py
[5.642s] -- Installing: /home/mingyu/lofi/install/custom_msg/lib/python3.8/site-packages/custom_msg/custom_msg_s__rosidl_typesupport_fastrtps_c.cpython-38-x86_64-linux-gnu.so
[5.642s] -- Set runtime path of "/home/mingyu/lofi/install/custom_msg/lib/python3.8/site-packages/custom_msg/custom_msg_s__rosidl_typesupport_fastrtps_c.cpython-38-x86_64-linux-gnu.so" to ""
[5.643s] -- Installing: /home/mingyu/lofi/install/custom_msg/lib/python3.8/site-packages/custom_msg/custom_msg_s__rosidl_typesupport_introspection_c.cpython-38-x86_64-linux-gnu.so
[5.643s] -- Set runtime path of "/home/mingyu/lofi/install/custom_msg/lib/python3.8/site-packages/custom_msg/custom_msg_s__rosidl_typesupport_introspection_c.cpython-38-x86_64-linux-gnu.so" to ""
[5.644s] -- Installing: /home/mingyu/lofi/install/custom_msg/lib/python3.8/site-packages/custom_msg/custom_msg_s__rosidl_typesupport_c.cpython-38-x86_64-linux-gnu.so
[5.644s] -- Set runtime path of "/home/mingyu/lofi/install/custom_msg/lib/python3.8/site-packages/custom_msg/custom_msg_s__rosidl_typesupport_c.cpython-38-x86_64-linux-gnu.so" to ""
[5.644s] -- Installing: /home/mingyu/lofi/install/custom_msg/lib/libcustom_msg__python.so
[5.645s] -- Set runtime path of "/home/mingyu/lofi/install/custom_msg/lib/libcustom_msg__python.so" to ""
[5.645s] -- Installing: /home/mingyu/lofi/install/custom_msg/share/custom_msg/msg/Ros2Yolo.idl
[5.645s] -- Installing: /home/mingyu/lofi/install/custom_msg/share/custom_msg/msg/Ros2Yolo.msg
[5.645s] -- Installing: /home/mingyu/lofi/install/custom_msg/share/ament_index/resource_index/package_run_dependencies/custom_msg
[5.645s] -- Installing: /home/mingyu/lofi/install/custom_msg/share/ament_index/resource_index/parent_prefix_path/custom_msg
[5.645s] -- Installing: /home/mingyu/lofi/install/custom_msg/share/custom_msg/environment/ament_prefix_path.sh
[5.646s] -- Installing: /home/mingyu/lofi/install/custom_msg/share/custom_msg/environment/ament_prefix_path.dsv
[5.646s] -- Installing: /home/mingyu/lofi/install/custom_msg/share/custom_msg/environment/path.sh
[5.646s] -- Installing: /home/mingyu/lofi/install/custom_msg/share/custom_msg/environment/path.dsv
[5.646s] -- Installing: /home/mingyu/lofi/install/custom_msg/share/custom_msg/local_setup.bash
[5.646s] -- Installing: /home/mingyu/lofi/install/custom_msg/share/custom_msg/local_setup.sh
[5.646s] -- Installing: /home/mingyu/lofi/install/custom_msg/share/custom_msg/local_setup.zsh
[5.647s] -- Installing: /home/mingyu/lofi/install/custom_msg/share/custom_msg/local_setup.dsv
[5.647s] -- Installing: /home/mingyu/lofi/install/custom_msg/share/custom_msg/package.dsv
[5.647s] -- Installing: /home/mingyu/lofi/install/custom_msg/share/ament_index/resource_index/packages/custom_msg
[5.647s] -- Installing: /home/mingyu/lofi/install/custom_msg/share/custom_msg/cmake/custom_msg__rosidl_generator_cExport.cmake
[5.647s] -- Installing: /home/mingyu/lofi/install/custom_msg/share/custom_msg/cmake/custom_msg__rosidl_generator_cExport-noconfig.cmake
[5.648s] -- Installing: /home/mingyu/lofi/install/custom_msg/share/custom_msg/cmake/custom_msg__rosidl_typesupport_introspection_cExport.cmake
[5.648s] -- Installing: /home/mingyu/lofi/install/custom_msg/share/custom_msg/cmake/custom_msg__rosidl_typesupport_introspection_cExport-noconfig.cmake
[5.648s] -- Installing: /home/mingyu/lofi/install/custom_msg/share/custom_msg/cmake/custom_msg__rosidl_typesupport_cExport.cmake
[5.648s] -- Installing: /home/mingyu/lofi/install/custom_msg/share/custom_msg/cmake/custom_msg__rosidl_typesupport_cExport-noconfig.cmake
[5.648s] -- Installing: /home/mingyu/lofi/install/custom_msg/share/custom_msg/cmake/custom_msg__rosidl_generator_cppExport.cmake
[5.649s] -- Installing: /home/mingyu/lofi/install/custom_msg/share/custom_msg/cmake/custom_msg__rosidl_typesupport_introspection_cppExport.cmake
[5.649s] -- Installing: /home/mingyu/lofi/install/custom_msg/share/custom_msg/cmake/custom_msg__rosidl_typesupport_introspection_cppExport-noconfig.cmake
[5.649s] -- Installing: /home/mingyu/lofi/install/custom_msg/share/custom_msg/cmake/custom_msg__rosidl_typesupport_cppExport.cmake
[5.649s] -- Installing: /home/mingyu/lofi/install/custom_msg/share/custom_msg/cmake/custom_msg__rosidl_typesupport_cppExport-noconfig.cmake
[5.649s] -- Installing: /home/mingyu/lofi/install/custom_msg/share/custom_msg/cmake/rosidl_cmake-extras.cmake
[5.649s] -- Installing: /home/mingyu/lofi/install/custom_msg/share/custom_msg/cmake/ament_cmake_export_dependencies-extras.cmake
[5.650s] -- Installing: /home/mingyu/lofi/install/custom_msg/share/custom_msg/cmake/ament_cmake_export_libraries-extras.cmake
[5.650s] -- Installing: /home/mingyu/lofi/install/custom_msg/share/custom_msg/cmake/ament_cmake_export_targets-extras.cmake
[5.650s] -- Installing: /home/mingyu/lofi/install/custom_msg/share/custom_msg/cmake/ament_cmake_export_include_directories-extras.cmake
[5.650s] -- Installing: /home/mingyu/lofi/install/custom_msg/share/custom_msg/cmake/rosidl_cmake_export_typesupport_libraries-extras.cmake
[5.650s] -- Installing: /home/mingyu/lofi/install/custom_msg/share/custom_msg/cmake/rosidl_cmake_export_typesupport_targets-extras.cmake
[5.650s] -- Installing: /home/mingyu/lofi/install/custom_msg/share/custom_msg/cmake/custom_msgConfig.cmake
[5.651s] -- Installing: /home/mingyu/lofi/install/custom_msg/share/custom_msg/cmake/custom_msgConfig-version.cmake
[5.651s] -- Installing: /home/mingyu/lofi/install/custom_msg/share/custom_msg/package.xml
[5.654s] Invoked command in '/home/mingyu/lofi/build/custom_msg' returned '0': CMAKE_PREFIX_PATH=/opt/ros/foxy:${CMAKE_PREFIX_PATH} /usr/bin/cmake --install /home/mingyu/lofi/build/custom_msg
