[0.265s] Invoking command in '/home/mingyu/lofi/ros2yolo': AMENT_PREFIX_PATH=/home/mingyu/lofi/install/custom_msg:${AMENT_PREFIX_PATH} CMAKE_PREFIX_PATH=/home/mingyu/lofi/install/custom_msg:${CMAKE_PREFIX_PATH} LD_LIBRARY_PATH=/home/mingyu/lofi/install/custom_msg/lib:${LD_LIBRARY_PATH} PYTHONPATH=/home/mingyu/lofi/install/ros2yolo/lib/python3.8/site-packages:/home/mingyu/lofi/install/custom_msg/lib/python3.8/site-packages:${PYTHONPATH} /usr/bin/python3 setup.py egg_info --egg-base ../build/ros2yolo build --build-base /home/mingyu/lofi/build/ros2yolo/build install --prefix /home/mingyu/lofi/install/ros2yolo --record /home/mingyu/lofi/build/ros2yolo/install.log --single-version-externally-managed
[0.507s] running egg_info
[0.507s] creating ../build/ros2yolo/ros2yolo.egg-info
[0.507s] writing ../build/ros2yolo/ros2yolo.egg-info/PKG-INFO
[0.508s] writing dependency_links to ../build/ros2yolo/ros2yolo.egg-info/dependency_links.txt
[0.508s] writing entry points to ../build/ros2yolo/ros2yolo.egg-info/entry_points.txt
[0.508s] writing requirements to ../build/ros2yolo/ros2yolo.egg-info/requires.txt
[0.508s] writing top-level names to ../build/ros2yolo/ros2yolo.egg-info/top_level.txt
[0.509s] writing manifest file '../build/ros2yolo/ros2yolo.egg-info/SOURCES.txt'
[0.539s] reading manifest file '../build/ros2yolo/ros2yolo.egg-info/SOURCES.txt'
[0.539s] writing manifest file '../build/ros2yolo/ros2yolo.egg-info/SOURCES.txt'
[0.539s] running build
[0.539s] running build_py
[0.540s] creating /home/mingyu/lofi/build/ros2yolo/build
[0.540s] creating /home/mingyu/lofi/build/ros2yolo/build/lib
[0.540s] creating /home/mingyu/lofi/build/ros2yolo/build/lib/ros2yolo
[0.540s] copying ros2yolo/yolo_map.py -> /home/mingyu/lofi/build/ros2yolo/build/lib/ros2yolo
[0.540s] copying ros2yolo/ros2_yolo.py -> /home/mingyu/lofi/build/ros2yolo/build/lib/ros2yolo
[0.540s] copying ros2yolo/__init__.py -> /home/mingyu/lofi/build/ros2yolo/build/lib/ros2yolo
[0.540s] running install
[0.540s] running install_lib
[0.541s] creating /home/mingyu/lofi/install/ros2yolo/lib/python3.8/site-packages/ros2yolo
[0.541s] copying /home/mingyu/lofi/build/ros2yolo/build/lib/ros2yolo/yolo_map.py -> /home/mingyu/lofi/install/ros2yolo/lib/python3.8/site-packages/ros2yolo
[0.541s] copying /home/mingyu/lofi/build/ros2yolo/build/lib/ros2yolo/ros2_yolo.py -> /home/mingyu/lofi/install/ros2yolo/lib/python3.8/site-packages/ros2yolo
[0.541s] copying /home/mingyu/lofi/build/ros2yolo/build/lib/ros2yolo/__init__.py -> /home/mingyu/lofi/install/ros2yolo/lib/python3.8/site-packages/ros2yolo
[0.542s] byte-compiling /home/mingyu/lofi/install/ros2yolo/lib/python3.8/site-packages/ros2yolo/yolo_map.py to yolo_map.cpython-38.pyc
[0.544s] byte-compiling /home/mingyu/lofi/install/ros2yolo/lib/python3.8/site-packages/ros2yolo/ros2_yolo.py to ros2_yolo.cpython-38.pyc
[0.545s] byte-compiling /home/mingyu/lofi/install/ros2yolo/lib/python3.8/site-packages/ros2yolo/__init__.py to __init__.cpython-38.pyc
[0.545s] running install_data
[0.546s] creating /home/mingyu/lofi/install/ros2yolo/share/ament_index
[0.546s] creating /home/mingyu/lofi/install/ros2yolo/share/ament_index/resource_index
[0.546s] creating /home/mingyu/lofi/install/ros2yolo/share/ament_index/resource_index/packages
[0.546s] copying resource/ros2yolo -> /home/mingyu/lofi/install/ros2yolo/share/ament_index/resource_index/packages
[0.546s] copying package.xml -> /home/mingyu/lofi/install/ros2yolo/share/ros2yolo
[0.546s] running install_egg_info
[0.547s] Copying ../build/ros2yolo/ros2yolo.egg-info to /home/mingyu/lofi/install/ros2yolo/lib/python3.8/site-packages/ros2yolo-0.0.0-py3.8.egg-info
[0.548s] running install_scripts
[0.562s] Installing ros2_yolo script to /home/mingyu/lofi/install/ros2yolo/lib/ros2yolo
[0.562s] Installing yolo_map script to /home/mingyu/lofi/install/ros2yolo/lib/ros2yolo
[0.562s] writing list of installed files to '/home/mingyu/lofi/build/ros2yolo/install.log'
[0.579s] Invoked command in '/home/mingyu/lofi/ros2yolo' returned '0': AMENT_PREFIX_PATH=/home/mingyu/lofi/install/custom_msg:${AMENT_PREFIX_PATH} CMAKE_PREFIX_PATH=/home/mingyu/lofi/install/custom_msg:${CMAKE_PREFIX_PATH} LD_LIBRARY_PATH=/home/mingyu/lofi/install/custom_msg/lib:${LD_LIBRARY_PATH} PYTHONPATH=/home/mingyu/lofi/install/ros2yolo/lib/python3.8/site-packages:/home/mingyu/lofi/install/custom_msg/lib/python3.8/site-packages:${PYTHONPATH} /usr/bin/python3 setup.py egg_info --egg-base ../build/ros2yolo build --build-base /home/mingyu/lofi/build/ros2yolo/build install --prefix /home/mingyu/lofi/install/ros2yolo --record /home/mingyu/lofi/build/ros2yolo/install.log --single-version-externally-managed
