[0.030s] Invoking command in '/home/mingyu/lofi/build/cpp_pubsub': CMAKE_PREFIX_PATH=/opt/ros/foxy:${CMAKE_PREFIX_PATH} /usr/bin/cmake --build /home/mingyu/lofi/build/cpp_pubsub -- -j12 -l12
[0.067s] [35m[1mScanning dependencies of target talker[0m
[0.082s] [ 50%] Built target listener
[0.086s] [ 75%] [32mBuilding CXX object CMakeFiles/talker.dir/src/publisher_member_function.cpp.o[0m
[2.536s] [100%] [32m[1mLinking CXX executable talker[0m
[2.652s] [100%] Built target talker
[2.661s] Invoked command in '/home/mingyu/lofi/build/cpp_pubsub' returned '0': CMAKE_PREFIX_PATH=/opt/ros/foxy:${CMAKE_PREFIX_PATH} /usr/bin/cmake --build /home/mingyu/lofi/build/cpp_pubsub -- -j12 -l12
[2.682s] Invoking command in '/home/mingyu/lofi/build/cpp_pubsub': CMAKE_PREFIX_PATH=/opt/ros/foxy:${CMAKE_PREFIX_PATH} /usr/bin/cmake --install /home/mingyu/lofi/build/cpp_pubsub
[2.689s] -- Install configuration: ""
[2.690s] -- Installing: /home/mingyu/lofi/install/cpp_pubsub/lib/cpp_pubsub/talker
[2.690s] -- Set runtime path of "/home/mingyu/lofi/install/cpp_pubsub/lib/cpp_pubsub/talker" to ""
[2.691s] -- Up-to-date: /home/mingyu/lofi/install/cpp_pubsub/lib/cpp_pubsub/listener
[2.692s] -- Up-to-date: /home/mingyu/lofi/install/cpp_pubsub/share/ament_index/resource_index/package_run_dependencies/cpp_pubsub
[2.692s] -- Up-to-date: /home/mingyu/lofi/install/cpp_pubsub/share/ament_index/resource_index/parent_prefix_path/cpp_pubsub
[2.693s] -- Up-to-date: /home/mingyu/lofi/install/cpp_pubsub/share/cpp_pubsub/environment/ament_prefix_path.sh
[2.693s] -- Up-to-date: /home/mingyu/lofi/install/cpp_pubsub/share/cpp_pubsub/environment/ament_prefix_path.dsv
[2.693s] -- Up-to-date: /home/mingyu/lofi/install/cpp_pubsub/share/cpp_pubsub/environment/path.sh
[2.693s] -- Up-to-date: /home/mingyu/lofi/install/cpp_pubsub/share/cpp_pubsub/environment/path.dsv
[2.693s] -- Up-to-date: /home/mingyu/lofi/install/cpp_pubsub/share/cpp_pubsub/local_setup.bash
[2.693s] -- Up-to-date: /home/mingyu/lofi/install/cpp_pubsub/share/cpp_pubsub/local_setup.sh
[2.693s] -- Up-to-date: /home/mingyu/lofi/install/cpp_pubsub/share/cpp_pubsub/local_setup.zsh
[2.693s] -- Up-to-date: /home/mingyu/lofi/install/cpp_pubsub/share/cpp_pubsub/local_setup.dsv
[2.694s] -- Installing: /home/mingyu/lofi/install/cpp_pubsub/share/cpp_pubsub/package.dsv
[2.694s] -- Up-to-date: /home/mingyu/lofi/install/cpp_pubsub/share/ament_index/resource_index/packages/cpp_pubsub
[2.694s] -- Up-to-date: /home/mingyu/lofi/install/cpp_pubsub/share/cpp_pubsub/cmake/cpp_pubsubConfig.cmake
[2.694s] -- Up-to-date: /home/mingyu/lofi/install/cpp_pubsub/share/cpp_pubsub/cmake/cpp_pubsubConfig-version.cmake
[2.694s] -- Up-to-date: /home/mingyu/lofi/install/cpp_pubsub/share/cpp_pubsub/package.xml
[2.700s] Invoked command in '/home/mingyu/lofi/build/cpp_pubsub' returned '0': CMAKE_PREFIX_PATH=/opt/ros/foxy:${CMAKE_PREFIX_PATH} /usr/bin/cmake --install /home/mingyu/lofi/build/cpp_pubsub
