[0.176s] DEBUG:colcon:Command line arguments: ['/usr/bin/colcon', 'build']
[0.176s] DEBUG:colcon:Parsed command line arguments: Namespace(allow_overriding=[], ament_cmake_args=None, base_paths=['.'], build_base='build', catkin_cmake_args=None, catkin_skip_building_tests=False, cmake_args=None, cmake_clean_cache=False, cmake_clean_first=False, cmake_force_configure=False, cmake_target=None, cmake_target_skip_unavailable=False, continue_on_error=False, event_handlers=None, executor='parallel', ignore_user_meta=False, install_base='install', log_base=None, log_level=None, main=<bound method BuildVerb.main of <colcon_core.verb.build.BuildVerb object at 0x7f56935acd90>>, merge_install=False, metas=['./colcon.meta'], packages_above=None, packages_above_and_dependencies=None, packages_above_depth=None, packages_end=None, packages_ignore=None, packages_ignore_regex=None, packages_select=None, packages_select_build_failed=False, packages_select_by_dep=None, packages_select_regex=None, packages_select_test_failures=False, packages_skip=None, packages_skip_build_finished=False, packages_skip_by_dep=None, packages_skip_regex=None, packages_skip_test_passed=False, packages_skip_up_to=None, packages_start=None, packages_up_to=None, packages_up_to_regex=None, parallel_workers=12, paths=None, symlink_install=False, test_result_base=None, verb_extension=<colcon_core.verb.build.BuildVerb object at 0x7f56935acd90>, verb_name='build', verb_parser=<colcon_defaults.argument_parser.defaults.DefaultArgumentsDecorator object at 0x7f569352a340>)
[0.202s] Level 1:colcon.colcon_core.package_discovery:discover_packages(colcon_meta) check parameters
[0.202s] Level 1:colcon.colcon_core.package_discovery:discover_packages(recursive) check parameters
[0.202s] Level 1:colcon.colcon_core.package_discovery:discover_packages(ignore) check parameters
[0.202s] Level 1:colcon.colcon_core.package_discovery:discover_packages(path) check parameters
[0.202s] Level 1:colcon.colcon_core.package_discovery:discover_packages(colcon_meta) discover
[0.202s] Level 1:colcon.colcon_core.package_discovery:discover_packages(recursive) discover
[0.202s] INFO:colcon.colcon_core.package_discovery:Crawling recursively for packages in '/home/mingyu/lofi'
[0.202s] Level 1:colcon.colcon_core.package_identification:_identify(.) by extensions ['ignore', 'ignore_ament_install']
[0.203s] Level 1:colcon.colcon_core.package_identification:_identify(.) by extension 'ignore'
[0.203s] Level 1:colcon.colcon_core.package_identification:_identify(.) by extension 'ignore_ament_install'
[0.203s] Level 1:colcon.colcon_core.package_identification:_identify(.) by extensions ['colcon_pkg']
[0.203s] Level 1:colcon.colcon_core.package_identification:_identify(.) by extension 'colcon_pkg'
[0.203s] Level 1:colcon.colcon_core.package_identification:_identify(.) by extensions ['colcon_meta']
[0.203s] Level 1:colcon.colcon_core.package_identification:_identify(.) by extension 'colcon_meta'
[0.203s] Level 1:colcon.colcon_core.package_identification:_identify(.) by extensions ['ros']
[0.203s] Level 1:colcon.colcon_core.package_identification:_identify(.) by extension 'ros'
[0.220s] Level 1:colcon.colcon_core.package_identification:_identify(.) by extensions ['cmake', 'python']
[0.220s] Level 1:colcon.colcon_core.package_identification:_identify(.) by extension 'cmake'
[0.220s] Level 1:colcon.colcon_core.package_identification:_identify(.) by extension 'python'
[0.220s] Level 1:colcon.colcon_core.package_identification:_identify(.) by extensions ['python_setup_py']
[0.220s] Level 1:colcon.colcon_core.package_identification:_identify(.) by extension 'python_setup_py'
[0.220s] Level 1:colcon.colcon_core.package_identification:_identify(build) by extensions ['ignore', 'ignore_ament_install']
[0.221s] Level 1:colcon.colcon_core.package_identification:_identify(build) by extension 'ignore'
[0.221s] Level 1:colcon.colcon_core.package_identification:_identify(build) ignored
[0.221s] Level 1:colcon.colcon_core.package_identification:_identify(catkin_ws) by extensions ['ignore', 'ignore_ament_install']
[0.221s] Level 1:colcon.colcon_core.package_identification:_identify(catkin_ws) by extension 'ignore'
[0.221s] Level 1:colcon.colcon_core.package_identification:_identify(catkin_ws) by extension 'ignore_ament_install'
[0.221s] Level 1:colcon.colcon_core.package_identification:_identify(catkin_ws) by extensions ['colcon_pkg']
[0.221s] Level 1:colcon.colcon_core.package_identification:_identify(catkin_ws) by extension 'colcon_pkg'
[0.221s] Level 1:colcon.colcon_core.package_identification:_identify(catkin_ws) by extensions ['colcon_meta']
[0.221s] Level 1:colcon.colcon_core.package_identification:_identify(catkin_ws) by extension 'colcon_meta'
[0.221s] Level 1:colcon.colcon_core.package_identification:_identify(catkin_ws) by extensions ['ros']
[0.221s] Level 1:colcon.colcon_core.package_identification:_identify(catkin_ws) by extension 'ros'
[0.221s] Level 1:colcon.colcon_core.package_identification:_identify(catkin_ws) by extensions ['cmake', 'python']
[0.221s] Level 1:colcon.colcon_core.package_identification:_identify(catkin_ws) by extension 'cmake'
[0.221s] Level 1:colcon.colcon_core.package_identification:_identify(catkin_ws) by extension 'python'
[0.221s] Level 1:colcon.colcon_core.package_identification:_identify(catkin_ws) by extensions ['python_setup_py']
[0.221s] Level 1:colcon.colcon_core.package_identification:_identify(catkin_ws) by extension 'python_setup_py'
[0.221s] Level 1:colcon.colcon_core.package_identification:_identify(catkin_ws/build) by extensions ['ignore', 'ignore_ament_install']
[0.221s] Level 1:colcon.colcon_core.package_identification:_identify(catkin_ws/build) by extension 'ignore'
[0.221s] Level 1:colcon.colcon_core.package_identification:_identify(catkin_ws/build) by extension 'ignore_ament_install'
[0.222s] Level 1:colcon.colcon_core.package_identification:_identify(catkin_ws/build) by extensions ['colcon_pkg']
[0.222s] Level 1:colcon.colcon_core.package_identification:_identify(catkin_ws/build) by extension 'colcon_pkg'
[0.222s] Level 1:colcon.colcon_core.package_identification:_identify(catkin_ws/build) by extensions ['colcon_meta']
[0.222s] Level 1:colcon.colcon_core.package_identification:_identify(catkin_ws/build) by extension 'colcon_meta'
[0.222s] Level 1:colcon.colcon_core.package_identification:_identify(catkin_ws/build) by extensions ['ros']
[0.222s] Level 1:colcon.colcon_core.package_identification:_identify(catkin_ws/build) by extension 'ros'
[0.222s] Level 1:colcon.colcon_core.package_identification:_identify(catkin_ws/build) ignored
[0.222s] Level 1:colcon.colcon_core.package_identification:_identify(catkin_ws/devel) by extensions ['ignore', 'ignore_ament_install']
[0.222s] Level 1:colcon.colcon_core.package_identification:_identify(catkin_ws/devel) by extension 'ignore'
[0.222s] Level 1:colcon.colcon_core.package_identification:_identify(catkin_ws/devel) by extension 'ignore_ament_install'
[0.222s] Level 1:colcon.colcon_core.package_identification:_identify(catkin_ws/devel) ignored
[0.222s] Level 1:colcon.colcon_core.package_identification:_identify(catkin_ws/src) by extensions ['ignore', 'ignore_ament_install']
[0.222s] Level 1:colcon.colcon_core.package_identification:_identify(catkin_ws/src) by extension 'ignore'
[0.222s] Level 1:colcon.colcon_core.package_identification:_identify(catkin_ws/src) by extension 'ignore_ament_install'
[0.222s] Level 1:colcon.colcon_core.package_identification:_identify(catkin_ws/src) by extensions ['colcon_pkg']
[0.222s] Level 1:colcon.colcon_core.package_identification:_identify(catkin_ws/src) by extension 'colcon_pkg'
[0.222s] Level 1:colcon.colcon_core.package_identification:_identify(catkin_ws/src) by extensions ['colcon_meta']
[0.222s] Level 1:colcon.colcon_core.package_identification:_identify(catkin_ws/src) by extension 'colcon_meta'
[0.222s] Level 1:colcon.colcon_core.package_identification:_identify(catkin_ws/src) by extensions ['ros']
[0.222s] Level 1:colcon.colcon_core.package_identification:_identify(catkin_ws/src) by extension 'ros'
[0.223s] Level 1:colcon.colcon_core.package_identification:_identify(catkin_ws/src) by extensions ['cmake', 'python']
[0.223s] Level 1:colcon.colcon_core.package_identification:_identify(catkin_ws/src) by extension 'cmake'
[0.224s] WARNING:colcon.colcon_cmake.package_identification.cmake:Ignoring 'catkin_ws/src/CMakeLists.txt' since it seems to be a toplevel CMake file generated by 'catkin_make'
[0.224s] Level 1:colcon.colcon_core.package_identification:_identify(catkin_ws/src) by extension 'python'
[0.224s] Level 1:colcon.colcon_core.package_identification:_identify(catkin_ws/src) by extensions ['python_setup_py']
[0.224s] Level 1:colcon.colcon_core.package_identification:_identify(catkin_ws/src) by extension 'python_setup_py'
[0.224s] Level 1:colcon.colcon_core.package_identification:_identify(catkin_ws/src/opencv) by extensions ['ignore', 'ignore_ament_install']
[0.224s] Level 1:colcon.colcon_core.package_identification:_identify(catkin_ws/src/opencv) by extension 'ignore'
[0.224s] Level 1:colcon.colcon_core.package_identification:_identify(catkin_ws/src/opencv) by extension 'ignore_ament_install'
[0.224s] Level 1:colcon.colcon_core.package_identification:_identify(catkin_ws/src/opencv) by extensions ['colcon_pkg']
[0.224s] Level 1:colcon.colcon_core.package_identification:_identify(catkin_ws/src/opencv) by extension 'colcon_pkg'
[0.225s] Level 1:colcon.colcon_core.package_identification:_identify(catkin_ws/src/opencv) by extensions ['colcon_meta']
[0.225s] Level 1:colcon.colcon_core.package_identification:_identify(catkin_ws/src/opencv) by extension 'colcon_meta'
[0.225s] Level 1:colcon.colcon_core.package_identification:_identify(catkin_ws/src/opencv) by extensions ['ros']
[0.225s] Level 1:colcon.colcon_core.package_identification:_identify(catkin_ws/src/opencv) by extension 'ros'
[0.227s] DEBUG:colcon.colcon_core.package_identification:Package 'catkin_ws/src/opencv' with type 'ros.catkin' and name 'opencv'
[0.227s] Level 1:colcon.colcon_core.package_identification:_identify(cfg) by extensions ['ignore', 'ignore_ament_install']
[0.227s] Level 1:colcon.colcon_core.package_identification:_identify(cfg) by extension 'ignore'
[0.227s] Level 1:colcon.colcon_core.package_identification:_identify(cfg) by extension 'ignore_ament_install'
[0.227s] Level 1:colcon.colcon_core.package_identification:_identify(cfg) by extensions ['colcon_pkg']
[0.227s] Level 1:colcon.colcon_core.package_identification:_identify(cfg) by extension 'colcon_pkg'
[0.227s] Level 1:colcon.colcon_core.package_identification:_identify(cfg) by extensions ['colcon_meta']
[0.227s] Level 1:colcon.colcon_core.package_identification:_identify(cfg) by extension 'colcon_meta'
[0.227s] Level 1:colcon.colcon_core.package_identification:_identify(cfg) by extensions ['ros']
[0.227s] Level 1:colcon.colcon_core.package_identification:_identify(cfg) by extension 'ros'
[0.227s] Level 1:colcon.colcon_core.package_identification:_identify(cfg) by extensions ['cmake', 'python']
[0.228s] Level 1:colcon.colcon_core.package_identification:_identify(cfg) by extension 'cmake'
[0.228s] Level 1:colcon.colcon_core.package_identification:_identify(cfg) by extension 'python'
[0.228s] Level 1:colcon.colcon_core.package_identification:_identify(cfg) by extensions ['python_setup_py']
[0.228s] Level 1:colcon.colcon_core.package_identification:_identify(cfg) by extension 'python_setup_py'
[0.228s] Level 1:colcon.colcon_core.package_identification:_identify(control) by extensions ['ignore', 'ignore_ament_install']
[0.228s] Level 1:colcon.colcon_core.package_identification:_identify(control) by extension 'ignore'
[0.228s] Level 1:colcon.colcon_core.package_identification:_identify(control) by extension 'ignore_ament_install'
[0.228s] Level 1:colcon.colcon_core.package_identification:_identify(control) by extensions ['colcon_pkg']
[0.228s] Level 1:colcon.colcon_core.package_identification:_identify(control) by extension 'colcon_pkg'
[0.228s] Level 1:colcon.colcon_core.package_identification:_identify(control) by extensions ['colcon_meta']
[0.228s] Level 1:colcon.colcon_core.package_identification:_identify(control) by extension 'colcon_meta'
[0.228s] Level 1:colcon.colcon_core.package_identification:_identify(control) by extensions ['ros']
[0.228s] Level 1:colcon.colcon_core.package_identification:_identify(control) by extension 'ros'
[0.228s] Level 1:colcon.colcon_core.package_identification:_identify(control) by extensions ['cmake', 'python']
[0.228s] Level 1:colcon.colcon_core.package_identification:_identify(control) by extension 'cmake'
[0.228s] Level 1:colcon.colcon_core.package_identification:_identify(control) by extension 'python'
[0.228s] Level 1:colcon.colcon_core.package_identification:_identify(control) by extensions ['python_setup_py']
[0.228s] Level 1:colcon.colcon_core.package_identification:_identify(control) by extension 'python_setup_py'
[0.228s] Level 1:colcon.colcon_core.package_identification:_identify(custom_msg) by extensions ['ignore', 'ignore_ament_install']
[0.228s] Level 1:colcon.colcon_core.package_identification:_identify(custom_msg) by extension 'ignore'
[0.229s] Level 1:colcon.colcon_core.package_identification:_identify(custom_msg) by extension 'ignore_ament_install'
[0.229s] Level 1:colcon.colcon_core.package_identification:_identify(custom_msg) by extensions ['colcon_pkg']
[0.229s] Level 1:colcon.colcon_core.package_identification:_identify(custom_msg) by extension 'colcon_pkg'
[0.229s] Level 1:colcon.colcon_core.package_identification:_identify(custom_msg) by extensions ['colcon_meta']
[0.229s] Level 1:colcon.colcon_core.package_identification:_identify(custom_msg) by extension 'colcon_meta'
[0.229s] Level 1:colcon.colcon_core.package_identification:_identify(custom_msg) by extensions ['ros']
[0.229s] Level 1:colcon.colcon_core.package_identification:_identify(custom_msg) by extension 'ros'
[0.229s] DEBUG:colcon.colcon_core.package_identification:Package 'custom_msg' with type 'ros.ament_cmake' and name 'custom_msg'
[0.229s] Level 1:colcon.colcon_core.package_identification:_identify(dense) by extensions ['ignore', 'ignore_ament_install']
[0.229s] Level 1:colcon.colcon_core.package_identification:_identify(dense) by extension 'ignore'
[0.229s] Level 1:colcon.colcon_core.package_identification:_identify(dense) by extension 'ignore_ament_install'
[0.229s] Level 1:colcon.colcon_core.package_identification:_identify(dense) by extensions ['colcon_pkg']
[0.229s] Level 1:colcon.colcon_core.package_identification:_identify(dense) by extension 'colcon_pkg'
[0.229s] Level 1:colcon.colcon_core.package_identification:_identify(dense) by extensions ['colcon_meta']
[0.230s] Level 1:colcon.colcon_core.package_identification:_identify(dense) by extension 'colcon_meta'
[0.230s] Level 1:colcon.colcon_core.package_identification:_identify(dense) by extensions ['ros']
[0.230s] Level 1:colcon.colcon_core.package_identification:_identify(dense) by extension 'ros'
[0.230s] Level 1:colcon.colcon_core.package_identification:_identify(dense) by extensions ['cmake', 'python']
[0.230s] Level 1:colcon.colcon_core.package_identification:_identify(dense) by extension 'cmake'
[0.230s] Level 1:colcon.colcon_core.package_identification:_identify(dense) by extension 'python'
[0.230s] Level 1:colcon.colcon_core.package_identification:_identify(dense) by extensions ['python_setup_py']
[0.230s] Level 1:colcon.colcon_core.package_identification:_identify(dense) by extension 'python_setup_py'
[0.230s] Level 1:colcon.colcon_core.package_identification:_identify(dense/images) by extensions ['ignore', 'ignore_ament_install']
[0.230s] Level 1:colcon.colcon_core.package_identification:_identify(dense/images) by extension 'ignore'
[0.230s] Level 1:colcon.colcon_core.package_identification:_identify(dense/images) by extension 'ignore_ament_install'
[0.230s] Level 1:colcon.colcon_core.package_identification:_identify(dense/images) by extensions ['colcon_pkg']
[0.230s] Level 1:colcon.colcon_core.package_identification:_identify(dense/images) by extension 'colcon_pkg'
[0.230s] Level 1:colcon.colcon_core.package_identification:_identify(dense/images) by extensions ['colcon_meta']
[0.230s] Level 1:colcon.colcon_core.package_identification:_identify(dense/images) by extension 'colcon_meta'
[0.230s] Level 1:colcon.colcon_core.package_identification:_identify(dense/images) by extensions ['ros']
[0.230s] Level 1:colcon.colcon_core.package_identification:_identify(dense/images) by extension 'ros'
[0.230s] Level 1:colcon.colcon_core.package_identification:_identify(dense/images) by extensions ['cmake', 'python']
[0.230s] Level 1:colcon.colcon_core.package_identification:_identify(dense/images) by extension 'cmake'
[0.230s] Level 1:colcon.colcon_core.package_identification:_identify(dense/images) by extension 'python'
[0.230s] Level 1:colcon.colcon_core.package_identification:_identify(dense/images) by extensions ['python_setup_py']
[0.231s] Level 1:colcon.colcon_core.package_identification:_identify(dense/images) by extension 'python_setup_py'
[0.231s] Level 1:colcon.colcon_core.package_identification:_identify(dense/sparse) by extensions ['ignore', 'ignore_ament_install']
[0.231s] Level 1:colcon.colcon_core.package_identification:_identify(dense/sparse) by extension 'ignore'
[0.231s] Level 1:colcon.colcon_core.package_identification:_identify(dense/sparse) by extension 'ignore_ament_install'
[0.231s] Level 1:colcon.colcon_core.package_identification:_identify(dense/sparse) by extensions ['colcon_pkg']
[0.231s] Level 1:colcon.colcon_core.package_identification:_identify(dense/sparse) by extension 'colcon_pkg'
[0.231s] Level 1:colcon.colcon_core.package_identification:_identify(dense/sparse) by extensions ['colcon_meta']
[0.231s] Level 1:colcon.colcon_core.package_identification:_identify(dense/sparse) by extension 'colcon_meta'
[0.231s] Level 1:colcon.colcon_core.package_identification:_identify(dense/sparse) by extensions ['ros']
[0.231s] Level 1:colcon.colcon_core.package_identification:_identify(dense/sparse) by extension 'ros'
[0.231s] Level 1:colcon.colcon_core.package_identification:_identify(dense/sparse) by extensions ['cmake', 'python']
[0.231s] Level 1:colcon.colcon_core.package_identification:_identify(dense/sparse) by extension 'cmake'
[0.231s] Level 1:colcon.colcon_core.package_identification:_identify(dense/sparse) by extension 'python'
[0.231s] Level 1:colcon.colcon_core.package_identification:_identify(dense/sparse) by extensions ['python_setup_py']
[0.231s] Level 1:colcon.colcon_core.package_identification:_identify(dense/sparse) by extension 'python_setup_py'
[0.231s] Level 1:colcon.colcon_core.package_identification:_identify(dense/stereo) by extensions ['ignore', 'ignore_ament_install']
[0.231s] Level 1:colcon.colcon_core.package_identification:_identify(dense/stereo) by extension 'ignore'
[0.231s] Level 1:colcon.colcon_core.package_identification:_identify(dense/stereo) by extension 'ignore_ament_install'
[0.231s] Level 1:colcon.colcon_core.package_identification:_identify(dense/stereo) by extensions ['colcon_pkg']
[0.231s] Level 1:colcon.colcon_core.package_identification:_identify(dense/stereo) by extension 'colcon_pkg'
[0.232s] Level 1:colcon.colcon_core.package_identification:_identify(dense/stereo) by extensions ['colcon_meta']
[0.232s] Level 1:colcon.colcon_core.package_identification:_identify(dense/stereo) by extension 'colcon_meta'
[0.232s] Level 1:colcon.colcon_core.package_identification:_identify(dense/stereo) by extensions ['ros']
[0.232s] Level 1:colcon.colcon_core.package_identification:_identify(dense/stereo) by extension 'ros'
[0.232s] Level 1:colcon.colcon_core.package_identification:_identify(dense/stereo) by extensions ['cmake', 'python']
[0.232s] Level 1:colcon.colcon_core.package_identification:_identify(dense/stereo) by extension 'cmake'
[0.232s] Level 1:colcon.colcon_core.package_identification:_identify(dense/stereo) by extension 'python'
[0.232s] Level 1:colcon.colcon_core.package_identification:_identify(dense/stereo) by extensions ['python_setup_py']
[0.232s] Level 1:colcon.colcon_core.package_identification:_identify(dense/stereo) by extension 'python_setup_py'
[0.232s] Level 1:colcon.colcon_core.package_identification:_identify(dense/stereo/consistency_graphs) by extensions ['ignore', 'ignore_ament_install']
[0.232s] Level 1:colcon.colcon_core.package_identification:_identify(dense/stereo/consistency_graphs) by extension 'ignore'
[0.232s] Level 1:colcon.colcon_core.package_identification:_identify(dense/stereo/consistency_graphs) by extension 'ignore_ament_install'
[0.232s] Level 1:colcon.colcon_core.package_identification:_identify(dense/stereo/consistency_graphs) by extensions ['colcon_pkg']
[0.232s] Level 1:colcon.colcon_core.package_identification:_identify(dense/stereo/consistency_graphs) by extension 'colcon_pkg'
[0.232s] Level 1:colcon.colcon_core.package_identification:_identify(dense/stereo/consistency_graphs) by extensions ['colcon_meta']
[0.232s] Level 1:colcon.colcon_core.package_identification:_identify(dense/stereo/consistency_graphs) by extension 'colcon_meta'
[0.232s] Level 1:colcon.colcon_core.package_identification:_identify(dense/stereo/consistency_graphs) by extensions ['ros']
[0.232s] Level 1:colcon.colcon_core.package_identification:_identify(dense/stereo/consistency_graphs) by extension 'ros'
[0.232s] Level 1:colcon.colcon_core.package_identification:_identify(dense/stereo/consistency_graphs) by extensions ['cmake', 'python']
[0.232s] Level 1:colcon.colcon_core.package_identification:_identify(dense/stereo/consistency_graphs) by extension 'cmake'
[0.232s] Level 1:colcon.colcon_core.package_identification:_identify(dense/stereo/consistency_graphs) by extension 'python'
[0.232s] Level 1:colcon.colcon_core.package_identification:_identify(dense/stereo/consistency_graphs) by extensions ['python_setup_py']
[0.233s] Level 1:colcon.colcon_core.package_identification:_identify(dense/stereo/consistency_graphs) by extension 'python_setup_py'
[0.233s] Level 1:colcon.colcon_core.package_identification:_identify(dense/stereo/depth_maps) by extensions ['ignore', 'ignore_ament_install']
[0.233s] Level 1:colcon.colcon_core.package_identification:_identify(dense/stereo/depth_maps) by extension 'ignore'
[0.233s] Level 1:colcon.colcon_core.package_identification:_identify(dense/stereo/depth_maps) by extension 'ignore_ament_install'
[0.233s] Level 1:colcon.colcon_core.package_identification:_identify(dense/stereo/depth_maps) by extensions ['colcon_pkg']
[0.233s] Level 1:colcon.colcon_core.package_identification:_identify(dense/stereo/depth_maps) by extension 'colcon_pkg'
[0.233s] Level 1:colcon.colcon_core.package_identification:_identify(dense/stereo/depth_maps) by extensions ['colcon_meta']
[0.233s] Level 1:colcon.colcon_core.package_identification:_identify(dense/stereo/depth_maps) by extension 'colcon_meta'
[0.233s] Level 1:colcon.colcon_core.package_identification:_identify(dense/stereo/depth_maps) by extensions ['ros']
[0.233s] Level 1:colcon.colcon_core.package_identification:_identify(dense/stereo/depth_maps) by extension 'ros'
[0.233s] Level 1:colcon.colcon_core.package_identification:_identify(dense/stereo/depth_maps) by extensions ['cmake', 'python']
[0.233s] Level 1:colcon.colcon_core.package_identification:_identify(dense/stereo/depth_maps) by extension 'cmake'
[0.233s] Level 1:colcon.colcon_core.package_identification:_identify(dense/stereo/depth_maps) by extension 'python'
[0.233s] Level 1:colcon.colcon_core.package_identification:_identify(dense/stereo/depth_maps) by extensions ['python_setup_py']
[0.233s] Level 1:colcon.colcon_core.package_identification:_identify(dense/stereo/depth_maps) by extension 'python_setup_py'
[0.233s] Level 1:colcon.colcon_core.package_identification:_identify(dense/stereo/normal_maps) by extensions ['ignore', 'ignore_ament_install']
[0.233s] Level 1:colcon.colcon_core.package_identification:_identify(dense/stereo/normal_maps) by extension 'ignore'
[0.233s] Level 1:colcon.colcon_core.package_identification:_identify(dense/stereo/normal_maps) by extension 'ignore_ament_install'
[0.233s] Level 1:colcon.colcon_core.package_identification:_identify(dense/stereo/normal_maps) by extensions ['colcon_pkg']
[0.233s] Level 1:colcon.colcon_core.package_identification:_identify(dense/stereo/normal_maps) by extension 'colcon_pkg'
[0.234s] Level 1:colcon.colcon_core.package_identification:_identify(dense/stereo/normal_maps) by extensions ['colcon_meta']
[0.234s] Level 1:colcon.colcon_core.package_identification:_identify(dense/stereo/normal_maps) by extension 'colcon_meta'
[0.234s] Level 1:colcon.colcon_core.package_identification:_identify(dense/stereo/normal_maps) by extensions ['ros']
[0.234s] Level 1:colcon.colcon_core.package_identification:_identify(dense/stereo/normal_maps) by extension 'ros'
[0.234s] Level 1:colcon.colcon_core.package_identification:_identify(dense/stereo/normal_maps) by extensions ['cmake', 'python']
[0.234s] Level 1:colcon.colcon_core.package_identification:_identify(dense/stereo/normal_maps) by extension 'cmake'
[0.234s] Level 1:colcon.colcon_core.package_identification:_identify(dense/stereo/normal_maps) by extension 'python'
[0.234s] Level 1:colcon.colcon_core.package_identification:_identify(dense/stereo/normal_maps) by extensions ['python_setup_py']
[0.234s] Level 1:colcon.colcon_core.package_identification:_identify(dense/stereo/normal_maps) by extension 'python_setup_py'
[0.234s] Level 1:colcon.colcon_core.package_identification:_identify(images) by extensions ['ignore', 'ignore_ament_install']
[0.234s] Level 1:colcon.colcon_core.package_identification:_identify(images) by extension 'ignore'
[0.234s] Level 1:colcon.colcon_core.package_identification:_identify(images) by extension 'ignore_ament_install'
[0.234s] Level 1:colcon.colcon_core.package_identification:_identify(images) by extensions ['colcon_pkg']
[0.234s] Level 1:colcon.colcon_core.package_identification:_identify(images) by extension 'colcon_pkg'
[0.234s] Level 1:colcon.colcon_core.package_identification:_identify(images) by extensions ['colcon_meta']
[0.234s] Level 1:colcon.colcon_core.package_identification:_identify(images) by extension 'colcon_meta'
[0.234s] Level 1:colcon.colcon_core.package_identification:_identify(images) by extensions ['ros']
[0.234s] Level 1:colcon.colcon_core.package_identification:_identify(images) by extension 'ros'
[0.234s] Level 1:colcon.colcon_core.package_identification:_identify(images) by extensions ['cmake', 'python']
[0.234s] Level 1:colcon.colcon_core.package_identification:_identify(images) by extension 'cmake'
[0.234s] Level 1:colcon.colcon_core.package_identification:_identify(images) by extension 'python'
[0.234s] Level 1:colcon.colcon_core.package_identification:_identify(images) by extensions ['python_setup_py']
[0.235s] Level 1:colcon.colcon_core.package_identification:_identify(images) by extension 'python_setup_py'
[0.235s] Level 1:colcon.colcon_core.package_identification:_identify(install) by extensions ['ignore', 'ignore_ament_install']
[0.235s] Level 1:colcon.colcon_core.package_identification:_identify(install) by extension 'ignore'
[0.235s] Level 1:colcon.colcon_core.package_identification:_identify(install) ignored
[0.235s] Level 1:colcon.colcon_core.package_identification:_identify(lofi) by extensions ['ignore', 'ignore_ament_install']
[0.235s] Level 1:colcon.colcon_core.package_identification:_identify(lofi) by extension 'ignore'
[0.235s] Level 1:colcon.colcon_core.package_identification:_identify(lofi) by extension 'ignore_ament_install'
[0.235s] Level 1:colcon.colcon_core.package_identification:_identify(lofi) by extensions ['colcon_pkg']
[0.235s] Level 1:colcon.colcon_core.package_identification:_identify(lofi) by extension 'colcon_pkg'
[0.235s] Level 1:colcon.colcon_core.package_identification:_identify(lofi) by extensions ['colcon_meta']
[0.235s] Level 1:colcon.colcon_core.package_identification:_identify(lofi) by extension 'colcon_meta'
[0.235s] Level 1:colcon.colcon_core.package_identification:_identify(lofi) by extensions ['ros']
[0.235s] Level 1:colcon.colcon_core.package_identification:_identify(lofi) by extension 'ros'
[0.236s] DEBUG:colcon.colcon_core.package_identification:Package 'lofi' with type 'ros.ament_python' and name 'lofi'
[0.236s] Level 1:colcon.colcon_core.package_identification:_identify(log) by extensions ['ignore', 'ignore_ament_install']
[0.236s] Level 1:colcon.colcon_core.package_identification:_identify(log) by extension 'ignore'
[0.236s] Level 1:colcon.colcon_core.package_identification:_identify(log) ignored
[0.236s] Level 1:colcon.colcon_core.package_identification:_identify(other file) by extensions ['ignore', 'ignore_ament_install']
[0.236s] Level 1:colcon.colcon_core.package_identification:_identify(other file) by extension 'ignore'
[0.236s] Level 1:colcon.colcon_core.package_identification:_identify(other file) by extension 'ignore_ament_install'
[0.236s] Level 1:colcon.colcon_core.package_identification:_identify(other file) by extensions ['colcon_pkg']
[0.236s] Level 1:colcon.colcon_core.package_identification:_identify(other file) by extension 'colcon_pkg'
[0.236s] Level 1:colcon.colcon_core.package_identification:_identify(other file) by extensions ['colcon_meta']
[0.236s] Level 1:colcon.colcon_core.package_identification:_identify(other file) by extension 'colcon_meta'
[0.236s] Level 1:colcon.colcon_core.package_identification:_identify(other file) by extensions ['ros']
[0.236s] Level 1:colcon.colcon_core.package_identification:_identify(other file) by extension 'ros'
[0.236s] Level 1:colcon.colcon_core.package_identification:_identify(other file) by extensions ['cmake', 'python']
[0.237s] Level 1:colcon.colcon_core.package_identification:_identify(other file) by extension 'cmake'
[0.237s] Level 1:colcon.colcon_core.package_identification:_identify(other file) by extension 'python'
[0.237s] Level 1:colcon.colcon_core.package_identification:_identify(other file) by extensions ['python_setup_py']
[0.237s] Level 1:colcon.colcon_core.package_identification:_identify(other file) by extension 'python_setup_py'
[0.237s] Level 1:colcon.colcon_core.package_identification:_identify(result) by extensions ['ignore', 'ignore_ament_install']
[0.237s] Level 1:colcon.colcon_core.package_identification:_identify(result) by extension 'ignore'
[0.237s] Level 1:colcon.colcon_core.package_identification:_identify(result) by extension 'ignore_ament_install'
[0.237s] Level 1:colcon.colcon_core.package_identification:_identify(result) by extensions ['colcon_pkg']
[0.237s] Level 1:colcon.colcon_core.package_identification:_identify(result) by extension 'colcon_pkg'
[0.237s] Level 1:colcon.colcon_core.package_identification:_identify(result) by extensions ['colcon_meta']
[0.237s] Level 1:colcon.colcon_core.package_identification:_identify(result) by extension 'colcon_meta'
[0.237s] Level 1:colcon.colcon_core.package_identification:_identify(result) by extensions ['ros']
[0.237s] Level 1:colcon.colcon_core.package_identification:_identify(result) by extension 'ros'
[0.237s] Level 1:colcon.colcon_core.package_identification:_identify(result) by extensions ['cmake', 'python']
[0.237s] Level 1:colcon.colcon_core.package_identification:_identify(result) by extension 'cmake'
[0.237s] Level 1:colcon.colcon_core.package_identification:_identify(result) by extension 'python'
[0.237s] Level 1:colcon.colcon_core.package_identification:_identify(result) by extensions ['python_setup_py']
[0.237s] Level 1:colcon.colcon_core.package_identification:_identify(result) by extension 'python_setup_py'
[0.237s] Level 1:colcon.colcon_core.package_identification:_identify(sparse) by extensions ['ignore', 'ignore_ament_install']
[0.237s] Level 1:colcon.colcon_core.package_identification:_identify(sparse) by extension 'ignore'
[0.237s] Level 1:colcon.colcon_core.package_identification:_identify(sparse) by extension 'ignore_ament_install'
[0.238s] Level 1:colcon.colcon_core.package_identification:_identify(sparse) by extensions ['colcon_pkg']
[0.238s] Level 1:colcon.colcon_core.package_identification:_identify(sparse) by extension 'colcon_pkg'
[0.238s] Level 1:colcon.colcon_core.package_identification:_identify(sparse) by extensions ['colcon_meta']
[0.238s] Level 1:colcon.colcon_core.package_identification:_identify(sparse) by extension 'colcon_meta'
[0.238s] Level 1:colcon.colcon_core.package_identification:_identify(sparse) by extensions ['ros']
[0.238s] Level 1:colcon.colcon_core.package_identification:_identify(sparse) by extension 'ros'
[0.238s] Level 1:colcon.colcon_core.package_identification:_identify(sparse) by extensions ['cmake', 'python']
[0.238s] Level 1:colcon.colcon_core.package_identification:_identify(sparse) by extension 'cmake'
[0.238s] Level 1:colcon.colcon_core.package_identification:_identify(sparse) by extension 'python'
[0.238s] Level 1:colcon.colcon_core.package_identification:_identify(sparse) by extensions ['python_setup_py']
[0.238s] Level 1:colcon.colcon_core.package_identification:_identify(sparse) by extension 'python_setup_py'
[0.238s] Level 1:colcon.colcon_core.package_identification:_identify(sparse/0) by extensions ['ignore', 'ignore_ament_install']
[0.238s] Level 1:colcon.colcon_core.package_identification:_identify(sparse/0) by extension 'ignore'
[0.238s] Level 1:colcon.colcon_core.package_identification:_identify(sparse/0) by extension 'ignore_ament_install'
[0.238s] Level 1:colcon.colcon_core.package_identification:_identify(sparse/0) by extensions ['colcon_pkg']
[0.238s] Level 1:colcon.colcon_core.package_identification:_identify(sparse/0) by extension 'colcon_pkg'
[0.238s] Level 1:colcon.colcon_core.package_identification:_identify(sparse/0) by extensions ['colcon_meta']
[0.238s] Level 1:colcon.colcon_core.package_identification:_identify(sparse/0) by extension 'colcon_meta'
[0.238s] Level 1:colcon.colcon_core.package_identification:_identify(sparse/0) by extensions ['ros']
[0.238s] Level 1:colcon.colcon_core.package_identification:_identify(sparse/0) by extension 'ros'
[0.238s] Level 1:colcon.colcon_core.package_identification:_identify(sparse/0) by extensions ['cmake', 'python']
[0.238s] Level 1:colcon.colcon_core.package_identification:_identify(sparse/0) by extension 'cmake'
[0.239s] Level 1:colcon.colcon_core.package_identification:_identify(sparse/0) by extension 'python'
[0.239s] Level 1:colcon.colcon_core.package_identification:_identify(sparse/0) by extensions ['python_setup_py']
[0.239s] Level 1:colcon.colcon_core.package_identification:_identify(sparse/0) by extension 'python_setup_py'
[0.239s] Level 1:colcon.colcon_core.package_discovery:discover_packages(recursive) using defaults
[0.239s] Level 1:colcon.colcon_core.package_discovery:discover_packages(ignore) discover
[0.239s] Level 1:colcon.colcon_core.package_discovery:discover_packages(ignore) using defaults
[0.239s] Level 1:colcon.colcon_core.package_discovery:discover_packages(path) discover
[0.239s] Level 1:colcon.colcon_core.package_discovery:discover_packages(path) using defaults
[0.262s] Level 1:colcon.colcon_core.package_discovery:discover_packages(prefix_path) check parameters
[0.262s] Level 1:colcon.colcon_core.package_discovery:discover_packages(prefix_path) discover
[0.266s] DEBUG:colcon.colcon_installed_package_information.package_discovery:Found 3 installed packages in /home/mingyu/lofi/install
[0.268s] DEBUG:colcon.colcon_installed_package_information.package_discovery:Found 256 installed packages in /opt/ros/foxy
[0.271s] Level 1:colcon.colcon_core.package_discovery:discover_packages(prefix_path) using defaults
[0.333s] Level 5:colcon.colcon_core.verb:set package 'custom_msg' build argument 'cmake_args' from command line to 'None'
[0.333s] Level 5:colcon.colcon_core.verb:set package 'custom_msg' build argument 'cmake_target' from command line to 'None'
[0.333s] Level 5:colcon.colcon_core.verb:set package 'custom_msg' build argument 'cmake_target_skip_unavailable' from command line to 'False'
[0.333s] Level 5:colcon.colcon_core.verb:set package 'custom_msg' build argument 'cmake_clean_cache' from command line to 'False'
[0.333s] Level 5:colcon.colcon_core.verb:set package 'custom_msg' build argument 'cmake_clean_first' from command line to 'False'
[0.333s] Level 5:colcon.colcon_core.verb:set package 'custom_msg' build argument 'cmake_force_configure' from command line to 'False'
[0.333s] Level 5:colcon.colcon_core.verb:set package 'custom_msg' build argument 'ament_cmake_args' from command line to 'None'
[0.333s] Level 5:colcon.colcon_core.verb:set package 'custom_msg' build argument 'catkin_cmake_args' from command line to 'None'
[0.333s] Level 5:colcon.colcon_core.verb:set package 'custom_msg' build argument 'catkin_skip_building_tests' from command line to 'False'
[0.333s] DEBUG:colcon.colcon_core.verb:Building package 'custom_msg' with the following arguments: {'ament_cmake_args': None, 'build_base': '/home/mingyu/lofi/build/custom_msg', 'catkin_cmake_args': None, 'catkin_skip_building_tests': False, 'cmake_args': None, 'cmake_clean_cache': False, 'cmake_clean_first': False, 'cmake_force_configure': False, 'cmake_target': None, 'cmake_target_skip_unavailable': False, 'install_base': '/home/mingyu/lofi/install/custom_msg', 'merge_install': False, 'path': '/home/mingyu/lofi/custom_msg', 'symlink_install': False, 'test_result_base': None}
[0.335s] Level 5:colcon.colcon_core.verb:set package 'opencv' build argument 'cmake_args' from command line to 'None'
[0.335s] Level 5:colcon.colcon_core.verb:set package 'opencv' build argument 'cmake_target' from command line to 'None'
[0.335s] Level 5:colcon.colcon_core.verb:set package 'opencv' build argument 'cmake_target_skip_unavailable' from command line to 'False'
[0.335s] Level 5:colcon.colcon_core.verb:set package 'opencv' build argument 'cmake_clean_cache' from command line to 'False'
[0.335s] Level 5:colcon.colcon_core.verb:set package 'opencv' build argument 'cmake_clean_first' from command line to 'False'
[0.335s] Level 5:colcon.colcon_core.verb:set package 'opencv' build argument 'cmake_force_configure' from command line to 'False'
[0.335s] Level 5:colcon.colcon_core.verb:set package 'opencv' build argument 'ament_cmake_args' from command line to 'None'
[0.335s] Level 5:colcon.colcon_core.verb:set package 'opencv' build argument 'catkin_cmake_args' from command line to 'None'
[0.335s] Level 5:colcon.colcon_core.verb:set package 'opencv' build argument 'catkin_skip_building_tests' from command line to 'False'
[0.335s] DEBUG:colcon.colcon_core.verb:Building package 'opencv' with the following arguments: {'ament_cmake_args': None, 'build_base': '/home/mingyu/lofi/build/opencv', 'catkin_cmake_args': None, 'catkin_skip_building_tests': False, 'cmake_args': None, 'cmake_clean_cache': False, 'cmake_clean_first': False, 'cmake_force_configure': False, 'cmake_target': None, 'cmake_target_skip_unavailable': False, 'install_base': '/home/mingyu/lofi/install/opencv', 'merge_install': False, 'path': '/home/mingyu/lofi/catkin_ws/src/opencv', 'symlink_install': False, 'test_result_base': None}
[0.337s] Level 5:colcon.colcon_core.verb:set package 'lofi' build argument 'cmake_args' from command line to 'None'
[0.337s] Level 5:colcon.colcon_core.verb:set package 'lofi' build argument 'cmake_target' from command line to 'None'
[0.337s] Level 5:colcon.colcon_core.verb:set package 'lofi' build argument 'cmake_target_skip_unavailable' from command line to 'False'
[0.337s] Level 5:colcon.colcon_core.verb:set package 'lofi' build argument 'cmake_clean_cache' from command line to 'False'
[0.337s] Level 5:colcon.colcon_core.verb:set package 'lofi' build argument 'cmake_clean_first' from command line to 'False'
[0.337s] Level 5:colcon.colcon_core.verb:set package 'lofi' build argument 'cmake_force_configure' from command line to 'False'
[0.337s] Level 5:colcon.colcon_core.verb:set package 'lofi' build argument 'ament_cmake_args' from command line to 'None'
[0.337s] Level 5:colcon.colcon_core.verb:set package 'lofi' build argument 'catkin_cmake_args' from command line to 'None'
[0.337s] Level 5:colcon.colcon_core.verb:set package 'lofi' build argument 'catkin_skip_building_tests' from command line to 'False'
[0.337s] DEBUG:colcon.colcon_core.verb:Building package 'lofi' with the following arguments: {'ament_cmake_args': None, 'build_base': '/home/mingyu/lofi/build/lofi', 'catkin_cmake_args': None, 'catkin_skip_building_tests': False, 'cmake_args': None, 'cmake_clean_cache': False, 'cmake_clean_first': False, 'cmake_force_configure': False, 'cmake_target': None, 'cmake_target_skip_unavailable': False, 'install_base': '/home/mingyu/lofi/install/lofi', 'merge_install': False, 'path': '/home/mingyu/lofi/lofi', 'symlink_install': False, 'test_result_base': None}
[0.338s] INFO:colcon.colcon_core.executor:Executing jobs using 'parallel' executor
[0.347s] DEBUG:colcon.colcon_parallel_executor.executor.parallel:run_until_complete
[0.347s] INFO:colcon.colcon_ros.task.ament_cmake.build:Building ROS package in '/home/mingyu/lofi/custom_msg' with build type 'ament_cmake'
[0.347s] INFO:colcon.colcon_cmake.task.cmake.build:Building CMake package in '/home/mingyu/lofi/custom_msg'
[0.353s] INFO:colcon.colcon_core.plugin_system:Skipping extension 'colcon_core.shell.bat': Not used on non-Windows systems
[0.353s] INFO:colcon.colcon_core.shell:Skip shell extension 'powershell' for command environment: Not usable outside of PowerShell
[0.353s] DEBUG:colcon.colcon_core.shell:Skip shell extension 'dsv' for command environment
[0.359s] DEBUG:colcon.colcon_core.shell:Ignoring prefix path '/opt/ros/noetic'
[0.361s] INFO:colcon.colcon_ros.task.catkin.build:Building ROS package in '/home/mingyu/lofi/catkin_ws/src/opencv' with build type 'catkin'
[0.362s] INFO:colcon.colcon_cmake.task.cmake.build:Building CMake package in '/home/mingyu/lofi/catkin_ws/src/opencv'
[0.365s] INFO:colcon.colcon_core.shell:Skip shell extension 'powershell' for command environment: Not usable outside of PowerShell
[0.365s] DEBUG:colcon.colcon_core.shell:Skip shell extension 'dsv' for command environment
[0.372s] DEBUG:colcon.colcon_core.shell:Ignoring prefix path '/opt/ros/noetic'
[0.379s] DEBUG:colcon.colcon_core.event_handler.log_command:Invoking command in '/home/mingyu/lofi/build/custom_msg': CMAKE_PREFIX_PATH=/home/mingyu/lofi/install/lofi:/opt/ros/foxy:${CMAKE_PREFIX_PATH} /usr/bin/cmake --build /home/mingyu/lofi/build/custom_msg -- -j12 -l12
[0.384s] DEBUG:colcon.colcon_core.event_handler.log_command:Invoking command in '/home/mingyu/lofi/build/opencv': /usr/bin/cmake --build /home/mingyu/lofi/build/opencv -- -j12 -l12
[0.440s] DEBUG:colcon.colcon_core.event_handler.log_command:Invoked command in '/home/mingyu/lofi/build/opencv' returned '0': /usr/bin/cmake --build /home/mingyu/lofi/build/opencv -- -j12 -l12
[0.474s] DEBUG:colcon.colcon_core.event_handler.log_command:Invoking command in '/home/mingyu/lofi/build/opencv': /usr/bin/cmake --build /home/mingyu/lofi/build/opencv --target tests -- -j12 -l12
[0.535s] DEBUG:colcon.colcon_core.event_handler.log_command:Invoked command in '/home/mingyu/lofi/build/opencv' returned '0': /usr/bin/cmake --build /home/mingyu/lofi/build/opencv --target tests -- -j12 -l12
[0.558s] DEBUG:colcon.colcon_core.event_handler.log_command:Invoked command in '/home/mingyu/lofi/build/custom_msg' returned '0': CMAKE_PREFIX_PATH=/home/mingyu/lofi/install/lofi:/opt/ros/foxy:${CMAKE_PREFIX_PATH} /usr/bin/cmake --build /home/mingyu/lofi/build/custom_msg -- -j12 -l12
[0.575s] DEBUG:colcon.colcon_core.event_handler.log_command:Invoking command in '/home/mingyu/lofi/build/opencv': /usr/bin/cmake --install /home/mingyu/lofi/build/opencv
[0.585s] DEBUG:colcon.colcon_core.event_handler.log_command:Invoked command in '/home/mingyu/lofi/build/opencv' returned '0': /usr/bin/cmake --install /home/mingyu/lofi/build/opencv
[0.593s] DEBUG:colcon.colcon_core.event_handler.log_command:Invoking command in '/home/mingyu/lofi/build/custom_msg': CMAKE_PREFIX_PATH=/home/mingyu/lofi/install/lofi:/opt/ros/foxy:${CMAKE_PREFIX_PATH} /usr/bin/cmake --install /home/mingyu/lofi/build/custom_msg
[0.616s] Level 1:colcon.colcon_core.shell:create_environment_hook('opencv', 'ros_package_path')
[0.619s] INFO:colcon.colcon_core.shell:Creating environment hook '/home/mingyu/lofi/install/opencv/share/opencv/hook/ros_package_path.ps1'
[0.620s] INFO:colcon.colcon_core.shell:Creating environment descriptor '/home/mingyu/lofi/install/opencv/share/opencv/hook/ros_package_path.dsv'
[0.620s] INFO:colcon.colcon_core.shell:Creating environment hook '/home/mingyu/lofi/install/opencv/share/opencv/hook/ros_package_path.sh'
[0.621s] Level 1:colcon.colcon_ros.task.catkin:checking '/home/mingyu/lofi/install/opencv/lib/python3/dist-packages'
[0.621s] Level 1:colcon.colcon_core.shell:create_environment_hook('opencv', 'pkg_config_path')
[0.624s] INFO:colcon.colcon_core.shell:Creating environment hook '/home/mingyu/lofi/install/opencv/share/opencv/hook/pkg_config_path.ps1'
[0.624s] INFO:colcon.colcon_core.shell:Creating environment descriptor '/home/mingyu/lofi/install/opencv/share/opencv/hook/pkg_config_path.dsv'
[0.625s] INFO:colcon.colcon_core.shell:Creating environment hook '/home/mingyu/lofi/install/opencv/share/opencv/hook/pkg_config_path.sh'
[0.627s] Level 1:colcon.colcon_core.shell:create_environment_hook('opencv', 'pkg_config_path_multiarch')
[0.631s] INFO:colcon.colcon_core.shell:Creating environment hook '/home/mingyu/lofi/install/opencv/share/opencv/hook/pkg_config_path_multiarch.ps1'
[0.631s] INFO:colcon.colcon_core.shell:Creating environment descriptor '/home/mingyu/lofi/install/opencv/share/opencv/hook/pkg_config_path_multiarch.dsv'
[0.632s] INFO:colcon.colcon_core.shell:Creating environment hook '/home/mingyu/lofi/install/opencv/share/opencv/hook/pkg_config_path_multiarch.sh'
[0.636s] Level 1:colcon.colcon_core.environment:create_environment_scripts_only(opencv)
[0.645s] Level 1:colcon.colcon_core.environment:checking '/home/mingyu/lofi/install/opencv' for CMake module files
[0.646s] Level 1:colcon.colcon_core.environment:checking '/home/mingyu/lofi/install/opencv' for CMake config files
[0.647s] Level 1:colcon.colcon_core.shell:create_environment_hook('opencv', 'cmake_prefix_path')
[0.650s] INFO:colcon.colcon_core.shell:Creating environment hook '/home/mingyu/lofi/install/opencv/share/opencv/hook/cmake_prefix_path.ps1'
[0.650s] INFO:colcon.colcon_core.shell:Creating environment descriptor '/home/mingyu/lofi/install/opencv/share/opencv/hook/cmake_prefix_path.dsv'
[0.651s] INFO:colcon.colcon_core.shell:Creating environment hook '/home/mingyu/lofi/install/opencv/share/opencv/hook/cmake_prefix_path.sh'
[0.652s] Level 1:colcon.colcon_core.environment:checking '/home/mingyu/lofi/install/opencv/lib'
[0.652s] Level 1:colcon.colcon_core.environment:checking '/home/mingyu/lofi/install/opencv/bin'
[0.652s] Level 1:colcon.colcon_core.environment:checking '/home/mingyu/lofi/install/opencv/lib/pkgconfig/opencv.pc'
[0.652s] Level 1:colcon.colcon_core.shell:create_environment_hook('opencv', 'pkg_config')
[0.655s] INFO:colcon.colcon_core.shell:Creating environment hook '/home/mingyu/lofi/install/opencv/share/opencv/hook/pkg_config.ps1'
[0.655s] INFO:colcon.colcon_core.shell:Creating environment descriptor '/home/mingyu/lofi/install/opencv/share/opencv/hook/pkg_config.dsv'
[0.655s] INFO:colcon.colcon_core.shell:Creating environment hook '/home/mingyu/lofi/install/opencv/share/opencv/hook/pkg_config.sh'
[0.656s] Level 1:colcon.colcon_core.environment:checking '/home/mingyu/lofi/install/opencv/lib/python3.8/site-packages'
[0.656s] Level 1:colcon.colcon_core.environment:checking '/home/mingyu/lofi/install/opencv/bin'
[0.659s] INFO:colcon.colcon_core.shell:Creating package script '/home/mingyu/lofi/install/opencv/share/opencv/package.ps1'
[0.660s] INFO:colcon.colcon_core.shell:Creating package descriptor '/home/mingyu/lofi/install/opencv/share/opencv/package.dsv'
[0.661s] INFO:colcon.colcon_core.shell:Creating package script '/home/mingyu/lofi/install/opencv/share/opencv/package.sh'
[0.661s] INFO:colcon.colcon_core.shell:Creating package script '/home/mingyu/lofi/install/opencv/share/opencv/package.bash'
[0.662s] INFO:colcon.colcon_core.shell:Creating package script '/home/mingyu/lofi/install/opencv/share/opencv/package.zsh'
[0.662s] Level 1:colcon.colcon_core.environment:create_file_with_runtime_dependencies(/home/mingyu/lofi/install/opencv/share/colcon-core/packages/opencv)
[0.663s] Level 1:colcon.colcon_core.environment:create_environment_scripts_only(custom_msg)
[0.668s] Level 1:colcon.colcon_core.environment:checking '/home/mingyu/lofi/install/custom_msg' for CMake module files
[0.668s] DEBUG:colcon.colcon_core.event_handler.log_command:Invoked command in '/home/mingyu/lofi/build/custom_msg' returned '0': CMAKE_PREFIX_PATH=/home/mingyu/lofi/install/lofi:/opt/ros/foxy:${CMAKE_PREFIX_PATH} /usr/bin/cmake --install /home/mingyu/lofi/build/custom_msg
[0.669s] Level 1:colcon.colcon_core.environment:checking '/home/mingyu/lofi/install/custom_msg' for CMake config files
[0.669s] Level 1:colcon.colcon_core.shell:create_environment_hook('custom_msg', 'cmake_prefix_path')
[0.672s] INFO:colcon.colcon_core.shell:Creating environment hook '/home/mingyu/lofi/install/custom_msg/share/custom_msg/hook/cmake_prefix_path.ps1'
[0.672s] INFO:colcon.colcon_core.shell:Creating environment descriptor '/home/mingyu/lofi/install/custom_msg/share/custom_msg/hook/cmake_prefix_path.dsv'
[0.672s] INFO:colcon.colcon_core.shell:Creating environment hook '/home/mingyu/lofi/install/custom_msg/share/custom_msg/hook/cmake_prefix_path.sh'
[0.673s] Level 1:colcon.colcon_core.environment:checking '/home/mingyu/lofi/install/custom_msg/lib'
[0.673s] Level 1:colcon.colcon_core.shell:create_environment_hook('custom_msg', 'ld_library_path_lib')
[0.676s] INFO:colcon.colcon_core.shell:Creating environment hook '/home/mingyu/lofi/install/custom_msg/share/custom_msg/hook/ld_library_path_lib.ps1'
[0.676s] INFO:colcon.colcon_core.shell:Creating environment descriptor '/home/mingyu/lofi/install/custom_msg/share/custom_msg/hook/ld_library_path_lib.dsv'
[0.676s] INFO:colcon.colcon_core.shell:Creating environment hook '/home/mingyu/lofi/install/custom_msg/share/custom_msg/hook/ld_library_path_lib.sh'
[0.677s] Level 1:colcon.colcon_core.environment:checking '/home/mingyu/lofi/install/custom_msg/bin'
[0.677s] Level 1:colcon.colcon_core.environment:checking '/home/mingyu/lofi/install/custom_msg/lib/pkgconfig/custom_msg.pc'
[0.677s] Level 1:colcon.colcon_core.environment:checking '/home/mingyu/lofi/install/custom_msg/lib/python3.8/site-packages'
[0.677s] Level 1:colcon.colcon_core.shell:create_environment_hook('custom_msg', 'pythonpath')
[0.680s] INFO:colcon.colcon_core.shell:Creating environment hook '/home/mingyu/lofi/install/custom_msg/share/custom_msg/hook/pythonpath.ps1'
[0.681s] INFO:colcon.colcon_core.shell:Creating environment descriptor '/home/mingyu/lofi/install/custom_msg/share/custom_msg/hook/pythonpath.dsv'
[0.681s] INFO:colcon.colcon_core.shell:Creating environment hook '/home/mingyu/lofi/install/custom_msg/share/custom_msg/hook/pythonpath.sh'
[0.681s] Level 1:colcon.colcon_core.environment:checking '/home/mingyu/lofi/install/custom_msg/bin'
[0.685s] INFO:colcon.colcon_core.shell:Creating package script '/home/mingyu/lofi/install/custom_msg/share/custom_msg/package.ps1'
[0.685s] INFO:colcon.colcon_core.shell:Creating package descriptor '/home/mingyu/lofi/install/custom_msg/share/custom_msg/package.dsv'
[0.685s] INFO:colcon.colcon_core.shell:Creating package script '/home/mingyu/lofi/install/custom_msg/share/custom_msg/package.sh'
[0.686s] INFO:colcon.colcon_core.shell:Creating package script '/home/mingyu/lofi/install/custom_msg/share/custom_msg/package.bash'
[0.686s] INFO:colcon.colcon_core.shell:Creating package script '/home/mingyu/lofi/install/custom_msg/share/custom_msg/package.zsh'
[0.686s] Level 1:colcon.colcon_core.environment:create_file_with_runtime_dependencies(/home/mingyu/lofi/install/custom_msg/share/colcon-core/packages/custom_msg)
[0.724s] Level 1:colcon.colcon_core.environment:create_environment_scripts_only(custom_msg)
[0.729s] Level 1:colcon.colcon_core.environment:checking '/home/mingyu/lofi/install/custom_msg' for CMake module files
[0.729s] Level 1:colcon.colcon_core.environment:checking '/home/mingyu/lofi/install/custom_msg' for CMake config files
[0.729s] Level 1:colcon.colcon_core.shell:create_environment_hook('custom_msg', 'cmake_prefix_path')
[0.732s] INFO:colcon.colcon_core.shell:Creating environment hook '/home/mingyu/lofi/install/custom_msg/share/custom_msg/hook/cmake_prefix_path.ps1'
[0.733s] INFO:colcon.colcon_core.shell:Creating environment descriptor '/home/mingyu/lofi/install/custom_msg/share/custom_msg/hook/cmake_prefix_path.dsv'
[0.733s] INFO:colcon.colcon_core.shell:Creating environment hook '/home/mingyu/lofi/install/custom_msg/share/custom_msg/hook/cmake_prefix_path.sh'
[0.734s] Level 1:colcon.colcon_core.environment:checking '/home/mingyu/lofi/install/custom_msg/lib'
[0.734s] Level 1:colcon.colcon_core.shell:create_environment_hook('custom_msg', 'ld_library_path_lib')
[0.737s] INFO:colcon.colcon_core.shell:Creating environment hook '/home/mingyu/lofi/install/custom_msg/share/custom_msg/hook/ld_library_path_lib.ps1'
[0.737s] INFO:colcon.colcon_core.shell:Creating environment descriptor '/home/mingyu/lofi/install/custom_msg/share/custom_msg/hook/ld_library_path_lib.dsv'
[0.737s] INFO:colcon.colcon_core.shell:Creating environment hook '/home/mingyu/lofi/install/custom_msg/share/custom_msg/hook/ld_library_path_lib.sh'
[0.737s] Level 1:colcon.colcon_core.environment:checking '/home/mingyu/lofi/install/custom_msg/bin'
[0.738s] Level 1:colcon.colcon_core.environment:checking '/home/mingyu/lofi/install/custom_msg/lib/pkgconfig/custom_msg.pc'
[0.738s] Level 1:colcon.colcon_core.environment:checking '/home/mingyu/lofi/install/custom_msg/lib/python3.8/site-packages'
[0.738s] Level 1:colcon.colcon_core.shell:create_environment_hook('custom_msg', 'pythonpath')
[0.741s] INFO:colcon.colcon_core.shell:Creating environment hook '/home/mingyu/lofi/install/custom_msg/share/custom_msg/hook/pythonpath.ps1'
[0.741s] INFO:colcon.colcon_core.shell:Creating environment descriptor '/home/mingyu/lofi/install/custom_msg/share/custom_msg/hook/pythonpath.dsv'
[0.741s] INFO:colcon.colcon_core.shell:Creating environment hook '/home/mingyu/lofi/install/custom_msg/share/custom_msg/hook/pythonpath.sh'
[0.742s] Level 1:colcon.colcon_core.environment:checking '/home/mingyu/lofi/install/custom_msg/bin'
[0.745s] INFO:colcon.colcon_core.shell:Creating package script '/home/mingyu/lofi/install/custom_msg/share/custom_msg/package.ps1'
[0.745s] INFO:colcon.colcon_core.shell:Creating package descriptor '/home/mingyu/lofi/install/custom_msg/share/custom_msg/package.dsv'
[0.746s] INFO:colcon.colcon_core.shell:Creating package script '/home/mingyu/lofi/install/custom_msg/share/custom_msg/package.sh'
[0.746s] INFO:colcon.colcon_core.shell:Creating package script '/home/mingyu/lofi/install/custom_msg/share/custom_msg/package.bash'
[0.746s] INFO:colcon.colcon_core.shell:Creating package script '/home/mingyu/lofi/install/custom_msg/share/custom_msg/package.zsh'
[0.747s] Level 1:colcon.colcon_core.environment:create_file_with_runtime_dependencies(/home/mingyu/lofi/install/custom_msg/share/colcon-core/packages/custom_msg)
[0.747s] INFO:colcon.colcon_ros.task.ament_python.build:Building ROS package in '/home/mingyu/lofi/lofi' with build type 'ament_python'
[0.747s] Level 1:colcon.colcon_core.shell:create_environment_hook('lofi', 'ament_prefix_path')
[0.750s] INFO:colcon.colcon_core.shell:Creating environment hook '/home/mingyu/lofi/install/lofi/share/lofi/hook/ament_prefix_path.ps1'
[0.751s] INFO:colcon.colcon_core.shell:Creating environment descriptor '/home/mingyu/lofi/install/lofi/share/lofi/hook/ament_prefix_path.dsv'
[0.751s] INFO:colcon.colcon_core.shell:Creating environment hook '/home/mingyu/lofi/install/lofi/share/lofi/hook/ament_prefix_path.sh'
[0.755s] INFO:colcon.colcon_core.shell:Skip shell extension 'powershell' for command environment: Not usable outside of PowerShell
[0.755s] DEBUG:colcon.colcon_core.shell:Skip shell extension 'dsv' for command environment
[0.761s] DEBUG:colcon.colcon_core.shell:Ignoring prefix path '/opt/ros/noetic'
[1.002s] INFO:colcon.colcon_core.task.python.build:Building Python package in '/home/mingyu/lofi/lofi'
[1.006s] INFO:colcon.colcon_core.shell:Skip shell extension 'powershell' for command environment: Not usable outside of PowerShell
[1.006s] DEBUG:colcon.colcon_core.shell:Skip shell extension 'dsv' for command environment
[1.013s] DEBUG:colcon.colcon_core.shell:Ignoring prefix path '/opt/ros/noetic'
[1.432s] DEBUG:colcon.colcon_core.event_handler.log_command:Invoking command in '/home/mingyu/lofi/lofi': CMAKE_PREFIX_PATH=/home/mingyu/lofi/install/custom_msg:/home/mingyu/lofi/install/opencv:/opt/ros/noetic LD_LIBRARY_PATH=/home/mingyu/lofi/install/custom_msg/lib:/opt/ros/noetic/lib:/opt/ros/foxy/opt/yaml_cpp_vendor/lib:/opt/ros/foxy/opt/rviz_ogre_vendor/lib:/opt/ros/foxy/lib/x86_64-linux-gnu:/opt/ros/foxy/lib:/usr/local/cuda-11.8/lib64 PYTHONPATH=/home/mingyu/lofi/install/lofi/lib/python3.8/site-packages:/home/mingyu/lofi/install/custom_msg/lib/python3.8/site-packages:/home/mingyu/lofi/install/lofi/lib/python3.8/site-packages:/opt/ros/noetic/lib/python3/dist-packages:/opt/ros/foxy/lib/python3.8/site-packages /usr/bin/python3 setup.py egg_info --egg-base ../build/lofi build --build-base /home/mingyu/lofi/build/lofi/build install --prefix /home/mingyu/lofi/install/lofi --record /home/mingyu/lofi/build/lofi/install.log --single-version-externally-managed
[1.734s] Level 1:colcon.colcon_core.environment:checking '/home/mingyu/lofi/install/lofi' for CMake module files
[1.735s] DEBUG:colcon.colcon_core.event_handler.log_command:Invoked command in '/home/mingyu/lofi/lofi' returned '0': CMAKE_PREFIX_PATH=/home/mingyu/lofi/install/custom_msg:/home/mingyu/lofi/install/opencv:/opt/ros/noetic LD_LIBRARY_PATH=/home/mingyu/lofi/install/custom_msg/lib:/opt/ros/noetic/lib:/opt/ros/foxy/opt/yaml_cpp_vendor/lib:/opt/ros/foxy/opt/rviz_ogre_vendor/lib:/opt/ros/foxy/lib/x86_64-linux-gnu:/opt/ros/foxy/lib:/usr/local/cuda-11.8/lib64 PYTHONPATH=/home/mingyu/lofi/install/lofi/lib/python3.8/site-packages:/home/mingyu/lofi/install/custom_msg/lib/python3.8/site-packages:/home/mingyu/lofi/install/lofi/lib/python3.8/site-packages:/opt/ros/noetic/lib/python3/dist-packages:/opt/ros/foxy/lib/python3.8/site-packages /usr/bin/python3 setup.py egg_info --egg-base ../build/lofi build --build-base /home/mingyu/lofi/build/lofi/build install --prefix /home/mingyu/lofi/install/lofi --record /home/mingyu/lofi/build/lofi/install.log --single-version-externally-managed
[1.735s] Level 1:colcon.colcon_core.environment:checking '/home/mingyu/lofi/install/lofi' for CMake config files
[1.736s] Level 1:colcon.colcon_core.environment:checking '/home/mingyu/lofi/install/lofi/lib'
[1.736s] Level 1:colcon.colcon_core.environment:checking '/home/mingyu/lofi/install/lofi/bin'
[1.736s] Level 1:colcon.colcon_core.environment:checking '/home/mingyu/lofi/install/lofi/lib/pkgconfig/lofi.pc'
[1.736s] Level 1:colcon.colcon_core.environment:checking '/home/mingyu/lofi/install/lofi/lib/python3.8/site-packages'
[1.736s] Level 1:colcon.colcon_core.shell:create_environment_hook('lofi', 'pythonpath')
[1.739s] INFO:colcon.colcon_core.shell:Creating environment hook '/home/mingyu/lofi/install/lofi/share/lofi/hook/pythonpath.ps1'
[1.740s] INFO:colcon.colcon_core.shell:Creating environment descriptor '/home/mingyu/lofi/install/lofi/share/lofi/hook/pythonpath.dsv'
[1.740s] INFO:colcon.colcon_core.shell:Creating environment hook '/home/mingyu/lofi/install/lofi/share/lofi/hook/pythonpath.sh'
[1.740s] Level 1:colcon.colcon_core.environment:checking '/home/mingyu/lofi/install/lofi/bin'
[1.740s] Level 1:colcon.colcon_core.environment:create_environment_scripts_only(lofi)
[1.744s] INFO:colcon.colcon_core.shell:Creating package script '/home/mingyu/lofi/install/lofi/share/lofi/package.ps1'
[1.744s] INFO:colcon.colcon_core.shell:Creating package descriptor '/home/mingyu/lofi/install/lofi/share/lofi/package.dsv'
[1.744s] INFO:colcon.colcon_core.shell:Creating package script '/home/mingyu/lofi/install/lofi/share/lofi/package.sh'
[1.745s] INFO:colcon.colcon_core.shell:Creating package script '/home/mingyu/lofi/install/lofi/share/lofi/package.bash'
[1.745s] INFO:colcon.colcon_core.shell:Creating package script '/home/mingyu/lofi/install/lofi/share/lofi/package.zsh'
[1.745s] Level 1:colcon.colcon_core.environment:create_file_with_runtime_dependencies(/home/mingyu/lofi/install/lofi/share/colcon-core/packages/lofi)
[1.746s] DEBUG:colcon.colcon_parallel_executor.executor.parallel:closing loop
[1.746s] DEBUG:colcon.colcon_parallel_executor.executor.parallel:loop closed
[1.746s] DEBUG:colcon.colcon_parallel_executor.executor.parallel:run_until_complete finished with '0'
[1.746s] DEBUG:colcon.colcon_core.event_reactor:joining thread
[1.754s] INFO:colcon.colcon_core.plugin_system:Skipping extension 'colcon_notification.desktop_notification.terminal_notifier': Not used on non-Darwin systems
[1.754s] INFO:colcon.colcon_core.plugin_system:Skipping extension 'colcon_notification.desktop_notification.win32': Not used on non-Windows systems
[1.754s] INFO:colcon.colcon_notification.desktop_notification:Sending desktop notification using 'notify2'
[1.767s] DEBUG:colcon.colcon_core.event_reactor:joined thread
[1.770s] INFO:colcon.colcon_core.shell:Creating prefix script '/home/mingyu/lofi/install/local_setup.ps1'
[1.771s] INFO:colcon.colcon_core.shell:Creating prefix util module '/home/mingyu/lofi/install/_local_setup_util_ps1.py'
[1.772s] INFO:colcon.colcon_core.shell:Creating prefix chain script '/home/mingyu/lofi/install/setup.ps1'
[1.774s] INFO:colcon.colcon_core.shell:Creating prefix script '/home/mingyu/lofi/install/local_setup.sh'
[1.775s] INFO:colcon.colcon_core.shell:Creating prefix util module '/home/mingyu/lofi/install/_local_setup_util_sh.py'
[1.775s] INFO:colcon.colcon_core.shell:Creating prefix chain script '/home/mingyu/lofi/install/setup.sh'
[1.777s] INFO:colcon.colcon_core.shell:Creating prefix script '/home/mingyu/lofi/install/local_setup.bash'
[1.777s] INFO:colcon.colcon_core.shell:Creating prefix chain script '/home/mingyu/lofi/install/setup.bash'
[1.779s] INFO:colcon.colcon_core.shell:Creating prefix script '/home/mingyu/lofi/install/local_setup.zsh'
[1.779s] INFO:colcon.colcon_core.shell:Creating prefix chain script '/home/mingyu/lofi/install/setup.zsh'
