running egg_info
writing ../build/lofi/lofi.egg-info/PKG-INFO
writing dependency_links to ../build/lofi/lofi.egg-info/dependency_links.txt
writing entry points to ../build/lofi/lofi.egg-info/entry_points.txt
writing requirements to ../build/lofi/lofi.egg-info/requires.txt
writing top-level names to ../build/lofi/lofi.egg-info/top_level.txt
reading manifest file '../build/lofi/lofi.egg-info/SOURCES.txt'
writing manifest file '../build/lofi/lofi.egg-info/SOURCES.txt'
running build
running build_py
running install
running install_lib
running install_data
running install_egg_info
removing '/home/mingyu/lofi/install/lofi/lib/python3.8/site-packages/lofi-0.0.0-py3.8.egg-info' (and everything under it)
Copying ../build/lofi/lofi.egg-info to /home/mingyu/lofi/install/lofi/lib/python3.8/site-packages/lofi-0.0.0-py3.8.egg-info
running install_scripts
Installing colmap script to /home/mingyu/lofi/install/lofi/lib/lofi
Installing lofi00 script to /home/mingyu/lofi/install/lofi/lib/lofi
writing list of installed files to '/home/mingyu/lofi/build/lofi/install.log'
