[0.296s] DEBUG:colcon:Command line arguments: ['/usr/bin/colcon', 'build']
[0.296s] DEBUG:colcon:Parsed command line arguments: Namespace(allow_overriding=[], ament_cmake_args=None, base_paths=['.'], build_base='build', catkin_cmake_args=None, catkin_skip_building_tests=False, cmake_args=None, cmake_clean_cache=False, cmake_clean_first=False, cmake_force_configure=False, cmake_target=None, cmake_target_skip_unavailable=False, continue_on_error=False, event_handlers=None, executor='parallel', ignore_user_meta=False, install_base='install', log_base=None, log_level=None, main=<bound method BuildVerb.main of <colcon_core.verb.build.BuildVerb object at 0x7f4c4d429eb0>>, merge_install=False, metas=['./colcon.meta'], packages_above=None, packages_above_and_dependencies=None, packages_above_depth=None, packages_end=None, packages_ignore=None, packages_ignore_regex=None, packages_select=None, packages_select_build_failed=False, packages_select_by_dep=None, packages_select_regex=None, packages_select_test_failures=False, packages_skip=None, packages_skip_build_finished=False, packages_skip_by_dep=None, packages_skip_regex=None, packages_skip_test_passed=False, packages_skip_up_to=None, packages_start=None, packages_up_to=None, packages_up_to_regex=None, parallel_workers=12, paths=None, symlink_install=False, test_result_base=None, verb_extension=<colcon_core.verb.build.BuildVerb object at 0x7f4c4d429eb0>, verb_name='build', verb_parser=<colcon_defaults.argument_parser.defaults.DefaultArgumentsDecorator object at 0x7f4c4d3a7460>)
[0.338s] Level 1:colcon.colcon_core.package_discovery:discover_packages(colcon_meta) check parameters
[0.338s] Level 1:colcon.colcon_core.package_discovery:discover_packages(recursive) check parameters
[0.338s] Level 1:colcon.colcon_core.package_discovery:discover_packages(ignore) check parameters
[0.338s] Level 1:colcon.colcon_core.package_discovery:discover_packages(path) check parameters
[0.338s] Level 1:colcon.colcon_core.package_discovery:discover_packages(colcon_meta) discover
[0.339s] Level 1:colcon.colcon_core.package_discovery:discover_packages(recursive) discover
[0.339s] INFO:colcon.colcon_core.package_discovery:Crawling recursively for packages in '/home/mingyu/lofi'
[0.339s] Level 1:colcon.colcon_core.package_identification:_identify(.) by extensions ['ignore', 'ignore_ament_install']
[0.339s] Level 1:colcon.colcon_core.package_identification:_identify(.) by extension 'ignore'
[0.339s] Level 1:colcon.colcon_core.package_identification:_identify(.) by extension 'ignore_ament_install'
[0.339s] Level 1:colcon.colcon_core.package_identification:_identify(.) by extensions ['colcon_pkg']
[0.339s] Level 1:colcon.colcon_core.package_identification:_identify(.) by extension 'colcon_pkg'
[0.339s] Level 1:colcon.colcon_core.package_identification:_identify(.) by extensions ['colcon_meta']
[0.339s] Level 1:colcon.colcon_core.package_identification:_identify(.) by extension 'colcon_meta'
[0.339s] Level 1:colcon.colcon_core.package_identification:_identify(.) by extensions ['ros']
[0.339s] Level 1:colcon.colcon_core.package_identification:_identify(.) by extension 'ros'
[0.370s] Level 1:colcon.colcon_core.package_identification:_identify(.) by extensions ['cmake', 'python']
[0.370s] Level 1:colcon.colcon_core.package_identification:_identify(.) by extension 'cmake'
[0.370s] Level 1:colcon.colcon_core.package_identification:_identify(.) by extension 'python'
[0.370s] Level 1:colcon.colcon_core.package_identification:_identify(.) by extensions ['python_setup_py']
[0.370s] Level 1:colcon.colcon_core.package_identification:_identify(.) by extension 'python_setup_py'
[0.370s] Level 1:colcon.colcon_core.package_identification:_identify(ROS_2_ANDROID) by extensions ['ignore', 'ignore_ament_install']
[0.370s] Level 1:colcon.colcon_core.package_identification:_identify(ROS_2_ANDROID) by extension 'ignore'
[0.370s] Level 1:colcon.colcon_core.package_identification:_identify(ROS_2_ANDROID) by extension 'ignore_ament_install'
[0.370s] Level 1:colcon.colcon_core.package_identification:_identify(ROS_2_ANDROID) by extensions ['colcon_pkg']
[0.370s] Level 1:colcon.colcon_core.package_identification:_identify(ROS_2_ANDROID) by extension 'colcon_pkg'
[0.370s] Level 1:colcon.colcon_core.package_identification:_identify(ROS_2_ANDROID) by extensions ['colcon_meta']
[0.370s] Level 1:colcon.colcon_core.package_identification:_identify(ROS_2_ANDROID) by extension 'colcon_meta'
[0.370s] Level 1:colcon.colcon_core.package_identification:_identify(ROS_2_ANDROID) by extensions ['ros']
[0.371s] Level 1:colcon.colcon_core.package_identification:_identify(ROS_2_ANDROID) by extension 'ros'
[0.373s] DEBUG:colcon.colcon_core.package_identification:Package 'ROS_2_ANDROID' with type 'ros.ament_cmake' and name 'cpp_pubsub'
[0.373s] Level 1:colcon.colcon_core.package_identification:_identify(build) by extensions ['ignore', 'ignore_ament_install']
[0.373s] Level 1:colcon.colcon_core.package_identification:_identify(build) by extension 'ignore'
[0.373s] Level 1:colcon.colcon_core.package_identification:_identify(build) ignored
[0.373s] Level 1:colcon.colcon_core.package_identification:_identify(catkin_ws) by extensions ['ignore', 'ignore_ament_install']
[0.374s] Level 1:colcon.colcon_core.package_identification:_identify(catkin_ws) by extension 'ignore'
[0.374s] Level 1:colcon.colcon_core.package_identification:_identify(catkin_ws) by extension 'ignore_ament_install'
[0.374s] Level 1:colcon.colcon_core.package_identification:_identify(catkin_ws) by extensions ['colcon_pkg']
[0.374s] Level 1:colcon.colcon_core.package_identification:_identify(catkin_ws) by extension 'colcon_pkg'
[0.374s] Level 1:colcon.colcon_core.package_identification:_identify(catkin_ws) by extensions ['colcon_meta']
[0.374s] Level 1:colcon.colcon_core.package_identification:_identify(catkin_ws) by extension 'colcon_meta'
[0.374s] Level 1:colcon.colcon_core.package_identification:_identify(catkin_ws) by extensions ['ros']
[0.374s] Level 1:colcon.colcon_core.package_identification:_identify(catkin_ws) by extension 'ros'
[0.374s] Level 1:colcon.colcon_core.package_identification:_identify(catkin_ws) by extensions ['cmake', 'python']
[0.374s] Level 1:colcon.colcon_core.package_identification:_identify(catkin_ws) by extension 'cmake'
[0.375s] Level 1:colcon.colcon_core.package_identification:_identify(catkin_ws) by extension 'python'
[0.375s] Level 1:colcon.colcon_core.package_identification:_identify(catkin_ws) by extensions ['python_setup_py']
[0.375s] Level 1:colcon.colcon_core.package_identification:_identify(catkin_ws) by extension 'python_setup_py'
[0.375s] Level 1:colcon.colcon_core.package_identification:_identify(catkin_ws/build) by extensions ['ignore', 'ignore_ament_install']
[0.375s] Level 1:colcon.colcon_core.package_identification:_identify(catkin_ws/build) by extension 'ignore'
[0.375s] Level 1:colcon.colcon_core.package_identification:_identify(catkin_ws/build) by extension 'ignore_ament_install'
[0.375s] Level 1:colcon.colcon_core.package_identification:_identify(catkin_ws/build) by extensions ['colcon_pkg']
[0.375s] Level 1:colcon.colcon_core.package_identification:_identify(catkin_ws/build) by extension 'colcon_pkg'
[0.375s] Level 1:colcon.colcon_core.package_identification:_identify(catkin_ws/build) by extensions ['colcon_meta']
[0.375s] Level 1:colcon.colcon_core.package_identification:_identify(catkin_ws/build) by extension 'colcon_meta'
[0.375s] Level 1:colcon.colcon_core.package_identification:_identify(catkin_ws/build) by extensions ['ros']
[0.375s] Level 1:colcon.colcon_core.package_identification:_identify(catkin_ws/build) by extension 'ros'
[0.375s] Level 1:colcon.colcon_core.package_identification:_identify(catkin_ws/build) ignored
[0.375s] Level 1:colcon.colcon_core.package_identification:_identify(catkin_ws/devel) by extensions ['ignore', 'ignore_ament_install']
[0.376s] Level 1:colcon.colcon_core.package_identification:_identify(catkin_ws/devel) by extension 'ignore'
[0.376s] Level 1:colcon.colcon_core.package_identification:_identify(catkin_ws/devel) by extension 'ignore_ament_install'
[0.376s] Level 1:colcon.colcon_core.package_identification:_identify(catkin_ws/devel) ignored
[0.376s] Level 1:colcon.colcon_core.package_identification:_identify(catkin_ws/src) by extensions ['ignore', 'ignore_ament_install']
[0.376s] Level 1:colcon.colcon_core.package_identification:_identify(catkin_ws/src) by extension 'ignore'
[0.376s] Level 1:colcon.colcon_core.package_identification:_identify(catkin_ws/src) by extension 'ignore_ament_install'
[0.376s] Level 1:colcon.colcon_core.package_identification:_identify(catkin_ws/src) by extensions ['colcon_pkg']
[0.376s] Level 1:colcon.colcon_core.package_identification:_identify(catkin_ws/src) by extension 'colcon_pkg'
[0.376s] Level 1:colcon.colcon_core.package_identification:_identify(catkin_ws/src) by extensions ['colcon_meta']
[0.376s] Level 1:colcon.colcon_core.package_identification:_identify(catkin_ws/src) by extension 'colcon_meta'
[0.376s] Level 1:colcon.colcon_core.package_identification:_identify(catkin_ws/src) by extensions ['ros']
[0.376s] Level 1:colcon.colcon_core.package_identification:_identify(catkin_ws/src) by extension 'ros'
[0.376s] Level 1:colcon.colcon_core.package_identification:_identify(catkin_ws/src) by extensions ['cmake', 'python']
[0.376s] Level 1:colcon.colcon_core.package_identification:_identify(catkin_ws/src) by extension 'cmake'
[0.378s] WARNING:colcon.colcon_cmake.package_identification.cmake:Ignoring 'catkin_ws/src/CMakeLists.txt' since it seems to be a toplevel CMake file generated by 'catkin_make'
[0.378s] Level 1:colcon.colcon_core.package_identification:_identify(catkin_ws/src) by extension 'python'
[0.378s] Level 1:colcon.colcon_core.package_identification:_identify(catkin_ws/src) by extensions ['python_setup_py']
[0.378s] Level 1:colcon.colcon_core.package_identification:_identify(catkin_ws/src) by extension 'python_setup_py'
[0.378s] Level 1:colcon.colcon_core.package_identification:_identify(catkin_ws/src/opencv) by extensions ['ignore', 'ignore_ament_install']
[0.379s] Level 1:colcon.colcon_core.package_identification:_identify(catkin_ws/src/opencv) by extension 'ignore'
[0.379s] Level 1:colcon.colcon_core.package_identification:_identify(catkin_ws/src/opencv) by extension 'ignore_ament_install'
[0.379s] Level 1:colcon.colcon_core.package_identification:_identify(catkin_ws/src/opencv) by extensions ['colcon_pkg']
[0.379s] Level 1:colcon.colcon_core.package_identification:_identify(catkin_ws/src/opencv) by extension 'colcon_pkg'
[0.379s] Level 1:colcon.colcon_core.package_identification:_identify(catkin_ws/src/opencv) by extensions ['colcon_meta']
[0.379s] Level 1:colcon.colcon_core.package_identification:_identify(catkin_ws/src/opencv) by extension 'colcon_meta'
[0.380s] Level 1:colcon.colcon_core.package_identification:_identify(catkin_ws/src/opencv) by extensions ['ros']
[0.380s] Level 1:colcon.colcon_core.package_identification:_identify(catkin_ws/src/opencv) by extension 'ros'
[0.381s] DEBUG:colcon.colcon_core.package_identification:Package 'catkin_ws/src/opencv' with type 'ros.catkin' and name 'opencv'
[0.381s] Level 1:colcon.colcon_core.package_identification:_identify(cfg) by extensions ['ignore', 'ignore_ament_install']
[0.381s] Level 1:colcon.colcon_core.package_identification:_identify(cfg) by extension 'ignore'
[0.382s] Level 1:colcon.colcon_core.package_identification:_identify(cfg) by extension 'ignore_ament_install'
[0.382s] Level 1:colcon.colcon_core.package_identification:_identify(cfg) by extensions ['colcon_pkg']
[0.382s] Level 1:colcon.colcon_core.package_identification:_identify(cfg) by extension 'colcon_pkg'
[0.382s] Level 1:colcon.colcon_core.package_identification:_identify(cfg) by extensions ['colcon_meta']
[0.382s] Level 1:colcon.colcon_core.package_identification:_identify(cfg) by extension 'colcon_meta'
[0.382s] Level 1:colcon.colcon_core.package_identification:_identify(cfg) by extensions ['ros']
[0.382s] Level 1:colcon.colcon_core.package_identification:_identify(cfg) by extension 'ros'
[0.382s] Level 1:colcon.colcon_core.package_identification:_identify(cfg) by extensions ['cmake', 'python']
[0.382s] Level 1:colcon.colcon_core.package_identification:_identify(cfg) by extension 'cmake'
[0.382s] Level 1:colcon.colcon_core.package_identification:_identify(cfg) by extension 'python'
[0.382s] Level 1:colcon.colcon_core.package_identification:_identify(cfg) by extensions ['python_setup_py']
[0.382s] Level 1:colcon.colcon_core.package_identification:_identify(cfg) by extension 'python_setup_py'
[0.382s] Level 1:colcon.colcon_core.package_identification:_identify(control) by extensions ['ignore', 'ignore_ament_install']
[0.383s] Level 1:colcon.colcon_core.package_identification:_identify(control) by extension 'ignore'
[0.383s] Level 1:colcon.colcon_core.package_identification:_identify(control) by extension 'ignore_ament_install'
[0.383s] Level 1:colcon.colcon_core.package_identification:_identify(control) by extensions ['colcon_pkg']
[0.383s] Level 1:colcon.colcon_core.package_identification:_identify(control) by extension 'colcon_pkg'
[0.383s] Level 1:colcon.colcon_core.package_identification:_identify(control) by extensions ['colcon_meta']
[0.383s] Level 1:colcon.colcon_core.package_identification:_identify(control) by extension 'colcon_meta'
[0.383s] Level 1:colcon.colcon_core.package_identification:_identify(control) by extensions ['ros']
[0.383s] Level 1:colcon.colcon_core.package_identification:_identify(control) by extension 'ros'
[0.383s] Level 1:colcon.colcon_core.package_identification:_identify(control) by extensions ['cmake', 'python']
[0.383s] Level 1:colcon.colcon_core.package_identification:_identify(control) by extension 'cmake'
[0.383s] Level 1:colcon.colcon_core.package_identification:_identify(control) by extension 'python'
[0.383s] Level 1:colcon.colcon_core.package_identification:_identify(control) by extensions ['python_setup_py']
[0.383s] Level 1:colcon.colcon_core.package_identification:_identify(control) by extension 'python_setup_py'
[0.384s] Level 1:colcon.colcon_core.package_identification:_identify(custom_msg) by extensions ['ignore', 'ignore_ament_install']
[0.384s] Level 1:colcon.colcon_core.package_identification:_identify(custom_msg) by extension 'ignore'
[0.384s] Level 1:colcon.colcon_core.package_identification:_identify(custom_msg) by extension 'ignore_ament_install'
[0.384s] Level 1:colcon.colcon_core.package_identification:_identify(custom_msg) by extensions ['colcon_pkg']
[0.384s] Level 1:colcon.colcon_core.package_identification:_identify(custom_msg) by extension 'colcon_pkg'
[0.384s] Level 1:colcon.colcon_core.package_identification:_identify(custom_msg) by extensions ['colcon_meta']
[0.384s] Level 1:colcon.colcon_core.package_identification:_identify(custom_msg) by extension 'colcon_meta'
[0.384s] Level 1:colcon.colcon_core.package_identification:_identify(custom_msg) by extensions ['ros']
[0.384s] Level 1:colcon.colcon_core.package_identification:_identify(custom_msg) by extension 'ros'
[0.385s] DEBUG:colcon.colcon_core.package_identification:Package 'custom_msg' with type 'ros.ament_cmake' and name 'custom_msg'
[0.385s] Level 1:colcon.colcon_core.package_identification:_identify(dense) by extensions ['ignore', 'ignore_ament_install']
[0.385s] Level 1:colcon.colcon_core.package_identification:_identify(dense) by extension 'ignore'
[0.385s] Level 1:colcon.colcon_core.package_identification:_identify(dense) by extension 'ignore_ament_install'
[0.386s] Level 1:colcon.colcon_core.package_identification:_identify(dense) by extensions ['colcon_pkg']
[0.386s] Level 1:colcon.colcon_core.package_identification:_identify(dense) by extension 'colcon_pkg'
[0.386s] Level 1:colcon.colcon_core.package_identification:_identify(dense) by extensions ['colcon_meta']
[0.386s] Level 1:colcon.colcon_core.package_identification:_identify(dense) by extension 'colcon_meta'
[0.386s] Level 1:colcon.colcon_core.package_identification:_identify(dense) by extensions ['ros']
[0.386s] Level 1:colcon.colcon_core.package_identification:_identify(dense) by extension 'ros'
[0.386s] Level 1:colcon.colcon_core.package_identification:_identify(dense) by extensions ['cmake', 'python']
[0.386s] Level 1:colcon.colcon_core.package_identification:_identify(dense) by extension 'cmake'
[0.386s] Level 1:colcon.colcon_core.package_identification:_identify(dense) by extension 'python'
[0.386s] Level 1:colcon.colcon_core.package_identification:_identify(dense) by extensions ['python_setup_py']
[0.386s] Level 1:colcon.colcon_core.package_identification:_identify(dense) by extension 'python_setup_py'
[0.386s] Level 1:colcon.colcon_core.package_identification:_identify(dense/images) by extensions ['ignore', 'ignore_ament_install']
[0.387s] Level 1:colcon.colcon_core.package_identification:_identify(dense/images) by extension 'ignore'
[0.387s] Level 1:colcon.colcon_core.package_identification:_identify(dense/images) by extension 'ignore_ament_install'
[0.387s] Level 1:colcon.colcon_core.package_identification:_identify(dense/images) by extensions ['colcon_pkg']
[0.387s] Level 1:colcon.colcon_core.package_identification:_identify(dense/images) by extension 'colcon_pkg'
[0.387s] Level 1:colcon.colcon_core.package_identification:_identify(dense/images) by extensions ['colcon_meta']
[0.387s] Level 1:colcon.colcon_core.package_identification:_identify(dense/images) by extension 'colcon_meta'
[0.387s] Level 1:colcon.colcon_core.package_identification:_identify(dense/images) by extensions ['ros']
[0.387s] Level 1:colcon.colcon_core.package_identification:_identify(dense/images) by extension 'ros'
[0.387s] Level 1:colcon.colcon_core.package_identification:_identify(dense/images) by extensions ['cmake', 'python']
[0.387s] Level 1:colcon.colcon_core.package_identification:_identify(dense/images) by extension 'cmake'
[0.387s] Level 1:colcon.colcon_core.package_identification:_identify(dense/images) by extension 'python'
[0.387s] Level 1:colcon.colcon_core.package_identification:_identify(dense/images) by extensions ['python_setup_py']
[0.387s] Level 1:colcon.colcon_core.package_identification:_identify(dense/images) by extension 'python_setup_py'
[0.387s] Level 1:colcon.colcon_core.package_identification:_identify(dense/sparse) by extensions ['ignore', 'ignore_ament_install']
[0.387s] Level 1:colcon.colcon_core.package_identification:_identify(dense/sparse) by extension 'ignore'
[0.387s] Level 1:colcon.colcon_core.package_identification:_identify(dense/sparse) by extension 'ignore_ament_install'
[0.388s] Level 1:colcon.colcon_core.package_identification:_identify(dense/sparse) by extensions ['colcon_pkg']
[0.388s] Level 1:colcon.colcon_core.package_identification:_identify(dense/sparse) by extension 'colcon_pkg'
[0.388s] Level 1:colcon.colcon_core.package_identification:_identify(dense/sparse) by extensions ['colcon_meta']
[0.388s] Level 1:colcon.colcon_core.package_identification:_identify(dense/sparse) by extension 'colcon_meta'
[0.388s] Level 1:colcon.colcon_core.package_identification:_identify(dense/sparse) by extensions ['ros']
[0.388s] Level 1:colcon.colcon_core.package_identification:_identify(dense/sparse) by extension 'ros'
[0.388s] Level 1:colcon.colcon_core.package_identification:_identify(dense/sparse) by extensions ['cmake', 'python']
[0.388s] Level 1:colcon.colcon_core.package_identification:_identify(dense/sparse) by extension 'cmake'
[0.388s] Level 1:colcon.colcon_core.package_identification:_identify(dense/sparse) by extension 'python'
[0.388s] Level 1:colcon.colcon_core.package_identification:_identify(dense/sparse) by extensions ['python_setup_py']
[0.388s] Level 1:colcon.colcon_core.package_identification:_identify(dense/sparse) by extension 'python_setup_py'
[0.388s] Level 1:colcon.colcon_core.package_identification:_identify(dense/stereo) by extensions ['ignore', 'ignore_ament_install']
[0.388s] Level 1:colcon.colcon_core.package_identification:_identify(dense/stereo) by extension 'ignore'
[0.389s] Level 1:colcon.colcon_core.package_identification:_identify(dense/stereo) by extension 'ignore_ament_install'
[0.389s] Level 1:colcon.colcon_core.package_identification:_identify(dense/stereo) by extensions ['colcon_pkg']
[0.389s] Level 1:colcon.colcon_core.package_identification:_identify(dense/stereo) by extension 'colcon_pkg'
[0.389s] Level 1:colcon.colcon_core.package_identification:_identify(dense/stereo) by extensions ['colcon_meta']
[0.389s] Level 1:colcon.colcon_core.package_identification:_identify(dense/stereo) by extension 'colcon_meta'
[0.389s] Level 1:colcon.colcon_core.package_identification:_identify(dense/stereo) by extensions ['ros']
[0.389s] Level 1:colcon.colcon_core.package_identification:_identify(dense/stereo) by extension 'ros'
[0.389s] Level 1:colcon.colcon_core.package_identification:_identify(dense/stereo) by extensions ['cmake', 'python']
[0.389s] Level 1:colcon.colcon_core.package_identification:_identify(dense/stereo) by extension 'cmake'
[0.389s] Level 1:colcon.colcon_core.package_identification:_identify(dense/stereo) by extension 'python'
[0.389s] Level 1:colcon.colcon_core.package_identification:_identify(dense/stereo) by extensions ['python_setup_py']
[0.389s] Level 1:colcon.colcon_core.package_identification:_identify(dense/stereo) by extension 'python_setup_py'
[0.390s] Level 1:colcon.colcon_core.package_identification:_identify(dense/stereo/consistency_graphs) by extensions ['ignore', 'ignore_ament_install']
[0.390s] Level 1:colcon.colcon_core.package_identification:_identify(dense/stereo/consistency_graphs) by extension 'ignore'
[0.390s] Level 1:colcon.colcon_core.package_identification:_identify(dense/stereo/consistency_graphs) by extension 'ignore_ament_install'
[0.390s] Level 1:colcon.colcon_core.package_identification:_identify(dense/stereo/consistency_graphs) by extensions ['colcon_pkg']
[0.390s] Level 1:colcon.colcon_core.package_identification:_identify(dense/stereo/consistency_graphs) by extension 'colcon_pkg'
[0.390s] Level 1:colcon.colcon_core.package_identification:_identify(dense/stereo/consistency_graphs) by extensions ['colcon_meta']
[0.390s] Level 1:colcon.colcon_core.package_identification:_identify(dense/stereo/consistency_graphs) by extension 'colcon_meta'
[0.390s] Level 1:colcon.colcon_core.package_identification:_identify(dense/stereo/consistency_graphs) by extensions ['ros']
[0.390s] Level 1:colcon.colcon_core.package_identification:_identify(dense/stereo/consistency_graphs) by extension 'ros'
[0.391s] Level 1:colcon.colcon_core.package_identification:_identify(dense/stereo/consistency_graphs) by extensions ['cmake', 'python']
[0.391s] Level 1:colcon.colcon_core.package_identification:_identify(dense/stereo/consistency_graphs) by extension 'cmake'
[0.391s] Level 1:colcon.colcon_core.package_identification:_identify(dense/stereo/consistency_graphs) by extension 'python'
[0.391s] Level 1:colcon.colcon_core.package_identification:_identify(dense/stereo/consistency_graphs) by extensions ['python_setup_py']
[0.391s] Level 1:colcon.colcon_core.package_identification:_identify(dense/stereo/consistency_graphs) by extension 'python_setup_py'
[0.391s] Level 1:colcon.colcon_core.package_identification:_identify(dense/stereo/depth_maps) by extensions ['ignore', 'ignore_ament_install']
[0.391s] Level 1:colcon.colcon_core.package_identification:_identify(dense/stereo/depth_maps) by extension 'ignore'
[0.391s] Level 1:colcon.colcon_core.package_identification:_identify(dense/stereo/depth_maps) by extension 'ignore_ament_install'
[0.392s] Level 1:colcon.colcon_core.package_identification:_identify(dense/stereo/depth_maps) by extensions ['colcon_pkg']
[0.392s] Level 1:colcon.colcon_core.package_identification:_identify(dense/stereo/depth_maps) by extension 'colcon_pkg'
[0.392s] Level 1:colcon.colcon_core.package_identification:_identify(dense/stereo/depth_maps) by extensions ['colcon_meta']
[0.392s] Level 1:colcon.colcon_core.package_identification:_identify(dense/stereo/depth_maps) by extension 'colcon_meta'
[0.392s] Level 1:colcon.colcon_core.package_identification:_identify(dense/stereo/depth_maps) by extensions ['ros']
[0.392s] Level 1:colcon.colcon_core.package_identification:_identify(dense/stereo/depth_maps) by extension 'ros'
[0.392s] Level 1:colcon.colcon_core.package_identification:_identify(dense/stereo/depth_maps) by extensions ['cmake', 'python']
[0.392s] Level 1:colcon.colcon_core.package_identification:_identify(dense/stereo/depth_maps) by extension 'cmake'
[0.392s] Level 1:colcon.colcon_core.package_identification:_identify(dense/stereo/depth_maps) by extension 'python'
[0.392s] Level 1:colcon.colcon_core.package_identification:_identify(dense/stereo/depth_maps) by extensions ['python_setup_py']
[0.392s] Level 1:colcon.colcon_core.package_identification:_identify(dense/stereo/depth_maps) by extension 'python_setup_py'
[0.393s] Level 1:colcon.colcon_core.package_identification:_identify(dense/stereo/normal_maps) by extensions ['ignore', 'ignore_ament_install']
[0.393s] Level 1:colcon.colcon_core.package_identification:_identify(dense/stereo/normal_maps) by extension 'ignore'
[0.393s] Level 1:colcon.colcon_core.package_identification:_identify(dense/stereo/normal_maps) by extension 'ignore_ament_install'
[0.393s] Level 1:colcon.colcon_core.package_identification:_identify(dense/stereo/normal_maps) by extensions ['colcon_pkg']
[0.393s] Level 1:colcon.colcon_core.package_identification:_identify(dense/stereo/normal_maps) by extension 'colcon_pkg'
[0.393s] Level 1:colcon.colcon_core.package_identification:_identify(dense/stereo/normal_maps) by extensions ['colcon_meta']
[0.393s] Level 1:colcon.colcon_core.package_identification:_identify(dense/stereo/normal_maps) by extension 'colcon_meta'
[0.393s] Level 1:colcon.colcon_core.package_identification:_identify(dense/stereo/normal_maps) by extensions ['ros']
[0.393s] Level 1:colcon.colcon_core.package_identification:_identify(dense/stereo/normal_maps) by extension 'ros'
[0.394s] Level 1:colcon.colcon_core.package_identification:_identify(dense/stereo/normal_maps) by extensions ['cmake', 'python']
[0.394s] Level 1:colcon.colcon_core.package_identification:_identify(dense/stereo/normal_maps) by extension 'cmake'
[0.394s] Level 1:colcon.colcon_core.package_identification:_identify(dense/stereo/normal_maps) by extension 'python'
[0.394s] Level 1:colcon.colcon_core.package_identification:_identify(dense/stereo/normal_maps) by extensions ['python_setup_py']
[0.394s] Level 1:colcon.colcon_core.package_identification:_identify(dense/stereo/normal_maps) by extension 'python_setup_py'
[0.394s] Level 1:colcon.colcon_core.package_identification:_identify(images) by extensions ['ignore', 'ignore_ament_install']
[0.394s] Level 1:colcon.colcon_core.package_identification:_identify(images) by extension 'ignore'
[0.394s] Level 1:colcon.colcon_core.package_identification:_identify(images) by extension 'ignore_ament_install'
[0.394s] Level 1:colcon.colcon_core.package_identification:_identify(images) by extensions ['colcon_pkg']
[0.394s] Level 1:colcon.colcon_core.package_identification:_identify(images) by extension 'colcon_pkg'
[0.395s] Level 1:colcon.colcon_core.package_identification:_identify(images) by extensions ['colcon_meta']
[0.395s] Level 1:colcon.colcon_core.package_identification:_identify(images) by extension 'colcon_meta'
[0.395s] Level 1:colcon.colcon_core.package_identification:_identify(images) by extensions ['ros']
[0.395s] Level 1:colcon.colcon_core.package_identification:_identify(images) by extension 'ros'
[0.395s] Level 1:colcon.colcon_core.package_identification:_identify(images) by extensions ['cmake', 'python']
[0.395s] Level 1:colcon.colcon_core.package_identification:_identify(images) by extension 'cmake'
[0.395s] Level 1:colcon.colcon_core.package_identification:_identify(images) by extension 'python'
[0.395s] Level 1:colcon.colcon_core.package_identification:_identify(images) by extensions ['python_setup_py']
[0.395s] Level 1:colcon.colcon_core.package_identification:_identify(images) by extension 'python_setup_py'
[0.395s] Level 1:colcon.colcon_core.package_identification:_identify(install) by extensions ['ignore', 'ignore_ament_install']
[0.396s] Level 1:colcon.colcon_core.package_identification:_identify(install) by extension 'ignore'
[0.396s] Level 1:colcon.colcon_core.package_identification:_identify(install) ignored
[0.396s] Level 1:colcon.colcon_core.package_identification:_identify(lofi) by extensions ['ignore', 'ignore_ament_install']
[0.396s] Level 1:colcon.colcon_core.package_identification:_identify(lofi) by extension 'ignore'
[0.396s] Level 1:colcon.colcon_core.package_identification:_identify(lofi) by extension 'ignore_ament_install'
[0.397s] Level 1:colcon.colcon_core.package_identification:_identify(lofi) by extensions ['colcon_pkg']
[0.397s] Level 1:colcon.colcon_core.package_identification:_identify(lofi) by extension 'colcon_pkg'
[0.397s] Level 1:colcon.colcon_core.package_identification:_identify(lofi) by extensions ['colcon_meta']
[0.397s] Level 1:colcon.colcon_core.package_identification:_identify(lofi) by extension 'colcon_meta'
[0.397s] Level 1:colcon.colcon_core.package_identification:_identify(lofi) by extensions ['ros']
[0.397s] Level 1:colcon.colcon_core.package_identification:_identify(lofi) by extension 'ros'
[0.398s] DEBUG:colcon.colcon_core.package_identification:Package 'lofi' with type 'ros.ament_python' and name 'lofi'
[0.398s] Level 1:colcon.colcon_core.package_identification:_identify(log) by extensions ['ignore', 'ignore_ament_install']
[0.399s] Level 1:colcon.colcon_core.package_identification:_identify(log) by extension 'ignore'
[0.399s] Level 1:colcon.colcon_core.package_identification:_identify(log) ignored
[0.399s] Level 1:colcon.colcon_core.package_identification:_identify(other file) by extensions ['ignore', 'ignore_ament_install']
[0.399s] Level 1:colcon.colcon_core.package_identification:_identify(other file) by extension 'ignore'
[0.399s] Level 1:colcon.colcon_core.package_identification:_identify(other file) by extension 'ignore_ament_install'
[0.399s] Level 1:colcon.colcon_core.package_identification:_identify(other file) by extensions ['colcon_pkg']
[0.399s] Level 1:colcon.colcon_core.package_identification:_identify(other file) by extension 'colcon_pkg'
[0.399s] Level 1:colcon.colcon_core.package_identification:_identify(other file) by extensions ['colcon_meta']
[0.399s] Level 1:colcon.colcon_core.package_identification:_identify(other file) by extension 'colcon_meta'
[0.399s] Level 1:colcon.colcon_core.package_identification:_identify(other file) by extensions ['ros']
[0.399s] Level 1:colcon.colcon_core.package_identification:_identify(other file) by extension 'ros'
[0.400s] Level 1:colcon.colcon_core.package_identification:_identify(other file) by extensions ['cmake', 'python']
[0.400s] Level 1:colcon.colcon_core.package_identification:_identify(other file) by extension 'cmake'
[0.400s] Level 1:colcon.colcon_core.package_identification:_identify(other file) by extension 'python'
[0.400s] Level 1:colcon.colcon_core.package_identification:_identify(other file) by extensions ['python_setup_py']
[0.400s] Level 1:colcon.colcon_core.package_identification:_identify(other file) by extension 'python_setup_py'
[0.400s] Level 1:colcon.colcon_core.package_identification:_identify(result) by extensions ['ignore', 'ignore_ament_install']
[0.400s] Level 1:colcon.colcon_core.package_identification:_identify(result) by extension 'ignore'
[0.400s] Level 1:colcon.colcon_core.package_identification:_identify(result) by extension 'ignore_ament_install'
[0.400s] Level 1:colcon.colcon_core.package_identification:_identify(result) by extensions ['colcon_pkg']
[0.400s] Level 1:colcon.colcon_core.package_identification:_identify(result) by extension 'colcon_pkg'
[0.400s] Level 1:colcon.colcon_core.package_identification:_identify(result) by extensions ['colcon_meta']
[0.400s] Level 1:colcon.colcon_core.package_identification:_identify(result) by extension 'colcon_meta'
[0.400s] Level 1:colcon.colcon_core.package_identification:_identify(result) by extensions ['ros']
[0.400s] Level 1:colcon.colcon_core.package_identification:_identify(result) by extension 'ros'
[0.401s] Level 1:colcon.colcon_core.package_identification:_identify(result) by extensions ['cmake', 'python']
[0.401s] Level 1:colcon.colcon_core.package_identification:_identify(result) by extension 'cmake'
[0.401s] Level 1:colcon.colcon_core.package_identification:_identify(result) by extension 'python'
[0.401s] Level 1:colcon.colcon_core.package_identification:_identify(result) by extensions ['python_setup_py']
[0.401s] Level 1:colcon.colcon_core.package_identification:_identify(result) by extension 'python_setup_py'
[0.401s] Level 1:colcon.colcon_core.package_identification:_identify(result2) by extensions ['ignore', 'ignore_ament_install']
[0.401s] Level 1:colcon.colcon_core.package_identification:_identify(result2) by extension 'ignore'
[0.401s] Level 1:colcon.colcon_core.package_identification:_identify(result2) by extension 'ignore_ament_install'
[0.401s] Level 1:colcon.colcon_core.package_identification:_identify(result2) by extensions ['colcon_pkg']
[0.401s] Level 1:colcon.colcon_core.package_identification:_identify(result2) by extension 'colcon_pkg'
[0.401s] Level 1:colcon.colcon_core.package_identification:_identify(result2) by extensions ['colcon_meta']
[0.401s] Level 1:colcon.colcon_core.package_identification:_identify(result2) by extension 'colcon_meta'
[0.401s] Level 1:colcon.colcon_core.package_identification:_identify(result2) by extensions ['ros']
[0.401s] Level 1:colcon.colcon_core.package_identification:_identify(result2) by extension 'ros'
[0.401s] Level 1:colcon.colcon_core.package_identification:_identify(result2) by extensions ['cmake', 'python']
[0.401s] Level 1:colcon.colcon_core.package_identification:_identify(result2) by extension 'cmake'
[0.401s] Level 1:colcon.colcon_core.package_identification:_identify(result2) by extension 'python'
[0.401s] Level 1:colcon.colcon_core.package_identification:_identify(result2) by extensions ['python_setup_py']
[0.401s] Level 1:colcon.colcon_core.package_identification:_identify(result2) by extension 'python_setup_py'
[0.402s] Level 1:colcon.colcon_core.package_identification:_identify(sparse) by extensions ['ignore', 'ignore_ament_install']
[0.402s] Level 1:colcon.colcon_core.package_identification:_identify(sparse) by extension 'ignore'
[0.402s] Level 1:colcon.colcon_core.package_identification:_identify(sparse) by extension 'ignore_ament_install'
[0.402s] Level 1:colcon.colcon_core.package_identification:_identify(sparse) by extensions ['colcon_pkg']
[0.402s] Level 1:colcon.colcon_core.package_identification:_identify(sparse) by extension 'colcon_pkg'
[0.402s] Level 1:colcon.colcon_core.package_identification:_identify(sparse) by extensions ['colcon_meta']
[0.402s] Level 1:colcon.colcon_core.package_identification:_identify(sparse) by extension 'colcon_meta'
[0.402s] Level 1:colcon.colcon_core.package_identification:_identify(sparse) by extensions ['ros']
[0.402s] Level 1:colcon.colcon_core.package_identification:_identify(sparse) by extension 'ros'
[0.402s] Level 1:colcon.colcon_core.package_identification:_identify(sparse) by extensions ['cmake', 'python']
[0.402s] Level 1:colcon.colcon_core.package_identification:_identify(sparse) by extension 'cmake'
[0.402s] Level 1:colcon.colcon_core.package_identification:_identify(sparse) by extension 'python'
[0.403s] Level 1:colcon.colcon_core.package_identification:_identify(sparse) by extensions ['python_setup_py']
[0.403s] Level 1:colcon.colcon_core.package_identification:_identify(sparse) by extension 'python_setup_py'
[0.403s] Level 1:colcon.colcon_core.package_identification:_identify(sparse/0) by extensions ['ignore', 'ignore_ament_install']
[0.403s] Level 1:colcon.colcon_core.package_identification:_identify(sparse/0) by extension 'ignore'
[0.403s] Level 1:colcon.colcon_core.package_identification:_identify(sparse/0) by extension 'ignore_ament_install'
[0.403s] Level 1:colcon.colcon_core.package_identification:_identify(sparse/0) by extensions ['colcon_pkg']
[0.403s] Level 1:colcon.colcon_core.package_identification:_identify(sparse/0) by extension 'colcon_pkg'
[0.403s] Level 1:colcon.colcon_core.package_identification:_identify(sparse/0) by extensions ['colcon_meta']
[0.403s] Level 1:colcon.colcon_core.package_identification:_identify(sparse/0) by extension 'colcon_meta'
[0.403s] Level 1:colcon.colcon_core.package_identification:_identify(sparse/0) by extensions ['ros']
[0.403s] Level 1:colcon.colcon_core.package_identification:_identify(sparse/0) by extension 'ros'
[0.403s] Level 1:colcon.colcon_core.package_identification:_identify(sparse/0) by extensions ['cmake', 'python']
[0.403s] Level 1:colcon.colcon_core.package_identification:_identify(sparse/0) by extension 'cmake'
[0.403s] Level 1:colcon.colcon_core.package_identification:_identify(sparse/0) by extension 'python'
[0.403s] Level 1:colcon.colcon_core.package_identification:_identify(sparse/0) by extensions ['python_setup_py']
[0.403s] Level 1:colcon.colcon_core.package_identification:_identify(sparse/0) by extension 'python_setup_py'
[0.403s] Level 1:colcon.colcon_core.package_discovery:discover_packages(recursive) using defaults
[0.403s] Level 1:colcon.colcon_core.package_discovery:discover_packages(ignore) discover
[0.403s] Level 1:colcon.colcon_core.package_discovery:discover_packages(ignore) using defaults
[0.403s] Level 1:colcon.colcon_core.package_discovery:discover_packages(path) discover
[0.403s] Level 1:colcon.colcon_core.package_discovery:discover_packages(path) using defaults
[0.444s] Level 1:colcon.colcon_core.package_discovery:discover_packages(prefix_path) check parameters
[0.444s] Level 1:colcon.colcon_core.package_discovery:discover_packages(prefix_path) discover
[0.451s] DEBUG:colcon.colcon_installed_package_information.package_discovery:Found 256 installed packages in /opt/ros/foxy
[0.455s] Level 1:colcon.colcon_core.package_discovery:discover_packages(prefix_path) using defaults
[0.560s] Level 5:colcon.colcon_core.verb:set package 'cpp_pubsub' build argument 'cmake_args' from command line to 'None'
[0.560s] Level 5:colcon.colcon_core.verb:set package 'cpp_pubsub' build argument 'cmake_target' from command line to 'None'
[0.560s] Level 5:colcon.colcon_core.verb:set package 'cpp_pubsub' build argument 'cmake_target_skip_unavailable' from command line to 'False'
[0.560s] Level 5:colcon.colcon_core.verb:set package 'cpp_pubsub' build argument 'cmake_clean_cache' from command line to 'False'
[0.560s] Level 5:colcon.colcon_core.verb:set package 'cpp_pubsub' build argument 'cmake_clean_first' from command line to 'False'
[0.560s] Level 5:colcon.colcon_core.verb:set package 'cpp_pubsub' build argument 'cmake_force_configure' from command line to 'False'
[0.560s] Level 5:colcon.colcon_core.verb:set package 'cpp_pubsub' build argument 'ament_cmake_args' from command line to 'None'
[0.560s] Level 5:colcon.colcon_core.verb:set package 'cpp_pubsub' build argument 'catkin_cmake_args' from command line to 'None'
[0.560s] Level 5:colcon.colcon_core.verb:set package 'cpp_pubsub' build argument 'catkin_skip_building_tests' from command line to 'False'
[0.560s] DEBUG:colcon.colcon_core.verb:Building package 'cpp_pubsub' with the following arguments: {'ament_cmake_args': None, 'build_base': '/home/mingyu/lofi/build/cpp_pubsub', 'catkin_cmake_args': None, 'catkin_skip_building_tests': False, 'cmake_args': None, 'cmake_clean_cache': False, 'cmake_clean_first': False, 'cmake_force_configure': False, 'cmake_target': None, 'cmake_target_skip_unavailable': False, 'install_base': '/home/mingyu/lofi/install/cpp_pubsub', 'merge_install': False, 'path': '/home/mingyu/lofi/ROS_2_ANDROID', 'symlink_install': False, 'test_result_base': None}
[0.564s] Level 5:colcon.colcon_core.verb:set package 'custom_msg' build argument 'cmake_args' from command line to 'None'
[0.564s] Level 5:colcon.colcon_core.verb:set package 'custom_msg' build argument 'cmake_target' from command line to 'None'
[0.564s] Level 5:colcon.colcon_core.verb:set package 'custom_msg' build argument 'cmake_target_skip_unavailable' from command line to 'False'
[0.564s] Level 5:colcon.colcon_core.verb:set package 'custom_msg' build argument 'cmake_clean_cache' from command line to 'False'
[0.565s] Level 5:colcon.colcon_core.verb:set package 'custom_msg' build argument 'cmake_clean_first' from command line to 'False'
[0.565s] Level 5:colcon.colcon_core.verb:set package 'custom_msg' build argument 'cmake_force_configure' from command line to 'False'
[0.565s] Level 5:colcon.colcon_core.verb:set package 'custom_msg' build argument 'ament_cmake_args' from command line to 'None'
[0.565s] Level 5:colcon.colcon_core.verb:set package 'custom_msg' build argument 'catkin_cmake_args' from command line to 'None'
[0.565s] Level 5:colcon.colcon_core.verb:set package 'custom_msg' build argument 'catkin_skip_building_tests' from command line to 'False'
[0.565s] DEBUG:colcon.colcon_core.verb:Building package 'custom_msg' with the following arguments: {'ament_cmake_args': None, 'build_base': '/home/mingyu/lofi/build/custom_msg', 'catkin_cmake_args': None, 'catkin_skip_building_tests': False, 'cmake_args': None, 'cmake_clean_cache': False, 'cmake_clean_first': False, 'cmake_force_configure': False, 'cmake_target': None, 'cmake_target_skip_unavailable': False, 'install_base': '/home/mingyu/lofi/install/custom_msg', 'merge_install': False, 'path': '/home/mingyu/lofi/custom_msg', 'symlink_install': False, 'test_result_base': None}
[0.569s] Level 5:colcon.colcon_core.verb:set package 'opencv' build argument 'cmake_args' from command line to 'None'
[0.569s] Level 5:colcon.colcon_core.verb:set package 'opencv' build argument 'cmake_target' from command line to 'None'
[0.569s] Level 5:colcon.colcon_core.verb:set package 'opencv' build argument 'cmake_target_skip_unavailable' from command line to 'False'
[0.569s] Level 5:colcon.colcon_core.verb:set package 'opencv' build argument 'cmake_clean_cache' from command line to 'False'
[0.569s] Level 5:colcon.colcon_core.verb:set package 'opencv' build argument 'cmake_clean_first' from command line to 'False'
[0.569s] Level 5:colcon.colcon_core.verb:set package 'opencv' build argument 'cmake_force_configure' from command line to 'False'
[0.569s] Level 5:colcon.colcon_core.verb:set package 'opencv' build argument 'ament_cmake_args' from command line to 'None'
[0.569s] Level 5:colcon.colcon_core.verb:set package 'opencv' build argument 'catkin_cmake_args' from command line to 'None'
[0.569s] Level 5:colcon.colcon_core.verb:set package 'opencv' build argument 'catkin_skip_building_tests' from command line to 'False'
[0.569s] DEBUG:colcon.colcon_core.verb:Building package 'opencv' with the following arguments: {'ament_cmake_args': None, 'build_base': '/home/mingyu/lofi/build/opencv', 'catkin_cmake_args': None, 'catkin_skip_building_tests': False, 'cmake_args': None, 'cmake_clean_cache': False, 'cmake_clean_first': False, 'cmake_force_configure': False, 'cmake_target': None, 'cmake_target_skip_unavailable': False, 'install_base': '/home/mingyu/lofi/install/opencv', 'merge_install': False, 'path': '/home/mingyu/lofi/catkin_ws/src/opencv', 'symlink_install': False, 'test_result_base': None}
[0.571s] Level 5:colcon.colcon_core.verb:set package 'lofi' build argument 'cmake_args' from command line to 'None'
[0.572s] Level 5:colcon.colcon_core.verb:set package 'lofi' build argument 'cmake_target' from command line to 'None'
[0.572s] Level 5:colcon.colcon_core.verb:set package 'lofi' build argument 'cmake_target_skip_unavailable' from command line to 'False'
[0.572s] Level 5:colcon.colcon_core.verb:set package 'lofi' build argument 'cmake_clean_cache' from command line to 'False'
[0.572s] Level 5:colcon.colcon_core.verb:set package 'lofi' build argument 'cmake_clean_first' from command line to 'False'
[0.572s] Level 5:colcon.colcon_core.verb:set package 'lofi' build argument 'cmake_force_configure' from command line to 'False'
[0.572s] Level 5:colcon.colcon_core.verb:set package 'lofi' build argument 'ament_cmake_args' from command line to 'None'
[0.572s] Level 5:colcon.colcon_core.verb:set package 'lofi' build argument 'catkin_cmake_args' from command line to 'None'
[0.572s] Level 5:colcon.colcon_core.verb:set package 'lofi' build argument 'catkin_skip_building_tests' from command line to 'False'
[0.572s] DEBUG:colcon.colcon_core.verb:Building package 'lofi' with the following arguments: {'ament_cmake_args': None, 'build_base': '/home/mingyu/lofi/build/lofi', 'catkin_cmake_args': None, 'catkin_skip_building_tests': False, 'cmake_args': None, 'cmake_clean_cache': False, 'cmake_clean_first': False, 'cmake_force_configure': False, 'cmake_target': None, 'cmake_target_skip_unavailable': False, 'install_base': '/home/mingyu/lofi/install/lofi', 'merge_install': False, 'path': '/home/mingyu/lofi/lofi', 'symlink_install': False, 'test_result_base': None}
[0.573s] INFO:colcon.colcon_core.executor:Executing jobs using 'parallel' executor
[0.587s] DEBUG:colcon.colcon_parallel_executor.executor.parallel:run_until_complete
[0.588s] INFO:colcon.colcon_ros.task.ament_cmake.build:Building ROS package in '/home/mingyu/lofi/custom_msg' with build type 'ament_cmake'
[0.588s] INFO:colcon.colcon_cmake.task.cmake.build:Building CMake package in '/home/mingyu/lofi/custom_msg'
[0.599s] INFO:colcon.colcon_core.plugin_system:Skipping extension 'colcon_core.shell.bat': Not used on non-Windows systems
[0.599s] INFO:colcon.colcon_core.shell:Skip shell extension 'powershell' for command environment: Not usable outside of PowerShell
[0.599s] DEBUG:colcon.colcon_core.shell:Skip shell extension 'dsv' for command environment
[0.606s] DEBUG:colcon.colcon_core.shell:Ignoring prefix path '/opt/ros/noetic'
[0.609s] INFO:colcon.colcon_ros.task.ament_cmake.build:Building ROS package in '/home/mingyu/lofi/ROS_2_ANDROID' with build type 'ament_cmake'
[0.610s] INFO:colcon.colcon_cmake.task.cmake.build:Building CMake package in '/home/mingyu/lofi/ROS_2_ANDROID'
[0.617s] INFO:colcon.colcon_core.shell:Skip shell extension 'powershell' for command environment: Not usable outside of PowerShell
[0.617s] DEBUG:colcon.colcon_core.shell:Skip shell extension 'dsv' for command environment
[0.627s] DEBUG:colcon.colcon_core.shell:Ignoring prefix path '/opt/ros/noetic'
[0.630s] INFO:colcon.colcon_ros.task.catkin.build:Building ROS package in '/home/mingyu/lofi/catkin_ws/src/opencv' with build type 'catkin'
[0.630s] INFO:colcon.colcon_cmake.task.cmake.build:Building CMake package in '/home/mingyu/lofi/catkin_ws/src/opencv'
[0.636s] INFO:colcon.colcon_core.shell:Skip shell extension 'powershell' for command environment: Not usable outside of PowerShell
[0.637s] DEBUG:colcon.colcon_core.shell:Skip shell extension 'dsv' for command environment
[0.643s] DEBUG:colcon.colcon_core.shell:Ignoring prefix path '/opt/ros/noetic'
[0.654s] DEBUG:colcon.colcon_core.event_handler.log_command:Invoking command in '/home/mingyu/lofi/build/custom_msg': CMAKE_PREFIX_PATH=/opt/ros/foxy:${CMAKE_PREFIX_PATH} /usr/bin/cmake --build /home/mingyu/lofi/build/custom_msg -- -j12 -l12
[0.667s] DEBUG:colcon.colcon_core.event_handler.log_command:Invoking command in '/home/mingyu/lofi/build/cpp_pubsub': CMAKE_PREFIX_PATH=/opt/ros/foxy:${CMAKE_PREFIX_PATH} /usr/bin/cmake --build /home/mingyu/lofi/build/cpp_pubsub -- -j12 -l12
[0.674s] DEBUG:colcon.colcon_core.event_handler.log_command:Invoking command in '/home/mingyu/lofi/build/opencv': /usr/bin/cmake --build /home/mingyu/lofi/build/opencv -- -j12 -l12
[0.785s] DEBUG:colcon.colcon_core.event_handler.log_command:Invoked command in '/home/mingyu/lofi/build/cpp_pubsub' returned '0': CMAKE_PREFIX_PATH=/opt/ros/foxy:${CMAKE_PREFIX_PATH} /usr/bin/cmake --build /home/mingyu/lofi/build/cpp_pubsub -- -j12 -l12
[0.794s] DEBUG:colcon.colcon_core.event_handler.log_command:Invoked command in '/home/mingyu/lofi/build/opencv' returned '0': /usr/bin/cmake --build /home/mingyu/lofi/build/opencv -- -j12 -l12
[0.845s] DEBUG:colcon.colcon_core.event_handler.log_command:Invoking command in '/home/mingyu/lofi/build/cpp_pubsub': CMAKE_PREFIX_PATH=/opt/ros/foxy:${CMAKE_PREFIX_PATH} /usr/bin/cmake --install /home/mingyu/lofi/build/cpp_pubsub
[0.855s] DEBUG:colcon.colcon_core.event_handler.log_command:Invoking command in '/home/mingyu/lofi/build/opencv': /usr/bin/cmake --build /home/mingyu/lofi/build/opencv --target tests -- -j12 -l12
[0.863s] Level 1:colcon.colcon_core.environment:create_environment_scripts_only(cpp_pubsub)
[0.865s] DEBUG:colcon.colcon_core.event_handler.log_command:Invoked command in '/home/mingyu/lofi/build/cpp_pubsub' returned '0': CMAKE_PREFIX_PATH=/opt/ros/foxy:${CMAKE_PREFIX_PATH} /usr/bin/cmake --install /home/mingyu/lofi/build/cpp_pubsub
[0.877s] Level 1:colcon.colcon_core.environment:checking '/home/mingyu/lofi/install/cpp_pubsub' for CMake module files
[0.877s] Level 1:colcon.colcon_core.environment:checking '/home/mingyu/lofi/install/cpp_pubsub' for CMake config files
[0.878s] Level 1:colcon.colcon_core.shell:create_environment_hook('cpp_pubsub', 'cmake_prefix_path')
[0.884s] INFO:colcon.colcon_core.shell:Creating environment hook '/home/mingyu/lofi/install/cpp_pubsub/share/cpp_pubsub/hook/cmake_prefix_path.ps1'
[0.885s] INFO:colcon.colcon_core.shell:Creating environment descriptor '/home/mingyu/lofi/install/cpp_pubsub/share/cpp_pubsub/hook/cmake_prefix_path.dsv'
[0.885s] INFO:colcon.colcon_core.shell:Creating environment hook '/home/mingyu/lofi/install/cpp_pubsub/share/cpp_pubsub/hook/cmake_prefix_path.sh'
[0.887s] Level 1:colcon.colcon_core.environment:checking '/home/mingyu/lofi/install/cpp_pubsub/lib'
[0.887s] Level 1:colcon.colcon_core.environment:checking '/home/mingyu/lofi/install/cpp_pubsub/bin'
[0.887s] Level 1:colcon.colcon_core.environment:checking '/home/mingyu/lofi/install/cpp_pubsub/lib/pkgconfig/cpp_pubsub.pc'
[0.888s] Level 1:colcon.colcon_core.environment:checking '/home/mingyu/lofi/install/cpp_pubsub/lib/python3.8/site-packages'
[0.888s] Level 1:colcon.colcon_core.environment:checking '/home/mingyu/lofi/install/cpp_pubsub/bin'
[0.895s] INFO:colcon.colcon_core.shell:Creating package script '/home/mingyu/lofi/install/cpp_pubsub/share/cpp_pubsub/package.ps1'
[0.897s] INFO:colcon.colcon_core.shell:Creating package descriptor '/home/mingyu/lofi/install/cpp_pubsub/share/cpp_pubsub/package.dsv'
[0.898s] INFO:colcon.colcon_core.shell:Creating package script '/home/mingyu/lofi/install/cpp_pubsub/share/cpp_pubsub/package.sh'
[0.899s] INFO:colcon.colcon_core.shell:Creating package script '/home/mingyu/lofi/install/cpp_pubsub/share/cpp_pubsub/package.bash'
[0.900s] INFO:colcon.colcon_core.shell:Creating package script '/home/mingyu/lofi/install/cpp_pubsub/share/cpp_pubsub/package.zsh'
[0.901s] Level 1:colcon.colcon_core.environment:create_file_with_runtime_dependencies(/home/mingyu/lofi/install/cpp_pubsub/share/colcon-core/packages/cpp_pubsub)
[0.945s] Level 1:colcon.colcon_core.environment:create_environment_scripts_only(cpp_pubsub)
[0.954s] Level 1:colcon.colcon_core.environment:checking '/home/mingyu/lofi/install/cpp_pubsub' for CMake module files
[0.955s] Level 1:colcon.colcon_core.environment:checking '/home/mingyu/lofi/install/cpp_pubsub' for CMake config files
[0.956s] Level 1:colcon.colcon_core.shell:create_environment_hook('cpp_pubsub', 'cmake_prefix_path')
[0.964s] INFO:colcon.colcon_core.shell:Creating environment hook '/home/mingyu/lofi/install/cpp_pubsub/share/cpp_pubsub/hook/cmake_prefix_path.ps1'
[0.965s] INFO:colcon.colcon_core.shell:Creating environment descriptor '/home/mingyu/lofi/install/cpp_pubsub/share/cpp_pubsub/hook/cmake_prefix_path.dsv'
[0.965s] INFO:colcon.colcon_core.shell:Creating environment hook '/home/mingyu/lofi/install/cpp_pubsub/share/cpp_pubsub/hook/cmake_prefix_path.sh'
[0.966s] Level 1:colcon.colcon_core.environment:checking '/home/mingyu/lofi/install/cpp_pubsub/lib'
[0.966s] Level 1:colcon.colcon_core.environment:checking '/home/mingyu/lofi/install/cpp_pubsub/bin'
[0.967s] Level 1:colcon.colcon_core.environment:checking '/home/mingyu/lofi/install/cpp_pubsub/lib/pkgconfig/cpp_pubsub.pc'
[0.967s] Level 1:colcon.colcon_core.environment:checking '/home/mingyu/lofi/install/cpp_pubsub/lib/python3.8/site-packages'
[0.967s] Level 1:colcon.colcon_core.environment:checking '/home/mingyu/lofi/install/cpp_pubsub/bin'
[0.974s] INFO:colcon.colcon_core.shell:Creating package script '/home/mingyu/lofi/install/cpp_pubsub/share/cpp_pubsub/package.ps1'
[0.975s] INFO:colcon.colcon_core.shell:Creating package descriptor '/home/mingyu/lofi/install/cpp_pubsub/share/cpp_pubsub/package.dsv'
[0.975s] INFO:colcon.colcon_core.shell:Creating package script '/home/mingyu/lofi/install/cpp_pubsub/share/cpp_pubsub/package.sh'
[0.976s] INFO:colcon.colcon_core.shell:Creating package script '/home/mingyu/lofi/install/cpp_pubsub/share/cpp_pubsub/package.bash'
[0.977s] INFO:colcon.colcon_core.shell:Creating package script '/home/mingyu/lofi/install/cpp_pubsub/share/cpp_pubsub/package.zsh'
[0.977s] Level 1:colcon.colcon_core.environment:create_file_with_runtime_dependencies(/home/mingyu/lofi/install/cpp_pubsub/share/colcon-core/packages/cpp_pubsub)
[0.981s] DEBUG:colcon.colcon_core.event_handler.log_command:Invoked command in '/home/mingyu/lofi/build/opencv' returned '0': /usr/bin/cmake --build /home/mingyu/lofi/build/opencv --target tests -- -j12 -l12
[1.002s] DEBUG:colcon.colcon_core.event_handler.log_command:Invoked command in '/home/mingyu/lofi/build/custom_msg' returned '0': CMAKE_PREFIX_PATH=/opt/ros/foxy:${CMAKE_PREFIX_PATH} /usr/bin/cmake --build /home/mingyu/lofi/build/custom_msg -- -j12 -l12
[1.044s] DEBUG:colcon.colcon_core.event_handler.log_command:Invoking command in '/home/mingyu/lofi/build/opencv': /usr/bin/cmake --install /home/mingyu/lofi/build/opencv
[1.061s] DEBUG:colcon.colcon_core.event_handler.log_command:Invoked command in '/home/mingyu/lofi/build/opencv' returned '0': /usr/bin/cmake --install /home/mingyu/lofi/build/opencv
[1.073s] DEBUG:colcon.colcon_core.event_handler.log_command:Invoking command in '/home/mingyu/lofi/build/custom_msg': CMAKE_PREFIX_PATH=/opt/ros/foxy:${CMAKE_PREFIX_PATH} /usr/bin/cmake --install /home/mingyu/lofi/build/custom_msg
[1.118s] Level 1:colcon.colcon_core.shell:create_environment_hook('opencv', 'ros_package_path')
[1.125s] INFO:colcon.colcon_core.shell:Creating environment hook '/home/mingyu/lofi/install/opencv/share/opencv/hook/ros_package_path.ps1'
[1.126s] INFO:colcon.colcon_core.shell:Creating environment descriptor '/home/mingyu/lofi/install/opencv/share/opencv/hook/ros_package_path.dsv'
[1.127s] INFO:colcon.colcon_core.shell:Creating environment hook '/home/mingyu/lofi/install/opencv/share/opencv/hook/ros_package_path.sh'
[1.128s] Level 1:colcon.colcon_ros.task.catkin:checking '/home/mingyu/lofi/install/opencv/lib/python3/dist-packages'
[1.128s] Level 1:colcon.colcon_core.shell:create_environment_hook('opencv', 'pkg_config_path')
[1.135s] INFO:colcon.colcon_core.shell:Creating environment hook '/home/mingyu/lofi/install/opencv/share/opencv/hook/pkg_config_path.ps1'
[1.135s] INFO:colcon.colcon_core.shell:Creating environment descriptor '/home/mingyu/lofi/install/opencv/share/opencv/hook/pkg_config_path.dsv'
[1.135s] INFO:colcon.colcon_core.shell:Creating environment hook '/home/mingyu/lofi/install/opencv/share/opencv/hook/pkg_config_path.sh'
[1.140s] Level 1:colcon.colcon_core.shell:create_environment_hook('opencv', 'pkg_config_path_multiarch')
[1.145s] INFO:colcon.colcon_core.shell:Creating environment hook '/home/mingyu/lofi/install/opencv/share/opencv/hook/pkg_config_path_multiarch.ps1'
[1.146s] INFO:colcon.colcon_core.shell:Creating environment descriptor '/home/mingyu/lofi/install/opencv/share/opencv/hook/pkg_config_path_multiarch.dsv'
[1.147s] INFO:colcon.colcon_core.shell:Creating environment hook '/home/mingyu/lofi/install/opencv/share/opencv/hook/pkg_config_path_multiarch.sh'
[1.155s] Level 1:colcon.colcon_core.environment:create_environment_scripts_only(opencv)
[1.164s] Level 1:colcon.colcon_core.environment:checking '/home/mingyu/lofi/install/opencv' for CMake module files
[1.166s] Level 1:colcon.colcon_core.environment:checking '/home/mingyu/lofi/install/opencv' for CMake config files
[1.168s] Level 1:colcon.colcon_core.shell:create_environment_hook('opencv', 'cmake_prefix_path')
[1.174s] INFO:colcon.colcon_core.shell:Creating environment hook '/home/mingyu/lofi/install/opencv/share/opencv/hook/cmake_prefix_path.ps1'
[1.175s] INFO:colcon.colcon_core.shell:Creating environment descriptor '/home/mingyu/lofi/install/opencv/share/opencv/hook/cmake_prefix_path.dsv'
[1.175s] INFO:colcon.colcon_core.shell:Creating environment hook '/home/mingyu/lofi/install/opencv/share/opencv/hook/cmake_prefix_path.sh'
[1.177s] Level 1:colcon.colcon_core.environment:checking '/home/mingyu/lofi/install/opencv/lib'
[1.177s] Level 1:colcon.colcon_core.environment:checking '/home/mingyu/lofi/install/opencv/bin'
[1.177s] Level 1:colcon.colcon_core.environment:checking '/home/mingyu/lofi/install/opencv/lib/pkgconfig/opencv.pc'
[1.178s] Level 1:colcon.colcon_core.shell:create_environment_hook('opencv', 'pkg_config')
[1.184s] INFO:colcon.colcon_core.shell:Creating environment hook '/home/mingyu/lofi/install/opencv/share/opencv/hook/pkg_config.ps1'
[1.185s] INFO:colcon.colcon_core.shell:Creating environment descriptor '/home/mingyu/lofi/install/opencv/share/opencv/hook/pkg_config.dsv'
[1.185s] INFO:colcon.colcon_core.shell:Creating environment hook '/home/mingyu/lofi/install/opencv/share/opencv/hook/pkg_config.sh'
[1.186s] Level 1:colcon.colcon_core.environment:checking '/home/mingyu/lofi/install/opencv/lib/python3.8/site-packages'
[1.186s] Level 1:colcon.colcon_core.environment:checking '/home/mingyu/lofi/install/opencv/bin'
[1.193s] INFO:colcon.colcon_core.shell:Creating package script '/home/mingyu/lofi/install/opencv/share/opencv/package.ps1'
[1.195s] INFO:colcon.colcon_core.shell:Creating package descriptor '/home/mingyu/lofi/install/opencv/share/opencv/package.dsv'
[1.196s] INFO:colcon.colcon_core.shell:Creating package script '/home/mingyu/lofi/install/opencv/share/opencv/package.sh'
[1.196s] INFO:colcon.colcon_core.shell:Creating package script '/home/mingyu/lofi/install/opencv/share/opencv/package.bash'
[1.197s] INFO:colcon.colcon_core.shell:Creating package script '/home/mingyu/lofi/install/opencv/share/opencv/package.zsh'
[1.197s] Level 1:colcon.colcon_core.environment:create_file_with_runtime_dependencies(/home/mingyu/lofi/install/opencv/share/colcon-core/packages/opencv)
[1.199s] Level 1:colcon.colcon_core.environment:create_environment_scripts_only(custom_msg)
[1.207s] Level 1:colcon.colcon_core.environment:checking '/home/mingyu/lofi/install/custom_msg' for CMake module files
[1.208s] DEBUG:colcon.colcon_core.event_handler.log_command:Invoked command in '/home/mingyu/lofi/build/custom_msg' returned '0': CMAKE_PREFIX_PATH=/opt/ros/foxy:${CMAKE_PREFIX_PATH} /usr/bin/cmake --install /home/mingyu/lofi/build/custom_msg
[1.208s] Level 1:colcon.colcon_core.environment:checking '/home/mingyu/lofi/install/custom_msg' for CMake config files
[1.209s] Level 1:colcon.colcon_core.shell:create_environment_hook('custom_msg', 'cmake_prefix_path')
[1.214s] INFO:colcon.colcon_core.shell:Creating environment hook '/home/mingyu/lofi/install/custom_msg/share/custom_msg/hook/cmake_prefix_path.ps1'
[1.215s] INFO:colcon.colcon_core.shell:Creating environment descriptor '/home/mingyu/lofi/install/custom_msg/share/custom_msg/hook/cmake_prefix_path.dsv'
[1.215s] INFO:colcon.colcon_core.shell:Creating environment hook '/home/mingyu/lofi/install/custom_msg/share/custom_msg/hook/cmake_prefix_path.sh'
[1.216s] Level 1:colcon.colcon_core.environment:checking '/home/mingyu/lofi/install/custom_msg/lib'
[1.216s] Level 1:colcon.colcon_core.shell:create_environment_hook('custom_msg', 'ld_library_path_lib')
[1.222s] INFO:colcon.colcon_core.shell:Creating environment hook '/home/mingyu/lofi/install/custom_msg/share/custom_msg/hook/ld_library_path_lib.ps1'
[1.222s] INFO:colcon.colcon_core.shell:Creating environment descriptor '/home/mingyu/lofi/install/custom_msg/share/custom_msg/hook/ld_library_path_lib.dsv'
[1.223s] INFO:colcon.colcon_core.shell:Creating environment hook '/home/mingyu/lofi/install/custom_msg/share/custom_msg/hook/ld_library_path_lib.sh'
[1.224s] Level 1:colcon.colcon_core.environment:checking '/home/mingyu/lofi/install/custom_msg/bin'
[1.224s] Level 1:colcon.colcon_core.environment:checking '/home/mingyu/lofi/install/custom_msg/lib/pkgconfig/custom_msg.pc'
[1.225s] Level 1:colcon.colcon_core.environment:checking '/home/mingyu/lofi/install/custom_msg/lib/python3.8/site-packages'
[1.225s] Level 1:colcon.colcon_core.shell:create_environment_hook('custom_msg', 'pythonpath')
[1.232s] INFO:colcon.colcon_core.shell:Creating environment hook '/home/mingyu/lofi/install/custom_msg/share/custom_msg/hook/pythonpath.ps1'
[1.232s] INFO:colcon.colcon_core.shell:Creating environment descriptor '/home/mingyu/lofi/install/custom_msg/share/custom_msg/hook/pythonpath.dsv'
[1.233s] INFO:colcon.colcon_core.shell:Creating environment hook '/home/mingyu/lofi/install/custom_msg/share/custom_msg/hook/pythonpath.sh'
[1.234s] Level 1:colcon.colcon_core.environment:checking '/home/mingyu/lofi/install/custom_msg/bin'
[1.239s] INFO:colcon.colcon_core.shell:Creating package script '/home/mingyu/lofi/install/custom_msg/share/custom_msg/package.ps1'
[1.239s] INFO:colcon.colcon_core.shell:Creating package descriptor '/home/mingyu/lofi/install/custom_msg/share/custom_msg/package.dsv'
[1.240s] INFO:colcon.colcon_core.shell:Creating package script '/home/mingyu/lofi/install/custom_msg/share/custom_msg/package.sh'
[1.241s] INFO:colcon.colcon_core.shell:Creating package script '/home/mingyu/lofi/install/custom_msg/share/custom_msg/package.bash'
[1.241s] INFO:colcon.colcon_core.shell:Creating package script '/home/mingyu/lofi/install/custom_msg/share/custom_msg/package.zsh'
[1.241s] Level 1:colcon.colcon_core.environment:create_file_with_runtime_dependencies(/home/mingyu/lofi/install/custom_msg/share/colcon-core/packages/custom_msg)
[1.314s] Level 1:colcon.colcon_core.environment:create_environment_scripts_only(custom_msg)
[1.321s] Level 1:colcon.colcon_core.environment:checking '/home/mingyu/lofi/install/custom_msg' for CMake module files
[1.322s] Level 1:colcon.colcon_core.environment:checking '/home/mingyu/lofi/install/custom_msg' for CMake config files
[1.323s] Level 1:colcon.colcon_core.shell:create_environment_hook('custom_msg', 'cmake_prefix_path')
[1.330s] INFO:colcon.colcon_core.shell:Creating environment hook '/home/mingyu/lofi/install/custom_msg/share/custom_msg/hook/cmake_prefix_path.ps1'
[1.331s] INFO:colcon.colcon_core.shell:Creating environment descriptor '/home/mingyu/lofi/install/custom_msg/share/custom_msg/hook/cmake_prefix_path.dsv'
[1.331s] INFO:colcon.colcon_core.shell:Creating environment hook '/home/mingyu/lofi/install/custom_msg/share/custom_msg/hook/cmake_prefix_path.sh'
[1.332s] Level 1:colcon.colcon_core.environment:checking '/home/mingyu/lofi/install/custom_msg/lib'
[1.332s] Level 1:colcon.colcon_core.shell:create_environment_hook('custom_msg', 'ld_library_path_lib')
[1.338s] INFO:colcon.colcon_core.shell:Creating environment hook '/home/mingyu/lofi/install/custom_msg/share/custom_msg/hook/ld_library_path_lib.ps1'
[1.339s] INFO:colcon.colcon_core.shell:Creating environment descriptor '/home/mingyu/lofi/install/custom_msg/share/custom_msg/hook/ld_library_path_lib.dsv'
[1.339s] INFO:colcon.colcon_core.shell:Creating environment hook '/home/mingyu/lofi/install/custom_msg/share/custom_msg/hook/ld_library_path_lib.sh'
[1.340s] Level 1:colcon.colcon_core.environment:checking '/home/mingyu/lofi/install/custom_msg/bin'
[1.340s] Level 1:colcon.colcon_core.environment:checking '/home/mingyu/lofi/install/custom_msg/lib/pkgconfig/custom_msg.pc'
[1.340s] Level 1:colcon.colcon_core.environment:checking '/home/mingyu/lofi/install/custom_msg/lib/python3.8/site-packages'
[1.340s] Level 1:colcon.colcon_core.shell:create_environment_hook('custom_msg', 'pythonpath')
[1.344s] INFO:colcon.colcon_core.shell:Creating environment hook '/home/mingyu/lofi/install/custom_msg/share/custom_msg/hook/pythonpath.ps1'
[1.344s] INFO:colcon.colcon_core.shell:Creating environment descriptor '/home/mingyu/lofi/install/custom_msg/share/custom_msg/hook/pythonpath.dsv'
[1.345s] INFO:colcon.colcon_core.shell:Creating environment hook '/home/mingyu/lofi/install/custom_msg/share/custom_msg/hook/pythonpath.sh'
[1.345s] Level 1:colcon.colcon_core.environment:checking '/home/mingyu/lofi/install/custom_msg/bin'
[1.352s] INFO:colcon.colcon_core.shell:Creating package script '/home/mingyu/lofi/install/custom_msg/share/custom_msg/package.ps1'
[1.353s] INFO:colcon.colcon_core.shell:Creating package descriptor '/home/mingyu/lofi/install/custom_msg/share/custom_msg/package.dsv'
[1.354s] INFO:colcon.colcon_core.shell:Creating package script '/home/mingyu/lofi/install/custom_msg/share/custom_msg/package.sh'
[1.355s] INFO:colcon.colcon_core.shell:Creating package script '/home/mingyu/lofi/install/custom_msg/share/custom_msg/package.bash'
[1.355s] INFO:colcon.colcon_core.shell:Creating package script '/home/mingyu/lofi/install/custom_msg/share/custom_msg/package.zsh'
[1.356s] Level 1:colcon.colcon_core.environment:create_file_with_runtime_dependencies(/home/mingyu/lofi/install/custom_msg/share/colcon-core/packages/custom_msg)
[1.357s] INFO:colcon.colcon_ros.task.ament_python.build:Building ROS package in '/home/mingyu/lofi/lofi' with build type 'ament_python'
[1.357s] Level 1:colcon.colcon_core.shell:create_environment_hook('lofi', 'ament_prefix_path')
[1.363s] INFO:colcon.colcon_core.shell:Creating environment hook '/home/mingyu/lofi/install/lofi/share/lofi/hook/ament_prefix_path.ps1'
[1.364s] INFO:colcon.colcon_core.shell:Creating environment descriptor '/home/mingyu/lofi/install/lofi/share/lofi/hook/ament_prefix_path.dsv'
[1.365s] INFO:colcon.colcon_core.shell:Creating environment hook '/home/mingyu/lofi/install/lofi/share/lofi/hook/ament_prefix_path.sh'
[1.371s] INFO:colcon.colcon_core.shell:Skip shell extension 'powershell' for command environment: Not usable outside of PowerShell
[1.371s] DEBUG:colcon.colcon_core.shell:Skip shell extension 'dsv' for command environment
[1.377s] DEBUG:colcon.colcon_core.shell:Ignoring prefix path '/opt/ros/noetic'
[1.813s] INFO:colcon.colcon_core.task.python.build:Building Python package in '/home/mingyu/lofi/lofi'
[1.817s] INFO:colcon.colcon_core.shell:Skip shell extension 'powershell' for command environment: Not usable outside of PowerShell
[1.817s] DEBUG:colcon.colcon_core.shell:Skip shell extension 'dsv' for command environment
[1.826s] DEBUG:colcon.colcon_core.shell:Ignoring prefix path '/opt/ros/noetic'
[2.514s] DEBUG:colcon.colcon_core.event_handler.log_command:Invoking command in '/home/mingyu/lofi/lofi': AMENT_PREFIX_PATH=/home/mingyu/lofi/install/custom_msg:${AMENT_PREFIX_PATH} CMAKE_PREFIX_PATH=/home/mingyu/lofi/install/custom_msg:${CMAKE_PREFIX_PATH} LD_LIBRARY_PATH=/home/mingyu/lofi/install/custom_msg/lib:/opt/ros/noetic/lib:/opt/ros/foxy/opt/yaml_cpp_vendor/lib:/opt/ros/foxy/opt/rviz_ogre_vendor/lib:/opt/ros/foxy/lib/x86_64-linux-gnu:/opt/ros/foxy/lib:/usr/local/cuda-11.8/lib64 PYTHONPATH=/home/mingyu/lofi/install/lofi/lib/python3.8/site-packages:/home/mingyu/lofi/install/custom_msg/lib/python3.8/site-packages:${PYTHONPATH} /usr/bin/python3 setup.py egg_info --egg-base ../build/lofi build --build-base /home/mingyu/lofi/build/lofi/build install --prefix /home/mingyu/lofi/install/lofi --record /home/mingyu/lofi/build/lofi/install.log --single-version-externally-managed
[3.018s] Level 1:colcon.colcon_core.environment:checking '/home/mingyu/lofi/install/lofi' for CMake module files
[3.018s] DEBUG:colcon.colcon_core.event_handler.log_command:Invoked command in '/home/mingyu/lofi/lofi' returned '0': AMENT_PREFIX_PATH=/home/mingyu/lofi/install/custom_msg:${AMENT_PREFIX_PATH} CMAKE_PREFIX_PATH=/home/mingyu/lofi/install/custom_msg:${CMAKE_PREFIX_PATH} LD_LIBRARY_PATH=/home/mingyu/lofi/install/custom_msg/lib:/opt/ros/noetic/lib:/opt/ros/foxy/opt/yaml_cpp_vendor/lib:/opt/ros/foxy/opt/rviz_ogre_vendor/lib:/opt/ros/foxy/lib/x86_64-linux-gnu:/opt/ros/foxy/lib:/usr/local/cuda-11.8/lib64 PYTHONPATH=/home/mingyu/lofi/install/lofi/lib/python3.8/site-packages:/home/mingyu/lofi/install/custom_msg/lib/python3.8/site-packages:${PYTHONPATH} /usr/bin/python3 setup.py egg_info --egg-base ../build/lofi build --build-base /home/mingyu/lofi/build/lofi/build install --prefix /home/mingyu/lofi/install/lofi --record /home/mingyu/lofi/build/lofi/install.log --single-version-externally-managed
[3.019s] Level 1:colcon.colcon_core.environment:checking '/home/mingyu/lofi/install/lofi' for CMake config files
[3.019s] Level 1:colcon.colcon_core.environment:checking '/home/mingyu/lofi/install/lofi/lib'
[3.019s] Level 1:colcon.colcon_core.environment:checking '/home/mingyu/lofi/install/lofi/bin'
[3.019s] Level 1:colcon.colcon_core.environment:checking '/home/mingyu/lofi/install/lofi/lib/pkgconfig/lofi.pc'
[3.020s] Level 1:colcon.colcon_core.environment:checking '/home/mingyu/lofi/install/lofi/lib/python3.8/site-packages'
[3.020s] Level 1:colcon.colcon_core.shell:create_environment_hook('lofi', 'pythonpath')
[3.027s] INFO:colcon.colcon_core.shell:Creating environment hook '/home/mingyu/lofi/install/lofi/share/lofi/hook/pythonpath.ps1'
[3.027s] INFO:colcon.colcon_core.shell:Creating environment descriptor '/home/mingyu/lofi/install/lofi/share/lofi/hook/pythonpath.dsv'
[3.028s] INFO:colcon.colcon_core.shell:Creating environment hook '/home/mingyu/lofi/install/lofi/share/lofi/hook/pythonpath.sh'
[3.029s] Level 1:colcon.colcon_core.environment:checking '/home/mingyu/lofi/install/lofi/bin'
[3.029s] Level 1:colcon.colcon_core.environment:create_environment_scripts_only(lofi)
[3.036s] INFO:colcon.colcon_core.shell:Creating package script '/home/mingyu/lofi/install/lofi/share/lofi/package.ps1'
[3.037s] INFO:colcon.colcon_core.shell:Creating package descriptor '/home/mingyu/lofi/install/lofi/share/lofi/package.dsv'
[3.037s] INFO:colcon.colcon_core.shell:Creating package script '/home/mingyu/lofi/install/lofi/share/lofi/package.sh'
[3.038s] INFO:colcon.colcon_core.shell:Creating package script '/home/mingyu/lofi/install/lofi/share/lofi/package.bash'
[3.039s] INFO:colcon.colcon_core.shell:Creating package script '/home/mingyu/lofi/install/lofi/share/lofi/package.zsh'
[3.039s] Level 1:colcon.colcon_core.environment:create_file_with_runtime_dependencies(/home/mingyu/lofi/install/lofi/share/colcon-core/packages/lofi)
[3.039s] DEBUG:colcon.colcon_parallel_executor.executor.parallel:closing loop
[3.040s] DEBUG:colcon.colcon_parallel_executor.executor.parallel:loop closed
[3.040s] DEBUG:colcon.colcon_parallel_executor.executor.parallel:run_until_complete finished with '0'
[3.040s] DEBUG:colcon.colcon_core.event_reactor:joining thread
[3.052s] INFO:colcon.colcon_core.plugin_system:Skipping extension 'colcon_notification.desktop_notification.terminal_notifier': Not used on non-Darwin systems
[3.053s] INFO:colcon.colcon_core.plugin_system:Skipping extension 'colcon_notification.desktop_notification.win32': Not used on non-Windows systems
[3.053s] INFO:colcon.colcon_notification.desktop_notification:Sending desktop notification using 'notify2'
[3.078s] DEBUG:colcon.colcon_core.event_reactor:joined thread
[3.083s] INFO:colcon.colcon_core.shell:Creating prefix script '/home/mingyu/lofi/install/local_setup.ps1'
[3.084s] INFO:colcon.colcon_core.shell:Creating prefix util module '/home/mingyu/lofi/install/_local_setup_util_ps1.py'
[3.087s] INFO:colcon.colcon_core.shell:Creating prefix chain script '/home/mingyu/lofi/install/setup.ps1'
[3.090s] INFO:colcon.colcon_core.shell:Creating prefix script '/home/mingyu/lofi/install/local_setup.sh'
[3.091s] INFO:colcon.colcon_core.shell:Creating prefix util module '/home/mingyu/lofi/install/_local_setup_util_sh.py'
[3.092s] INFO:colcon.colcon_core.shell:Creating prefix chain script '/home/mingyu/lofi/install/setup.sh'
[3.095s] INFO:colcon.colcon_core.shell:Creating prefix script '/home/mingyu/lofi/install/local_setup.bash'
[3.096s] INFO:colcon.colcon_core.shell:Creating prefix chain script '/home/mingyu/lofi/install/setup.bash'
[3.099s] INFO:colcon.colcon_core.shell:Creating prefix script '/home/mingyu/lofi/install/local_setup.zsh'
[3.100s] INFO:colcon.colcon_core.shell:Creating prefix chain script '/home/mingyu/lofi/install/setup.zsh'
