[0.051s] Invoking command in '/home/mingyu/lofi/build/cpp_pubsub': CMAKE_PREFIX_PATH=/opt/ros/foxy:${CMAKE_PREFIX_PATH} /usr/bin/cmake --build /home/mingyu/lofi/build/cpp_pubsub -- -j12 -l12
[0.150s] [ 50%] Built target listener
[0.152s] [100%] Built target talker
[0.169s] Invoked command in '/home/mingyu/lofi/build/cpp_pubsub' returned '0': CMAKE_PREFIX_PATH=/opt/ros/foxy:${CMAKE_PREFIX_PATH} /usr/bin/cmake --build /home/mingyu/lofi/build/cpp_pubsub -- -j12 -l12
[0.229s] Invoking command in '/home/mingyu/lofi/build/cpp_pubsub': CMAKE_PREFIX_PATH=/opt/ros/foxy:${CMAKE_PREFIX_PATH} /usr/bin/cmake --install /home/mingyu/lofi/build/cpp_pubsub
[0.243s] -- Install configuration: ""
[0.243s] -- Up-to-date: /home/mingyu/lofi/install/cpp_pubsub/lib/cpp_pubsub/talker
[0.244s] -- Up-to-date: /home/mingyu/lofi/install/cpp_pubsub/lib/cpp_pubsub/listener
[0.244s] -- Up-to-date: /home/mingyu/lofi/install/cpp_pubsub/share/ament_index/resource_index/package_run_dependencies/cpp_pubsub
[0.244s] -- Up-to-date: /home/mingyu/lofi/install/cpp_pubsub/share/ament_index/resource_index/parent_prefix_path/cpp_pubsub
[0.245s] -- Up-to-date: /home/mingyu/lofi/install/cpp_pubsub/share/cpp_pubsub/environment/ament_prefix_path.sh
[0.245s] -- Up-to-date: /home/mingyu/lofi/install/cpp_pubsub/share/cpp_pubsub/environment/ament_prefix_path.dsv
[0.245s] -- Up-to-date: /home/mingyu/lofi/install/cpp_pubsub/share/cpp_pubsub/environment/path.sh
[0.245s] -- Up-to-date: /home/mingyu/lofi/install/cpp_pubsub/share/cpp_pubsub/environment/path.dsv
[0.245s] -- Up-to-date: /home/mingyu/lofi/install/cpp_pubsub/share/cpp_pubsub/local_setup.bash
[0.245s] -- Up-to-date: /home/mingyu/lofi/install/cpp_pubsub/share/cpp_pubsub/local_setup.sh
[0.246s] -- Up-to-date: /home/mingyu/lofi/install/cpp_pubsub/share/cpp_pubsub/local_setup.zsh
[0.246s] -- Up-to-date: /home/mingyu/lofi/install/cpp_pubsub/share/cpp_pubsub/local_setup.dsv
[0.246s] -- Installing: /home/mingyu/lofi/install/cpp_pubsub/share/cpp_pubsub/package.dsv
[0.246s] -- Up-to-date: /home/mingyu/lofi/install/cpp_pubsub/share/ament_index/resource_index/packages/cpp_pubsub
[0.246s] -- Up-to-date: /home/mingyu/lofi/install/cpp_pubsub/share/cpp_pubsub/cmake/cpp_pubsubConfig.cmake
[0.246s] -- Up-to-date: /home/mingyu/lofi/install/cpp_pubsub/share/cpp_pubsub/cmake/cpp_pubsubConfig-version.cmake
[0.247s] -- Up-to-date: /home/mingyu/lofi/install/cpp_pubsub/share/cpp_pubsub/package.xml
[0.249s] Invoked command in '/home/mingyu/lofi/build/cpp_pubsub' returned '0': CMAKE_PREFIX_PATH=/opt/ros/foxy:${CMAKE_PREFIX_PATH} /usr/bin/cmake --install /home/mingyu/lofi/build/cpp_pubsub
