[0.030s] Invoking command in '/home/mingyu/lofi/build/opencv': /usr/bin/cmake /home/mingyu/lofi/catkin_ws/src/opencv -DCATKIN_INSTALL_INTO_PREFIX_ROOT=0 -DCMAKE_INSTALL_PREFIX=/home/mingyu/lofi/install/opencv
[0.109s] -- The C compiler identification is GNU 9.4.0
[0.202s] -- The CXX compiler identification is GNU 9.4.0
[0.210s] -- Check for working C compiler: /usr/bin/cc
[0.298s] -- Check for working C compiler: /usr/bin/cc -- works
[0.299s] -- Detecting C compiler ABI info
[0.386s] -- Detecting C compiler ABI info - done
[0.406s] -- Detecting C compile features
[0.406s] -- Detecting C compile features - done
[0.412s] -- Check for working CXX compiler: /usr/bin/c++
[0.513s] -- Check for working CXX compiler: /usr/bin/c++ -- works
[0.514s] -- Detecting CXX compiler ABI info
[0.615s] -- Detecting CXX compiler ABI info - done
[0.639s] -- Detecting CXX compile features
[0.640s] -- Detecting CXX compile features - done
[0.643s] -- Using CATKIN_DEVEL_PREFIX: /home/mingyu/lofi/build/opencv/devel
[0.643s] -- Using CMAKE_PREFIX_PATH: /opt/ros/noetic
[0.643s] -- This workspace overlays: /opt/ros/noetic
[0.677s] -- Found PythonInterp: /usr/bin/python3 (found suitable version "3.8.10", minimum required is "3") 
[0.677s] -- Using PYTHON_EXECUTABLE: /usr/bin/python3
[0.677s] -- Using Debian Python package layout
[0.720s] -- Found PY_em: /usr/lib/python3/dist-packages/em.py  
[0.720s] -- Using empy: /usr/lib/python3/dist-packages/em.py
[0.883s] -- Using CATKIN_ENABLE_TESTING: ON
[0.884s] -- Call enable_testing()
[0.886s] -- Using CATKIN_TEST_RESULTS_DIR: /home/mingyu/lofi/build/opencv/test_results
[1.264s] -- Forcing gtest/gmock from source, though one was otherwise available.
[1.265s] -- Found gtest sources under '/usr/src/googletest': gtests will be built
[1.265s] -- Found gmock sources under '/usr/src/googletest': gmock will be built
[1.301s] -- Found PythonInterp: /usr/bin/python3 (found version "3.8.10") 
[1.304s] -- Found Threads: TRUE  
[1.310s] -- Using Python nosetests: /usr/bin/nosetests3
[1.407s] -- catkin 0.8.10
[1.408s] -- BUILD_SHARED_LIBS is on
[1.887s] -- Found OpenCV: /usr/local (found version "4.5.0") 
[2.132s] -- Configuring done
[2.208s] -- Generating done
[2.213s] -- Build files have been written to: /home/mingyu/lofi/build/opencv
[2.221s] Invoked command in '/home/mingyu/lofi/build/opencv' returned '0': /usr/bin/cmake /home/mingyu/lofi/catkin_ws/src/opencv -DCATKIN_INSTALL_INTO_PREFIX_ROOT=0 -DCMAKE_INSTALL_PREFIX=/home/mingyu/lofi/install/opencv
[2.225s] Invoking command in '/home/mingyu/lofi/build/opencv': /usr/bin/cmake --build /home/mingyu/lofi/build/opencv -- -j12 -l12
[2.279s] [35m[1mScanning dependencies of target opencv_sub[0m
[2.360s] [ 50%] [32mBuilding CXX object CMakeFiles/opencv_sub.dir/src/sub.cpp.o[0m
[8.333s] [100%] [32m[1mLinking CXX executable devel/lib/opencv/opencv_sub[0m
[8.995s] [100%] Built target opencv_sub
[9.008s] Invoked command in '/home/mingyu/lofi/build/opencv' returned '0': /usr/bin/cmake --build /home/mingyu/lofi/build/opencv -- -j12 -l12
[9.060s] Invoking command in '/home/mingyu/lofi/build/opencv': /usr/bin/cmake --build /home/mingyu/lofi/build/opencv --target tests -- -j12 -l12
[9.125s] [35m[1mScanning dependencies of target tests[0m
[9.138s] Built target tests
[9.153s] Invoked command in '/home/mingyu/lofi/build/opencv' returned '0': /usr/bin/cmake --build /home/mingyu/lofi/build/opencv --target tests -- -j12 -l12
[9.204s] Invoking command in '/home/mingyu/lofi/build/opencv': /usr/bin/cmake --install /home/mingyu/lofi/build/opencv
[9.228s] -- Install configuration: ""
[9.228s] -- Installing: /home/mingyu/lofi/install/opencv/lib/pkgconfig/opencv.pc
[9.228s] -- Installing: /home/mingyu/lofi/install/opencv/share/opencv/cmake/opencvConfig.cmake
[9.228s] -- Installing: /home/mingyu/lofi/install/opencv/share/opencv/cmake/opencvConfig-version.cmake
[9.228s] -- Installing: /home/mingyu/lofi/install/opencv/share/opencv/package.xml
[9.243s] Invoked command in '/home/mingyu/lofi/build/opencv' returned '0': /usr/bin/cmake --install /home/mingyu/lofi/build/opencv
