[0.263s] DEBUG:colcon:Command line arguments: ['/usr/bin/colcon', 'build']
[0.263s] DEBUG:colcon:Parsed command line arguments: Namespace(allow_overriding=[], ament_cmake_args=None, base_paths=['.'], build_base='build', catkin_cmake_args=None, catkin_skip_building_tests=False, cmake_args=None, cmake_clean_cache=False, cmake_clean_first=False, cmake_force_configure=False, cmake_target=None, cmake_target_skip_unavailable=False, continue_on_error=False, event_handlers=None, executor='parallel', ignore_user_meta=False, install_base='install', log_base=None, log_level=None, main=<bound method BuildVerb.main of <colcon_core.verb.build.BuildVerb object at 0x7fea6fed1340>>, merge_install=False, metas=['./colcon.meta'], packages_above=None, packages_above_and_dependencies=None, packages_above_depth=None, packages_end=None, packages_ignore=None, packages_ignore_regex=None, packages_select=None, packages_select_build_failed=False, packages_select_by_dep=None, packages_select_regex=None, packages_select_test_failures=False, packages_skip=None, packages_skip_build_finished=False, packages_skip_by_dep=None, packages_skip_regex=None, packages_skip_test_passed=False, packages_skip_up_to=None, packages_start=None, packages_up_to=None, packages_up_to_regex=None, parallel_workers=12, paths=None, symlink_install=False, test_result_base=None, verb_extension=<colcon_core.verb.build.BuildVerb object at 0x7fea6fed1340>, verb_name='build', verb_parser=<colcon_defaults.argument_parser.defaults.DefaultArgumentsDecorator object at 0x7fea6fed1880>)
[0.307s] Level 1:colcon.colcon_core.package_discovery:discover_packages(colcon_meta) check parameters
[0.307s] Level 1:colcon.colcon_core.package_discovery:discover_packages(recursive) check parameters
[0.307s] Level 1:colcon.colcon_core.package_discovery:discover_packages(ignore) check parameters
[0.307s] Level 1:colcon.colcon_core.package_discovery:discover_packages(path) check parameters
[0.307s] Level 1:colcon.colcon_core.package_discovery:discover_packages(colcon_meta) discover
[0.307s] Level 1:colcon.colcon_core.package_discovery:discover_packages(recursive) discover
[0.307s] INFO:colcon.colcon_core.package_discovery:Crawling recursively for packages in '/home/mingyu/lofi/ROS_2_ANDROID'
[0.308s] Level 1:colcon.colcon_core.package_identification:_identify(.) by extensions ['ignore', 'ignore_ament_install']
[0.308s] Level 1:colcon.colcon_core.package_identification:_identify(.) by extension 'ignore'
[0.308s] Level 1:colcon.colcon_core.package_identification:_identify(.) by extension 'ignore_ament_install'
[0.308s] Level 1:colcon.colcon_core.package_identification:_identify(.) by extensions ['colcon_pkg']
[0.308s] Level 1:colcon.colcon_core.package_identification:_identify(.) by extension 'colcon_pkg'
[0.308s] Level 1:colcon.colcon_core.package_identification:_identify(.) by extensions ['colcon_meta']
[0.308s] Level 1:colcon.colcon_core.package_identification:_identify(.) by extension 'colcon_meta'
[0.308s] Level 1:colcon.colcon_core.package_identification:_identify(.) by extensions ['ros']
[0.308s] Level 1:colcon.colcon_core.package_identification:_identify(.) by extension 'ros'
[0.330s] DEBUG:colcon.colcon_core.package_identification:Package '.' with type 'ros.ament_cmake' and name 'cpp_pubsub'
[0.330s] Level 1:colcon.colcon_core.package_discovery:discover_packages(recursive) using defaults
[0.330s] Level 1:colcon.colcon_core.package_discovery:discover_packages(ignore) discover
[0.330s] Level 1:colcon.colcon_core.package_discovery:discover_packages(ignore) using defaults
[0.330s] Level 1:colcon.colcon_core.package_discovery:discover_packages(path) discover
[0.330s] Level 1:colcon.colcon_core.package_discovery:discover_packages(path) using defaults
[0.360s] Level 1:colcon.colcon_core.package_discovery:discover_packages(prefix_path) check parameters
[0.360s] Level 1:colcon.colcon_core.package_discovery:discover_packages(prefix_path) discover
[0.366s] DEBUG:colcon.colcon_installed_package_information.package_discovery:Found 256 installed packages in /opt/ros/foxy
[0.369s] Level 1:colcon.colcon_core.package_discovery:discover_packages(prefix_path) using defaults
[0.459s] Level 5:colcon.colcon_core.verb:set package 'cpp_pubsub' build argument 'cmake_args' from command line to 'None'
[0.459s] Level 5:colcon.colcon_core.verb:set package 'cpp_pubsub' build argument 'cmake_target' from command line to 'None'
[0.459s] Level 5:colcon.colcon_core.verb:set package 'cpp_pubsub' build argument 'cmake_target_skip_unavailable' from command line to 'False'
[0.459s] Level 5:colcon.colcon_core.verb:set package 'cpp_pubsub' build argument 'cmake_clean_cache' from command line to 'False'
[0.459s] Level 5:colcon.colcon_core.verb:set package 'cpp_pubsub' build argument 'cmake_clean_first' from command line to 'False'
[0.459s] Level 5:colcon.colcon_core.verb:set package 'cpp_pubsub' build argument 'cmake_force_configure' from command line to 'False'
[0.459s] Level 5:colcon.colcon_core.verb:set package 'cpp_pubsub' build argument 'ament_cmake_args' from command line to 'None'
[0.459s] Level 5:colcon.colcon_core.verb:set package 'cpp_pubsub' build argument 'catkin_cmake_args' from command line to 'None'
[0.459s] Level 5:colcon.colcon_core.verb:set package 'cpp_pubsub' build argument 'catkin_skip_building_tests' from command line to 'False'
[0.459s] DEBUG:colcon.colcon_core.verb:Building package 'cpp_pubsub' with the following arguments: {'ament_cmake_args': None, 'build_base': '/home/mingyu/lofi/ROS_2_ANDROID/build/cpp_pubsub', 'catkin_cmake_args': None, 'catkin_skip_building_tests': False, 'cmake_args': None, 'cmake_clean_cache': False, 'cmake_clean_first': False, 'cmake_force_configure': False, 'cmake_target': None, 'cmake_target_skip_unavailable': False, 'install_base': '/home/mingyu/lofi/ROS_2_ANDROID/install/cpp_pubsub', 'merge_install': False, 'path': '/home/mingyu/lofi/ROS_2_ANDROID', 'symlink_install': False, 'test_result_base': None}
[0.461s] INFO:colcon.colcon_core.executor:Executing jobs using 'parallel' executor
[0.471s] DEBUG:colcon.colcon_parallel_executor.executor.parallel:run_until_complete
[0.471s] INFO:colcon.colcon_ros.task.ament_cmake.build:Building ROS package in '/home/mingyu/lofi/ROS_2_ANDROID' with build type 'ament_cmake'
[0.471s] INFO:colcon.colcon_cmake.task.cmake.build:Building CMake package in '/home/mingyu/lofi/ROS_2_ANDROID'
[0.480s] INFO:colcon.colcon_core.plugin_system:Skipping extension 'colcon_core.shell.bat': Not used on non-Windows systems
[0.480s] INFO:colcon.colcon_core.shell:Skip shell extension 'powershell' for command environment: Not usable outside of PowerShell
[0.480s] DEBUG:colcon.colcon_core.shell:Skip shell extension 'dsv' for command environment
[0.487s] DEBUG:colcon.colcon_core.shell:Ignoring prefix path '/opt/ros/noetic'
[0.498s] DEBUG:colcon.colcon_core.event_handler.log_command:Invoking command in '/home/mingyu/lofi/ROS_2_ANDROID/build/cpp_pubsub': CMAKE_PREFIX_PATH=/opt/ros/foxy:${CMAKE_PREFIX_PATH} /usr/bin/cmake /home/mingyu/lofi/ROS_2_ANDROID -DCMAKE_INSTALL_PREFIX=/home/mingyu/lofi/ROS_2_ANDROID/install/cpp_pubsub
[2.654s] DEBUG:colcon.colcon_core.event_handler.log_command:Invoked command in '/home/mingyu/lofi/ROS_2_ANDROID/build/cpp_pubsub' returned '0': CMAKE_PREFIX_PATH=/opt/ros/foxy:${CMAKE_PREFIX_PATH} /usr/bin/cmake /home/mingyu/lofi/ROS_2_ANDROID -DCMAKE_INSTALL_PREFIX=/home/mingyu/lofi/ROS_2_ANDROID/install/cpp_pubsub
[2.657s] DEBUG:colcon.colcon_core.event_handler.log_command:Invoking command in '/home/mingyu/lofi/ROS_2_ANDROID/build/cpp_pubsub': CMAKE_PREFIX_PATH=/opt/ros/foxy:${CMAKE_PREFIX_PATH} /usr/bin/cmake --build /home/mingyu/lofi/ROS_2_ANDROID/build/cpp_pubsub -- -j12 -l12
[8.266s] DEBUG:colcon.colcon_core.event_handler.log_command:Invoked command in '/home/mingyu/lofi/ROS_2_ANDROID/build/cpp_pubsub' returned '0': CMAKE_PREFIX_PATH=/opt/ros/foxy:${CMAKE_PREFIX_PATH} /usr/bin/cmake --build /home/mingyu/lofi/ROS_2_ANDROID/build/cpp_pubsub -- -j12 -l12
[8.308s] DEBUG:colcon.colcon_core.event_handler.log_command:Invoking command in '/home/mingyu/lofi/ROS_2_ANDROID/build/cpp_pubsub': CMAKE_PREFIX_PATH=/opt/ros/foxy:${CMAKE_PREFIX_PATH} /usr/bin/cmake --install /home/mingyu/lofi/ROS_2_ANDROID/build/cpp_pubsub
[8.327s] Level 1:colcon.colcon_core.environment:create_environment_scripts_only(cpp_pubsub)
[8.328s] DEBUG:colcon.colcon_core.event_handler.log_command:Invoked command in '/home/mingyu/lofi/ROS_2_ANDROID/build/cpp_pubsub' returned '0': CMAKE_PREFIX_PATH=/opt/ros/foxy:${CMAKE_PREFIX_PATH} /usr/bin/cmake --install /home/mingyu/lofi/ROS_2_ANDROID/build/cpp_pubsub
[8.339s] Level 1:colcon.colcon_core.environment:checking '/home/mingyu/lofi/ROS_2_ANDROID/install/cpp_pubsub' for CMake module files
[8.339s] Level 1:colcon.colcon_core.environment:checking '/home/mingyu/lofi/ROS_2_ANDROID/install/cpp_pubsub' for CMake config files
[8.339s] Level 1:colcon.colcon_core.shell:create_environment_hook('cpp_pubsub', 'cmake_prefix_path')
[8.343s] INFO:colcon.colcon_core.shell:Creating environment hook '/home/mingyu/lofi/ROS_2_ANDROID/install/cpp_pubsub/share/cpp_pubsub/hook/cmake_prefix_path.ps1'
[8.343s] INFO:colcon.colcon_core.shell:Creating environment descriptor '/home/mingyu/lofi/ROS_2_ANDROID/install/cpp_pubsub/share/cpp_pubsub/hook/cmake_prefix_path.dsv'
[8.344s] INFO:colcon.colcon_core.shell:Creating environment hook '/home/mingyu/lofi/ROS_2_ANDROID/install/cpp_pubsub/share/cpp_pubsub/hook/cmake_prefix_path.sh'
[8.345s] Level 1:colcon.colcon_core.environment:checking '/home/mingyu/lofi/ROS_2_ANDROID/install/cpp_pubsub/lib'
[8.345s] Level 1:colcon.colcon_core.environment:checking '/home/mingyu/lofi/ROS_2_ANDROID/install/cpp_pubsub/bin'
[8.345s] Level 1:colcon.colcon_core.environment:checking '/home/mingyu/lofi/ROS_2_ANDROID/install/cpp_pubsub/lib/pkgconfig/cpp_pubsub.pc'
[8.345s] Level 1:colcon.colcon_core.environment:checking '/home/mingyu/lofi/ROS_2_ANDROID/install/cpp_pubsub/lib/python3.8/site-packages'
[8.346s] Level 1:colcon.colcon_core.environment:checking '/home/mingyu/lofi/ROS_2_ANDROID/install/cpp_pubsub/bin'
[8.349s] INFO:colcon.colcon_core.shell:Creating package script '/home/mingyu/lofi/ROS_2_ANDROID/install/cpp_pubsub/share/cpp_pubsub/package.ps1'
[8.350s] INFO:colcon.colcon_core.shell:Creating package descriptor '/home/mingyu/lofi/ROS_2_ANDROID/install/cpp_pubsub/share/cpp_pubsub/package.dsv'
[8.350s] INFO:colcon.colcon_core.shell:Creating package script '/home/mingyu/lofi/ROS_2_ANDROID/install/cpp_pubsub/share/cpp_pubsub/package.sh'
[8.351s] INFO:colcon.colcon_core.shell:Creating package script '/home/mingyu/lofi/ROS_2_ANDROID/install/cpp_pubsub/share/cpp_pubsub/package.bash'
[8.352s] INFO:colcon.colcon_core.shell:Creating package script '/home/mingyu/lofi/ROS_2_ANDROID/install/cpp_pubsub/share/cpp_pubsub/package.zsh'
[8.353s] Level 1:colcon.colcon_core.environment:create_file_with_runtime_dependencies(/home/mingyu/lofi/ROS_2_ANDROID/install/cpp_pubsub/share/colcon-core/packages/cpp_pubsub)
[8.384s] Level 1:colcon.colcon_core.environment:create_environment_scripts_only(cpp_pubsub)
[8.391s] Level 1:colcon.colcon_core.environment:checking '/home/mingyu/lofi/ROS_2_ANDROID/install/cpp_pubsub' for CMake module files
[8.391s] Level 1:colcon.colcon_core.environment:checking '/home/mingyu/lofi/ROS_2_ANDROID/install/cpp_pubsub' for CMake config files
[8.392s] Level 1:colcon.colcon_core.shell:create_environment_hook('cpp_pubsub', 'cmake_prefix_path')
[8.397s] INFO:colcon.colcon_core.shell:Creating environment hook '/home/mingyu/lofi/ROS_2_ANDROID/install/cpp_pubsub/share/cpp_pubsub/hook/cmake_prefix_path.ps1'
[8.398s] INFO:colcon.colcon_core.shell:Creating environment descriptor '/home/mingyu/lofi/ROS_2_ANDROID/install/cpp_pubsub/share/cpp_pubsub/hook/cmake_prefix_path.dsv'
[8.398s] INFO:colcon.colcon_core.shell:Creating environment hook '/home/mingyu/lofi/ROS_2_ANDROID/install/cpp_pubsub/share/cpp_pubsub/hook/cmake_prefix_path.sh'
[8.399s] Level 1:colcon.colcon_core.environment:checking '/home/mingyu/lofi/ROS_2_ANDROID/install/cpp_pubsub/lib'
[8.399s] Level 1:colcon.colcon_core.environment:checking '/home/mingyu/lofi/ROS_2_ANDROID/install/cpp_pubsub/bin'
[8.399s] Level 1:colcon.colcon_core.environment:checking '/home/mingyu/lofi/ROS_2_ANDROID/install/cpp_pubsub/lib/pkgconfig/cpp_pubsub.pc'
[8.399s] Level 1:colcon.colcon_core.environment:checking '/home/mingyu/lofi/ROS_2_ANDROID/install/cpp_pubsub/lib/python3.8/site-packages'
[8.399s] Level 1:colcon.colcon_core.environment:checking '/home/mingyu/lofi/ROS_2_ANDROID/install/cpp_pubsub/bin'
[8.404s] INFO:colcon.colcon_core.shell:Creating package script '/home/mingyu/lofi/ROS_2_ANDROID/install/cpp_pubsub/share/cpp_pubsub/package.ps1'
[8.404s] INFO:colcon.colcon_core.shell:Creating package descriptor '/home/mingyu/lofi/ROS_2_ANDROID/install/cpp_pubsub/share/cpp_pubsub/package.dsv'
[8.405s] INFO:colcon.colcon_core.shell:Creating package script '/home/mingyu/lofi/ROS_2_ANDROID/install/cpp_pubsub/share/cpp_pubsub/package.sh'
[8.405s] INFO:colcon.colcon_core.shell:Creating package script '/home/mingyu/lofi/ROS_2_ANDROID/install/cpp_pubsub/share/cpp_pubsub/package.bash'
[8.406s] INFO:colcon.colcon_core.shell:Creating package script '/home/mingyu/lofi/ROS_2_ANDROID/install/cpp_pubsub/share/cpp_pubsub/package.zsh'
[8.406s] Level 1:colcon.colcon_core.environment:create_file_with_runtime_dependencies(/home/mingyu/lofi/ROS_2_ANDROID/install/cpp_pubsub/share/colcon-core/packages/cpp_pubsub)
[8.407s] DEBUG:colcon.colcon_parallel_executor.executor.parallel:closing loop
[8.407s] DEBUG:colcon.colcon_parallel_executor.executor.parallel:loop closed
[8.407s] DEBUG:colcon.colcon_parallel_executor.executor.parallel:run_until_complete finished with '0'
[8.407s] DEBUG:colcon.colcon_core.event_reactor:joining thread
[8.417s] INFO:colcon.colcon_core.plugin_system:Skipping extension 'colcon_notification.desktop_notification.terminal_notifier': Not used on non-Darwin systems
[8.417s] INFO:colcon.colcon_core.plugin_system:Skipping extension 'colcon_notification.desktop_notification.win32': Not used on non-Windows systems
[8.417s] INFO:colcon.colcon_notification.desktop_notification:Sending desktop notification using 'notify2'
[8.442s] DEBUG:colcon.colcon_core.event_reactor:joined thread
[8.448s] INFO:colcon.colcon_core.shell:Creating prefix script '/home/mingyu/lofi/ROS_2_ANDROID/install/local_setup.ps1'
[8.450s] INFO:colcon.colcon_core.shell:Creating prefix util module '/home/mingyu/lofi/ROS_2_ANDROID/install/_local_setup_util_ps1.py'
[8.451s] INFO:colcon.colcon_core.shell:Creating prefix chain script '/home/mingyu/lofi/ROS_2_ANDROID/install/setup.ps1'
[8.454s] INFO:colcon.colcon_core.shell:Creating prefix script '/home/mingyu/lofi/ROS_2_ANDROID/install/local_setup.sh'
[8.454s] INFO:colcon.colcon_core.shell:Creating prefix util module '/home/mingyu/lofi/ROS_2_ANDROID/install/_local_setup_util_sh.py'
[8.455s] INFO:colcon.colcon_core.shell:Creating prefix chain script '/home/mingyu/lofi/ROS_2_ANDROID/install/setup.sh'
[8.457s] INFO:colcon.colcon_core.shell:Creating prefix script '/home/mingyu/lofi/ROS_2_ANDROID/install/local_setup.bash'
[8.458s] INFO:colcon.colcon_core.shell:Creating prefix chain script '/home/mingyu/lofi/ROS_2_ANDROID/install/setup.bash'
[8.460s] INFO:colcon.colcon_core.shell:Creating prefix script '/home/mingyu/lofi/ROS_2_ANDROID/install/local_setup.zsh'
[8.460s] INFO:colcon.colcon_core.shell:Creating prefix chain script '/home/mingyu/lofi/ROS_2_ANDROID/install/setup.zsh'
