[0.017s] Invoking command in '/home/mingyu/lofi/custom_msg/build/custom_msg': CMAKE_PREFIX_PATH=/opt/ros/foxy:${CMAKE_PREFIX_PATH} /usr/bin/cmake /home/mingyu/lofi/custom_msg -DCMAKE_INSTALL_PREFIX=/home/mingyu/lofi/custom_msg/install/custom_msg
[0.059s] -- The C compiler identification is GNU 9.4.0
[0.104s] -- The CXX compiler identification is GNU 9.4.0
[0.107s] -- Check for working C compiler: /usr/bin/cc
[0.163s] -- Check for working C compiler: /usr/bin/cc -- works
[0.164s] -- Detecting C compiler ABI info
[0.221s] -- Detecting C compiler ABI info - done
[0.233s] -- Detecting C compile features
[0.233s] -- Detecting C compile features - done
[0.235s] -- Check for working CXX compiler: /usr/bin/c++
[0.300s] -- Check for working CXX compiler: /usr/bin/c++ -- works
[0.300s] -- Detecting CXX compiler ABI info
[0.364s] -- Detecting CXX compiler ABI info - done
[0.375s] -- Detecting CXX compile features
[0.375s] -- Detecting CXX compile features - done
[0.377s] -- Found ament_cmake: 0.9.11 (/opt/ros/foxy/share/ament_cmake/cmake)
[0.398s] -- Found PythonInterp: /usr/bin/python3 (found suitable version "3.8.10", minimum required is "3") 
[0.398s] -- Using PYTHON_EXECUTABLE: /usr/bin/python3
[0.613s] -- Found std_msgs: 2.0.5 (/opt/ros/foxy/share/std_msgs/cmake)
[0.636s] -- Using all available rosidl_typesupport_c: rosidl_typesupport_fastrtps_c;rosidl_typesupport_introspection_c
[0.641s] -- Found rosidl_adapter: 1.3.0 (/opt/ros/foxy/share/rosidl_adapter/cmake)
[0.704s] -- Found OpenSSL: /usr/lib/x86_64-linux-gnu/libcrypto.so (found version "1.1.1f")  
[0.728s] -- Found FastRTPS: /opt/ros/foxy/include  
[0.793s] -- Using all available rosidl_typesupport_cpp: rosidl_typesupport_fastrtps_cpp;rosidl_typesupport_introspection_cpp
[0.834s] -- Found geometry_msgs: 2.0.5 (/opt/ros/foxy/share/geometry_msgs/cmake)
[0.866s] -- Found sensor_msgs: 2.0.5 (/opt/ros/foxy/share/sensor_msgs/cmake)
[0.932s] -- Found ament_lint_auto: 0.9.7 (/opt/ros/foxy/share/ament_lint_auto/cmake)
[0.992s] -- Found rosidl_default_generators: 1.0.1 (/opt/ros/foxy/share/rosidl_default_generators/cmake)
[1.020s] -- Found PythonInterp: /usr/bin/python3 (found version "3.8.10") 
[1.157s] -- Found ament_cmake_ros: 0.9.2 (/opt/ros/foxy/share/ament_cmake_ros/cmake)
[1.426s] -- Using all available rosidl_typesupport_c: rosidl_typesupport_fastrtps_c;rosidl_typesupport_introspection_c
[1.566s] -- Using all available rosidl_typesupport_cpp: rosidl_typesupport_fastrtps_cpp;rosidl_typesupport_introspection_cpp
[1.589s] -- Found PythonInterp: /usr/bin/python3 (found suitable version "3.8.10", minimum required is "3.5") 
[1.589s] -- Found python_cmake_module: 0.8.1 (/opt/ros/foxy/share/python_cmake_module/cmake)
[1.612s] -- Found PythonLibs: /usr/lib/x86_64-linux-gnu/libpython3.8.so (found suitable version "3.8.10", minimum required is "3.5") 
[1.613s] -- Using PYTHON_EXECUTABLE: /usr/bin/python3
[1.613s] -- Using PYTHON_INCLUDE_DIRS: /usr/include/python3.8
[1.613s] -- Using PYTHON_LIBRARIES: /usr/lib/x86_64-linux-gnu/libpython3.8.so
[1.631s] -- Found PythonExtra: .so  
[1.722s] -- Configuring done
[1.785s] -- Generating done
[1.787s] -- Build files have been written to: /home/mingyu/lofi/custom_msg/build/custom_msg
[1.792s] Invoked command in '/home/mingyu/lofi/custom_msg/build/custom_msg' returned '0': CMAKE_PREFIX_PATH=/opt/ros/foxy:${CMAKE_PREFIX_PATH} /usr/bin/cmake /home/mingyu/lofi/custom_msg -DCMAKE_INSTALL_PREFIX=/home/mingyu/lofi/custom_msg/install/custom_msg
[1.795s] Invoking command in '/home/mingyu/lofi/custom_msg/build/custom_msg': CMAKE_PREFIX_PATH=/opt/ros/foxy:${CMAKE_PREFIX_PATH} /usr/bin/cmake --build /home/mingyu/lofi/custom_msg/build/custom_msg -- -j12 -l12
[1.829s] [35m[1mScanning dependencies of target custom_msg__cpp[0m
[1.829s] [  3%] [34m[1mGenerating C code for ROS interfaces[0m
[1.839s] [  6%] [34m[1mGenerating C++ code for ROS interfaces[0m
[2.027s] [35m[1mScanning dependencies of target custom_msg__rosidl_generator_c[0m
[2.035s] [  6%] Built target custom_msg__cpp
[2.037s] [  9%] [32mBuilding C object CMakeFiles/custom_msg__rosidl_generator_c.dir/rosidl_generator_c/custom_msg/msg/detail/ros2_yolo__functions.c.o[0m
[2.044s] [ 19%] [34m[1mGenerating C++ introspection for ROS interfaces[0m
[2.044s] [ 19%] [34m[1mGenerating C++ type support for eProsima Fast-RTPS[0m
[2.044s] [ 19%] [34m[1mGenerating C++ type support dispatch for ROS interfaces[0m
[2.079s] [ 22%] [32m[1mLinking C shared library libcustom_msg__rosidl_generator_c.so[0m
[2.111s] [ 22%] Built target custom_msg__rosidl_generator_c
[2.121s] [ 29%] [34m[1mGenerating C introspection for ROS interfaces[0m
[2.121s] [ 29%] [34m[1mGenerating C type support dispatch for ROS interfaces[0m
[2.215s] [35m[1mScanning dependencies of target custom_msg__rosidl_typesupport_cpp[0m
[2.226s] [ 32%] [32mBuilding CXX object CMakeFiles/custom_msg__rosidl_typesupport_cpp.dir/rosidl_typesupport_cpp/custom_msg/msg/ros2_yolo__type_support.cpp.o[0m
[2.230s] [35m[1mScanning dependencies of target custom_msg__rosidl_typesupport_introspection_cpp[0m
[2.237s] [35m[1mScanning dependencies of target custom_msg__rosidl_typesupport_fastrtps_cpp[0m
[2.241s] [ 35%] [32mBuilding CXX object CMakeFiles/custom_msg__rosidl_typesupport_introspection_cpp.dir/rosidl_typesupport_introspection_cpp/custom_msg/msg/detail/ros2_yolo__type_support.cpp.o[0m
[2.249s] [ 38%] [32mBuilding CXX object CMakeFiles/custom_msg__rosidl_typesupport_fastrtps_cpp.dir/rosidl_typesupport_fastrtps_cpp/custom_msg/msg/detail/dds_fastrtps/ros2_yolo__type_support.cpp.o[0m
[2.291s] [35m[1mScanning dependencies of target custom_msg__rosidl_typesupport_c[0m
[2.301s] [ 41%] [32mBuilding CXX object CMakeFiles/custom_msg__rosidl_typesupport_c.dir/rosidl_typesupport_c/custom_msg/msg/ros2_yolo__type_support.cpp.o[0m
[2.309s] [35m[1mScanning dependencies of target custom_msg__rosidl_typesupport_introspection_c[0m
[2.320s] [ 45%] [32mBuilding C object CMakeFiles/custom_msg__rosidl_typesupport_introspection_c.dir/rosidl_typesupport_introspection_c/custom_msg/msg/detail/ros2_yolo__type_support.c.o[0m
[2.327s] [ 48%] [32m[1mLinking CXX shared library libcustom_msg__rosidl_typesupport_c.so[0m
[2.348s] [ 51%] [32m[1mLinking C shared library libcustom_msg__rosidl_typesupport_introspection_c.so[0m
[2.365s] [ 51%] Built target custom_msg__rosidl_typesupport_c
[2.376s] [ 51%] Built target custom_msg__rosidl_typesupport_introspection_c
[2.478s] [ 54%] [32m[1mLinking CXX shared library libcustom_msg__rosidl_typesupport_cpp.so[0m
[2.503s] [ 58%] [32m[1mLinking CXX shared library libcustom_msg__rosidl_typesupport_introspection_cpp.so[0m
[2.515s] [ 58%] Built target custom_msg__rosidl_typesupport_cpp
[2.557s] [ 58%] Built target custom_msg__rosidl_typesupport_introspection_cpp
[2.615s] [ 61%] [32m[1mLinking CXX shared library libcustom_msg__rosidl_typesupport_fastrtps_cpp.so[0m
[2.684s] [ 61%] Built target custom_msg__rosidl_typesupport_fastrtps_cpp
[2.694s] [ 64%] [34m[1mGenerating C type support for eProsima Fast-RTPS[0m
[2.874s] [35m[1mScanning dependencies of target custom_msg__rosidl_typesupport_fastrtps_c[0m
[2.887s] [ 67%] [32mBuilding CXX object CMakeFiles/custom_msg__rosidl_typesupport_fastrtps_c.dir/rosidl_typesupport_fastrtps_c/custom_msg/msg/detail/ros2_yolo__type_support_c.cpp.o[0m
[3.204s] [ 70%] [32m[1mLinking CXX shared library libcustom_msg__rosidl_typesupport_fastrtps_c.so[0m
[3.277s] [ 70%] Built target custom_msg__rosidl_typesupport_fastrtps_c
[3.285s] [35m[1mScanning dependencies of target custom_msg[0m
[3.294s] [ 70%] Built target custom_msg
[3.302s] [35m[1mScanning dependencies of target custom_msg__py[0m
[3.311s] [ 74%] [34m[1mGenerating Python code for ROS interfaces[0m
[3.604s] [ 74%] Built target custom_msg__py
[3.612s] [35m[1mScanning dependencies of target custom_msg__python[0m
[3.627s] [ 77%] [32mBuilding C object CMakeFiles/custom_msg__python.dir/rosidl_generator_py/custom_msg/msg/_ros2_yolo_s.c.o[0m
[3.701s] [ 80%] [32m[1mLinking C shared library rosidl_generator_py/custom_msg/libcustom_msg__python.so[0m
[3.740s] [ 80%] Built target custom_msg__python
[3.749s] [35m[1mScanning dependencies of target custom_msg__rosidl_typesupport_introspection_c__pyext[0m
[3.749s] [35m[1mScanning dependencies of target custom_msg__rosidl_typesupport_c__pyext[0m
[3.749s] [35m[1mScanning dependencies of target custom_msg__rosidl_typesupport_fastrtps_c__pyext[0m
[3.763s] [ 87%] [32mBuilding C object CMakeFiles/custom_msg__rosidl_typesupport_c__pyext.dir/rosidl_generator_py/custom_msg/_custom_msg_s.ep.rosidl_typesupport_c.c.o[0m
[3.763s] [ 87%] [32mBuilding C object CMakeFiles/custom_msg__rosidl_typesupport_introspection_c__pyext.dir/rosidl_generator_py/custom_msg/_custom_msg_s.ep.rosidl_typesupport_introspection_c.c.o[0m
[3.764s] [ 90%] [32mBuilding C object CMakeFiles/custom_msg__rosidl_typesupport_fastrtps_c__pyext.dir/rosidl_generator_py/custom_msg/_custom_msg_s.ep.rosidl_typesupport_fastrtps_c.c.o[0m
[3.828s] [ 96%] [32m[1mLinking C shared library rosidl_generator_py/custom_msg/custom_msg_s__rosidl_typesupport_introspection_c.cpython-38-x86_64-linux-gnu.so[0m
[3.829s] [ 96%] [32m[1mLinking C shared library rosidl_generator_py/custom_msg/custom_msg_s__rosidl_typesupport_c.cpython-38-x86_64-linux-gnu.so[0m
[3.829s] [100%] [32m[1mLinking CXX shared library rosidl_generator_py/custom_msg/custom_msg_s__rosidl_typesupport_fastrtps_c.cpython-38-x86_64-linux-gnu.so[0m
[3.863s] [100%] Built target custom_msg__rosidl_typesupport_introspection_c__pyext
[3.863s] [100%] Built target custom_msg__rosidl_typesupport_c__pyext
[3.888s] [100%] Built target custom_msg__rosidl_typesupport_fastrtps_c__pyext
[3.898s] Invoked command in '/home/mingyu/lofi/custom_msg/build/custom_msg' returned '0': CMAKE_PREFIX_PATH=/opt/ros/foxy:${CMAKE_PREFIX_PATH} /usr/bin/cmake --build /home/mingyu/lofi/custom_msg/build/custom_msg -- -j12 -l12
[3.943s] Invoking command in '/home/mingyu/lofi/custom_msg/build/custom_msg': CMAKE_PREFIX_PATH=/opt/ros/foxy:${CMAKE_PREFIX_PATH} /usr/bin/cmake --install /home/mingyu/lofi/custom_msg/build/custom_msg
[3.950s] -- Install configuration: ""
[3.950s] -- Installing: /home/mingyu/lofi/custom_msg/install/custom_msg/share/ament_index/resource_index/rosidl_interfaces/custom_msg
[3.951s] -- Installing: /home/mingyu/lofi/custom_msg/install/custom_msg/include/custom_msg
[3.951s] -- Installing: /home/mingyu/lofi/custom_msg/install/custom_msg/include/custom_msg/msg
[3.951s] -- Installing: /home/mingyu/lofi/custom_msg/install/custom_msg/include/custom_msg/msg/detail
[3.951s] -- Installing: /home/mingyu/lofi/custom_msg/install/custom_msg/include/custom_msg/msg/detail/ros2_yolo__functions.h
[3.951s] -- Installing: /home/mingyu/lofi/custom_msg/install/custom_msg/include/custom_msg/msg/detail/ros2_yolo__type_support.h
[3.951s] -- Installing: /home/mingyu/lofi/custom_msg/install/custom_msg/include/custom_msg/msg/detail/ros2_yolo__struct.h
[3.951s] -- Installing: /home/mingyu/lofi/custom_msg/install/custom_msg/include/custom_msg/msg/detail/ros2_yolo__functions.c
[3.951s] -- Installing: /home/mingyu/lofi/custom_msg/install/custom_msg/include/custom_msg/msg/ros2_yolo.h
[3.951s] -- Installing: /home/mingyu/lofi/custom_msg/install/custom_msg/include/custom_msg/msg/rosidl_generator_c__visibility_control.h
[3.951s] -- Installing: /home/mingyu/lofi/custom_msg/install/custom_msg/share/custom_msg/environment/library_path.sh
[3.951s] -- Installing: /home/mingyu/lofi/custom_msg/install/custom_msg/share/custom_msg/environment/library_path.dsv
[3.951s] -- Installing: /home/mingyu/lofi/custom_msg/install/custom_msg/lib/libcustom_msg__rosidl_generator_c.so
[3.952s] -- Set runtime path of "/home/mingyu/lofi/custom_msg/install/custom_msg/lib/libcustom_msg__rosidl_generator_c.so" to ""
[3.952s] -- Up-to-date: /home/mingyu/lofi/custom_msg/install/custom_msg/include/custom_msg
[3.952s] -- Up-to-date: /home/mingyu/lofi/custom_msg/install/custom_msg/include/custom_msg/msg
[3.952s] -- Up-to-date: /home/mingyu/lofi/custom_msg/install/custom_msg/include/custom_msg/msg/detail
[3.952s] -- Installing: /home/mingyu/lofi/custom_msg/install/custom_msg/include/custom_msg/msg/detail/ros2_yolo__rosidl_typesupport_fastrtps_c.h
[3.952s] -- Installing: /home/mingyu/lofi/custom_msg/install/custom_msg/include/custom_msg/msg/rosidl_typesupport_fastrtps_c__visibility_control.h
[3.952s] -- Installing: /home/mingyu/lofi/custom_msg/install/custom_msg/lib/libcustom_msg__rosidl_typesupport_fastrtps_c.so
[3.952s] -- Set runtime path of "/home/mingyu/lofi/custom_msg/install/custom_msg/lib/libcustom_msg__rosidl_typesupport_fastrtps_c.so" to ""
[3.952s] -- Up-to-date: /home/mingyu/lofi/custom_msg/install/custom_msg/include/custom_msg
[3.952s] -- Up-to-date: /home/mingyu/lofi/custom_msg/install/custom_msg/include/custom_msg/msg
[3.952s] -- Up-to-date: /home/mingyu/lofi/custom_msg/install/custom_msg/include/custom_msg/msg/detail
[3.953s] -- Installing: /home/mingyu/lofi/custom_msg/install/custom_msg/include/custom_msg/msg/detail/dds_fastrtps
[3.953s] -- Installing: /home/mingyu/lofi/custom_msg/install/custom_msg/include/custom_msg/msg/detail/ros2_yolo__rosidl_typesupport_fastrtps_cpp.hpp
[3.953s] -- Installing: /home/mingyu/lofi/custom_msg/install/custom_msg/include/custom_msg/msg/rosidl_typesupport_fastrtps_cpp__visibility_control.h
[3.953s] -- Installing: /home/mingyu/lofi/custom_msg/install/custom_msg/lib/libcustom_msg__rosidl_typesupport_fastrtps_cpp.so
[3.953s] -- Set runtime path of "/home/mingyu/lofi/custom_msg/install/custom_msg/lib/libcustom_msg__rosidl_typesupport_fastrtps_cpp.so" to ""
[3.953s] -- Up-to-date: /home/mingyu/lofi/custom_msg/install/custom_msg/include/custom_msg
[3.953s] -- Up-to-date: /home/mingyu/lofi/custom_msg/install/custom_msg/include/custom_msg/msg
[3.953s] -- Up-to-date: /home/mingyu/lofi/custom_msg/install/custom_msg/include/custom_msg/msg/detail
[3.953s] -- Installing: /home/mingyu/lofi/custom_msg/install/custom_msg/include/custom_msg/msg/detail/ros2_yolo__rosidl_typesupport_introspection_c.h
[3.953s] -- Installing: /home/mingyu/lofi/custom_msg/install/custom_msg/include/custom_msg/msg/detail/ros2_yolo__type_support.c
[3.953s] -- Installing: /home/mingyu/lofi/custom_msg/install/custom_msg/include/custom_msg/msg/rosidl_typesupport_introspection_c__visibility_control.h
[3.953s] -- Installing: /home/mingyu/lofi/custom_msg/install/custom_msg/lib/libcustom_msg__rosidl_typesupport_introspection_c.so
[3.953s] -- Set runtime path of "/home/mingyu/lofi/custom_msg/install/custom_msg/lib/libcustom_msg__rosidl_typesupport_introspection_c.so" to ""
[3.954s] -- Installing: /home/mingyu/lofi/custom_msg/install/custom_msg/lib/libcustom_msg__rosidl_typesupport_c.so
[3.954s] -- Set runtime path of "/home/mingyu/lofi/custom_msg/install/custom_msg/lib/libcustom_msg__rosidl_typesupport_c.so" to ""
[3.954s] -- Up-to-date: /home/mingyu/lofi/custom_msg/install/custom_msg/include/custom_msg
[3.954s] -- Up-to-date: /home/mingyu/lofi/custom_msg/install/custom_msg/include/custom_msg/msg
[3.954s] -- Up-to-date: /home/mingyu/lofi/custom_msg/install/custom_msg/include/custom_msg/msg/detail
[3.954s] -- Installing: /home/mingyu/lofi/custom_msg/install/custom_msg/include/custom_msg/msg/detail/ros2_yolo__struct.hpp
[3.954s] -- Installing: /home/mingyu/lofi/custom_msg/install/custom_msg/include/custom_msg/msg/detail/ros2_yolo__builder.hpp
[3.954s] -- Installing: /home/mingyu/lofi/custom_msg/install/custom_msg/include/custom_msg/msg/detail/ros2_yolo__traits.hpp
[3.954s] -- Installing: /home/mingyu/lofi/custom_msg/install/custom_msg/include/custom_msg/msg/ros2_yolo.hpp
[3.954s] -- Up-to-date: /home/mingyu/lofi/custom_msg/install/custom_msg/include/custom_msg
[3.954s] -- Up-to-date: /home/mingyu/lofi/custom_msg/install/custom_msg/include/custom_msg/msg
[3.955s] -- Up-to-date: /home/mingyu/lofi/custom_msg/install/custom_msg/include/custom_msg/msg/detail
[3.955s] -- Installing: /home/mingyu/lofi/custom_msg/install/custom_msg/include/custom_msg/msg/detail/ros2_yolo__rosidl_typesupport_introspection_cpp.hpp
[3.955s] -- Installing: /home/mingyu/lofi/custom_msg/install/custom_msg/include/custom_msg/msg/detail/ros2_yolo__type_support.cpp
[3.955s] -- Installing: /home/mingyu/lofi/custom_msg/install/custom_msg/lib/libcustom_msg__rosidl_typesupport_introspection_cpp.so
[3.955s] -- Set runtime path of "/home/mingyu/lofi/custom_msg/install/custom_msg/lib/libcustom_msg__rosidl_typesupport_introspection_cpp.so" to ""
[3.955s] -- Installing: /home/mingyu/lofi/custom_msg/install/custom_msg/lib/libcustom_msg__rosidl_typesupport_cpp.so
[3.955s] -- Set runtime path of "/home/mingyu/lofi/custom_msg/install/custom_msg/lib/libcustom_msg__rosidl_typesupport_cpp.so" to ""
[3.955s] -- Installing: /home/mingyu/lofi/custom_msg/install/custom_msg/share/custom_msg/environment/pythonpath.sh
[3.955s] -- Installing: /home/mingyu/lofi/custom_msg/install/custom_msg/share/custom_msg/environment/pythonpath.dsv
[3.955s] -- Installing: /home/mingyu/lofi/custom_msg/install/custom_msg/lib/python3.8/site-packages/custom_msg/__init__.py
[3.982s] Compiling '/home/mingyu/lofi/custom_msg/install/custom_msg/lib/python3.8/site-packages/custom_msg/__init__.py'...
[3.985s] -- Installing: /home/mingyu/lofi/custom_msg/install/custom_msg/lib/python3.8/site-packages/custom_msg/msg
[3.985s] -- Installing: /home/mingyu/lofi/custom_msg/install/custom_msg/lib/python3.8/site-packages/custom_msg/msg/__init__.py
[3.985s] -- Installing: /home/mingyu/lofi/custom_msg/install/custom_msg/lib/python3.8/site-packages/custom_msg/msg/_ros2_yolo_s.c
[3.985s] -- Installing: /home/mingyu/lofi/custom_msg/install/custom_msg/lib/python3.8/site-packages/custom_msg/msg/_ros2_yolo.py
[3.985s] -- Installing: /home/mingyu/lofi/custom_msg/install/custom_msg/lib/python3.8/site-packages/custom_msg/custom_msg_s__rosidl_typesupport_fastrtps_c.cpython-38-x86_64-linux-gnu.so
[3.986s] -- Set runtime path of "/home/mingyu/lofi/custom_msg/install/custom_msg/lib/python3.8/site-packages/custom_msg/custom_msg_s__rosidl_typesupport_fastrtps_c.cpython-38-x86_64-linux-gnu.so" to ""
[3.986s] -- Installing: /home/mingyu/lofi/custom_msg/install/custom_msg/lib/python3.8/site-packages/custom_msg/custom_msg_s__rosidl_typesupport_introspection_c.cpython-38-x86_64-linux-gnu.so
[3.986s] -- Set runtime path of "/home/mingyu/lofi/custom_msg/install/custom_msg/lib/python3.8/site-packages/custom_msg/custom_msg_s__rosidl_typesupport_introspection_c.cpython-38-x86_64-linux-gnu.so" to ""
[3.986s] -- Installing: /home/mingyu/lofi/custom_msg/install/custom_msg/lib/python3.8/site-packages/custom_msg/custom_msg_s__rosidl_typesupport_c.cpython-38-x86_64-linux-gnu.so
[3.986s] -- Set runtime path of "/home/mingyu/lofi/custom_msg/install/custom_msg/lib/python3.8/site-packages/custom_msg/custom_msg_s__rosidl_typesupport_c.cpython-38-x86_64-linux-gnu.so" to ""
[3.987s] -- Installing: /home/mingyu/lofi/custom_msg/install/custom_msg/lib/libcustom_msg__python.so
[3.987s] -- Set runtime path of "/home/mingyu/lofi/custom_msg/install/custom_msg/lib/libcustom_msg__python.so" to ""
[3.987s] -- Installing: /home/mingyu/lofi/custom_msg/install/custom_msg/share/custom_msg/msg/Ros2Yolo.idl
[3.987s] -- Installing: /home/mingyu/lofi/custom_msg/install/custom_msg/share/custom_msg/msg/Ros2Yolo.msg
[3.987s] -- Installing: /home/mingyu/lofi/custom_msg/install/custom_msg/share/ament_index/resource_index/package_run_dependencies/custom_msg
[3.987s] -- Installing: /home/mingyu/lofi/custom_msg/install/custom_msg/share/ament_index/resource_index/parent_prefix_path/custom_msg
[3.987s] -- Installing: /home/mingyu/lofi/custom_msg/install/custom_msg/share/custom_msg/environment/ament_prefix_path.sh
[3.987s] -- Installing: /home/mingyu/lofi/custom_msg/install/custom_msg/share/custom_msg/environment/ament_prefix_path.dsv
[3.988s] -- Installing: /home/mingyu/lofi/custom_msg/install/custom_msg/share/custom_msg/environment/path.sh
[3.988s] -- Installing: /home/mingyu/lofi/custom_msg/install/custom_msg/share/custom_msg/environment/path.dsv
[3.988s] -- Installing: /home/mingyu/lofi/custom_msg/install/custom_msg/share/custom_msg/local_setup.bash
[3.988s] -- Installing: /home/mingyu/lofi/custom_msg/install/custom_msg/share/custom_msg/local_setup.sh
[3.988s] -- Installing: /home/mingyu/lofi/custom_msg/install/custom_msg/share/custom_msg/local_setup.zsh
[3.988s] -- Installing: /home/mingyu/lofi/custom_msg/install/custom_msg/share/custom_msg/local_setup.dsv
[3.988s] -- Installing: /home/mingyu/lofi/custom_msg/install/custom_msg/share/custom_msg/package.dsv
[3.988s] -- Installing: /home/mingyu/lofi/custom_msg/install/custom_msg/share/ament_index/resource_index/packages/custom_msg
[3.988s] -- Installing: /home/mingyu/lofi/custom_msg/install/custom_msg/share/custom_msg/cmake/custom_msg__rosidl_generator_cExport.cmake
[3.988s] -- Installing: /home/mingyu/lofi/custom_msg/install/custom_msg/share/custom_msg/cmake/custom_msg__rosidl_generator_cExport-noconfig.cmake
[3.989s] -- Installing: /home/mingyu/lofi/custom_msg/install/custom_msg/share/custom_msg/cmake/custom_msg__rosidl_typesupport_introspection_cExport.cmake
[3.989s] -- Installing: /home/mingyu/lofi/custom_msg/install/custom_msg/share/custom_msg/cmake/custom_msg__rosidl_typesupport_introspection_cExport-noconfig.cmake
[3.989s] -- Installing: /home/mingyu/lofi/custom_msg/install/custom_msg/share/custom_msg/cmake/custom_msg__rosidl_typesupport_cExport.cmake
[3.989s] -- Installing: /home/mingyu/lofi/custom_msg/install/custom_msg/share/custom_msg/cmake/custom_msg__rosidl_typesupport_cExport-noconfig.cmake
[3.989s] -- Installing: /home/mingyu/lofi/custom_msg/install/custom_msg/share/custom_msg/cmake/custom_msg__rosidl_generator_cppExport.cmake
[3.989s] -- Installing: /home/mingyu/lofi/custom_msg/install/custom_msg/share/custom_msg/cmake/custom_msg__rosidl_typesupport_introspection_cppExport.cmake
[3.989s] -- Installing: /home/mingyu/lofi/custom_msg/install/custom_msg/share/custom_msg/cmake/custom_msg__rosidl_typesupport_introspection_cppExport-noconfig.cmake
[3.989s] -- Installing: /home/mingyu/lofi/custom_msg/install/custom_msg/share/custom_msg/cmake/custom_msg__rosidl_typesupport_cppExport.cmake
[3.990s] -- Installing: /home/mingyu/lofi/custom_msg/install/custom_msg/share/custom_msg/cmake/custom_msg__rosidl_typesupport_cppExport-noconfig.cmake
[3.990s] -- Installing: /home/mingyu/lofi/custom_msg/install/custom_msg/share/custom_msg/cmake/rosidl_cmake-extras.cmake
[3.990s] -- Installing: /home/mingyu/lofi/custom_msg/install/custom_msg/share/custom_msg/cmake/ament_cmake_export_dependencies-extras.cmake
[3.990s] -- Installing: /home/mingyu/lofi/custom_msg/install/custom_msg/share/custom_msg/cmake/ament_cmake_export_libraries-extras.cmake
[3.990s] -- Installing: /home/mingyu/lofi/custom_msg/install/custom_msg/share/custom_msg/cmake/ament_cmake_export_targets-extras.cmake
[3.990s] -- Installing: /home/mingyu/lofi/custom_msg/install/custom_msg/share/custom_msg/cmake/ament_cmake_export_include_directories-extras.cmake
[3.990s] -- Installing: /home/mingyu/lofi/custom_msg/install/custom_msg/share/custom_msg/cmake/rosidl_cmake_export_typesupport_libraries-extras.cmake
[3.990s] -- Installing: /home/mingyu/lofi/custom_msg/install/custom_msg/share/custom_msg/cmake/rosidl_cmake_export_typesupport_targets-extras.cmake
[3.990s] -- Installing: /home/mingyu/lofi/custom_msg/install/custom_msg/share/custom_msg/cmake/custom_msgConfig.cmake
[3.990s] -- Installing: /home/mingyu/lofi/custom_msg/install/custom_msg/share/custom_msg/cmake/custom_msgConfig-version.cmake
[3.991s] -- Installing: /home/mingyu/lofi/custom_msg/install/custom_msg/share/custom_msg/package.xml
[3.993s] Invoked command in '/home/mingyu/lofi/custom_msg/build/custom_msg' returned '0': CMAKE_PREFIX_PATH=/opt/ros/foxy:${CMAKE_PREFIX_PATH} /usr/bin/cmake --install /home/mingyu/lofi/custom_msg/build/custom_msg
