[0.011s] Invoking command in '/home/mingyu/lofi/build/Project': /bin/cmake /home/mingyu/lofi/catkin_ws/src -DCMAKE_INSTALL_PREFIX=/home/mingyu/lofi/install/Project
[0.068s] -- The C compiler identification is GNU 9.4.0
[0.123s] -- The CXX compiler identification is GNU 9.4.0
[0.129s] -- Check for working C compiler: /bin/cc
[0.186s] -- Check for working C compiler: /bin/cc -- works
[0.187s] -- Detecting C compiler ABI info
[0.244s] -- Detecting C compiler ABI info - done
[0.257s] -- Detecting C compile features
[0.258s] -- Detecting C compile features - done
[0.261s] -- Check for working CXX compiler: /bin/c++
[0.327s] -- Check for working CXX compiler: /bin/c++ -- works
[0.328s] -- Detecting CXX compiler ABI info
[0.395s] -- Detecting CXX compiler ABI info - done
[0.408s] -- Detecting CXX compile features
[0.409s] -- Detecting CXX compile features - done
[0.633s] -- Using CATKIN_DEVEL_PREFIX: /home/mingyu/lofi/build/Project/devel
[0.633s] -- Using CMAKE_PREFIX_PATH: /opt/ros/noetic
[0.633s] -- This workspace overlays: /opt/ros/noetic
[0.654s] -- Found PythonInterp: /bin/python3 (found suitable version "3.8.10", minimum required is "3") 
[0.654s] -- Using PYTHON_EXECUTABLE: /bin/python3
[0.654s] -- Using Debian Python package layout
[0.683s] -- Found PY_em: /usr/lib/python3/dist-packages/em.py  
[0.683s] -- Using empy: /usr/lib/python3/dist-packages/em.py
[0.794s] -- Using CATKIN_ENABLE_TESTING: ON
[0.794s] -- Call enable_testing()
[0.796s] -- Using CATKIN_TEST_RESULTS_DIR: /home/mingyu/lofi/build/Project/test_results
[1.048s] -- Forcing gtest/gmock from source, though one was otherwise available.
[1.048s] -- Found gtest sources under '/usr/src/googletest': gtests will be built
[1.048s] -- Found gmock sources under '/usr/src/googletest': gmock will be built
[1.072s] -- Found PythonInterp: /bin/python3 (found version "3.8.10") 
[1.073s] -- Found Threads: TRUE  
[1.077s] -- Using Python nosetests: /bin/nosetests3
[1.126s] -- catkin 0.8.10
[1.126s] -- BUILD_SHARED_LIBS is on
[1.254s] -- BUILD_SHARED_LIBS is on
[1.595s] -- ~~~~~~~~~~~~~~~~~~~~~~~~~~~~~~~~~~~~~~~~~~~~~~~~~
[1.595s] -- ~~  traversing 1 packages in topological order:
[1.595s] -- ~~  - opencv
[1.595s] -- ~~~~~~~~~~~~~~~~~~~~~~~~~~~~~~~~~~~~~~~~~~~~~~~~~
[1.595s] -- +++ processing catkin package: 'opencv'
[1.595s] -- ==> add_subdirectory(opencv)
[1.773s] -- Found OpenCV: /usr (found version "4.2.0") 
[1.923s] -- Configuring done
[1.948s] -- Generating done
[1.951s] -- Build files have been written to: /home/mingyu/lofi/build/Project
[1.957s] Invoked command in '/home/mingyu/lofi/build/Project' returned '0': /bin/cmake /home/mingyu/lofi/catkin_ws/src -DCMAKE_INSTALL_PREFIX=/home/mingyu/lofi/install/Project
[1.958s] Invoking command in '/home/mingyu/lofi/build/Project': /bin/cmake --build /home/mingyu/lofi/build/Project -- -j12 -l12
[1.992s] [35m[1mScanning dependencies of target opencv_sub[0m
[2.019s] [ 50%] [32mBuilding CXX object opencv/CMakeFiles/opencv_sub.dir/src/sub.cpp.o[0m
[5.373s] [100%] [32m[1mLinking CXX executable ../devel/lib/opencv/opencv_sub[0m
[5.864s] [100%] Built target opencv_sub
[5.876s] Invoked command in '/home/mingyu/lofi/build/Project' returned '0': /bin/cmake --build /home/mingyu/lofi/build/Project -- -j12 -l12
[5.923s] Invoking command in '/home/mingyu/lofi/build/Project': /bin/cmake --install /home/mingyu/lofi/build/Project
[5.933s] -- Install configuration: ""
[5.933s] -- Installing: /home/mingyu/lofi/install/Project/_setup_util.py
[5.934s] -- Installing: /home/mingyu/lofi/install/Project/env.sh
[5.934s] -- Installing: /home/mingyu/lofi/install/Project/setup.bash
[5.934s] -- Installing: /home/mingyu/lofi/install/Project/local_setup.bash
[5.934s] -- Installing: /home/mingyu/lofi/install/Project/setup.sh
[5.934s] -- Installing: /home/mingyu/lofi/install/Project/local_setup.sh
[5.934s] -- Installing: /home/mingyu/lofi/install/Project/setup.zsh
[5.934s] -- Installing: /home/mingyu/lofi/install/Project/local_setup.zsh
[5.934s] -- Installing: /home/mingyu/lofi/install/Project/.rosinstall
[5.935s] -- Installing: /home/mingyu/lofi/install/Project/lib/pkgconfig/opencv.pc
[5.935s] -- Installing: /home/mingyu/lofi/install/Project/share/opencv/cmake/opencvConfig.cmake
[5.935s] -- Installing: /home/mingyu/lofi/install/Project/share/opencv/cmake/opencvConfig-version.cmake
[5.935s] -- Installing: /home/mingyu/lofi/install/Project/share/opencv/package.xml
[5.939s] Invoked command in '/home/mingyu/lofi/build/Project' returned '0': /bin/cmake --install /home/mingyu/lofi/build/Project
