[0.041s] Invoking command in '/home/mingyu/lofi/build/cpp_pubsub': CMAKE_PREFIX_PATH=/opt/ros/foxy:${CMAKE_PREFIX_PATH} /usr/bin/cmake /home/mingyu/lofi/ROS_2_ANDROID -DCMAKE_INSTALL_PREFIX=/home/mingyu/lofi/install/cpp_pubsub
[0.107s] -- The C compiler identification is GNU 9.4.0
[0.176s] -- The CXX compiler identification is GNU 9.4.0
[0.185s] -- Check for working C compiler: /usr/bin/cc
[0.276s] -- Check for working C compiler: /usr/bin/cc -- works
[0.277s] -- Detecting C compiler ABI info
[0.364s] -- Detecting C compiler ABI info - done
[0.382s] -- Detecting C compile features
[0.382s] -- Detecting C compile features - done
[0.386s] -- Check for working CXX compiler: /usr/bin/c++
[0.485s] -- Check for working CXX compiler: /usr/bin/c++ -- works
[0.487s] -- Detecting CXX compiler ABI info
[0.587s] -- Detecting CXX compiler ABI info - done
[0.604s] -- Detecting CXX compile features
[0.605s] -- Detecting CXX compile features - done
[0.608s] -- Found ament_cmake: 0.9.11 (/opt/ros/foxy/share/ament_cmake/cmake)
[0.643s] -- Found PythonInterp: /usr/bin/python3 (found suitable version "3.8.10", minimum required is "3") 
[0.643s] -- Using PYTHON_EXECUTABLE: /usr/bin/python3
[0.970s] -- Found rclcpp: 2.4.2 (/opt/ros/foxy/share/rclcpp/cmake)
[1.027s] -- Using all available rosidl_typesupport_c: rosidl_typesupport_fastrtps_c;rosidl_typesupport_introspection_c
[1.035s] -- Found rosidl_adapter: 1.3.0 (/opt/ros/foxy/share/rosidl_adapter/cmake)
[1.139s] -- Found OpenSSL: /usr/lib/x86_64-linux-gnu/libcrypto.so (found version "1.1.1f")  
[1.178s] -- Found FastRTPS: /opt/ros/foxy/include  
[1.281s] -- Using all available rosidl_typesupport_cpp: rosidl_typesupport_fastrtps_cpp;rosidl_typesupport_introspection_cpp
[1.356s] -- Found rmw_implementation_cmake: 1.0.3 (/opt/ros/foxy/share/rmw_implementation_cmake/cmake)
[1.358s] -- Using RMW implementation 'rmw_fastrtps_cpp' as default
[1.359s] -- Looking for pthread.h
[1.448s] -- Looking for pthread.h - found
[1.448s] -- Performing Test CMAKE_HAVE_LIBC_PTHREAD
[1.537s] -- Performing Test CMAKE_HAVE_LIBC_PTHREAD - Failed
[1.538s] -- Looking for pthread_create in pthreads
[1.615s] -- Looking for pthread_create in pthreads - not found
[1.615s] -- Looking for pthread_create in pthread
[1.696s] -- Looking for pthread_create in pthread - found
[1.698s] -- Found Threads: TRUE  
[2.017s] -- Configuring done
[2.029s] -- Generating done
[2.031s] -- Build files have been written to: /home/mingyu/lofi/build/cpp_pubsub
[2.038s] Invoked command in '/home/mingyu/lofi/build/cpp_pubsub' returned '0': CMAKE_PREFIX_PATH=/opt/ros/foxy:${CMAKE_PREFIX_PATH} /usr/bin/cmake /home/mingyu/lofi/ROS_2_ANDROID -DCMAKE_INSTALL_PREFIX=/home/mingyu/lofi/install/cpp_pubsub
[2.042s] Invoking command in '/home/mingyu/lofi/build/cpp_pubsub': CMAKE_PREFIX_PATH=/opt/ros/foxy:${CMAKE_PREFIX_PATH} /usr/bin/cmake --build /home/mingyu/lofi/build/cpp_pubsub -- -j12 -l12
[2.093s] [35m[1mScanning dependencies of target talker[0m
[2.093s] [35m[1mScanning dependencies of target listener[0m
[2.137s] [ 25%] [32mBuilding CXX object CMakeFiles/talker.dir/src/publisher_member_function.cpp.o[0m
[2.138s] [ 50%] [32mBuilding CXX object CMakeFiles/listener.dir/src/subscriber_member_function.cpp.o[0m
[4.450s] [01m[K/home/mingyu/lofi/ROS_2_ANDROID/src/publisher_member_function.cpp:[m[K In function ‘[01m[Kint main(int, char**)[m[K’:
[4.450s] [01m[K/home/mingyu/lofi/ROS_2_ANDROID/src/publisher_member_function.cpp:46:9:[m[K [01;35m[Kwarning: [m[Kunused variable ‘[01m[Kw_file[m[K’ [[01;35m[K-Wunused-variable[m[K]
[4.450s]    46 |   FILE *[01;35m[Kw_file[m[K = NULL;
[4.450s]       |         [01;35m[K^~~~~~[m[K
[6.690s] [ 75%] [32m[1mLinking CXX executable talker[0m
[6.901s] [ 75%] Built target talker
[8.837s] [100%] [32m[1mLinking CXX executable listener[0m
[9.101s] [100%] Built target listener
[9.115s] Invoked command in '/home/mingyu/lofi/build/cpp_pubsub' returned '0': CMAKE_PREFIX_PATH=/opt/ros/foxy:${CMAKE_PREFIX_PATH} /usr/bin/cmake --build /home/mingyu/lofi/build/cpp_pubsub -- -j12 -l12
[9.149s] Invoking command in '/home/mingyu/lofi/build/cpp_pubsub': CMAKE_PREFIX_PATH=/opt/ros/foxy:${CMAKE_PREFIX_PATH} /usr/bin/cmake --install /home/mingyu/lofi/build/cpp_pubsub
[9.160s] -- Install configuration: ""
[9.160s] -- Installing: /home/mingyu/lofi/install/cpp_pubsub/lib/cpp_pubsub/talker
[9.161s] -- Set runtime path of "/home/mingyu/lofi/install/cpp_pubsub/lib/cpp_pubsub/talker" to ""
[9.161s] -- Installing: /home/mingyu/lofi/install/cpp_pubsub/lib/cpp_pubsub/listener
[9.162s] -- Set runtime path of "/home/mingyu/lofi/install/cpp_pubsub/lib/cpp_pubsub/listener" to ""
[9.163s] -- Installing: /home/mingyu/lofi/install/cpp_pubsub/share/ament_index/resource_index/package_run_dependencies/cpp_pubsub
[9.163s] -- Installing: /home/mingyu/lofi/install/cpp_pubsub/share/ament_index/resource_index/parent_prefix_path/cpp_pubsub
[9.163s] -- Installing: /home/mingyu/lofi/install/cpp_pubsub/share/cpp_pubsub/environment/ament_prefix_path.sh
[9.163s] -- Installing: /home/mingyu/lofi/install/cpp_pubsub/share/cpp_pubsub/environment/ament_prefix_path.dsv
[9.164s] -- Installing: /home/mingyu/lofi/install/cpp_pubsub/share/cpp_pubsub/environment/path.sh
[9.164s] -- Installing: /home/mingyu/lofi/install/cpp_pubsub/share/cpp_pubsub/environment/path.dsv
[9.164s] -- Installing: /home/mingyu/lofi/install/cpp_pubsub/share/cpp_pubsub/local_setup.bash
[9.164s] -- Installing: /home/mingyu/lofi/install/cpp_pubsub/share/cpp_pubsub/local_setup.sh
[9.164s] -- Installing: /home/mingyu/lofi/install/cpp_pubsub/share/cpp_pubsub/local_setup.zsh
[9.164s] -- Installing: /home/mingyu/lofi/install/cpp_pubsub/share/cpp_pubsub/local_setup.dsv
[9.164s] -- Installing: /home/mingyu/lofi/install/cpp_pubsub/share/cpp_pubsub/package.dsv
[9.165s] -- Installing: /home/mingyu/lofi/install/cpp_pubsub/share/ament_index/resource_index/packages/cpp_pubsub
[9.165s] -- Installing: /home/mingyu/lofi/install/cpp_pubsub/share/cpp_pubsub/cmake/cpp_pubsubConfig.cmake
[9.165s] -- Installing: /home/mingyu/lofi/install/cpp_pubsub/share/cpp_pubsub/cmake/cpp_pubsubConfig-version.cmake
[9.165s] -- Installing: /home/mingyu/lofi/install/cpp_pubsub/share/cpp_pubsub/package.xml
[9.180s] Invoked command in '/home/mingyu/lofi/build/cpp_pubsub' returned '0': CMAKE_PREFIX_PATH=/opt/ros/foxy:${CMAKE_PREFIX_PATH} /usr/bin/cmake --install /home/mingyu/lofi/build/cpp_pubsub
