[0.025s] Invoking command in '/home/mingyu/lofi/ROS_2_ANDROID/build/cpp_pubsub': CMAKE_PREFIX_PATH=/opt/ros/foxy:${CMAKE_PREFIX_PATH} /usr/bin/cmake /home/mingyu/lofi/ROS_2_ANDROID -DCMAKE_INSTALL_PREFIX=/home/mingyu/lofi/ROS_2_ANDROID/install/cpp_pubsub
[0.235s] -- The C compiler identification is GNU 9.4.0
[0.418s] -- The CXX compiler identification is GNU 9.4.0
[0.426s] -- Check for working C compiler: /usr/bin/cc
[0.503s] -- Check for working C compiler: /usr/bin/cc -- works
[0.505s] -- Detecting C compiler ABI info
[0.600s] -- Detecting C compiler ABI info - done
[0.620s] -- Detecting C compile features
[0.621s] -- Detecting C compile features - done
[0.626s] -- Check for working CXX compiler: /usr/bin/c++
[0.731s] -- Check for working CXX compiler: /usr/bin/c++ -- works
[0.732s] -- Detecting CXX compiler ABI info
[0.816s] -- Detecting CXX compiler ABI info - done
[0.834s] -- Detecting CXX compile features
[0.835s] -- Detecting CXX compile features - done
[0.839s] -- Found ament_cmake: 0.9.11 (/opt/ros/foxy/share/ament_cmake/cmake)
[0.885s] -- Found PythonInterp: /usr/bin/python3 (found suitable version "3.8.10", minimum required is "3") 
[0.885s] -- Using PYTHON_EXECUTABLE: /usr/bin/python3
[1.164s] -- Found rclcpp: 2.4.2 (/opt/ros/foxy/share/rclcpp/cmake)
[1.227s] -- Using all available rosidl_typesupport_c: rosidl_typesupport_fastrtps_c;rosidl_typesupport_introspection_c
[1.236s] -- Found rosidl_adapter: 1.3.0 (/opt/ros/foxy/share/rosidl_adapter/cmake)
[1.335s] -- Found OpenSSL: /usr/lib/x86_64-linux-gnu/libcrypto.so (found version "1.1.1f")  
[1.368s] -- Found FastRTPS: /opt/ros/foxy/include  
[1.459s] -- Using all available rosidl_typesupport_cpp: rosidl_typesupport_fastrtps_cpp;rosidl_typesupport_introspection_cpp
[1.531s] -- Found rmw_implementation_cmake: 1.0.3 (/opt/ros/foxy/share/rmw_implementation_cmake/cmake)
[1.533s] -- Using RMW implementation 'rmw_fastrtps_cpp' as default
[1.535s] -- Looking for pthread.h
[1.617s] -- Looking for pthread.h - found
[1.617s] -- Performing Test CMAKE_HAVE_LIBC_PTHREAD
[1.700s] -- Performing Test CMAKE_HAVE_LIBC_PTHREAD - Failed
[1.701s] -- Looking for pthread_create in pthreads
[1.780s] -- Looking for pthread_create in pthreads - not found
[1.780s] -- Looking for pthread_create in pthread
[1.896s] -- Looking for pthread_create in pthread - found
[1.898s] -- Found Threads: TRUE  
[2.163s] -- Configuring done
[2.174s] -- Generating done
[2.176s] -- Build files have been written to: /home/mingyu/lofi/ROS_2_ANDROID/build/cpp_pubsub
[2.182s] Invoked command in '/home/mingyu/lofi/ROS_2_ANDROID/build/cpp_pubsub' returned '0': CMAKE_PREFIX_PATH=/opt/ros/foxy:${CMAKE_PREFIX_PATH} /usr/bin/cmake /home/mingyu/lofi/ROS_2_ANDROID -DCMAKE_INSTALL_PREFIX=/home/mingyu/lofi/ROS_2_ANDROID/install/cpp_pubsub
[2.185s] Invoking command in '/home/mingyu/lofi/ROS_2_ANDROID/build/cpp_pubsub': CMAKE_PREFIX_PATH=/opt/ros/foxy:${CMAKE_PREFIX_PATH} /usr/bin/cmake --build /home/mingyu/lofi/ROS_2_ANDROID/build/cpp_pubsub -- -j12 -l12
[2.229s] [35m[1mScanning dependencies of target listener[0m
[2.229s] [35m[1mScanning dependencies of target talker[0m
[2.314s] [ 50%] [32mBuilding CXX object CMakeFiles/talker.dir/src/publisher_member_function.cpp.o[0m
[2.314s] [ 50%] [32mBuilding CXX object CMakeFiles/listener.dir/src/subscriber_member_function.cpp.o[0m
[3.869s] [01m[K/home/mingyu/lofi/ROS_2_ANDROID/src/publisher_member_function.cpp:[m[K In function ‘[01m[Kint main(int, char**)[m[K’:
[3.869s] [01m[K/home/mingyu/lofi/ROS_2_ANDROID/src/publisher_member_function.cpp:46:9:[m[K [01;35m[Kwarning: [m[Kunused variable ‘[01m[Kw_file[m[K’ [[01;35m[K-Wunused-variable[m[K]
[3.869s]    46 |   FILE *[01;35m[Kw_file[m[K = NULL;
[3.869s]       |         [01;35m[K^~~~~~[m[K
[5.669s] [ 75%] [32m[1mLinking CXX executable talker[0m
[5.853s] [ 75%] Built target talker
[7.575s] [100%] [32m[1mLinking CXX executable listener[0m
[7.780s] [100%] Built target listener
[7.794s] Invoked command in '/home/mingyu/lofi/ROS_2_ANDROID/build/cpp_pubsub' returned '0': CMAKE_PREFIX_PATH=/opt/ros/foxy:${CMAKE_PREFIX_PATH} /usr/bin/cmake --build /home/mingyu/lofi/ROS_2_ANDROID/build/cpp_pubsub -- -j12 -l12
[7.836s] Invoking command in '/home/mingyu/lofi/ROS_2_ANDROID/build/cpp_pubsub': CMAKE_PREFIX_PATH=/opt/ros/foxy:${CMAKE_PREFIX_PATH} /usr/bin/cmake --install /home/mingyu/lofi/ROS_2_ANDROID/build/cpp_pubsub
[7.847s] -- Install configuration: ""
[7.848s] -- Installing: /home/mingyu/lofi/ROS_2_ANDROID/install/cpp_pubsub/lib/cpp_pubsub/talker
[7.849s] -- Set runtime path of "/home/mingyu/lofi/ROS_2_ANDROID/install/cpp_pubsub/lib/cpp_pubsub/talker" to ""
[7.849s] -- Installing: /home/mingyu/lofi/ROS_2_ANDROID/install/cpp_pubsub/lib/cpp_pubsub/listener
[7.851s] -- Set runtime path of "/home/mingyu/lofi/ROS_2_ANDROID/install/cpp_pubsub/lib/cpp_pubsub/listener" to ""
[7.851s] -- Installing: /home/mingyu/lofi/ROS_2_ANDROID/install/cpp_pubsub/share/ament_index/resource_index/package_run_dependencies/cpp_pubsub
[7.851s] -- Installing: /home/mingyu/lofi/ROS_2_ANDROID/install/cpp_pubsub/share/ament_index/resource_index/parent_prefix_path/cpp_pubsub
[7.851s] -- Installing: /home/mingyu/lofi/ROS_2_ANDROID/install/cpp_pubsub/share/cpp_pubsub/environment/ament_prefix_path.sh
[7.851s] -- Installing: /home/mingyu/lofi/ROS_2_ANDROID/install/cpp_pubsub/share/cpp_pubsub/environment/ament_prefix_path.dsv
[7.852s] -- Installing: /home/mingyu/lofi/ROS_2_ANDROID/install/cpp_pubsub/share/cpp_pubsub/environment/path.sh
[7.852s] -- Installing: /home/mingyu/lofi/ROS_2_ANDROID/install/cpp_pubsub/share/cpp_pubsub/environment/path.dsv
[7.852s] -- Installing: /home/mingyu/lofi/ROS_2_ANDROID/install/cpp_pubsub/share/cpp_pubsub/local_setup.bash
[7.852s] -- Installing: /home/mingyu/lofi/ROS_2_ANDROID/install/cpp_pubsub/share/cpp_pubsub/local_setup.sh
[7.852s] -- Installing: /home/mingyu/lofi/ROS_2_ANDROID/install/cpp_pubsub/share/cpp_pubsub/local_setup.zsh
[7.853s] -- Installing: /home/mingyu/lofi/ROS_2_ANDROID/install/cpp_pubsub/share/cpp_pubsub/local_setup.dsv
[7.853s] -- Installing: /home/mingyu/lofi/ROS_2_ANDROID/install/cpp_pubsub/share/cpp_pubsub/package.dsv
[7.853s] -- Installing: /home/mingyu/lofi/ROS_2_ANDROID/install/cpp_pubsub/share/ament_index/resource_index/packages/cpp_pubsub
[7.853s] -- Installing: /home/mingyu/lofi/ROS_2_ANDROID/install/cpp_pubsub/share/cpp_pubsub/cmake/cpp_pubsubConfig.cmake
[7.853s] -- Installing: /home/mingyu/lofi/ROS_2_ANDROID/install/cpp_pubsub/share/cpp_pubsub/cmake/cpp_pubsubConfig-version.cmake
[7.853s] -- Installing: /home/mingyu/lofi/ROS_2_ANDROID/install/cpp_pubsub/share/cpp_pubsub/package.xml
[7.856s] Invoked command in '/home/mingyu/lofi/ROS_2_ANDROID/build/cpp_pubsub' returned '0': CMAKE_PREFIX_PATH=/opt/ros/foxy:${CMAKE_PREFIX_PATH} /usr/bin/cmake --install /home/mingyu/lofi/ROS_2_ANDROID/build/cpp_pubsub
