[0.030s] Invoking command in '/home/mingyu/lofi/build/custom_msg': CMAKE_PREFIX_PATH=/opt/ros/foxy:${CMAKE_PREFIX_PATH} /usr/bin/cmake --build /home/mingyu/lofi/build/custom_msg -- -j12 -l12
[0.110s] [  3%] Built target custom_msg__cpp
[0.113s] [ 12%] Built target custom_msg__rosidl_generator_c
[0.135s] [ 22%] Built target custom_msg__rosidl_typesupport_cpp
[0.135s] [ 32%] Built target custom_msg__rosidl_typesupport_introspection_cpp
[0.136s] [ 41%] Built target custom_msg__rosidl_typesupport_introspection_c
[0.136s] [ 51%] Built target custom_msg__rosidl_typesupport_c
[0.138s] [ 61%] Built target custom_msg__rosidl_typesupport_fastrtps_cpp
[0.165s] [ 70%] Built target custom_msg__rosidl_typesupport_fastrtps_c
[0.182s] [ 70%] Built target custom_msg
[0.202s] [ 74%] Built target custom_msg__py
[0.226s] [ 80%] Built target custom_msg__python
[0.251s] [ 93%] Built target custom_msg__rosidl_typesupport_c__pyext
[0.251s] [ 93%] Built target custom_msg__rosidl_typesupport_fastrtps_c__pyext
[0.251s] [100%] Built target custom_msg__rosidl_typesupport_introspection_c__pyext
[0.272s] Invoked command in '/home/mingyu/lofi/build/custom_msg' returned '0': CMAKE_PREFIX_PATH=/opt/ros/foxy:${CMAKE_PREFIX_PATH} /usr/bin/cmake --build /home/mingyu/lofi/build/custom_msg -- -j12 -l12
[0.310s] Invoking command in '/home/mingyu/lofi/build/custom_msg': CMAKE_PREFIX_PATH=/opt/ros/foxy:${CMAKE_PREFIX_PATH} /usr/bin/cmake --install /home/mingyu/lofi/build/custom_msg
[0.318s] -- Install configuration: ""
[0.323s] -- Up-to-date: /home/mingyu/lofi/install/custom_msg/share/ament_index/resource_index/rosidl_interfaces/custom_msg
[0.323s] -- Up-to-date: /home/mingyu/lofi/install/custom_msg/include/custom_msg
[0.323s] -- Up-to-date: /home/mingyu/lofi/install/custom_msg/include/custom_msg/msg
[0.324s] -- Up-to-date: /home/mingyu/lofi/install/custom_msg/include/custom_msg/msg/detail
[0.324s] -- Up-to-date: /home/mingyu/lofi/install/custom_msg/include/custom_msg/msg/detail/ros2_yolo__functions.h
[0.324s] -- Up-to-date: /home/mingyu/lofi/install/custom_msg/include/custom_msg/msg/detail/ros2_yolo__type_support.h
[0.324s] -- Up-to-date: /home/mingyu/lofi/install/custom_msg/include/custom_msg/msg/detail/ros2_yolo__struct.h
[0.324s] -- Up-to-date: /home/mingyu/lofi/install/custom_msg/include/custom_msg/msg/detail/ros2_yolo__functions.c
[0.324s] -- Up-to-date: /home/mingyu/lofi/install/custom_msg/include/custom_msg/msg/ros2_yolo.h
[0.324s] -- Up-to-date: /home/mingyu/lofi/install/custom_msg/include/custom_msg/msg/rosidl_generator_c__visibility_control.h
[0.325s] -- Up-to-date: /home/mingyu/lofi/install/custom_msg/share/custom_msg/environment/library_path.sh
[0.326s] -- Up-to-date: /home/mingyu/lofi/install/custom_msg/share/custom_msg/environment/library_path.dsv
[0.326s] -- Up-to-date: /home/mingyu/lofi/install/custom_msg/lib/libcustom_msg__rosidl_generator_c.so
[0.327s] -- Up-to-date: /home/mingyu/lofi/install/custom_msg/include/custom_msg
[0.327s] -- Up-to-date: /home/mingyu/lofi/install/custom_msg/include/custom_msg/msg
[0.327s] -- Up-to-date: /home/mingyu/lofi/install/custom_msg/include/custom_msg/msg/detail
[0.327s] -- Up-to-date: /home/mingyu/lofi/install/custom_msg/include/custom_msg/msg/detail/ros2_yolo__rosidl_typesupport_fastrtps_c.h
[0.327s] -- Up-to-date: /home/mingyu/lofi/install/custom_msg/include/custom_msg/msg/rosidl_typesupport_fastrtps_c__visibility_control.h
[0.327s] -- Up-to-date: /home/mingyu/lofi/install/custom_msg/lib/libcustom_msg__rosidl_typesupport_fastrtps_c.so
[0.327s] -- Up-to-date: /home/mingyu/lofi/install/custom_msg/include/custom_msg
[0.327s] -- Up-to-date: /home/mingyu/lofi/install/custom_msg/include/custom_msg/msg
[0.327s] -- Up-to-date: /home/mingyu/lofi/install/custom_msg/include/custom_msg/msg/detail
[0.327s] -- Up-to-date: /home/mingyu/lofi/install/custom_msg/include/custom_msg/msg/detail/dds_fastrtps
[0.327s] -- Up-to-date: /home/mingyu/lofi/install/custom_msg/include/custom_msg/msg/detail/ros2_yolo__rosidl_typesupport_fastrtps_cpp.hpp
[0.327s] -- Up-to-date: /home/mingyu/lofi/install/custom_msg/include/custom_msg/msg/rosidl_typesupport_fastrtps_cpp__visibility_control.h
[0.327s] -- Up-to-date: /home/mingyu/lofi/install/custom_msg/lib/libcustom_msg__rosidl_typesupport_fastrtps_cpp.so
[0.327s] -- Up-to-date: /home/mingyu/lofi/install/custom_msg/include/custom_msg
[0.332s] -- Up-to-date: /home/mingyu/lofi/install/custom_msg/include/custom_msg/msg
[0.332s] -- Up-to-date: /home/mingyu/lofi/install/custom_msg/include/custom_msg/msg/detail
[0.332s] -- Up-to-date: /home/mingyu/lofi/install/custom_msg/include/custom_msg/msg/detail/ros2_yolo__rosidl_typesupport_introspection_c.h
[0.332s] -- Up-to-date: /home/mingyu/lofi/install/custom_msg/include/custom_msg/msg/detail/ros2_yolo__type_support.c
[0.332s] -- Up-to-date: /home/mingyu/lofi/install/custom_msg/include/custom_msg/msg/rosidl_typesupport_introspection_c__visibility_control.h
[0.332s] -- Up-to-date: /home/mingyu/lofi/install/custom_msg/lib/libcustom_msg__rosidl_typesupport_introspection_c.so
[0.333s] -- Up-to-date: /home/mingyu/lofi/install/custom_msg/lib/libcustom_msg__rosidl_typesupport_c.so
[0.333s] -- Up-to-date: /home/mingyu/lofi/install/custom_msg/include/custom_msg
[0.333s] -- Up-to-date: /home/mingyu/lofi/install/custom_msg/include/custom_msg/msg
[0.339s] -- Up-to-date: /home/mingyu/lofi/install/custom_msg/include/custom_msg/msg/detail
[0.339s] -- Up-to-date: /home/mingyu/lofi/install/custom_msg/include/custom_msg/msg/detail/ros2_yolo__struct.hpp
[0.339s] -- Up-to-date: /home/mingyu/lofi/install/custom_msg/include/custom_msg/msg/detail/ros2_yolo__builder.hpp
[0.339s] -- Up-to-date: /home/mingyu/lofi/install/custom_msg/include/custom_msg/msg/detail/ros2_yolo__traits.hpp
[0.339s] -- Up-to-date: /home/mingyu/lofi/install/custom_msg/include/custom_msg/msg/ros2_yolo.hpp
[0.339s] -- Up-to-date: /home/mingyu/lofi/install/custom_msg/include/custom_msg
[0.339s] -- Up-to-date: /home/mingyu/lofi/install/custom_msg/include/custom_msg/msg
[0.339s] -- Up-to-date: /home/mingyu/lofi/install/custom_msg/include/custom_msg/msg/detail
[0.339s] -- Up-to-date: /home/mingyu/lofi/install/custom_msg/include/custom_msg/msg/detail/ros2_yolo__rosidl_typesupport_introspection_cpp.hpp
[0.339s] -- Up-to-date: /home/mingyu/lofi/install/custom_msg/include/custom_msg/msg/detail/ros2_yolo__type_support.cpp
[0.340s] -- Up-to-date: /home/mingyu/lofi/install/custom_msg/lib/libcustom_msg__rosidl_typesupport_introspection_cpp.so
[0.340s] -- Up-to-date: /home/mingyu/lofi/install/custom_msg/lib/libcustom_msg__rosidl_typesupport_cpp.so
[0.340s] -- Up-to-date: /home/mingyu/lofi/install/custom_msg/share/custom_msg/environment/pythonpath.sh
[0.340s] -- Up-to-date: /home/mingyu/lofi/install/custom_msg/share/custom_msg/environment/pythonpath.dsv
[0.340s] -- Up-to-date: /home/mingyu/lofi/install/custom_msg/lib/python3.8/site-packages/custom_msg/__init__.py
[0.356s] -- Up-to-date: /home/mingyu/lofi/install/custom_msg/lib/python3.8/site-packages/custom_msg/msg
[0.357s] -- Up-to-date: /home/mingyu/lofi/install/custom_msg/lib/python3.8/site-packages/custom_msg/msg/__init__.py
[0.357s] -- Up-to-date: /home/mingyu/lofi/install/custom_msg/lib/python3.8/site-packages/custom_msg/msg/_ros2_yolo_s.c
[0.357s] -- Up-to-date: /home/mingyu/lofi/install/custom_msg/lib/python3.8/site-packages/custom_msg/msg/_ros2_yolo.py
[0.357s] -- Up-to-date: /home/mingyu/lofi/install/custom_msg/lib/python3.8/site-packages/custom_msg/custom_msg_s__rosidl_typesupport_fastrtps_c.cpython-38-x86_64-linux-gnu.so
[0.358s] -- Up-to-date: /home/mingyu/lofi/install/custom_msg/lib/python3.8/site-packages/custom_msg/custom_msg_s__rosidl_typesupport_introspection_c.cpython-38-x86_64-linux-gnu.so
[0.358s] -- Up-to-date: /home/mingyu/lofi/install/custom_msg/lib/python3.8/site-packages/custom_msg/custom_msg_s__rosidl_typesupport_c.cpython-38-x86_64-linux-gnu.so
[0.358s] -- Up-to-date: /home/mingyu/lofi/install/custom_msg/lib/libcustom_msg__python.so
[0.358s] -- Up-to-date: /home/mingyu/lofi/install/custom_msg/share/custom_msg/msg/Ros2Yolo.idl
[0.359s] -- Up-to-date: /home/mingyu/lofi/install/custom_msg/share/custom_msg/msg/Ros2Yolo.msg
[0.362s] -- Up-to-date: /home/mingyu/lofi/install/custom_msg/share/ament_index/resource_index/package_run_dependencies/custom_msg
[0.362s] -- Up-to-date: /home/mingyu/lofi/install/custom_msg/share/ament_index/resource_index/parent_prefix_path/custom_msg
[0.363s] -- Up-to-date: /home/mingyu/lofi/install/custom_msg/share/custom_msg/environment/ament_prefix_path.sh
[0.363s] -- Up-to-date: /home/mingyu/lofi/install/custom_msg/share/custom_msg/environment/ament_prefix_path.dsv
[0.364s] -- Up-to-date: /home/mingyu/lofi/install/custom_msg/share/custom_msg/environment/path.sh
[0.364s] -- Up-to-date: /home/mingyu/lofi/install/custom_msg/share/custom_msg/environment/path.dsv
[0.364s] -- Up-to-date: /home/mingyu/lofi/install/custom_msg/share/custom_msg/local_setup.bash
[0.364s] -- Up-to-date: /home/mingyu/lofi/install/custom_msg/share/custom_msg/local_setup.sh
[0.365s] -- Up-to-date: /home/mingyu/lofi/install/custom_msg/share/custom_msg/local_setup.zsh
[0.365s] -- Up-to-date: /home/mingyu/lofi/install/custom_msg/share/custom_msg/local_setup.dsv
[0.365s] -- Installing: /home/mingyu/lofi/install/custom_msg/share/custom_msg/package.dsv
[0.366s] -- Up-to-date: /home/mingyu/lofi/install/custom_msg/share/ament_index/resource_index/packages/custom_msg
[0.366s] -- Up-to-date: /home/mingyu/lofi/install/custom_msg/share/custom_msg/cmake/custom_msg__rosidl_generator_cExport.cmake
[0.366s] -- Up-to-date: /home/mingyu/lofi/install/custom_msg/share/custom_msg/cmake/custom_msg__rosidl_generator_cExport-noconfig.cmake
[0.366s] -- Up-to-date: /home/mingyu/lofi/install/custom_msg/share/custom_msg/cmake/custom_msg__rosidl_typesupport_introspection_cExport.cmake
[0.366s] -- Up-to-date: /home/mingyu/lofi/install/custom_msg/share/custom_msg/cmake/custom_msg__rosidl_typesupport_introspection_cExport-noconfig.cmake
[0.367s] -- Up-to-date: /home/mingyu/lofi/install/custom_msg/share/custom_msg/cmake/custom_msg__rosidl_typesupport_cExport.cmake
[0.367s] -- Up-to-date: /home/mingyu/lofi/install/custom_msg/share/custom_msg/cmake/custom_msg__rosidl_typesupport_cExport-noconfig.cmake
[0.367s] -- Up-to-date: /home/mingyu/lofi/install/custom_msg/share/custom_msg/cmake/custom_msg__rosidl_generator_cppExport.cmake
[0.367s] -- Up-to-date: /home/mingyu/lofi/install/custom_msg/share/custom_msg/cmake/custom_msg__rosidl_typesupport_introspection_cppExport.cmake
[0.367s] -- Up-to-date: /home/mingyu/lofi/install/custom_msg/share/custom_msg/cmake/custom_msg__rosidl_typesupport_introspection_cppExport-noconfig.cmake
[0.368s] -- Up-to-date: /home/mingyu/lofi/install/custom_msg/share/custom_msg/cmake/custom_msg__rosidl_typesupport_cppExport.cmake
[0.368s] -- Up-to-date: /home/mingyu/lofi/install/custom_msg/share/custom_msg/cmake/custom_msg__rosidl_typesupport_cppExport-noconfig.cmake
[0.368s] -- Up-to-date: /home/mingyu/lofi/install/custom_msg/share/custom_msg/cmake/rosidl_cmake-extras.cmake
[0.368s] -- Up-to-date: /home/mingyu/lofi/install/custom_msg/share/custom_msg/cmake/ament_cmake_export_dependencies-extras.cmake
[0.369s] -- Up-to-date: /home/mingyu/lofi/install/custom_msg/share/custom_msg/cmake/ament_cmake_export_libraries-extras.cmake
[0.369s] -- Up-to-date: /home/mingyu/lofi/install/custom_msg/share/custom_msg/cmake/ament_cmake_export_targets-extras.cmake
[0.374s] -- Up-to-date: /home/mingyu/lofi/install/custom_msg/share/custom_msg/cmake/ament_cmake_export_include_directories-extras.cmake
[0.374s] -- Up-to-date: /home/mingyu/lofi/install/custom_msg/share/custom_msg/cmake/rosidl_cmake_export_typesupport_libraries-extras.cmake
[0.374s] -- Up-to-date: /home/mingyu/lofi/install/custom_msg/share/custom_msg/cmake/rosidl_cmake_export_typesupport_targets-extras.cmake
[0.374s] -- Up-to-date: /home/mingyu/lofi/install/custom_msg/share/custom_msg/cmake/custom_msgConfig.cmake
[0.374s] -- Up-to-date: /home/mingyu/lofi/install/custom_msg/share/custom_msg/cmake/custom_msgConfig-version.cmake
[0.374s] -- Up-to-date: /home/mingyu/lofi/install/custom_msg/share/custom_msg/package.xml
[0.375s] Invoked command in '/home/mingyu/lofi/build/custom_msg' returned '0': CMAKE_PREFIX_PATH=/opt/ros/foxy:${CMAKE_PREFIX_PATH} /usr/bin/cmake --install /home/mingyu/lofi/build/custom_msg
