[0.025s] Invoking command in '/home/mingyu/lofi/build/opencv': /usr/bin/cmake /home/mingyu/lofi/catkin_ws/src/opencv -DCATKIN_INSTALL_INTO_PREFIX_ROOT=0 -DCMAKE_INSTALL_PREFIX=/home/mingyu/lofi/install/opencv
[0.096s] -- The C compiler identification is GNU 9.4.0
[0.173s] -- The CXX compiler identification is GNU 9.4.0
[0.180s] -- Check for working C compiler: /usr/bin/cc
[0.254s] -- Check for working C compiler: /usr/bin/cc -- works
[0.255s] -- Detecting C compiler ABI info
[0.329s] -- Detecting C compiler ABI info - done
[0.348s] -- Detecting C compile features
[0.348s] -- Detecting C compile features - done
[0.353s] -- Check for working CXX compiler: /usr/bin/c++
[0.436s] -- Check for working CXX compiler: /usr/bin/c++ -- works
[0.437s] -- Detecting CXX compiler ABI info
[0.523s] -- Detecting CXX compiler ABI info - done
[0.542s] -- Detecting CXX compile features
[0.543s] -- Detecting CXX compile features - done
[0.545s] -- Using CATKIN_DEVEL_PREFIX: /home/mingyu/lofi/build/opencv/devel
[0.545s] -- Using CMAKE_PREFIX_PATH: /opt/ros/noetic
[0.545s] -- This workspace overlays: /opt/ros/noetic
[0.572s] -- Found PythonInterp: /usr/bin/python3 (found suitable version "3.8.10", minimum required is "3") 
[0.573s] -- Using PYTHON_EXECUTABLE: /usr/bin/python3
[0.573s] -- Using Debian Python package layout
[0.609s] -- Found PY_em: /usr/lib/python3/dist-packages/em.py  
[0.609s] -- Using empy: /usr/lib/python3/dist-packages/em.py
[0.745s] -- Using CATKIN_ENABLE_TESTING: ON
[0.746s] -- Call enable_testing()
[0.748s] -- Using CATKIN_TEST_RESULTS_DIR: /home/mingyu/lofi/build/opencv/test_results
[1.067s] -- Forcing gtest/gmock from source, though one was otherwise available.
[1.067s] -- Found gtest sources under '/usr/src/googletest': gtests will be built
[1.067s] -- Found gmock sources under '/usr/src/googletest': gmock will be built
[1.093s] -- Found PythonInterp: /usr/bin/python3 (found version "3.8.10") 
[1.096s] -- Found Threads: TRUE  
[1.101s] -- Using Python nosetests: /usr/bin/nosetests3
[1.174s] -- catkin 0.8.10
[1.174s] -- BUILD_SHARED_LIBS is on
[1.540s] -- Found OpenCV: /usr/local (found version "4.5.0") 
[1.727s] -- Configuring done
[1.752s] -- Generating done
[1.755s] -- Build files have been written to: /home/mingyu/lofi/build/opencv
[1.761s] Invoked command in '/home/mingyu/lofi/build/opencv' returned '0': /usr/bin/cmake /home/mingyu/lofi/catkin_ws/src/opencv -DCATKIN_INSTALL_INTO_PREFIX_ROOT=0 -DCMAKE_INSTALL_PREFIX=/home/mingyu/lofi/install/opencv
[1.765s] Invoking command in '/home/mingyu/lofi/build/opencv': /usr/bin/cmake --build /home/mingyu/lofi/build/opencv -- -j12 -l12
[1.803s] [35m[1mScanning dependencies of target opencv_sub[0m
[1.839s] [ 50%] [32mBuilding CXX object CMakeFiles/opencv_sub.dir/src/sub.cpp.o[0m
[6.245s] [100%] [32m[1mLinking CXX executable devel/lib/opencv/opencv_sub[0m
[6.749s] [100%] Built target opencv_sub
[6.761s] Invoked command in '/home/mingyu/lofi/build/opencv' returned '0': /usr/bin/cmake --build /home/mingyu/lofi/build/opencv -- -j12 -l12
[6.807s] Invoking command in '/home/mingyu/lofi/build/opencv': /usr/bin/cmake --build /home/mingyu/lofi/build/opencv --target tests -- -j12 -l12
[6.858s] [35m[1mScanning dependencies of target tests[0m
[6.868s] Built target tests
[6.879s] Invoked command in '/home/mingyu/lofi/build/opencv' returned '0': /usr/bin/cmake --build /home/mingyu/lofi/build/opencv --target tests -- -j12 -l12
[6.925s] Invoking command in '/home/mingyu/lofi/build/opencv': /usr/bin/cmake --install /home/mingyu/lofi/build/opencv
[6.934s] -- Install configuration: ""
[6.935s] -- Installing: /home/mingyu/lofi/install/opencv/lib/pkgconfig/opencv.pc
[6.935s] -- Installing: /home/mingyu/lofi/install/opencv/share/opencv/cmake/opencvConfig.cmake
[6.935s] -- Installing: /home/mingyu/lofi/install/opencv/share/opencv/cmake/opencvConfig-version.cmake
[6.935s] -- Installing: /home/mingyu/lofi/install/opencv/share/opencv/package.xml
[6.938s] Invoked command in '/home/mingyu/lofi/build/opencv' returned '0': /usr/bin/cmake --install /home/mingyu/lofi/build/opencv
